-4.99 7.11484e-08 1.26947e-06
-4.98 -6.73451e-06 -1.40684e-07
-4.97 1.06108e-05 1.18552e-05
-4.96 1.75568e-05 -1.94598e-05
-4.95 0.000101983 2.07135e-05
-4.94 0.000131563 -3.4135e-05
-4.93 0.000185735 0.000189599
-4.92 0.00040686 7.12952e-05
-4.91 0.000258452 2.23519e-05
-4.9 -0.000283974 0.000263307
-4.89 -0.000112732 0.000197969
-4.88 0.00082616 0.000658634
-4.87 0.000638978 0.000410976
-4.86 0.000758089 -4.07431e-05
-4.85 0.00036454 -0.000143472
-4.84 -0.000842134 -0.000477064
-4.83 0.00277396 -0.000447716
-4.82 0.000771372 -0.00119505
-4.81 0.00112953 -0.000457135
-4.8 -0.000489541 0.000545058
-4.79 1.33198e-06 0.000574943
-4.78 0.000268904 -0.000656523
-4.77 -0.00113156 -0.000367769
-4.76 -0.000288519 0.00227204
-4.75 0.000731311 -0.00123432
-4.74 0.00373927 0.000141452
-4.73 0.0057248 0.000582469
-4.72 0.00163477 0.00184259
-4.71 0.00643594 -0.00128519
-4.7 0.00320829 -0.000582388
-4.69 0.00591616 -0.00117651
-4.68 0.00137131 0.000435562
-4.67 0.00563355 0.00367705
-4.66 0.00347781 0.00340326
-4.65 -0.000568638 0.00097186
-4.64 0.0111623 0.00461251
-4.63 0.00413474 0.0022629
-4.62 0.0062148 0.00398785
-4.61 0.00383424 -0.00291673
-4.6 0.00500075 0.00228045
-4.59 0.0102011 -0.00151948
-4.58 0.00293635 0.00118313
-4.57 0.0120502 -0.000394796
-4.56 -0.000280355 0.00701944
-4.55 0.0173711 0.00616931
-4.54 0.00306778 0.00144059
-4.53 0.0186117 0.00833035
-4.52 -0.00579475 0.013449
-4.51 -0.00238292 -0.00238366
-4.5 -0.00216095 0.00927778
-4.49 0.0103136 0.0184515
-4.48 -0.0176204 0.00597274
-4.47 0.000797942 0.00944216
-4.46 0.00371243 0.0221845
-4.45 -0.0110618 0.0169211
-4.44 0.00794792 0.00234994
-4.43 0.0105475 0.0160524
-4.42 -0.00321458 0.0157515
-4.41 0.0107453 0.0117603
-4.4 -0.000335171 0.0216598
-4.39 0.0183027 0.012631
-4.38 -0.0106108 0.0121351
-4.37 -0.00699364 0.00410928
-4.36 -0.000736822 0.00389911
-4.35 -0.0107298 -0.00794656
-4.34 0.0019151 0.00045311
-4.33 0.0142707 -0.00637082
-4.32 -0.00428263 -0.00500637
-4.31 -0.0221443 0.00203231
-4.3 0.00664324 0.000290759
-4.29 -0.000497314 0.00573381
-4.28 -0.0134026 0.0188197
-4.27 -0.00693393 -0.0152838
-4.26 0.0274678 0.00236582
-4.25 -0.0175306 0.00613692
-4.24 0.0138153 -0.013204
-4.23 0.00139696 -0.000314486
-4.22 -0.0068104 0.0204178
-4.21 -0.00157256 -0.00679467
-4.2 -0.00492565 0.0239547
-4.19 -0.0205839 -0.00277237
-4.18 -0.0275452 0.0155805
-4.17 0.00635851 0.0159564
-4.16 0.00580137 0.0185586
-4.15 0.00971151 0.0282346
-4.14 0.00276346 0.0176503
-4.13 0.00883284 0.0180662
-4.12 0.00653661 0.025513
-4.11 -0.0297165 -0.0126221
-4.1 0.0218606 0.00542714
-4.09 -0.0343408 0.00861961
-4.08 -0.0478971 0.054423
-4.07 -0.0302664 0.0150137
-4.06 0.026246 0.00129518
-4.05 0.0490412 0.0427788
-4.04 0.0562236 -0.00530681
-4.03 0.0514638 0.0286354
-4.02 0.0024468 0.00643674
-4.01 0.0544838 0.00384248
-4 -0.00073177 -0.0170935
-3.99 0.0291198 0.0147504
-3.98 0.00699276 0.0210478
-3.97 0.000153726 0.0222403
-3.96 0.0391476 -0.0238691
-3.95 0.0454875 0.00356017
-3.94 0.0386501 -0.0216604
-3.93 0.0574444 0.0100458
-3.92 -0.00103879 0.0258005
-3.91 0.0648674 0.0368201
-3.9 -0.0469803 0.0535012
-3.89 -0.0369767 0.0322065
-3.88 -0.0308422 0.0231581
-3.87 0.0226195 0.0411954
-3.86 -0.0776655 0.0198317
-3.85 -0.0637953 0.0301724
-3.84 -0.0520949 0.0338217
-3.83 -0.0377994 -0.00882041
-3.82 -0.040339 0.0376778
-3.81 -0.0653868 0.0612557
-3.8 -0.0640356 0.0135829
-3.79 0.0253827 0.0206508
-3.78 -0.0686478 0.0801007
-3.77 0.00855306 -0.00613512
-3.76 -0.0303121 0.0343674
-3.75 0.0244925 0.0232553
-3.74 -0.0317463 0.0173972
-3.73 -0.029215 0.084033
-3.72 -0.0604449 -0.00640603
-3.71 -0.0973735 0.0341889
-3.7 -0.0908438 -0.0257723
-3.69 -0.0547079 -0.0191546
-3.68 -0.0449441 -0.0236856
-3.67 -0.0194445 0.0553168
-3.66 -0.0544211 0.0615828
-3.65 -0.0760401 0.0622963
-3.64 -0.053506 0.0647344
-3.63 -0.120283 0.0377893
-3.62 0.0557476 -0.0211462
-3.61 0.0517642 0.0776284
-3.6 -0.0700969 0.034218
-3.59 -0.0443541 -0.0243408
-3.58 0.0339392 0.00667841
-3.57 -0.0957654 -0.00528244
-3.56 -0.051054 0.0317462
-3.55 -0.0685123 -0.00432321
-3.54 -0.10774 -0.0184055
-3.53 -0.0880004 -0.0482294
-3.52 0.0840649 0.0810983
-3.51 -0.152931 0.068564
-3.5 -0.077306 0.0633408
-3.49 -0.0312838 0.00488255
-3.48 0.0623124 0.115722
-3.47 -0.0755088 0.0347687
-3.46 0.0536862 0.19617
-3.45 0.0233138 0.171604
-3.44 -0.113333 0.0928222
-3.43 0.00796171 -0.012741
-3.42 0.0957344 0.137632
-3.41 -0.0622884 0.0758198
-3.4 0.0790892 0.112072
-3.39 0.0642868 0.0804807
-3.38 -0.0518566 0.0346469
-3.37 -0.0282485 0.0572374
-3.36 0.05246 0.0343832
-3.35 -0.16918 0.0770204
-3.34 -0.133209 0.0859027
-3.33 -0.0752943 0.0466054
-3.32 0.0248063 0.127843
-3.31 -0.136051 0.0322943
-3.3 -0.0576 0.0746356
-3.29 -0.191347 0.0451057
-3.28 -0.132636 0.15465
-3.27 -0.191314 0.0218591
-3.26 -0.178708 0.0804116
-3.25 -0.147159 0.0164162
-3.24 -0.224815 0.0916753
-3.23 -0.14386 -0.00195689
-3.22 -0.100978 0.0687268
-3.21 -0.113704 -0.111399
-3.2 -0.0127911 0.084361
-3.19 -0.210695 0.053744
-3.18 -0.105139 -0.0797966
-3.17 -0.197074 -0.0394706
-3.16 -0.13229 0.0768097
-3.15 0.03233 0.0458671
-3.14 -0.00220104 0.0328487
-3.13 -0.0691652 -0.00914578
-3.12 -0.00152005 -0.0752093
-3.11 -0.0383076 -0.00926111
-3.1 -0.16961 0.108844
-3.09 -0.225868 -0.0284272
-3.08 -0.168348 0.0569698
-3.07 0.00785211 0.175172
-3.06 0.0141684 0.0895491
-3.05 -0.014121 0.128112
-3.04 -0.0156675 0.0963042
-3.03 0.00846555 -0.0124955
-3.02 0.144355 -0.032517
-3.01 -0.158137 0.197599
-3 -0.152145 0.143795
-2.99 -0.0857689 -0.00215076
-2.98 0.0619472 0.0587985
-2.97 -0.00552657 0.1725
-2.96 -0.196672 0.112822
-2.95 -0.171196 -0.16136
-2.94 -0.2615 0.102458
-2.93 -0.0859712 0.185433
-2.92 -0.0301998 -0.0541848
-2.91 -0.0864087 0.111653
-2.9 -0.0559575 0.127647
-2.89 -0.0635207 0.0182168
-2.88 -0.141917 0.0442157
-2.87 -0.000840742 -0.0235881
-2.86 -0.0694015 0.210336
-2.85 -0.20661 0.115662
-2.84 -0.092003 0.0847323
-2.83 -0.31183 0.118864
-2.82 -0.0898391 0.242347
-2.81 -0.158647 0.158592
-2.8 -0.389773 0.0761086
-2.79 -0.108063 0.211163
-2.78 0.132508 0.248282
-2.77 -0.213014 0.104858
-2.76 -0.322178 0.159985
-2.75 -0.105701 0.158071
-2.74 0.113699 0.114413
-2.73 -0.25225 -0.0187911
-2.72 -0.137408 0.0969513
-2.71 0.0401441 0.161946
-2.7 -0.265168 0.173073
-2.69 0.0139678 0.0925508
-2.68 -0.172205 0.0113382
-2.67 -0.0255128 0.146766
-2.66 -0.0483746 0.14373
-2.65 -0.392371 0.34574
-2.64 -0.230338 0.150244
-2.63 -0.62098 0.241079
-2.62 -0.225567 -0.0615469
-2.61 0.00586448 0.024938
-2.6 -0.141833 0.223792
-2.59 -0.0216249 0.350918
-2.58 0.112327 0.379091
-2.57 -0.0771861 0.0774399
-2.56 0.0194181 0.196854
-2.55 0.149869 0.0562053
-2.54 -0.224046 0.206528
-2.53 0.162696 0.154143
-2.52 0.0485308 0.202927
-2.51 0.153492 -0.0207727
-2.5 0.0332593 0.11673
-2.49 -0.0331911 -0.072978
-2.48 -0.141295 0.249897
-2.47 0.167411 0.100004
-2.46 -0.0638023 0.245515
-2.45 -0.00550854 0.0276061
-2.44 -0.382957 0.0339865
-2.43 -0.0494795 0.0104555
-2.42 -0.298099 0.309265
-2.41 -0.261233 0.131252
-2.4 0.011266 0.0878704
-2.39 -0.295091 0.24492
-2.38 -0.17321 0.280535
-2.37 -0.0535173 0.0539594
-2.36 -0.205282 0.066077
-2.35 0.0339359 0.238189
-2.34 0.213289 0.207978
-2.33 0.0129195 0.317551
-2.32 -0.129167 0.0268844
-2.31 0.196223 0.254797
-2.3 0.0461902 0.278368
-2.29 -0.072295 0.204076
-2.28 0.0937134 0.142625
-2.27 -0.20245 0.503439
-2.26 -0.150806 0.0879363
-2.25 -0.109904 0.397317
-2.24 -0.0201393 0.269581
-2.23 0.0703113 0.115987
-2.22 0.15382 0.16366
-2.21 -0.208139 0.0765739
-2.2 0.40336 0.325508
-2.19 0.179892 -0.0108764
-2.18 -0.0851276 0.121343
-2.17 0.440084 0.39135
-2.16 0.254562 0.18701
-2.15 -0.0453402 -0.0597414
-2.14 -0.286404 0.209407
-2.13 0.0996145 0.108349
-2.12 -0.164249 0.137855
-2.11 -0.132613 0.100923
-2.1 -0.506375 0.290208
-2.09 -0.502266 -0.0633651
-2.08 -0.460289 0.279963
-2.07 -0.544761 0.0387369
-2.06 -0.383935 0.247985
-2.05 -0.661383 0.117222
-2.04 -0.621934 0.0397534
-2.03 -0.375734 -0.0105091
-2.02 0.0737884 0.253411
-2.01 -0.0520723 0.116891
-2 -0.302048 0.148231
-1.99 -0.222777 0.328288
-1.98 -0.544826 0.311367
-1.97 -0.436465 0.0289067
-1.96 -0.0768372 0.392693
-1.95 -0.222523 0.220867
-1.94 -0.055338 0.226505
-1.93 -0.402854 0.266905
-1.92 -0.430743 -0.0528127
-1.91 -0.111874 0.186602
-1.9 -0.169437 0.267286
-1.89 -0.519536 0.109382
-1.88 -0.0259431 0.0520311
-1.87 -0.300118 0.195027
-1.86 0.0177542 0.238725
-1.85 0.317235 0.467752
-1.84 0.0650178 0.150092
-1.83 -0.146181 -0.182291
-1.82 -0.421789 0.225092
-1.81 -0.464428 0.27936
-1.8 -0.301198 0.370323
-1.79 -0.433502 0.394081
-1.78 -0.16472 0.0272512
-1.77 -0.511507 0.364374
-1.76 -0.202625 0.171363
-1.75 -0.15854 0.0224204
-1.74 -0.0868537 0.0654297
-1.73 -0.234063 -0.00388295
-1.72 -0.21991 0.0475852
-1.71 -0.206543 0.0653693
-1.7 -0.0353649 0.0363409
-1.69 0.47481 -0.0825511
-1.68 0.265406 -0.197048
-1.67 0.342768 0.116952
-1.66 -0.103747 0.314691
-1.65 0.271206 0.247168
-1.64 0.123588 -0.0101678
-1.63 0.204841 0.476577
-1.62 0.200459 0.210349
-1.61 -0.0471911 0.381645
-1.6 0.381124 0.473979
-1.59 -0.243983 0.247213
-1.58 -0.329917 -0.0147463
-1.57 -0.34118 -0.0627839
-1.56 0.0535078 0.419613
-1.55 -0.115989 0.247274
-1.54 -0.220794 0.251801
-1.53 -0.53432 0.245296
-1.52 -0.574718 0.245415
-1.51 -0.572988 0.192284
-1.5 -0.76358 0.331973
-1.49 -0.268641 -0.000604497
-1.48 -0.396559 0.223897
-1.47 -0.306099 0.0757352
-1.46 -0.200685 0.0285536
-1.45 -0.0960518 0.29497
-1.44 -0.436579 -0.125164
-1.43 -0.200232 0.226589
-1.42 -0.0936026 0.195298
-1.41 0.164585 0.202167
-1.4 0.0774128 0.0340926
-1.39 -0.421897 0.202053
-1.38 0.117809 -0.0294408
-1.37 0.296519 0.193085
-1.36 0.0654432 0.200738
-1.35 -0.0286777 0.115113
-1.34 0.444032 0.0980142
-1.33 -0.570546 -0.184743
-1.32 -0.157895 0.27275
-1.31 -0.142583 0.0840373
-1.3 -0.339887 0.405425
-1.29 -0.696448 0.118955
-1.28 -0.474428 -0.0531709
-1.27 -0.201257 0.320395
-1.26 -0.622573 0.316242
-1.25 0.104482 0.0717206
-1.24 -0.179073 0.329752
-1.23 -0.71591 0.341355
-1.22 -0.300748 0.78156
-1.21 -0.414421 0.3345
-1.2 -0.033246 0.0326376
-1.19 -0.485977 0.461548
-1.18 -0.0480355 0.492084
-1.17 -0.143279 0.425077
-1.16 -0.056673 0.303257
-1.15 -0.259768 0.472104
-1.14 -0.211626 0.00444594
-1.13 -0.311486 0.264862
-1.12 -0.569522 -0.2687
-1.11 0.373535 0.334329
-1.1 -0.452148 -0.189673
-1.09 -0.207061 -0.282835
-1.08 -0.240897 -0.0173401
-1.07 -0.118678 0.246631
-1.06 -0.11996 0.00979959
-1.05 0.118025 0.0212126
-1.04 0.500658 0.0868666
-1.03 -0.579364 0.0138851
-1.02 0.20546 -0.0314604
-1.01 -0.480018 0.387882
-1 0.287866 -0.143592
-0.99 -0.909221 -0.0437536
-0.98 -0.452768 0.258094
-0.97 -0.223728 0.0485551
-0.96 -0.307052 -0.366118
-0.95 0.0853972 0.0607948
-0.94 -0.166554 0.17337
-0.93 0.149733 0.301517
-0.92 0.67251 0.0396061
-0.91 0.186191 0.34767
-0.9 -0.0397284 -0.035448
-0.89 0.147472 0.0590734
-0.88 -0.177558 0.250281
-0.87 -0.174509 0.234303
-0.86 -0.126964 -0.251049
-0.85 0.105724 -0.216551
-0.84 0.0497711 -0.296815
-0.83 0.467189 0.0541883
-0.82 0.0211921 0.0533068
-0.81 0.263296 -0.234278
-0.8 -0.203845 -0.149836
-0.79 0.0359163 0.213116
-0.78 -0.183721 -0.614974
-0.77 0.198643 -0.136833
-0.76 -0.63361 0.247906
-0.75 0.264071 -0.499099
-0.74 -0.547097 0.302329
-0.73 0.146425 0.127091
-0.72 0.39513 0.244413
-0.71 -0.0807444 -0.245552
-0.7 -0.272161 0.208639
-0.69 -1.02346 -0.313168
-0.68 0.448917 0.208145
-0.67 -0.484986 0.127541
-0.66 0.972011 0.104156
-0.65 0.258818 0.165047
-0.64 0.397748 0.683601
-0.63 0.100784 0.184622
-0.62 -0.115592 0.345633
-0.61 -1.33378 0.528302
-0.6 0.239703 0.250456
-0.59 0.541827 0.071576
-0.58 -0.183489 0.398984
-0.57 1.17964 0.233023
-0.56 0.186688 0.141639
-0.55 -0.592481 0.129394
-0.54 0.450086 -0.195948
-0.53 0.955522 0.531674
-0.52 0.352388 0.0242565
-0.51 0.34415 -0.282653
-0.5 0.435651 0.287535
-0.49 -0.0979739 -0.101169
-0.48 0.802581 0.513845
-0.47 0.388599 -0.350365
-0.46 -0.781886 -0.45397
-0.45 0.3226 0.209407
-0.44 0.549788 0.276942
-0.43 0.344682 -0.00520396
-0.42 -0.201295 0.434468
-0.41 0.359801 -0.818715
-0.4 -0.321463 0.290866
-0.39 -0.139716 0.661759
-0.38 -0.235664 -0.419735
-0.37 -0.732451 0.433935
-0.36 -0.18929 -0.243212
-0.35 -0.640431 0.053563
-0.34 0.0022772 0.158827
-0.33 -0.683478 0.195381
-0.32 -0.668584 0.124507
-0.31 -1.26656 -0.594346
-0.3 0.635549 -0.202783
-0.29 -0.146081 1.12619
-0.28 0.294289 -0.547214
-0.27 -0.686115 0.520859
-0.26 -1.18363 0.340622
-0.25 -0.674236 0.0187096
-0.24 -0.590322 0.600532
-0.23 -2.11448 0.772055
-0.22 -1.85701 -0.0496183
-0.21 -1.34674 -0.570362
-0.2 -0.25968 0.991001
-0.19 -2.15619 0.48238
-0.18 0.164482 0.064197
-0.17 -0.941779 0.770143
-0.16 -1.40827 -0.66627
-0.15 -1.60018 0.743492
-0.14 -2.99157 -1.90344
-0.13 -3.16975 0.178818
-0.12 -4.32771 1.00293
-0.11 -3.73282 -1.67636
-0.1 -1.91651 0.0740025
-0.09 -3.37763 2.06009
-0.08 -5.50005 1.28568
-0.07 2.11555 0.952817
-0.06 0.928076 1.85793
-0.05 3.64259 3.08004
-0.04 -3.18951 -1.61704
-0.03 3.54654 0.0179635
-0.02 -0.131763 4.50092
-0.01 8.00035 1.40706
0 0.497553 -0.110725
0.01 -7.19791 -1.60276
0.02 1.10805 -4.69428
0.03 -4.11561 0.0954419
0.04 2.94629 1.21617
0.05 -3.62677 -3.04451
0.06 -1.07841 -2.04476
0.07 -1.76394 -0.437779
0.08 5.57207 -0.891733
0.09 3.26838 -1.91736
0.1 1.60127 0.170609
0.11 2.8596 1.672
0.12 2.88197 -1.07214
0.13 2.4577 -0.18554
0.14 2.44228 1.8408
0.15 1.14166 -1.08881
0.16 0.665756 0.283595
0.17 0.32192 -0.842846
0.18 -0.374364 -0.0211579
0.19 1.74931 -0.252473
0.2 -0.0034027 -1.03587
0.21 1.32591 1.09773
0.22 1.89345 0.203741
0.23 1.90405 -0.523676
0.24 -0.178036 -0.174747
0.25 0.887714 0.141048
0.26 0.60585 0.229527
0.27 0.588573 -0.043807
0.28 -0.552785 0.828282
0.29 -0.335096 -0.469298
0.3 -0.710422 0.102477
0.31 0.6588 0.586654
0.32 0.22482 0.462682
0.33 0.580977 -0.218316
0.34 -0.358258 0.187364
0.35 -0.115479 -0.000944355
0.36 -0.506775 0.516563
0.37 0.987128 -0.581015
0.38 0.310343 0.461883
0.39 -0.410501 -0.22379
0.4 0.0283177 -0.105301
0.41 0.254522 0.892066
0.42 0.11117 -0.0304674
0.43 -0.380943 0.107525
0.44 -0.0186599 -0.150878
0.45 0.156712 -0.118229
0.46 1.47102 0.626681
0.47 -0.548544 0.582814
0.48 -0.437243 -0.296864
0.49 0.455187 -0.166542
0.5 -0.252131 -0.429617
0.51 -0.67577 0.382056
0.52 -0.33639 -0.0576802
0.53 -0.496188 -0.0748617
0.54 -0.00659887 0.334737
0.55 0.340517 0.219145
0.56 -0.280488 -0.258553
0.57 -1.59159 0.196993
0.58 -0.0524639 0.00736959
0.59 -0.355567 0.27323
0.6 -0.527803 0.283778
0.61 0.279171 -0.137746
0.62 -0.619354 -0.112137
0.63 0.0887245 -0.0719444
0.64 -0.259004 -0.0304274
0.65 0.599285 -0.0598039
0.66 -0.0995607 0.433639
0.67 0.642523 -0.0588831
0.68 0.30909 -0.0451313
0.69 0.407694 0.383691
0.7 0.628043 0.0342787
0.71 -0.234651 0.365966
0.72 0.227164 0.406668
0.73 -0.092234 0.160113
0.74 0.84894 0.199218
0.75 -0.416902 0.406696
0.76 0.592984 0.0140865
0.77 -0.315565 0.148057
0.78 0.478224 0.157306
0.79 0.391224 0.403887
0.8 0.126066 0.0787106
0.81 -0.177107 0.185651
0.82 0.451339 0.0929935
0.83 -0.154083 0.365468
0.84 0.057803 0.532319
0.85 0.307301 0.0276039
0.86 0.459003 0.121791
0.87 0.209122 -0.0724499
0.88 -0.023779 -0.166285
0.89 0.411461 0.5016
0.9 0.364469 -0.0387187
0.91 0.087785 0.140547
0.92 -0.631252 0.190657
0.93 0.133025 0.102629
0.94 0.35333 -0.0838134
0.95 0.443088 0.226464
0.96 0.718805 0.130553
0.97 0.284874 0.0999653
0.98 -0.11036 0.293387
0.99 0.951007 0.265448
1 0.171328 0.122676
1.01 0.388752 -0.411311
1.02 -0.608716 -0.113859
1.03 0.0508907 0.042597
1.04 -0.337482 0.0508817
1.05 -0.254298 -0.0519427
1.06 -0.00746121 0.150042
1.07 -0.0617888 -0.293009
1.08 0.183881 0.0499628
1.09 -0.153654 0.445701
1.1 0.216268 0.36149
1.11 -0.272061 0.0231934
1.12 -0.0833333 0.453606
1.13 -0.18533 0.330436
1.14 0.305316 0.232241
1.15 -0.0726951 0.0846964
1.16 -0.204934 0.0614534
1.17 0.073577 -0.0840766
1.18 -0.496904 0.067285
1.19 -0.117999 0.137864
1.2 -0.650042 0.234629
1.21 -0.268312 -0.310212
1.22 -0.109133 -0.320784
1.23 0.338778 -0.356261
1.24 -0.0165137 -0.184721
1.25 0.0741042 0.360735
1.26 0.263711 -0.20931
1.27 0.0226945 0.0383616
1.28 0.234058 0.300762
1.29 0.399933 -0.0470141
1.3 0.479919 0.0101614
1.31 0.294235 0.517498
1.32 0.277602 0.269167
1.33 0.761874 0.374323
1.34 0.164209 0.240849
1.35 0.622789 -0.00948136
1.36 0.320262 0.168796
1.37 -0.0264096 0.250436
1.38 0.255122 0.321927
1.39 0.579978 0.135162
1.4 0.573949 -0.0146351
1.41 0.198784 0.25328
1.42 0.0134156 -0.0397927
1.43 -0.0259502 0.0456452
1.44 -0.275099 0.195299
1.45 -0.0502521 -0.197133
1.46 0.111207 0.278713
1.47 -0.0102785 0.23748
1.48 0.0962199 0.461777
1.49 -0.125086 0.370095
1.5 -0.0953763 0.382567
1.51 -0.0902251 0.0350977
1.52 0.075731 0.085886
1.53 0.24893 0.0886208
1.54 0.0474669 0.14105
1.55 -0.0298456 0.251566
1.56 0.085774 0.10157
1.57 0.297456 0.0312107
1.58 -0.00832823 0.44894
1.59 -0.0621863 -0.135511
1.6 0.323127 -0.205743
1.61 -0.14257 -0.0802642
1.62 -0.504711 -0.0334279
1.63 0.133838 0.0975172
1.64 -0.505161 0.38414
1.65 -0.511325 0.0534882
1.66 -0.10068 0.19826
1.67 -0.155667 0.42042
1.68 -0.0406131 0.226515
1.69 0.228679 0.404756
1.7 0.404431 0.0850875
1.71 -0.0256548 0.0828205
1.72 -0.074985 -0.0427721
1.73 -0.116002 0.252924
1.74 -0.305885 0.263555
1.75 -0.0647517 0.206777
1.76 -0.396581 0.483916
1.77 0.24415 0.12846
1.78 -0.0971264 0.265658
1.79 -0.177585 0.0573399
1.8 0.322182 0.24586
1.81 0.388548 0.219164
1.82 0.304683 0.450303
1.83 0.434749 0.26697
1.84 0.0256881 0.0526042
1.85 0.273513 0.148968
1.86 0.10198 0.230746
1.87 0.312208 0.331215
1.88 0.461483 0.253811
1.89 0.552373 0.157012
1.9 0.295504 0.237275
1.91 0.026214 0.177137
1.92 0.0463353 0.203441
1.93 0.0601992 0.296526
1.94 0.166679 0.174123
1.95 0.0150649 0.0158373
1.96 0.293825 -0.0957417
1.97 0.0436715 0.157575
1.98 0.174778 0.0410688
1.99 0.265303 0.128275
2 -0.0238663 0.0404994
2.01 0.424473 0.177752
2.02 0.138539 -0.16017
2.03 0.317587 0.112154
2.04 0.202717 0.157967
2.05 -0.272499 0.0528789
2.06 0.0278095 0.203078
2.07 0.308434 0.189944
2.08 0.235787 0.115823
2.09 0.299387 0.00590799
2.1 0.314583 0.0394086
2.11 0.253899 -0.0134793
2.12 -0.126277 0.0653769
2.13 -0.0211607 0.0420526
2.14 0.400075 -0.122096
2.15 0.120319 -0.0280897
2.16 -0.224486 -0.0158257
2.17 0.132439 -0.185845
2.18 0.240602 -0.123957
2.19 0.149004 0.114646
2.2 -0.263511 -0.0436744
2.21 0.0704534 0.167948
2.22 0.0620157 0.15999
2.23 -0.0583306 -0.17124
2.24 0.247177 0.0372508
2.25 -0.245615 -0.186711
2.26 -0.156003 0.0988227
2.27 0.0437995 -0.215288
2.28 0.0711195 0.008694
2.29 0.184827 -0.0626904
2.3 0.405423 0.0434039
2.31 0.0230589 0.169767
2.32 -0.0735433 0.116044
2.33 -0.0424302 -0.0862752
2.34 0.0226577 -0.00876222
2.35 -0.081751 0.150126
2.36 0.597919 -0.0631615
2.37 0.00950062 -0.0719703
2.38 -0.0572459 0.125736
2.39 -0.0380309 0.0311022
2.4 -0.038509 0.128538
2.41 0.0565558 0.137827
2.42 0.236935 0.133763
2.43 -0.202192 0.0499989
2.44 -0.47395 0.134825
2.45 -0.632872 0.0356396
2.46 -0.185854 0.128587
2.47 -0.189667 -0.0163351
2.48 -0.0747697 -0.0703128
2.49 -0.0360536 -0.0216528
2.5 0.346905 -0.145689
2.51 -0.0621341 0.0644285
2.52 -0.127261 0.0578937
2.53 0.224295 0.0754177
2.54 0.441569 0.205053
2.55 0.195203 0.0913349
2.56 0.264098 0.00103687
2.57 0.154298 0.0370579
2.58 -0.188734 -0.0122518
2.59 0.101633 0.20659
2.6 0.187156 0.00183824
2.61 0.358255 -0.114211
2.62 0.0866662 0.196996
2.63 0.239573 0.00437333
2.64 -0.241978 0.0338733
2.65 -0.133404 0.0885836
2.66 -0.0353667 0.157508
2.67 -0.279518 0.222396
2.68 -0.214973 0.179843
2.69 -0.256012 0.141497
2.7 0.0858833 0.261384
2.71 -0.214891 0.121311
2.72 -0.157499 0.145577
2.73 -0.336155 0.306037
2.74 -0.0511861 0.202135
2.75 -0.2043 0.0981355
2.76 -0.0205462 0.178299
2.77 0.119795 0.203649
2.78 -0.325818 0.132581
2.79 0.0585446 0.164711
2.8 -0.122821 0.0532136
2.81 -0.111984 0.00223812
2.82 -0.178415 0.0728561
2.83 0.0123677 0.185489
2.84 -0.123213 0.267137
2.85 0.0371911 0.149112
2.86 0.161512 0.114501
2.87 0.120713 0.136004
2.88 0.0230272 0.0398386
2.89 0.0686272 0.0804418
2.9 -0.010683 -0.00870599
2.91 0.0107405 0.123248
2.92 -0.170841 0.0406476
2.93 0.0527404 0.058719
2.94 0.028956 0.109611
2.95 -0.0175438 0.170986
2.96 -0.0320529 0.171982
2.97 -0.0646884 0.0882361
2.98 0.114994 0.0498898
2.99 -0.00839428 0.176294
3 -0.126246 -0.0267775
3.01 -0.0425231 0.00360844
3.02 -0.148019 0.179762
3.03 -0.0919636 0.201442
3.04 -0.17731 -0.063947
3.05 -0.139298 0.0704173
3.06 0.0286226 0.0534236
3.07 -0.10615 0.123378
3.08 0.0415507 0.140977
3.09 -0.0714637 0.118604
3.1 -0.0988803 0.0897416
3.11 0.195335 0.118792
3.12 0.079249 0.0410631
3.13 -0.0858204 0.105476
3.14 0.162245 -0.0294893
3.15 0.0252437 0.103166
3.16 0.0326238 0.0896426
3.17 -0.0660395 0.144606
3.18 0.0542404 0.186483
3.19 0.114056 -0.0118318
3.2 -0.0232819 0.0381503
3.21 0.0103268 0.0957785
3.22 0.0236325 0.0635497
3.23 0.0561172 0.0307295
3.24 0.239646 -0.00954174
3.25 0.202891 0.0191335
3.26 0.0440192 -0.0933502
3.27 0.000256704 0.0469635
3.28 0.0560123 0.0231141
3.29 0.0289576 0.0594056
3.3 0.0722026 0.0220692
3.31 0.0916366 -0.00604608
3.32 -0.0317325 -0.0178389
3.33 0.00813913 0.0573954
3.34 0.0990868 0.0544761
3.35 -0.0161721 0.04796
3.36 -0.204293 0.0425863
3.37 -0.0153452 0.00427871
3.38 0.0703971 0.115329
3.39 -0.106446 0.0801799
3.4 -0.0664503 0.077756
3.41 0.135976 0.105444
3.42 0.0680709 0.108783
3.43 -0.0820805 0.0756029
3.44 0.015329 0.0740942
3.45 -0.0515716 0.0606986
3.46 -0.139207 0.0452273
3.47 -0.123633 0.0995352
3.48 -0.189444 0.0187553
3.49 -0.095054 0.123202
3.5 -0.0179613 0.0174668
3.51 -0.0844889 0.0353581
3.52 -0.16077 0.073722
3.53 -0.0740691 0.0209896
3.54 0.0376556 -0.0148349
3.55 0.009243 0.0247983
3.56 -0.00873703 0.0474659
3.57 0.0476294 0.015498
3.58 0.103812 0.0620629
3.59 0.144639 0.0471935
3.6 0.0891573 0.0572691
3.61 0.0411633 0.0670659
3.62 0.0132803 0.0107004
3.63 -0.00469013 0.0379254
3.64 -0.0357691 0.0301834
3.65 0.12632 0.0524706
3.66 0.0379261 -0.0132835
3.67 0.01014 -0.0225119
3.68 0.0678707 0.0648586
3.69 0.00551873 0.0336142
3.7 0.0576649 0.01122
3.71 -0.0408053 0.0267465
3.72 -0.0442619 0.0238355
3.73 -0.0695805 0.0471107
3.74 -0.0776053 0.0402353
3.75 -0.0792816 0.0332907
3.76 -0.0332464 0.0295091
3.77 -0.0206907 0.000910136
3.78 0.0424308 0.0451913
3.79 -0.0142863 0.0170582
3.8 -0.0263895 0.0234476
3.81 0.00785843 0.0276539
3.82 -0.0220228 -0.00756857
3.83 -0.0520581 0.00544488
3.84 0.0540691 0.0154346
3.85 -0.00995046 0.0218706
3.86 0.0519514 -0.00339491
3.87 -0.026263 0.018219
3.88 0.00207219 -0.024244
3.89 0.0521209 0.0487651
3.9 -0.0134319 0.00098664
3.91 0.010729 0.00798991
3.92 0.0564077 0.0273104
3.93 -0.0130596 0.0435766
3.94 0.0135547 0.0439178
3.95 0.0164812 -0.0252508
3.96 -0.0124055 0.00786565
3.97 0.0215535 0.0212932
3.98 0.00353468 -0.0159328
3.99 0.0162034 -0.0085249
4 0.0282762 0.0166226
4.01 0.0300219 0.0182603
4.02 0.026483 0.0427798
4.03 0.037933 0.0375217
4.04 0.00972556 0.0105102
4.05 0.0285023 0.0240667
4.06 0.0373926 0.0331179
4.07 0.042315 -0.0046772
4.08 0.0199538 0.0489348
4.09 0.0152752 0.0221422
4.1 -0.0421109 0.027709
4.11 -0.0343309 0.0165162
4.12 -0.0159225 0.00795366
4.13 -0.029751 0.0299307
4.14 -0.000466315 0.0112992
4.15 -0.0253222 0.0159696
4.16 0.0218809 -0.00788212
4.17 0.025114 -4.7572e-06
4.18 0.0409529 0.0227044
4.19 0.0389798 0.0202682
4.2 0.0149769 -0.00848863
4.21 0.0206032 0.00144751
4.22 0.000204568 -0.0222769
4.23 0.0272346 0.00276386
4.24 0.0114329 -0.0018297
4.25 0.0448088 0.0228023
4.26 0.0246146 -0.00718006
4.27 0.0101111 -0.00279128
4.28 0.0221072 -0.00569708
4.29 0.033924 -0.0123067
4.3 0.0326193 -0.0176235
4.31 0.0288415 -0.000668781
4.32 0.0337072 0.00133968
4.33 0.0260458 -0.00070365
4.34 0.0320055 0.00477021
4.35 0.033385 0.00223817
4.36 0.0218023 -0.00332499
4.37 0.0131618 0.00481732
4.38 0.0230294 0.000727351
4.39 0.00496301 0.00132446
4.4 0.00277968 -0.00215125
4.41 -0.00559868 -0.000447032
4.42 -0.013901 0.00711694
4.43 -0.00151898 -0.000947861
4.44 0.00857032 0.00324693
4.45 0.00244359 -0.00543748
4.46 -0.00486828 -0.00242789
4.47 -0.00974555 0.00326875
4.48 -0.0136413 -0.00437745
4.49 -0.000460297 -0.00437099
4.5 0.00115195 0.00719713
4.51 -0.00395346 -0.000483455
4.52 0.00467225 -0.00398192
4.53 -0.00171927 0.00246586
4.54 -6.92611e-05 -0.00296314
4.55 -0.00378296 -0.000788376
4.56 -0.0143301 -0.00356649
4.57 -0.0117069 -0.00029112
4.58 -0.0147868 -3.79507e-05
4.59 -0.00729397 0.00060838
4.6 -0.0021457 -0.00178012
4.61 -0.00807553 0.00348237
4.62 0.00298539 0.00748766
4.63 0.0023223 0.00351672
4.64 -0.000733777 -0.000822708
4.65 -0.00255692 0.00318234
4.66 -0.00274942 0.00497966
4.67 -0.00394043 -0.000859952
4.68 -0.00664365 0.00633112
4.69 -0.00666194 -0.000303947
4.7 -0.00124739 0.000567912
4.71 -0.00406239 0.00369771
4.72 -0.000277933 -0.000186028
4.73 -0.00137688 0.000232729
4.74 -0.00240797 0.000546707
4.75 0.001227 0.00205198
4.76 0.00201079 0.000738579
4.77 0.00294885 0.00137185
4.78 0.00438948 0.00149691
4.79 0.00164688 3.4791e-05
4.8 0.00136517 0.000332566
4.81 0.000578983 0.000806443
4.82 0.00299549 0.000389307
4.83 0.00121847 -0.000230956
4.84 0.000718708 0.00118913
4.85 7.23055e-05 0.000875517
4.86 0.000353211 0.000614177
4.87 0.000680863 0.000412729
4.88 -0.000190187 4.77006e-05
4.89 -0.00026 0.000295498
4.9 0.000541989 0.000311364
4.91 6.52897e-05 0.000325326
4.92 0.000179894 -7.14083e-05
4.93 0.000481774 -3.60634e-05
4.94 0.000188629 5.88688e-05
4.95 0.000141093 0.000111048
4.96 0.00014107 -2.15895e-05
4.97 1.05616e-05 2.26729e-05
4.98 1.41459e-05 4.50031e-06
4.99 6.14133e-06 1.42757e-08
0.24 -0.460516 1.35588
0.48 -0.287784 0.884148
0.72 -0.0768677 0.310818
0.96 0.0898451 -0.163203
1.2 0.151953 -0.417487
1.44 0.0994123 -0.449767
1.68 -0.0231193 -0.345779
1.92 -0.141501 -0.212224
2.16 -0.194435 -0.119159
2.4 -0.167528 -0.0809898
2.64 -0.097419 -0.0740179
2.88 -0.0440407 -0.0674027
3.12 -0.0508656 -0.044593
3.36 -0.120241 -0.00701896
3.6 -0.218209 0.0338526
3.84 -0.301101 0.0656648
4.08 -0.342147 0.079688
4.32 -0.340189 0.0712454
4.56 -0.309262 0.0392467
4.8 -0.262473 -0.0132772
5.04 -0.204959 -0.078137
5.28 -0.139499 -0.14208
5.52 -0.0757896 -0.18924
5.76 -0.0314441 -0.20592
6 -0.0213054 -0.18625
6.24 -0.0434855 -0.136091
6.48 -0.074993 -0.0725778
6.72 -0.0829438 -0.0183814
6.96 -0.0448301 0.00728562
7.2 0.0364449 -0.003282
7.44 0.13367 -0.0431451
7.68 0.211671 -0.0938589
7.92 0.247188 -0.133147
8.16 0.239078 -0.143695
8.4 0.20386 -0.119784
8.64 0.162456 -0.0695349
8.88 0.128736 -0.0116992
9.12 0.106505 0.0324704
9.36 0.0935682 0.0493291
9.6 0.0866554 0.0398302
9.84 0.0827334 0.0186411
10.08 0.0774472 0.00473661
10.32 0.064608 0.00872481
10.56 0.0390612 0.02538
10.8 0.00120057 0.0370585
11.04 -0.0408298 0.0261107
11.28 -0.0736188 -0.0123506
11.52 -0.0844616 -0.0664226
11.76 -0.0672986 -0.11477
12 -0.0254279 -0.139679
12.24 0.030221 -0.136457
12.48 0.0864517 -0.113474
12.72 0.134487 -0.0845396
12.96 0.174594 -0.0604251
13.2 0.215327 -0.045352
13.44 0.26648 -0.0390682
13.68 0.329299 -0.0406748
13.92 0.390888 -0.0501988
14.16 0.428293 -0.0672162
14.4 0.421051 -0.0888712
14.64 0.363887 -0.109648
14.88 0.270164 -0.122945
15.12 0.163584 -0.122828
15.36 0.0651303 -0.105039
15.6 -0.0141324 -0.0681842
15.84 -0.0698016 -0.0161624
16.08 -0.0961601 0.0393805
16.32 -0.0840908 0.0801607
16.56 -0.0296233 0.0884398
16.8 0.0538614 0.0578651
17.04 0.133145 0.000635061
17.28 0.169702 -0.0560389
17.52 0.144019 -0.0843409
17.76 0.0719281 -0.0725576
18 -0.00130992 -0.0322763
18.24 -0.0275021 0.00981903
18.48 0.0149247 0.0302527
18.72 0.108624 0.0241297
18.96 0.209818 0.0066821
19.2 0.275053 0.000609083
19.44 0.282734 0.0193538
19.68 0.236447 0.0586984
19.92 0.1527 0.101697
20.16 0.0470179 0.131499
20.4 -0.0695228 0.141565
20.64 -0.183232 0.136542
20.88 -0.270972 0.125383
21.12 -0.304256 0.11387
21.36 -0.264469 0.102301
21.6 -0.158042 0.0883683
21.84 -0.0184825 0.0708942
22.08 0.108579 0.050752
22.32 0.188333 0.0292987
22.56 0.212781 0.00731151
22.8 0.200109 -0.0138534
23.04 0.17953 -0.0305327
23.28 0.172613 -0.0375053
23.52 0.182515 -0.0318598
23.76 0.195579 -0.0168346
24 0.191846 -0.00150019
24.24 0.157276 0.00454632
24.48 0.0917318 -0.00237132
24.72 0.0102136 -0.0177373
24.96 -0.0622729 -0.0326712
25.2 -0.100064 -0.0405183
25.44 -0.0869473 -0.0406051
25.68 -0.022765 -0.0363545
25.92 0.0768505 -0.0301462
26.16 0.187714 -0.0200877
26.4 0.287286 -0.00182143
26.64 0.361925 0.0262826
26.88 0.407472 0.0593206
27.12 0.424432 0.0870369
27.36 0.412892 0.0994367
27.6 0.37204 0.0927962
27.84 0.304797 0.0718895
28.08 0.223188 0.0470867
28.32 0.148592 0.0283359
28.56 0.104233 0.0196876
28.8 0.103072 0.0174014
29.04 0.138466 0.0126123
29.28 0.184515 -0.00284262
29.52 0.207722 -0.0306195
29.76 0.18455 -0.0636155
30 0.114992 -0.089142
30.24 0.0237487 -0.0961467
30.48 -0.0524792 -0.0821325
30.72 -0.0845151 -0.0550667
30.96 -0.0655297 -0.0286628
31.2 -0.0125384 -0.0140365
31.44 0.0453904 -0.0134096
31.68 0.0836828 -0.0200233
31.92 0.0927586 -0.0238233
32.16 0.0771411 -0.0184181
32.4 0.0466408 -0.00442516
32.64 0.008291 0.0124009
32.88 -0.0345226 0.025854
33.12 -0.0766765 0.0328451
33.36 -0.106639 0.0336535
33.6 -0.10901 0.0296822
33.84 -0.0742777 0.0212142
34.08 -0.00882665 0.00698746
34.32 0.0632768 -0.0144771
34.56 0.109904 -0.0431392
34.8 0.107055 -0.0765147
35.04 0.0520529 -0.10991
35.28 -0.0340081 -0.137547
35.52 -0.115701 -0.154266
35.76 -0.159069 -0.157456
36 -0.145648 -0.148533
36.24 -0.0786824 -0.132898
36.48 0.0198932 -0.117732
36.72 0.119085 -0.108324
36.96 0.190502 -0.10505
37.2 0.217604 -0.103224
37.44 0.199478 -0.0963696
37.68 0.148292 -0.0810147
37.92 0.0821251 -0.0597465
38.16 0.0170579 -0.0402218
38.4 -0.0373018 -0.0306077
38.64 -0.0769392 -0.03454
38.88 -0.0991309 -0.049146
39.12 -0.0993267 -0.0675346
39.36 -0.0728768 -0.0838658
39.6 -0.0209133 -0.097116
39.84 0.0447338 -0.110515
40.08 0.103174 -0.1269
40.32 0.133592 -0.143583
40.56 0.126415 -0.151195
40.8 0.0883342 -0.138374
41.04 0.0368728 -0.099786
41.28 -0.0118457 -0.0419372
41.52 -0.0529098 0.0179292
41.76 -0.0924602 0.0600346
42 -0.137947 0.0724907
42.24 -0.187032 0.0571947
42.48 -0.224603 0.0273871
42.72 -0.230931 -0.0011856
42.96 -0.195107 -0.0192512
43.2 -0.123818 -0.0272103
43.44 -0.0391388 -0.0312509
43.68 0.032784 -0.0363216
43.92 0.0742383 -0.0417588
44.16 0.0820554 -0.0426378
44.4 0.0652265 -0.035067
44.64 0.0376864 -0.0206168
44.88 0.0116894 -0.00609817
45.12 -0.00525293 0.00114071
45.36 -0.0104653 -0.00137243
45.6 -0.00529914 -0.00938941
45.84 0.0056591 -0.0151807
46.08 0.0161303 -0.0135629
46.32 0.0211999 -0.00634079
46.56 0.0207972 -0.00182264
46.8 0.0208222 -0.00941541
47.04 0.0298163 -0.0327225
47.28 0.0522434 -0.0657813
47.52 0.0827905 -0.0952177
47.76 0.106577 -0.107272
48 0.106672 -0.0953703
48.24 0.0749098 -0.0635107
48.48 0.0187226 -0.0235874
48.72 -0.0414599 0.0111285
48.96 -0.0834461 0.0318659
49.2 -0.0960233 0.0363099
49.44 -0.0845662 0.0268191
49.68 -0.0657548 0.00773207
49.92 -0.0555092 -0.0157699
50.16 -0.0590742 -0.0374135
50.4 -0.0701189 -0.0503807
50.64 -0.0783702 -0.0500281
50.88 -0.0786841 -0.0373063
51.12 -0.0740019 -0.0195683
51.36 -0.0705522 -0.00689652
51.6 -0.0706604 -0.00583478
51.84 -0.0703978 -0.0150486
52.08 -0.0644277 -0.0263123
52.32 -0.0532765 -0.0301158
52.56 -0.0454911 -0.0216561
52.8 -0.0514931 -0.00302894
53.04 -0.0736625 0.0192094
53.28 -0.101313 0.0384258
53.52 -0.115795 0.0507971
53.76 -0.102695 0.0553771
54 -0.0620077 0.0526114
54.24 -0.00851554 0.0432757
54.48 0.0378296 0.0285286
54.72 0.0641819 0.0102866
54.96 0.070983 -0.00897975
55.2 0.0686005 -0.0268773
55.44 0.0682283 -0.0412846
55.68 0.0742764 -0.0498189
55.92 0.0830696 -0.0494641
56.16 0.087291 -0.0375631
56.4 0.0818117 -0.0141975
56.64 0.0667456 0.0156965
56.88 0.0465734 0.0426313
57.12 0.0270639 0.0560807
57.36 0.012528 0.0496921
57.6 0.00484194 0.0252056
57.84 0.0040945 -0.00744449
58.08 0.00979752 -0.0342669
58.32 0.0216142 -0.0436101
58.56 0.0391715 -0.0315575
58.8 0.0612916 -0.00354952
59.04 0.0854614 0.0285801
59.28 0.108169 0.0525675
59.52 0.125912 0.0615171
59.76 0.135932 0.0565178
60 0.135909 0.0449018
60.24 0.123114 0.0354605
60.48 0.0945898 0.0335388
60.72 0.0494065 0.0387073
60.96 -0.00806704 0.0459187
61.2 -0.0668259 0.0489856
61.44 -0.112153 0.0441657
61.68 -0.131997 0.0320237
61.92 -0.122884 0.0169828
62.16 -0.0913458 0.00515307
62.4 -0.0501354 0.00159292
62.64 -0.0123088 0.00813392
62.88 0.0129008 0.022551
63.12 0.0210488 0.0393498
63.36 0.0120333 0.0518515
63.6 -0.00967106 0.0547265
63.84 -0.0345179 0.0459389
64.08 -0.0496642 0.0273493
64.32 -0.0442578 0.00384892
64.56 -0.0156108 -0.0185148
64.8 0.0286615 -0.0346703
65.04 0.0750393 -0.0421705
65.28 0.112034 -0.0417892
65.52 0.135325 -0.0367887
65.76 0.146274 -0.0310689
66 0.146352 -0.0270072
66.24 0.13405 -0.0241578
66.48 0.108257 -0.0196572
66.72 0.074957 -0.0101877
66.96 0.0494462 0.00571737
67.2 0.0491577 0.0265394
67.44 0.0807025 0.0485133
67.68 0.131332 0.0675953
67.92 0.173221 0.0811888
68.16 0.17957 0.0885169
68.4 0.142073 0.0897636
68.64 0.0774797 0.0851304
68.88 0.0183899 0.0748902
69.12 -0.00581198 0.0604218
69.36 0.0143322 0.0450669
69.6 0.0639883 0.0335374
69.84 0.11373 0.0297088
70.08 0.136649 0.0341201
70.32 0.122713 0.043075
70.56 0.0827062 0.0503279
70.8 0.0403708 0.0505219
71.04 0.0177709 0.0422021
71.28 0.0223756 0.0284256
71.52 0.0432266 0.0146313
71.76 0.0583058 0.0053061
72 0.0485489 0.0016896
72.24 0.00981785 0.00182111
72.48 -0.0445641 0.00244135
72.72 -0.0919376 0.0010463
72.96 -0.113365 -0.00336034
73.2 -0.103066 -0.0108876
73.44 -0.0689046 -0.0215633
73.68 -0.0251933 -0.035104
73.92 0.0160229 -0.04964
74.16 0.0492995 -0.0607448
74.4 0.0743152 -0.0623329
74.64 0.091775 -0.0496777
74.88 0.101017 -0.0228935
75.12 0.101035 0.0116902
75.36 0.0931322 0.0438157
75.6 0.0820961 0.0643525
75.84 0.074446 0.070095
76.08 0.0750045 0.0651283
76.32 0.0844167 0.0577311
76.56 0.099314 0.0547933
76.8 0.114699 0.0574547
77.04 0.126619 0.0608155
77.28 0.133325 0.0577498
77.52 0.134488 0.0440857
77.76 0.129548 0.0216666
78 0.116855 -0.00253794
78.24 0.094576 -0.0203953
78.48 0.0629607 -0.0269656
78.72 0.026262 -0.0227241
78.96 -0.00750506 -0.0127782
79.2 -0.0294808 -0.00398386
79.44 -0.034078 -0.00168745
79.68 -0.0216199 -0.00755535
79.92 0.00242827 -0.0191797
80.16 0.0311548 -0.0314086
80.4 0.0600726 -0.038793
80.64 0.0882121 -0.0381253
80.88 0.115713 -0.029905
81.12 0.140134 -0.0179792
81.36 0.154905 -0.00755628
81.6 0.151725 -0.00273178
81.84 0.125578 -0.0048841
82.08 0.0788985 -0.0125784
82.32 0.0219845 -0.0225673
82.56 -0.0306557 -0.0309823
82.8 -0.0657719 -0.0341989
83.04 -0.0757518 -0.0295674
83.28 -0.0602406 -0.0163646
83.52 -0.0251162 0.0032853
83.76 0.0200839 0.0244455
84 0.0652237 0.041069
84.24 0.102417 0.048865
84.48 0.128038 0.0475851
84.72 0.143207 0.0409664
84.96 0.152396 0.0340891
85.2 0.160683 0.0298602
85.44 0.170992 0.0271316
85.68 0.18269 0.0218439
85.92 0.192065 0.0103731
86.16 0.194107 -0.00734804
86.4 0.184604 -0.0271539
86.64 0.161796 -0.0428443
86.88 0.127377 -0.0497057
87.12 0.0867005 -0.0470392
87.36 0.0478491 -0.038206
87.6 0.0192727 -0.028377
87.84 0.00648902 -0.021514
88.08 0.00940654 -0.0183875
88.32 0.02212 -0.0166576
88.56 0.0358795 -0.0128076
88.8 0.0438533 -0.00470283
89.04 0.0448046 0.00676727
89.28 0.0431987 0.0179766
89.52 0.0454882 0.0246583
89.76 0.0548894 0.0245478
90 0.0680306 0.0188746
90.24 0.0756751 0.0116749
90.48 0.0671903 0.00733081
90.72 0.0362908 0.00798936
90.96 -0.0149143 0.0126003
91.2 -0.0754272 0.0180975
91.44 -0.128529 0.0216367
91.68 -0.157329 0.0220913
91.92 -0.150705 0.0198115
92.16 -0.107528 0.0152865
92.4 -0.0374306 0.00836878
92.64 0.0425051 -0.000857858
92.88 0.113969 -0.010221
93.12 0.163698 -0.0146016
93.36 0.186666 -0.00765812
93.6 0.184852 0.0143066
93.84 0.163163 0.0488208
94.08 0.126081 0.0868264
94.32 0.0777389 0.116235
94.56 0.0249894 0.12759
94.8 -0.0201031 0.118492
95.04 -0.0420975 0.0942722
95.28 -0.0288897 0.0649274
95.52 0.0204439 0.0405208
95.76 0.0922635 0.0277255
96 0.162657 0.0287957
96.24 0.207604 0.04236
96.48 0.213325 0.0645171
96.72 0.18118 0.0892813
96.96 0.125264 0.108734
97.2 0.0652122 0.114043
97.44 0.0186347 0.0980869
97.68 -0.00374657 0.0590321
97.92 0.000134004 0.00293936
98.16 0.0239358 -0.0566772
98.4 0.0545629 -0.103107
98.64 0.0756603 -0.12315
98.88 0.0732009 -0.113163
99.12 0.0416557 -0.0811775
99.36 -0.0124249 -0.0434864
99.6 -0.0721922 -0.0169992
99.84 -0.117618 -0.0110801
100.08 -0.134562 -0.0231766
100.32 -0.120967 -0.040711
100.56 -0.0869804 -0.0483672
100.8 -0.049337 -0.0368797
101.04 -0.023381 -0.00850578
101.28 -0.0168736 0.0238605
101.52 -0.0281234 0.0434337
101.76 -0.0484054 0.0383815
102 -0.0666809 0.00791965
102.24 -0.074139 -0.0374723
102.48 -0.0668422 -0.0814026
102.72 -0.0460516 -0.109148
102.96 -0.0168807 -0.113327
103.2 0.0136489 -0.0952529
103.44 0.0383333 -0.0624236
103.68 0.051098 -0.024544
103.92 0.0481761 0.00957677
104.16 0.02939 0.0335084
104.4 -0.000767961 0.0437739
104.64 -0.0331101 0.040364
104.88 -0.0556206 0.0270549
105.12 -0.0572554 0.0106106
105.36 -0.0325172 -0.00158577
105.6 0.0152148 -0.00455183
105.84 0.0735027 0.00242484
106.08 0.124519 0.0162116
106.32 0.151462 0.0319531
106.56 0.145107 0.0450878
106.8 0.107486 0.0519739
107.04 0.0508494 0.0495828
107.28 -0.00770719 0.0358604
107.52 -0.0533673 0.0115781
107.76 -0.0789791 -0.0176307
108 -0.0862551 -0.0416429
108.24 -0.0827335 -0.0500124
108.48 -0.0767651 -0.0381626
108.72 -0.0735934 -0.0113742
108.96 -0.0744717 0.0169874
109.2 -0.0785517 0.0327545
109.44 -0.0854745 0.0293044
109.68 -0.0963567 0.0113091
109.92 -0.112267 -0.0088147
110.16 -0.131354 -0.0193648
110.4 -0.147078 -0.0168809
110.64 -0.149595 -0.00765526
110.88 -0.130269 -0.00252781
111.12 -0.0869833 -0.008998
111.36 -0.026884 -0.0263306
111.6 0.035528 -0.0468195
111.84 0.0842007 -0.0617328
112.08 0.107997 -0.0671912
112.32 0.104308 -0.0656684
112.56 0.0783855 -0.0624254
112.8 0.0397555 -0.0601118
113.04 -0.00156809 -0.0560016
113.28 -0.0372396 -0.044055
113.52 -0.0611967 -0.0201446
113.76 -0.0699076 0.0136106
114 -0.062871 0.0486394
114.24 -0.0428087 0.0739234
114.48 -0.0147386 0.0813974
114.72 0.0158418 0.0694235
114.96 0.0443388 0.0428498
115.2 0.066971 0.0104865
115.44 0.0797734 -0.0181975
115.68 0.0785174 -0.0359639
115.92 0.0607265 -0.0399882
116.16 0.0287668 -0.0330713
116.4 -0.00868789 -0.0230031
116.64 -0.0388614 -0.0192896
116.88 -0.0501398 -0.0280118
117.12 -0.0373831 -0.0476146
117.36 -0.00416966 -0.0688375
117.6 0.0390076 -0.0797027
117.84 0.0791305 -0.0727956
118.08 0.105278 -0.0499754
118.32 0.111898 -0.021156
118.56 0.100255 0.00196749
118.8 0.0779225 0.0127078
119.04 0.0560903 0.0120119
119.28 0.0449729 0.0057042
119.52 0.0489373 -0.000730056
119.76 0.0640022 -0.00543873
120 0.0796087 -0.00941024
