-4.99 3.70693e-07 -5.8388e-08
-4.98 -1.51029e-05 -4.46773e-06
-4.97 -3.912e-05 -1.20357e-05
-4.96 -9.71069e-05 1.63281e-05
-4.95 -0.000185062 2.60082e-05
-4.94 -9.69457e-06 4.11149e-05
-4.93 -0.000446817 0.000134568
-4.92 -0.000227011 0.000134645
-4.91 -0.000281922 0.000147429
-4.9 -0.000582325 0.000244758
-4.89 -0.000157244 0.000126833
-4.88 -0.000641637 0.000207732
-4.87 -0.000933853 -0.000494315
-4.86 -0.000890344 7.56798e-05
-4.85 -0.00158895 -8.47e-05
-4.84 -0.00078714 -0.000193576
-4.83 -0.00223424 6.86991e-05
-4.82 -0.00142483 -4.66825e-05
-4.81 -0.00291033 -0.000207839
-4.8 -0.0038318 9.07692e-06
-4.79 -0.00224317 0.000405946
-4.78 -0.00505276 0.000870999
-4.77 -0.00437856 0.000223394
-4.76 -0.00509129 -0.000408225
-4.75 -0.00917217 0.000981585
-4.74 -0.00840635 -0.0031851
-4.73 -0.0112681 -0.00110843
-4.72 -0.0110425 -0.00302381
-4.71 -0.0118651 -0.00135849
-4.7 -0.0127817 -0.00174415
-4.69 -0.0103979 -0.00182529
-4.68 -0.0172081 -0.000957465
-4.67 -0.0126462 -0.00277103
-4.66 -0.0126934 -0.00201702
-4.65 -0.0171644 0.00317847
-4.64 -0.010942 -0.00186618
-4.63 -0.0169185 -0.000174749
-4.62 -0.0170483 -0.00255578
-4.61 -0.0142431 -0.00528719
-4.6 -0.0189613 -0.00195817
-4.59 -0.01567 -0.00578238
-4.58 -0.0211482 0.000614324
-4.57 -0.0133705 -0.00449635
-4.56 -0.0131444 -0.00232885
-4.55 -0.0146173 0.00790286
-4.54 -0.00307008 0.00303922
-4.53 -0.0192264 0.00919096
-4.52 -0.00674211 0.00678744
-4.51 -0.00643378 0.00150562
-4.5 -0.00788403 0.0080656
-4.49 -0.00244772 0.00164103
-4.48 -0.00286844 0.010873
-4.47 -0.0114958 0.0046711
-4.46 -0.00713522 -0.00413941
-4.45 -0.0134481 0.00425147
-4.44 -0.0041618 -0.00510149
-4.43 -0.0237328 0.00432315
-4.42 -0.0123155 0.00664192
-4.41 -0.0205246 0.00258755
-4.4 -0.0357068 0.0085685
-4.39 -0.0167298 -0.0100609
-4.38 -0.0364824 0.00509166
-4.37 -0.0325374 0.00447049
-4.36 -0.0363571 -0.00585475
-4.35 -0.0337571 0.0135527
-4.34 -0.0347485 -0.00490297
-4.33 -0.0378096 -0.00608878
-4.32 -0.0321175 -0.00126218
-4.31 -0.0348412 -0.00527217
-4.3 -0.0404922 0.0100256
-4.29 -0.00770348 -0.0114194
-4.28 -0.0248905 0.00497226
-4.27 -0.0154951 -0.00165346
-4.26 -0.0169524 -0.0106267
-4.25 -0.0315809 0.020695
-4.24 -0.0216089 0.00513051
-4.23 -0.0307407 -0.0032751
-4.22 -0.0277943 -0.00811455
-4.21 -0.0359966 -0.0198319
-4.2 -0.0491797 -0.00177908
-4.19 -0.0310546 -0.0254782
-4.18 -0.048273 -0.0115997
-4.17 -0.0227948 -0.0312681
-4.16 -0.0308222 -0.0553994
-4.15 -0.0380065 -0.0182244
-4.14 -0.034589 -0.0247102
-4.13 -0.0512752 -0.0108445
-4.12 -0.0635985 -0.011985
-4.11 -0.063841 -0.0169998
-4.1 -0.0873128 0.0097177
-4.09 -0.106073 -0.0093665
-4.08 -0.0999882 0.0116069
-4.07 -0.103854 0.021563
-4.06 -0.101339 -0.0140357
-4.05 -0.0982801 0.00742986
-4.04 -0.0856292 -0.00940855
-4.03 -0.116378 -0.000585599
-4.02 -0.104987 -0.0159375
-4.01 -0.0980984 -0.0216053
-4 -0.118503 0.0139099
-3.99 -0.147577 -0.034441
-3.98 -0.151407 -0.00320262
-3.97 -0.177801 0.0139914
-3.96 -0.202492 -0.0145371
-3.95 -0.148123 -0.00754542
-3.94 -0.164518 -0.0177071
-3.93 -0.141005 -0.0332261
-3.92 -0.136809 -0.0454409
-3.91 -0.104046 -0.0515106
-3.9 -0.114369 0.00609058
-3.89 -0.0950642 -0.0563537
-3.88 -0.0861969 -0.0292138
-3.87 -0.104762 -0.00668829
-3.86 -0.122515 -0.0284883
-3.85 -0.0988232 0.0051103
-3.84 -0.141707 0.0250165
-3.83 -0.138074 0.0278456
-3.82 -0.151 -0.00977982
-3.81 -0.151002 -0.0127942
-3.8 -0.126881 0.00983087
-3.79 -0.146426 -0.0127811
-3.78 -0.0961111 -0.0208001
-3.77 -0.131872 0.0093714
-3.76 -0.136571 -0.0302672
-3.75 -0.115082 0.0120754
-3.74 -0.169384 0.0266418
-3.73 -0.110021 0.0742832
-3.72 -0.13334 0.0707939
-3.71 -0.136672 0.0572682
-3.7 -0.101718 0.117572
-3.69 -0.172805 0.0940474
-3.68 -0.107305 0.0722433
-3.67 -0.093137 0.0841293
-3.66 -0.104877 0.0360751
-3.65 -0.0676198 0.0176138
-3.64 -0.120623 -0.00598192
-3.63 -0.105309 0.0307332
-3.62 -0.125254 0.0217727
-3.61 -0.128049 -0.0160449
-3.6 -0.0424279 0.070943
-3.59 -0.160714 0.0425606
-3.58 -0.036997 -6.62438e-05
-3.57 -0.0139076 0.0631449
-3.56 -0.0526819 0.0338811
-3.55 0.0481745 0.0218226
-3.54 -0.0213019 0.00144611
-3.53 -0.0107567 0.000728166
-3.52 -0.0732886 -0.0204768
-3.51 -0.0621921 -0.116123
-3.5 -0.0607139 0.0226783
-3.49 -0.21761 -0.0646015
-3.48 -0.180956 -0.0598108
-3.47 -0.216402 -0.0165065
-3.46 -0.325348 -0.0215466
-3.45 -0.168236 -0.00967971
-3.44 -0.281957 0.0128381
-3.43 -0.212064 0.0324572
-3.42 -0.25717 0.0438076
-3.41 -0.263298 -0.0179943
-3.4 -0.22377 0.0759639
-3.39 -0.296795 0.0302871
-3.38 -0.223656 -0.0351242
-3.37 -0.257281 0.0391473
-3.36 -0.282737 -0.046132
-3.35 -0.207444 0.0521381
-3.34 -0.268687 0.00805825
-3.33 -0.203124 0.0557231
-3.32 -0.156626 0.0283741
-3.31 -0.249439 -0.0385105
-3.3 -0.106562 -0.00383901
-3.29 -0.229679 0.0131754
-3.28 -0.201452 -0.0512575
-3.27 -0.248347 -0.0163404
-3.26 -0.316217 -0.11458
-3.25 -0.33188 -0.096053
-3.24 -0.407035 -0.1815
-3.23 -0.337717 -0.11194
-3.22 -0.312679 -0.0746283
-3.21 -0.342331 -0.128449
-3.2 -0.137479 -0.0972602
-3.19 -0.220251 -0.0193771
-3.18 -0.148729 -0.123905
-3.17 -0.057391 -0.03582
-3.16 -0.0963458 -0.0659237
-3.15 -0.0333585 -0.0163183
-3.14 -0.0820172 -0.119036
-3.13 -0.166137 -0.03735
-3.12 -0.179102 -0.0272708
-3.11 -0.283584 -0.136848
-3.1 -0.156027 -0.0432339
-3.09 -0.336788 0.0106255
-3.08 -0.328638 -0.0169047
-3.07 -0.325134 0.0499181
-3.06 -0.497888 0.17967
-3.05 -0.335764 0.0934093
-3.04 -0.392241 0.140636
-3.03 -0.573211 0.0495535
-3.02 -0.529022 0.10473
-3.01 -0.611639 -0.080938
-3 -0.516472 -0.00407572
-2.99 -0.562704 -0.029478
-2.98 -0.444797 -0.178648
-2.97 -0.405832 -0.189702
-2.96 -0.547844 -0.201277
-2.95 -0.246496 -0.155129
-2.94 -0.23939 -0.098643
-2.93 -0.364415 -0.062881
-2.92 -0.194424 -0.068567
-2.91 -0.344139 -0.038792
-2.9 -0.35374 -0.132801
-2.89 -0.342078 0.0727115
-2.88 -0.296386 -0.134276
-2.87 -0.209385 -0.118833
-2.86 -0.320493 -0.242669
-2.85 -0.0535771 -0.244168
-2.84 -0.0465013 -0.210668
-2.83 -0.147365 -0.347983
-2.82 0.119311 -0.17308
-2.81 -0.0557965 -0.246527
-2.8 -0.0286121 -0.286668
-2.79 -0.122498 -0.0293784
-2.78 -0.258094 -0.0301014
-2.77 -0.281821 -0.0602112
-2.76 -0.436612 -0.0101824
-2.75 -0.364357 -0.130141
-2.74 -0.31124 -0.107015
-2.73 -0.487388 -0.286558
-2.72 -0.328129 -0.0891822
-2.71 -0.380994 -0.21378
-2.7 -0.295393 -0.378608
-2.69 -0.299269 -0.147492
-2.68 -0.304641 -0.297716
-2.67 -0.234766 -0.188679
-2.66 -0.554919 -0.026458
-2.65 -0.470855 -0.09249
-2.64 -0.485515 0.00244732
-2.63 -0.660607 -0.178052
-2.62 -0.612024 -0.0554054
-2.61 -0.479569 -0.13818
-2.6 -0.477602 -0.217668
-2.59 -0.354678 -0.0815064
-2.58 -0.182122 -0.305298
-2.57 0.0524113 -0.285201
-2.56 -0.146365 -0.205847
-2.55 0.0567506 -0.334446
-2.54 0.0930296 -0.0991702
-2.53 -0.371636 -0.215886
-2.52 -0.347224 -0.145834
-2.51 -0.565099 -0.0847821
-2.5 -0.723588 -0.210495
-2.49 -0.911027 -0.0840367
-2.48 -0.845463 -0.280195
-2.47 -0.762536 -0.215778
-2.46 -0.845742 -0.268627
-2.45 -0.517419 -0.429537
-2.44 -0.199666 -0.210119
-2.43 -0.347836 -0.428893
-2.42 -0.0876869 -0.333435
-2.41 0.0279516 -0.203769
-2.4 -0.0102111 -0.334288
-2.39 0.0290428 -0.151611
-2.38 -0.173485 -0.242036
-2.37 -0.0115205 -0.16301
-2.36 -0.438408 -0.133963
-2.35 -0.243308 -0.270609
-2.34 -0.115326 -0.101479
-2.33 -0.117801 -0.356397
-2.32 0.0253904 -0.308803
-2.31 0.304668 -0.267474
-2.3 0.323632 -0.4522
-2.29 0.449212 -0.188742
-2.28 0.311361 -0.41297
-2.27 0.51301 -0.335905
-2.26 0.0286363 -0.287681
-2.25 -0.183303 -0.377325
-2.24 -0.222331 -0.192221
-2.23 -0.586493 -0.265534
-2.22 -0.629576 -0.297213
-2.21 -0.657648 -0.310825
-2.2 -0.338727 -0.486644
-2.19 -0.393027 -0.210019
-2.18 -0.146419 -0.537376
-2.17 0.11707 -0.419697
-2.16 -0.0119918 -0.458845
-2.15 -0.193293 -0.690769
-2.14 -0.0550851 -0.558287
-2.13 -0.453786 -0.531328
-2.12 -0.618139 -0.479995
-2.11 -0.944121 -0.475028
-2.1 -0.86477 -0.493287
-2.09 -1.12212 -0.233901
-2.08 -1.11332 -0.464098
-2.07 -0.787812 -0.212031
-2.06 -0.717312 -0.0992436
-2.05 -0.590864 -0.360905
-2.04 -0.132575 -0.143531
-2.03 -0.014608 -0.176099
-2.02 0.0265898 -0.233436
-2.01 -0.145617 -0.0987211
-2 0.19674 -0.170809
-1.99 -0.0388492 0.00897692
-1.98 0.006288 -0.195269
-1.97 0.0742263 -0.0676678
-1.96 -0.121621 0.000531628
-1.95 -0.383321 -0.22298
-1.94 -0.306636 -0.0434828
-1.93 -0.128931 -0.21539
-1.92 -0.133406 -0.17693
-1.91 -0.271547 -0.143534
-1.9 -0.0240889 -0.127415
-1.89 -0.0919067 -0.0408642
-1.88 -0.375272 -0.0414277
-1.87 0.0714481 -0.172808
-1.86 -0.249366 0.0198401
-1.85 -0.164036 -0.0709308
-1.84 -0.484107 0.114091
-1.83 -0.0988485 -0.0200722
-1.82 -0.523256 0.0641981
-1.81 -0.531846 -0.0492732
-1.8 -0.457212 -0.229187
-1.79 -0.359511 -0.0439834
-1.78 -0.608945 -0.0758638
-1.77 -0.362463 -0.178699
-1.76 -0.532088 -0.0655801
-1.75 -0.711857 -0.101232
-1.74 -0.923084 -0.251236
-1.73 -0.741097 -0.19383
-1.72 -0.73217 -0.110916
-1.71 -1.18624 -0.0604651
-1.7 -0.653457 -0.191147
-1.69 -0.805378 0.102932
-1.68 -0.661859 -0.0764107
-1.67 -0.680866 -0.216366
-1.66 -0.300111 -0.081673
-1.65 -0.513859 -0.0172176
-1.64 -0.564717 -0.0642588
-1.63 -0.345545 0.041365
-1.62 -0.0790132 -0.00182389
-1.61 -0.714799 -0.143444
-1.6 -0.2187 -0.143914
-1.59 -0.325144 -0.0629828
-1.58 -0.301996 -0.0517772
-1.57 -0.309284 -0.367946
-1.56 0.168206 -0.360219
-1.55 0.0366657 -0.562964
-1.54 -0.290435 -0.505168
-1.53 -0.00495305 -0.552809
-1.52 0.136354 -0.527632
-1.51 -0.325346 -0.671088
-1.5 -0.0209853 -0.582928
-1.49 0.163643 -0.495085
-1.48 -0.257649 -0.102335
-1.47 -0.127861 -0.171466
-1.46 -0.0432747 -0.117876
-1.45 0.309805 -0.272339
-1.44 -0.137157 -0.201997
-1.43 0.401163 -0.40431
-1.42 0.428151 -0.140859
-1.41 -0.160435 -0.224182
-1.4 -0.206122 -0.354711
-1.39 0.0495318 -0.599904
-1.38 -0.62447 -0.315849
-1.37 -0.449622 -0.418602
-1.36 -0.635059 -0.290114
-1.35 -0.450864 -0.0466795
-1.34 -0.77734 -0.0460246
-1.33 -0.563053 -0.367376
-1.32 -0.150936 -0.0856737
-1.31 -0.816616 0.100861
-1.3 -0.625851 -0.189405
-1.29 -0.479558 -0.00733621
-1.28 -0.813429 0.0291393
-1.27 -0.739132 -0.171838
-1.26 -0.92983 -0.247574
-1.25 -0.885284 0.135225
-1.24 -1.03933 -0.0613338
-1.23 -1.0716 -0.213575
-1.22 -0.255434 -0.0687265
-1.21 -0.844097 0.11696
-1.2 -0.777604 -0.19642
-1.19 -0.66994 0.101013
-1.18 -1.11203 -0.0351784
-1.17 -0.810988 -0.359071
-1.16 -1.05343 -0.58542
-1.15 -0.634717 -0.422783
-1.14 -0.871282 -0.469105
-1.13 -1.09604 -0.539763
-1.12 -0.355731 -0.564906
-1.11 -0.858959 -0.467618
-1.1 -0.824543 -0.850251
-1.09 -0.41904 -0.573973
-1.08 -0.915433 -0.496453
-1.07 -0.692647 -0.412262
-1.06 -1.29178 -0.592409
-1.05 -0.827636 -0.593895
-1.04 -0.944322 -0.569321
-1.03 -1.15525 -0.647819
-1.02 0.0188332 -0.707115
-1.01 -0.458842 -0.320214
-1 -0.237625 -0.656193
-0.99 0.14576 -0.72667
-0.98 -0.251997 -0.523003
-0.97 -0.229589 -0.444281
-0.96 -0.832504 -0.517583
-0.95 -0.470841 -0.688332
-0.94 -0.651631 -0.467907
-0.93 -1.32255 -0.817878
-0.92 -0.384444 -0.776766
-0.91 -1.32032 -0.250106
-0.9 -1.24172 -0.527333
-0.89 -0.462837 -0.936702
-0.88 -0.762973 -0.764021
-0.87 -0.237171 -0.703814
-0.86 -0.845333 -0.670715
-0.85 -0.422763 -0.397639
-0.84 -0.869949 -0.201217
-0.83 -1.50874 -0.518799
-0.82 -0.450558 -0.941673
-0.81 -1.38364 -0.110424
-0.8 -1.46844 -0.39515
-0.79 -0.808752 -0.388821
-0.78 -1.4234 -0.235175
-0.77 -0.867967 -0.470854
-0.76 -1.07007 -0.701746
-0.75 -0.312179 -0.579112
-0.74 -0.0689987 -0.328251
-0.73 -0.631143 -0.435233
-0.72 0.597534 -0.817314
-0.71 -0.698477 -0.246972
-0.7 -0.635447 -0.567353
-0.69 -0.67494 -0.381797
-0.68 -1.4152 -0.360762
-0.67 -1.19918 -0.284953
-0.66 -1.7301 -0.612104
-0.65 -1.01412 -0.60067
-0.64 -0.366056 -0.563347
-0.63 -0.953093 -0.176123
-0.62 0.991852 -0.698696
-0.61 0.430829 -0.215955
-0.6 0.924727 -0.469285
-0.59 1.50624 -0.474645
-0.58 0.81279 -0.214273
-0.57 0.986539 -0.0108476
-0.56 -0.793155 0.542104
-0.55 -0.0280319 -0.344532
-0.54 -0.509874 0.205912
-0.53 -1.37011 -0.172609
-0.52 0.201684 -0.272728
-0.51 -0.580624 -0.462497
-0.5 -0.438816 0.109978
-0.49 0.208032 -0.673443
-0.48 -0.172185 -0.447248
-0.47 0.431073 -0.576453
-0.46 -0.840095 -0.125464
-0.45 0.143326 -0.76428
-0.44 -0.328779 -0.147986
-0.43 -2.05154 0.0715007
-0.42 -0.373417 -0.551615
-0.41 -2.00746 -0.185914
-0.4 -1.51636 -0.194475
-0.39 -1.18141 -0.453435
-0.38 -1.07018 -0.793999
-0.37 -0.23133 -0.393726
-0.36 -1.2381 -0.35195
-0.35 0.586578 -0.622014
-0.34 0.361449 -0.0486994
-0.33 -0.479545 0.181884
-0.32 1.00421 0.0256235
-0.31 -0.182445 0.337352
-0.3 -0.525213 0.620811
-0.29 -0.520829 0.333573
-0.28 -1.66257 0.404289
-0.27 -0.940549 0.288453
-0.26 -3.06516 0.583552
-0.25 -1.5276 -0.156435
-0.24 -1.54388 -0.192818
-0.23 -2.45028 -0.387831
-0.22 -0.258663 -0.699681
-0.21 -1.13122 -0.388637
-0.2 -0.512139 -0.270861
-0.19 -0.752806 0.263039
-0.18 -0.686167 -0.137203
-0.17 0.0606596 -0.192576
-0.16 -1.51017 0.116809
-0.15 -0.656607 -0.0634194
-0.14 -0.878604 0.149879
-0.13 -2.62366 0.138225
-0.12 -1.23183 0.284591
-0.11 -1.48504 -0.912533
-0.1 -1.19114 -0.446858
-0.09 -0.697861 -0.82073
-0.08 -1.79027 0.0189881
-0.07 0.0952485 -0.444669
-0.06 -2.31699 1.09027
-0.05 -0.51271 0.179636
-0.04 -0.198143 0.653471
-0.03 -1.61607 0.386318
-0.02 -0.785564 0.863649
-0.01 -0.968086 -0.288316
0 -0.687444 -0.47366
0.01 -0.680552 -0.758815
0.02 -0.825813 -1.83409
0.03 0.0775031 -1.43417
0.04 -1.39182 -1.6272
0.05 -0.979336 -1.26897
0.06 0.820015 -2.18074
0.07 -1.67589 -0.72438
0.08 0.0168497 -1.11929
0.09 -1.12127 -0.274606
0.1 -0.636377 -0.604664
0.11 -0.503668 -0.169408
0.12 -0.630456 -1.22433
0.13 0.720904 -1.07836
0.14 -1.11736 -1.07162
0.15 -1.1462 -0.908582
0.16 -0.489463 -0.993605
0.17 -1.68789 -0.773149
0.18 -1.05214 -0.767407
0.19 -0.679942 -1.05968
0.2 -0.883956 -0.530591
0.21 -0.0495304 -0.339964
0.22 -0.843538 0.110648
0.23 1.42689 -0.217211
0.24 0.765717 -0.227175
0.25 1.01931 -0.307519
0.26 2.40793 -0.960249
0.27 0.485987 -0.744102
0.28 0.928155 -1.01982
0.29 -0.309173 -0.805776
0.3 -0.0834994 -1.29319
0.31 -0.594484 -0.84478
0.32 -1.77957 -0.625597
0.33 -0.674649 -0.775283
0.34 -1.39465 -0.479195
0.35 -1.76913 0.0473543
0.36 -0.13065 -0.167072
0.37 -0.879398 -0.154616
0.38 -0.450836 0.140992
0.39 -0.338959 -0.136115
0.4 -0.0371309 -0.579536
0.41 0.481855 -0.678146
0.42 -1.06682 -0.24555
0.43 0.480982 -1.09437
0.44 -1.09047 -0.690696
0.45 -1.57702 -0.239322
0.46 -0.545194 -0.804722
0.47 -1.53732 -0.262311
0.48 -1.09089 -0.484176
0.49 -1.37168 -0.0563322
0.5 -0.787503 -0.799868
0.51 -0.650384 -0.0974893
0.52 -1.15023 -0.208645
0.53 0.0362645 -0.349632
0.54 -0.392023 -0.677186
0.55 -1.00458 -0.245002
0.56 -0.144351 -1.09782
0.57 -1.72632 -0.363027
0.58 -1.68219 -0.508552
0.59 -2.24503 -0.096844
0.6 -1.99498 -0.189259
0.61 -1.24741 -0.391522
0.62 -1.81403 0.223351
0.63 -0.134212 -0.246864
0.64 -0.415753 0.258893
0.65 0.0976694 0.0745012
0.66 0.899608 0.0616315
0.67 0.591767 -0.159732
0.68 0.633504 -0.376671
0.69 -0.054061 -0.186364
0.7 -0.366493 -0.15425
0.71 -0.327045 -0.548317
0.72 -1.54636 -0.0169943
0.73 -1.01254 -0.288777
0.74 -1.0266 -0.378894
0.75 -1.26533 -0.100001
0.76 -0.178909 -0.0492385
0.77 -0.478875 -0.0910751
0.78 0.139732 -0.49739
0.79 -0.588858 -0.0941681
0.8 0.0948873 -0.130015
0.81 0.193317 -0.403213
0.82 -0.483061 0.432514
0.83 0.126555 0.00485932
0.84 -0.0790218 -0.192466
0.85 -0.638731 -0.0453075
0.86 -0.331221 0.142265
0.87 -0.507336 0.0175697
0.88 -0.346996 -0.00974114
0.89 -0.412823 0.0878557
0.9 0.0754429 -0.0911633
0.91 0.509935 -0.39919
0.92 -0.41499 0.196415
0.93 0.342865 0.0475556
0.94 -0.0765322 -0.131885
0.95 -0.343951 0.125432
0.96 -0.229365 -0.0285601
0.97 -0.553318 0.188106
0.98 -1.0036 -0.0875043
0.99 -1.49897 0.19128
1 -1.1905 -0.0921502
1.01 -1.11678 -0.263374
1.02 -1.27561 -0.150812
1.03 -0.496467 -0.039259
1.04 -0.490382 -0.0755211
1.05 -0.466322 0.0328382
1.06 -0.0573321 -0.118218
1.07 -0.182964 0.0678891
1.08 -0.216048 -0.00164958
1.09 -0.416903 0.125591
1.1 -0.252816 0.693418
1.11 -0.163012 0.163612
1.12 -0.470993 0.42803
1.13 -0.222623 0.219828
1.14 -0.448091 0.452381
1.15 -0.454674 0.239164
1.16 -0.494608 0.366775
1.17 -0.325771 0.344899
1.18 -0.300923 -0.176351
1.19 -0.447657 -0.284992
1.2 -0.434 0.0807985
1.21 -0.192696 -0.374562
1.22 -0.253877 -0.201171
1.23 -0.0876731 -0.275956
1.24 0.212344 -0.298129
1.25 0.24989 -0.34248
1.26 -0.0920706 -0.244565
1.27 0.0955297 0.0535966
1.28 -0.155667 -0.479371
1.29 -0.441242 -0.334034
1.3 -0.5095 -0.122553
1.31 -0.410493 -0.413101
1.32 -0.608552 -0.0772903
1.33 -0.788098 -0.094194
1.34 -0.337264 -0.111244
1.35 -0.383077 -0.144387
1.36 -0.666061 -0.0516284
1.37 -0.106129 0.337301
1.38 -0.315054 0.0176123
1.39 -0.51028 0.272634
1.4 -0.382128 0.109131
1.41 -0.464417 -0.0987184
1.42 -0.458764 0.0241042
1.43 -0.801767 -0.0064816
1.44 -0.0599839 0.0498139
1.45 -0.373232 -0.025847
1.46 -0.427863 -0.199864
1.47 0.0369179 -0.0349849
1.48 -0.261003 -0.197199
1.49 -0.256563 0.0953588
1.5 -0.113991 0.145353
1.51 -0.372449 0.0358273
1.52 -0.190161 0.0931152
1.53 -0.846383 -0.216043
1.54 -0.428493 0.148421
1.55 -0.759762 0.023984
1.56 -1.02081 -0.0733623
1.57 -0.669497 -0.0432719
1.58 -1.20073 -0.233896
1.59 -1.06757 -0.293804
1.6 -1.38758 -0.113722
1.61 -1.33644 -0.169904
1.62 -1.0696 -0.137786
1.63 -1.33458 -0.354428
1.64 -0.840399 -0.0480318
1.65 -0.652424 -0.0340179
1.66 -0.796226 -0.190555
1.67 -0.187787 0.1209
1.68 -0.345297 -0.0370056
1.69 -0.0104499 -0.145871
1.7 -0.328944 0.0622362
1.71 -0.286458 -0.0206869
1.72 -0.178648 0.0201448
1.73 -0.820977 -0.135812
1.74 -0.427147 0.089307
1.75 -0.541269 -0.0234082
1.76 -0.759758 -0.101417
1.77 -0.296145 0.0798139
1.78 -0.454749 0.0464945
1.79 -0.0977391 -0.00543076
1.8 -0.29463 0.0833825
1.81 -0.164761 -0.0562958
1.82 -0.048979 -0.195987
1.83 -0.542709 -0.251646
1.84 -0.275484 -0.229679
1.85 -0.425026 -0.0769057
1.86 -0.704825 -0.375452
1.87 -0.550381 -0.1887
1.88 -0.715784 -0.347704
1.89 -0.505517 -0.196659
1.9 -0.507911 -0.124287
1.91 -0.413381 -0.00386172
1.92 -0.108108 0.0532919
1.93 -0.429228 -0.0582405
1.94 -0.0501823 -0.0408282
1.95 -0.20188 0.130637
1.96 -0.483879 -0.0451738
1.97 -0.457441 -0.0385955
1.98 -0.892422 0.0549277
1.99 -0.510561 -0.103569
2 -0.813216 -0.00174165
2.01 -0.702174 -0.0752041
2.02 -0.56665 0.135051
2.03 -0.651213 -0.0611056
2.04 -0.301036 0.0115637
2.05 0.0669516 0.317181
2.06 0.100368 0.0296797
2.07 0.329881 0.150893
2.08 0.0877674 0.162854
2.09 0.414825 0.0802345
2.1 0.153931 -0.0374221
2.11 0.0686821 0.0590977
2.12 0.204056 0.048981
2.13 -0.343761 -0.0600507
2.14 -0.298683 -0.129092
2.15 -0.310954 0.11115
2.16 -0.366527 -0.243373
2.17 -0.181637 -0.102932
2.18 -0.236373 -0.0191719
2.19 0.0807323 -0.0568302
2.2 0.0389271 0.0642951
2.21 0.098128 -0.0765196
2.22 0.237601 0.0597737
2.23 -0.0695419 -0.183441
2.24 -0.276032 -0.122671
2.25 -0.461751 0.0702837
2.26 -0.814925 -0.133296
2.27 -0.882027 -0.0916015
2.28 -1.15778 -0.198468
2.29 -0.874817 -0.224554
2.3 -0.952277 -0.0181506
2.31 -0.761377 -0.0757555
2.32 -0.419695 0.14001
2.33 -0.321462 0.120224
2.34 -0.0331369 -0.110436
2.35 0.0146814 0.0923425
2.36 0.00176569 -0.0589059
2.37 -0.181094 -0.0400336
2.38 -0.400231 -0.157365
2.39 -0.373457 -0.198563
2.4 -0.470886 -0.0174194
2.41 -0.590655 -0.28192
2.42 -0.419585 0.0547504
2.43 -0.481464 -0.0201592
2.44 -0.179112 -0.129504
2.45 -0.0900523 0.120454
2.46 0.28469 0.177135
2.47 0.291157 0.160562
2.48 0.244272 0.139644
2.49 0.349988 0.0754447
2.5 0.0987199 0.193857
2.51 -0.143583 -0.00837337
2.52 -0.326081 0.178091
2.53 -0.526611 0.157058
2.54 -0.601949 -0.0457556
2.55 -0.655785 0.214683
2.56 -0.487605 0.0633141
2.57 -0.463795 0.202893
2.58 -0.398398 0.104249
2.59 -0.0379993 0.103324
2.6 -0.0403226 0.18195
2.61 -0.0291489 0.113254
2.62 0.0315449 0.145889
2.63 -0.0955863 0.140445
2.64 -0.137179 -0.0480671
2.65 -0.259776 -0.0168071
2.66 -0.276886 -0.0986052
2.67 -0.473575 0.0461188
2.68 -0.486561 0.0534199
2.69 -0.321792 -0.0477142
2.7 -0.352442 0.111979
2.71 -0.180241 -0.0370222
2.72 -0.222621 -0.0359672
2.73 -0.111947 0.107716
2.74 -0.135426 0.0397013
2.75 -0.00510173 -0.0210521
2.76 0.00859694 -0.178909
2.77 -0.0673449 -0.126782
2.78 -0.128741 -0.273766
2.79 -0.172831 -0.294689
2.8 -0.299973 -0.062695
2.81 -0.211695 -0.136824
2.82 -0.300438 -0.11993
2.83 -0.17925 0.0530308
2.84 -0.186557 0.056481
2.85 -0.212411 0.0532638
2.86 -0.0517879 0.0586408
2.87 -0.194651 0.028194
2.88 -0.191824 -0.0373566
2.89 -0.205193 -0.157576
2.9 -0.302247 0.0598293
2.91 -0.314028 -0.0811403
2.92 -0.39792 -0.0438629
2.93 -0.300333 -0.0312438
2.94 -0.288095 0.0458517
2.95 -0.236652 0.146096
2.96 0.0391694 0.205801
2.97 -0.00825693 0.260424
2.98 0.119739 0.178771
2.99 0.228961 0.0392515
3 0.18842 0.068189
3.01 0.0943323 0.0971632
3.02 0.0417707 -0.0617602
3.03 -0.0565677 -0.00658361
3.04 -0.118703 -0.0978952
3.05 -0.123683 -0.0298289
3.06 -0.00327654 -0.116053
3.07 -0.131031 0.0965926
3.08 -0.00270625 0.0817037
3.09 0.0393649 0.0242839
3.1 0.0503184 0.100604
3.11 0.118612 0.144711
3.12 0.039843 -0.00205432
3.13 0.0540746 0.0320295
3.14 -0.171902 0.0400782
3.15 -0.0983145 -0.0695399
3.16 -0.249527 -0.0406321
3.17 -0.24728 -0.00523544
3.18 -0.28986 0.0378603
3.19 -0.138688 -0.0690131
3.2 -0.214868 0.0460495
3.21 0.00145898 0.0674057
3.22 -0.0425567 0.0278352
3.23 0.0599262 0.106661
3.24 0.00826007 0.16175
3.25 0.0625171 0.11228
3.26 -0.0229665 0.115885
3.27 -0.106755 0.0776572
3.28 -0.201043 0.0865808
3.29 -0.271177 0.012932
3.3 -0.34241 0.0662194
3.31 -0.351195 0.100662
3.32 -0.314522 0.0447563
3.33 -0.284969 -0.00841459
3.34 -0.195896 0.0515897
3.35 -0.159136 0.034069
3.36 -0.0621803 0.099623
3.37 -0.105961 0.0375521
3.38 -0.0999719 0.103558
3.39 -0.10669 -0.0490241
3.4 -0.144539 -0.0453625
3.41 -0.23507 -0.0065263
3.42 -0.227643 -0.061099
3.43 -0.283347 -0.101384
3.44 -0.264269 -0.083855
3.45 -0.246899 -0.00799532
3.46 -0.132491 -0.0496402
3.47 -0.171975 0.0330059
3.48 -0.162844 0.0756615
3.49 -0.098944 0.0233695
3.5 -0.122186 0.00138245
3.51 -0.162405 0.133586
3.52 -0.139325 0.0356551
3.53 -0.213909 0.0298898
3.54 -0.261861 -0.00146358
3.55 -0.231256 0.00488
3.56 -0.178075 -0.0540834
3.57 -0.172888 -0.0109033
3.58 -0.220822 0.0924203
3.59 -0.0497642 -0.00767557
3.6 -0.128136 0.047821
3.61 -0.023574 0.0390659
3.62 0.0150038 0.0146689
3.63 -0.00333039 -0.0277338
3.64 -0.0229221 0.00770369
3.65 -0.0176286 -0.0127419
3.66 -0.0226058 -0.057436
3.67 -0.0619574 -0.0851164
3.68 -0.128204 -0.042336
3.69 -0.104016 -0.0995621
3.7 -0.20355 -0.0262468
3.71 -0.203467 0.0103354
3.72 -0.165534 0.0130384
3.73 -0.221722 0.0215205
3.74 -0.1298 0.00511093
3.75 -0.172413 0.0550822
3.76 -0.094139 0.0360142
3.77 -0.107558 0.0139281
3.78 -0.132054 0.0537484
3.79 -0.0860484 -0.0254468
3.8 -0.109586 0.0245915
3.81 -0.125064 -0.00490408
3.82 -0.0939357 0.032125
3.83 -0.142962 0.00577701
3.84 -0.0706327 -0.00724141
3.85 -0.112631 0.0505945
3.86 -0.00799678 0.0439508
3.87 -0.0104995 0.0349355
3.88 -0.0115618 0.0818865
3.89 0.0245897 0.0400905
3.9 0.0367294 0.0341978
3.91 0.00589015 0.0454826
3.92 0.0256826 0.0234146
3.93 -0.0205443 0.0322083
3.94 -0.0163499 -0.0309812
3.95 -0.0920968 0.0380653
3.96 -0.0583282 -0.0284836
3.97 -0.0955688 -0.011599
3.98 -0.154988 0.0136521
3.99 -0.111411 -0.00304957
4 -0.158265 0.0214912
4.01 -0.129632 0.0205045
4.02 -0.140643 0.0290081
4.03 -0.0848644 0.0182892
4.04 -0.101665 0.00711746
4.05 -0.0758221 0.0454832
4.06 -0.0556388 0.0311635
4.07 -0.036595 0.0202006
4.08 -0.0783548 0.0467759
4.09 -0.00977551 0.00816152
4.1 -0.0530602 0.04145
4.11 -0.0180775 0.0364629
4.12 -0.0316442 0.0344405
4.13 -0.0277316 0.0428691
4.14 -0.0183428 0.0112687
4.15 -0.0163636 0.0429552
4.16 0.0417054 0.0210919
4.17 0.0306679 0.0318804
4.18 0.0402557 0.0316135
4.19 0.0332348 0.0110843
4.2 0.0293468 0.0252516
4.21 0.0225052 0.0130375
4.22 0.0151202 0.0157365
4.23 -0.011058 0.0169206
4.24 -0.0193276 0.00162055
4.25 -0.0516527 0.00682163
4.26 -0.0359461 0.00874707
4.27 -0.0350145 0.0105754
4.28 -0.0274508 0.0238166
4.29 -0.0151845 0.0135428
4.3 -0.0177833 0.0254144
4.31 0.0022355 0.0211527
4.32 -0.0122197 0.0206044
4.33 -0.0021963 0.0285023
4.34 -0.00613806 0.00596216
4.35 -0.0326681 0.0181547
4.36 -0.0295449 -0.0055131
4.37 -0.0351483 0.00624752
4.38 -0.0410996 -0.00402613
4.39 -0.0381311 0.00247389
4.4 -0.0297012 -0.00065462
4.41 -0.0193912 0.00527625
4.42 -0.0203645 0.00303525
4.43 -0.00318094 0.0116095
4.44 0.00428458 0.00879717
4.45 -0.00240544 0.0157198
4.46 0.00568079 0.0116853
4.47 -0.000178741 0.0103342
4.48 -0.017236 0.0132009
4.49 -0.0143904 0.00272327
4.5 -0.030564 0.00897301
4.51 -0.0200435 0.00126184
4.52 -0.0284065 0.00708552
4.53 -0.0158212 0.00261666
4.54 -0.0155774 0.00669809
4.55 -0.00899137 0.00451299
4.56 -0.00128683 0.00502847
4.57 0.000722963 0.00805391
4.58 0.00272468 0.00636762
4.59 0.00374653 0.00778799
4.6 -0.00465265 0.00486457
4.61 -0.00269119 0.00578086
4.62 -0.00516671 0.00397306
4.63 -0.0099611 0.00181104
4.64 -0.00436635 0.00241885
4.65 -0.0070486 0.000959581
4.66 -0.00155639 0.00153127
4.67 -0.0017013 0.00402986
4.68 0.0044812 0.00428323
4.69 0.00349407 0.0039818
4.7 0.00228223 0.00468215
4.71 0.00508056 0.00323143
4.72 0.00230554 0.00572434
4.73 0.000126246 0.00230629
4.74 0.00216387 0.00590132
4.75 -0.00137074 0.00224172
4.76 -0.00134515 0.00191085
4.77 -0.00229841 0.00210273
4.78 -0.00177785 0.000903341
4.79 -0.00196349 0.00185134
4.8 -0.0023548 0.00102178
4.81 -0.000317309 0.0016262
4.82 -0.00132731 0.000925877
4.83 -0.00146727 0.000579094
4.84 -0.00057348 0.0010634
4.85 -0.00139763 0.000668292
4.86 -0.000650407 0.000248431
4.87 -0.000572989 0.000729371
4.88 -0.000814872 9.53514e-05
4.89 -0.000241251 0.000387689
4.9 -0.000698136 0.000121154
4.91 -0.000156522 6.69821e-05
4.92 -3.21631e-05 0.000111505
4.93 1.81875e-05 -0.000152335
4.94 0.000160255 0.000130634
4.95 8.23185e-05 -1.92373e-05
4.96 0.000111973 4.42208e-05
4.97 3.35707e-05 2.09424e-05
4.98 1.88438e-05 4.8747e-06
4.99 5.37117e-06 2.08165e-06
0.24 -5.35375 -2.2308
0.48 -3.97325 -1.9524
0.72 -2.33703 -1.53959
0.96 -1.03343 -1.07224
1.2 -0.355263 -0.649918
1.44 -0.218684 -0.359458
1.68 -0.316687 -0.238661
1.92 -0.36484 -0.259839
2.16 -0.261908 -0.346242
2.4 -0.0835861 -0.412337
2.64 0.0392083 -0.403403
2.88 0.0396599 -0.31278
3.12 -0.0513076 -0.172313
3.36 -0.154514 -0.0282901
3.6 -0.212406 0.0805055
3.84 -0.220535 0.133578
4.08 -0.208952 0.129357
4.32 -0.203748 0.0808931
4.56 -0.205161 0.00982826
4.8 -0.195031 -0.060795
5.04 -0.159946 -0.113925
5.28 -0.107761 -0.143046
5.52 -0.0652809 -0.151156
5.76 -0.0611413 -0.145132
6 -0.107632 -0.130124
6.24 -0.193803 -0.108323
6.48 -0.292837 -0.082138
6.72 -0.376576 -0.0577027
6.96 -0.4261 -0.0445834
7.2 -0.43219 -0.0514474
7.44 -0.389449 -0.0812152
7.68 -0.293956 -0.129336
7.92 -0.150302 -0.185649
8.16 0.0177634 -0.23736
8.4 0.166606 -0.270891
8.64 0.249914 -0.273036
8.88 0.245684 -0.233722
9.12 0.172362 -0.151337
9.36 0.0782308 -0.0380786
9.6 0.0086023 0.0794237
9.84 -0.0251435 0.167251
10.08 -0.050002 0.197281
10.32 -0.105053 0.159904
10.56 -0.205213 0.0693319
10.8 -0.324217 -0.0417835
11.04 -0.410522 -0.135971
11.28 -0.423382 -0.186167
11.52 -0.36076 -0.185492
11.76 -0.258179 -0.147701
12 -0.161093 -0.0990707
12.24 -0.093443 -0.0661472
12.48 -0.0463475 -0.0649683
12.72 0.00620602 -0.0959567
12.96 0.0788734 -0.145694
13.2 0.156585 -0.193746
13.44 0.200162 -0.220987
13.68 0.171248 -0.216083
13.92 0.0583343 -0.178428
14.16 -0.113522 -0.117639
14.4 -0.293982 -0.0505723
14.64 -0.430438 0.00342705
14.88 -0.488476 0.0286132
15.12 -0.460941 0.0191332
15.36 -0.365834 -0.0171203
15.6 -0.237985 -0.0603165
15.84 -0.117854 -0.0872946
16.08 -0.0380291 -0.0837312
16.32 -0.00952796 -0.052922
16.56 -0.0149689 -0.0147591
16.8 -0.0169332 0.00591541
17.04 0.0181777 -0.00492485
17.28 0.0939143 -0.0407238
17.52 0.175185 -0.0773647
17.76 0.208198 -0.0874433
18 0.158639 -0.0568181
18.24 0.0409117 0.00680209
18.48 -0.0853613 0.0779483
18.72 -0.151789 0.126849
18.96 -0.124816 0.133983
19.2 -0.0241067 0.0981892
19.44 0.0972247 0.0355477
19.68 0.193308 -0.0287253
19.92 0.254202 -0.0706804
20.16 0.301368 -0.0759678
20.4 0.357707 -0.043522
20.64 0.420894 0.015985
20.88 0.463981 0.0857316
21.12 0.4615 0.149778
21.36 0.41587 0.198394
21.6 0.358634 0.229399
21.84 0.32402 0.245378
22.08 0.317845 0.248957
22.32 0.310143 0.239349
22.56 0.259887 0.212533
22.8 0.152263 0.16515
23.04 0.0172469 0.0997549
23.28 -0.0870991 0.027791
23.52 -0.114482 -0.0326016
23.76 -0.0626326 -0.0641129
24 0.026454 -0.0596626
24.24 0.0973037 -0.0279155
24.48 0.118509 0.00967095
24.72 0.0995918 0.0299666
24.96 0.0775038 0.0213126
25.2 0.0861181 -0.00985381
25.44 0.132472 -0.0437616
25.68 0.195127 -0.0605088
25.92 0.241893 -0.0525353
26.16 0.251136 -0.027695
26.4 0.221654 -0.00145263
26.64 0.167406 0.015009
26.88 0.104894 0.0213658
27.12 0.0443341 0.0250423
27.36 -0.00996141 0.032253
27.6 -0.0531593 0.041395
27.84 -0.0752413 0.0441289
28.08 -0.0636517 0.0324607
28.32 -0.0122313 0.00536546
28.56 0.0702358 -0.0301995
28.8 0.159103 -0.0636304
29.04 0.222931 -0.0859522
29.28 0.237979 -0.0922244
29.52 0.199505 -0.0811104
29.76 0.123001 -0.0542977
30 0.0350122 -0.0172915
30.24 -0.0401978 0.0200914
30.48 -0.0899231 0.0463615
30.72 -0.113955 0.0542403
30.96 -0.119348 0.045813
31.2 -0.114809 0.0320246
31.44 -0.10871 0.0255305
31.68 -0.10969 0.0316813
31.92 -0.12568 0.0447014
32.16 -0.159095 0.0524065
32.4 -0.201153 0.0459386
32.64 -0.231499 0.0268298
32.88 -0.226664 0.00587424
33.12 -0.17393 -0.00503628
33.36 -0.0815273 -0.00142104
33.6 0.0227615 0.0114724
33.84 0.104973 0.0236768
34.08 0.142162 0.0280938
34.32 0.132563 0.0244199
34.56 0.0928994 0.0169101
34.8 0.0459625 0.00889732
35.04 0.00751771 -0.000576158
35.28 -0.0193242 -0.0150054
35.52 -0.0404738 -0.0353288
35.76 -0.0625743 -0.0563233
36 -0.0866346 -0.0681411
36.24 -0.107261 -0.0623692
36.48 -0.116567 -0.038196
36.72 -0.109185 -0.00395842
36.96 -0.0853137 0.0273427
37.2 -0.0509018 0.0456266
37.44 -0.0157312 0.0493308
37.68 0.00953474 0.0454036
37.92 0.0166604 0.043942
38.16 0.00285431 0.0512404
38.4 -0.0275207 0.0658358
38.64 -0.0635912 0.0799125
38.88 -0.0912043 0.0847837
39.12 -0.0977423 0.0765612
39.36 -0.0767491 0.0582054
39.6 -0.0307113 0.0367628
39.84 0.0290016 0.0179585
40.08 0.0853266 0.00212523
40.32 0.121294 -0.0155214
40.56 0.126665 -0.0403915
40.8 0.102418 -0.0730448
41.04 0.0601406 -0.106806
41.28 0.0157677 -0.130449
41.52 -0.0190844 -0.13436
41.76 -0.0426245 -0.116143
42 -0.0614049 -0.0821017
42.24 -0.0831834 -0.0439713
42.48 -0.109958 -0.0134318
42.72 -0.136685 0.00207496
42.96 -0.15594 0.000370879
43.2 -0.163354 -0.0167334
43.44 -0.158362 -0.0447587
43.68 -0.140238 -0.0766121
43.92 -0.105136 -0.102254
44.16 -0.0494836 -0.11008
44.4 0.0220117 -0.0910377
44.64 0.0923451 -0.0439413
44.88 0.139507 0.0214951
45.12 0.152153 0.0867216
45.36 0.140512 0.131418
45.6 0.130202 0.142189
45.84 0.140262 0.118296
46.08 0.162476 0.0714836
46.32 0.161718 0.0203391
46.56 0.101747 -0.0175203
46.8 -0.0212098 -0.031502
47.04 -0.164534 -0.0200466
47.28 -0.259592 0.0111098
47.52 -0.254699 0.052327
47.76 -0.150224 0.0929453
48 -0.000115301 0.122842
48.24 0.121167 0.133388
48.48 0.16246 0.119077
48.72 0.120753 0.0801733
48.96 0.0336718 0.0250473
49.2 -0.050109 -0.0301928
49.44 -0.0995287 -0.0664118
49.68 -0.111614 -0.0695329
49.92 -0.102702 -0.0381241
50.16 -0.0918508 0.014354
50.4 -0.0888512 0.065167
50.64 -0.0917521 0.0936136
50.88 -0.0912977 0.091743
51.12 -0.077418 0.067861
51.36 -0.0446851 0.0404335
51.6 0.00449394 0.0262338
51.84 0.0598775 0.030456
52.08 0.107172 0.0450689
52.32 0.134265 0.0558281
52.56 0.13635 0.0524116
52.8 0.116617 0.0344743
53.04 0.0825347 0.0100979
53.28 0.0413314 -0.0109979
53.52 -0.00151738 -0.0236872
53.76 -0.0405322 -0.0287512
54 -0.0685567 -0.0295257
54.24 -0.078409 -0.0278212
54.48 -0.0672552 -0.0228984
54.72 -0.0395967 -0.0138918
54.96 -0.00546005 -0.00275761
55.2 0.0252219 0.00551583
55.44 0.0473466 0.00602072
55.68 0.0606552 -0.00214865
55.92 0.0658224 -0.0144812
56.16 0.0612249 -0.0234439
56.4 0.0441079 -0.0230483
56.64 0.0151703 -0.0124747
56.88 -0.0182515 0.0034692
57.12 -0.0443631 0.0170743
57.36 -0.0536069 0.0218732
57.6 -0.0447847 0.0160102
57.84 -0.0257581 0.00333738
58.08 -0.00825417 -0.00819725
58.32 -0.00084027 -0.0102891
58.56 -0.00503558 0.00136076
58.8 -0.0164995 0.0241694
59.04 -0.0292847 0.0491271
59.28 -0.0395066 0.0649066
59.52 -0.0462156 0.0637328
59.76 -0.0499161 0.0456632
60 -0.0507442 0.0185422
60.24 -0.0479522 -0.00649935
60.48 -0.0409195 -0.0212286
60.72 -0.0306972 -0.0243141
60.96 -0.0207619 -0.0208486
61.2 -0.0161141 -0.0181664
61.44 -0.0207945 -0.0210538
61.68 -0.0349786 -0.0294355
61.92 -0.0535091 -0.0395051
62.16 -0.0673694 -0.0468232
62.4 -0.0679615 -0.048925
62.64 -0.0519797 -0.04591
62.88 -0.0237564 -0.0392891
63.12 0.00675438 -0.0305346
63.36 0.0293226 -0.0205621
63.6 0.038733 -0.010245
63.84 0.0366698 -0.00110503
64.08 0.029302 0.00471996
64.32 0.0226645 0.00539043
64.56 0.0191725 0.000519038
64.8 0.0173424 -0.00829584
65.04 0.0142496 -0.0179768
65.28 0.00846581 -0.0252474
65.52 0.00134475 -0.0279784
65.76 -0.0039195 -0.0259199
66 -0.00445141 -0.0205171
66.24 0.000487664 -0.0139915
66.48 0.00903795 -0.00821044
66.72 0.0176912 -0.00394266
66.96 0.0229831 -0.000861286
67.2 0.0230167 0.00179276
67.44 0.0180806 0.00438869
67.68 0.010098 0.00653077
67.92 0.00127278 0.00740937
68.16 -0.00720005 0.00659952
68.4 -0.0154939 0.00465335
68.64 -0.0243409 0.00295734
68.88 -0.0336981 0.00288433
69.12 -0.0419937 0.00483604
69.36 -0.0466485 0.00788766
69.6 -0.0455776 0.0103097
69.84 -0.0385821 0.0105959
70.08 -0.0276129 0.00827629
70.32 -0.0157587 0.00400223
70.56 -0.00574451 -0.00104119
70.8 0.0010356 -0.00586613
71.04 0.00449519 -0.010008
71.28 0.00521432 -0.0133022
71.52 0.0039044 -0.0154417
71.76 0.00136266 -0.0158053
72 -0.00132337 -0.0137882
72.24 -0.00283975 -0.00941117
72.48 -0.00218307 -0.0037063
72.72 0.000693739 0.00150419
72.96 0.00473682 0.00439604
73.2 0.00840862 0.00404276
73.44 0.0106768 0.00087651
73.68 0.0116204 -0.00355677
73.92 0.0121708 -0.00736716
74.16 0.0132006 -0.00914549
74.4 0.0147066 -0.00842329
74.64 0.0157444 -0.00565012
74.88 0.0151458 -0.00186276
75.12 0.0124202 0.00170238
75.36 0.00812879 0.00393151
75.6 0.00348445 0.00411347
75.84 -0.00044119 0.00219972
76.08 -0.00326623 -0.00106172
76.32 -0.00523935 -0.0042985
76.56 -0.00673583 -0.00604855
76.8 -0.00779066 -0.00544691
77.04 -0.0080413 -0.00267379
77.28 -0.00707356 0.00113202
77.52 -0.00485631 0.00445653
77.76 -0.00192909 0.00613151
78 0.000779859 0.0057743
78.24 0.00238363 0.00376349
78.48 0.00247233 0.000889028
78.72 0.00133353 -0.00203117
78.96 -0.000155634 -0.00437278
79.2 -0.000932608 -0.00577469
79.44 -0.000271785 -0.00617133
79.68 0.00183691 -0.00583367
79.92 0.00466177 -0.00533372
80.16 0.00707264 -0.00532562
80.4 0.00805803 -0.00617337
80.64 0.0071411 -0.00763489
80.88 0.00452195 -0.00885894
81.12 0.000949629 -0.00879375
81.36 -0.00257343 -0.00683666
81.6 -0.00515991 -0.00335208
81.84 -0.00639761 0.000304583
82.08 -0.00655639 0.00237882
82.32 -0.00644187 0.00168536
82.56 -0.00682498 -0.00157324
82.8 -0.00771899 -0.00568172
83.04 -0.00807222 -0.00818941
83.28 -0.00632766 -0.0072438
83.52 -0.00169072 -0.00270208
83.76 0.00475159 0.00371679
84 0.010069 0.00939507
84.24 0.0110044 0.0122856
84.48 0.00616028 0.011907
84.72 -0.00265435 0.0092364
84.96 -0.0110631 0.00570638
85.2 -0.0146021 0.00215839
85.44 -0.0115686 -0.00146948
85.68 -0.00437097 -0.00565085
85.92 0.00162911 -0.010592
86.16 0.00121773 -0.0160278
86.4 -0.00743747 -0.0215602
86.64 -0.0213661 -0.0269983
86.88 -0.0340776 -0.0321621
87.12 -0.0388569 -0.0362421
87.36 -0.0322236 -0.0374145
87.6 -0.0156473 -0.0333503
87.84 0.00532252 -0.0225216
88.08 0.0238415 -0.00546611
88.32 0.0347636 0.0148851
88.56 0.0362358 0.0340496
88.8 0.0293767 0.0474693
89.04 0.0167957 0.0518652
89.28 0.00125164 0.0460764
89.52 -0.0147633 0.0314188
89.76 -0.0287437 0.0116146
90 -0.038037 -0.0079201
90.24 -0.0404061 -0.0216494
90.48 -0.0350027 -0.0260206
90.72 -0.022921 -0.0210629
90.96 -0.0067848 -0.0103715
91.2 0.010354 0.000743137
91.44 0.0259734 0.0078847
91.68 0.0382976 0.00932529
91.92 0.045943 0.00589401
92.16 0.0476898 -0.00056531
92.4 0.0428561 -0.00872457
92.64 0.032026 -0.0180824
92.88 0.0174083 -0.0280645
93.12 0.00232889 -0.0370239
93.36 -0.00993554 -0.0423047
93.6 -0.017271 -0.0415433
93.84 -0.0191953 -0.0342592
94.08 -0.0166248 -0.02248
94.32 -0.0112848 -0.00985516
94.56 -0.0050935 0.000177195
94.8 0.000381641 0.00598398
95.04 0.00436905 0.00815707
95.28 0.00705763 0.00866693
95.52 0.00923883 0.00943758
95.76 0.011491 0.0112665
96 0.0134566 0.0136615
96.24 0.0138955 0.0155374
96.48 0.0116716 0.0162034
96.72 0.00699312 0.0159406
96.96 0.00185087 0.0157746
97.2 -0.000884098 0.0165986
97.44 0.000830328 0.0182916
97.68 0.00692214 0.0195389
97.92 0.0152788 0.0186124
98.16 0.0230579 0.0146527
98.4 0.0282077 0.00853462
98.64 0.0301648 0.00259988
98.88 0.0295186 -0.000685389
99.12 0.0272817 -0.000278447
99.36 0.0245228 0.00275679
99.6 0.0224829 0.00591695
99.84 0.0226148 0.00682006
100.08 0.0259881 0.00461229
100.32 0.0322411 0.000347552
100.56 0.0390106 -0.00378697
100.8 0.0427025 -0.00579665
101.04 0.0404648 -0.00492444
101.28 0.0320794 -0.00188671
101.52 0.0202708 0.00171104
101.76 0.00900998 0.00438939
102 0.000994073 0.00568694
102.24 -0.00374446 0.00642161
102.48 -0.00698602 0.00807722
102.72 -0.0099799 0.0115595
102.96 -0.0116892 0.0160959
103.2 -0.00927793 0.0192
103.44 -0.000567118 0.0180371
103.68 0.0136062 0.0114478
103.92 0.0292289 0.00112549
104.16 0.0414117 -0.00916044
104.4 0.0472729 -0.0159382
104.64 0.0470272 -0.0182217
104.88 0.0425379 -0.0177024
105.12 0.0349121 -0.0167499
105.36 0.023588 -0.0160093
105.6 0.00791115 -0.0139072
105.84 -0.0102895 -0.00874342
106.08 -0.0258343 -0.00156414
106.32 -0.0324622 0.00306368
106.56 -0.0269179 -0.000289151
106.8 -0.0117207 -0.0135145
107.04 0.0057425 -0.0323867
107.28 0.0173963 -0.0482638
107.52 0.0190522 -0.0531957
107.76 0.0123272 -0.0447716
108 0.00295375 -0.027172
108.24 -0.00293174 -0.00787881
108.48 -0.00195223 0.00720925
108.72 0.00544978 0.0166032
108.96 0.0158485 0.0223964
109.2 0.0244338 0.0272245
109.44 0.0265962 0.0318639
109.68 0.019463 0.035167
109.92 0.00338185 0.0357043
110.16 -0.0173759 0.0331946
110.4 -0.0358118 0.0285094
110.64 -0.0455049 0.0227121
110.88 -0.0443906 0.01644
111.12 -0.0362751 0.0102414
111.36 -0.0284096 0.00516596
111.6 -0.0263246 0.00249903
111.84 -0.0295958 0.00249975
112.08 -0.0319898 0.00331906
112.32 -0.0262849 0.00148111
112.56 -0.0103126 -0.00595448
112.8 0.0104697 -0.0190357
113.04 0.0260631 -0.0342609
113.28 0.0284906 -0.0462797
113.52 0.016966 -0.0507945
113.76 -0.0020317 -0.046668
114 -0.019436 -0.036012
114.24 -0.0291568 -0.0226153
114.48 -0.0304777 -0.0100857
114.72 -0.0262768 -0.000841999
114.96 -0.0195056 0.00392573
115.2 -0.0112713 0.00396273
115.44 -0.0017552 -0.000117451
115.68 0.00771598 -0.00671859
115.92 0.0141035 -0.013419
116.16 0.0145393 -0.0176828
116.4 0.00900285 -0.0178898
116.64 0.00117165 -0.0140955
116.88 -0.00363673 -0.00802288
117.12 -0.0019495 -0.00221213
117.36 0.00565654 0.00129544
117.6 0.0152168 0.00209207
117.84 0.022154 0.00172938
118.08 0.0239425 0.00293692
118.32 0.0209349 0.00801543
118.56 0.0153453 0.0172529
118.8 0.00967025 0.0283518
119.04 0.00571516 0.0373347
119.28 0.00438273 0.0404669
119.52 0.00568581 0.0360559
119.76 0.00868503 0.0251055
120 0.0116885 0.0106163
