-4.99 -9.42084e-06 2.28651e-06
-4.98 -3.14613e-05 1.55987e-05
-4.97 -0.000113145 4.23701e-05
-4.96 -0.000159834 7.34941e-05
-4.95 -0.000220897 8.29073e-05
-4.94 -0.000278771 0.000126447
-4.93 -0.000319711 6.99392e-05
-4.92 -0.000359097 9.32927e-05
-4.91 -0.000476612 6.58798e-05
-4.9 -0.000302418 0.000176612
-4.89 -0.00047316 -0.000241492
-4.88 -0.000550008 0.000105352
-4.87 -0.00110837 -0.000113465
-4.86 -0.00170019 0.000209439
-4.85 -0.00200274 -0.000139798
-4.84 -0.0025605 4.6438e-06
-4.83 -0.00118256 -0.000330738
-4.82 -0.00250072 -0.00020231
-4.81 -0.000833696 -6.11212e-05
-4.8 -0.000515697 0.000574568
-4.79 -0.000174829 0.000122034
-4.78 0.000478408 0.000727667
-4.77 0.000983341 0.00081813
-4.76 -0.000749272 0.000685733
-4.75 -0.00128807 0.00165922
-4.74 -0.00263589 0.000790414
-4.73 -0.00138279 0.00229111
-4.72 -0.00665422 0.000530527
-4.71 -0.0027308 0.00029033
-4.7 -0.00394033 3.53812e-05
-4.69 -0.00373639 -0.00104162
-4.68 0.000949865 0.000128296
-4.67 0.00109813 -0.000538071
-4.66 0.000390413 -0.000390202
-4.65 0.000463437 -0.00152812
-4.64 -0.00214891 -0.0025006
-4.63 -0.00105908 -0.000643802
-4.62 -0.00673866 -0.000584613
-4.61 -0.00558176 0.000445765
-4.6 -0.0085476 0.00301431
-4.59 -0.0149846 0.000289579
-4.58 -0.0128306 0.00279177
-4.57 -0.0195438 -0.000439143
-4.56 -0.0147833 0.00186418
-4.55 -0.0194039 0.00201118
-4.54 -0.0171362 0.00023569
-4.53 -0.0154114 0.00407378
-4.52 -0.017078 -0.00177209
-4.51 -0.0142851 -0.000823358
-4.5 -0.0105634 -0.000271429
-4.49 -0.00904904 -0.000234612
-4.48 -0.0119309 0.000780569
-4.47 -0.0155219 -0.00241922
-4.46 -0.010611 -0.00174728
-4.45 -0.0227848 -0.00328868
-4.44 -0.029625 -0.0110755
-4.43 -0.0269993 -0.0046464
-4.42 -0.0405008 -0.0162507
-4.41 -0.0430291 -0.0167303
-4.4 -0.0370045 -0.0147445
-4.39 -0.0328927 -0.0110106
-4.38 -0.0397183 -0.00764021
-4.37 -0.0312024 -0.0117136
-4.36 -0.0158237 -0.0030933
-4.35 -0.0309597 -0.0099764
-4.34 -0.0155112 -0.00944786
-4.33 -0.0173791 0.00825644
-4.32 -0.0262636 -0.00238815
-4.31 -0.0271376 -0.00615505
-4.3 -0.0222905 -0.0110961
-4.29 -0.0157259 -0.0145347
-4.28 -0.0252282 -0.0145468
-4.27 -0.00801864 -0.0166584
-4.26 0.0040947 -0.00292636
-4.25 0.00338512 -0.0121806
-4.24 0.0238761 -0.0196364
-4.23 0.0311479 0.00467688
-4.22 0.0266814 -0.0179609
-4.21 0.0334897 -0.00510289
-4.2 0.0170232 -0.0122041
-4.19 0.0092027 -0.00215578
-4.18 -0.0239136 -0.0121299
-4.17 -0.0544394 -0.0183602
-4.16 -0.0559259 -0.00699162
-4.15 -0.0952658 -0.0169481
-4.14 -0.0817287 -0.025297
-4.13 -0.0975029 0.00796797
-4.12 -0.0691735 -0.0124389
-4.11 -0.0790375 -0.00547348
-4.1 -0.0500103 -0.00492872
-4.09 -0.0307373 -0.0070536
-4.08 -0.0199744 0.00238551
-4.07 -0.0200624 -0.0257276
-4.06 0.00287467 0.0119413
-4.05 -0.0124259 -0.0145265
-4.04 -0.02983 -0.0104495
-4.03 -0.00479017 0.0193623
-4.02 -0.0224534 -0.00161757
-4.01 -0.00185832 0.00114135
-4 -0.0319165 -0.00539945
-3.99 0.0106397 0.0119733
-3.98 -0.0366626 0.00884242
-3.97 -0.0238725 -0.0135849
-3.96 -0.00699172 0.0155447
-3.95 -0.0228594 -0.0174649
-3.94 -0.0622893 -0.0250682
-3.93 -0.0650224 0.0237639
-3.92 -0.099972 -0.017362
-3.91 -0.0989579 0.00696254
-3.9 -0.119478 -0.0352857
-3.89 -0.107832 -0.000540588
-3.88 -0.114951 -0.0161814
-3.87 -0.146219 -0.0400779
-3.86 -0.0604632 0.0308873
-3.85 -0.0901425 -0.0101613
-3.84 -0.0615289 0.000590409
-3.83 -0.0423545 0.0387723
-3.82 -0.0515046 0.0100363
-3.81 -0.0150032 0.0200798
-3.8 -0.0502584 0.00221473
-3.79 -0.00601858 0.019454
-3.78 -0.0395725 0.0209727
-3.77 -0.0661726 -0.0569209
-3.76 -0.0068379 0.0251636
-3.75 -0.0193693 -0.0615077
-3.74 0.00750133 -0.0413304
-3.73 0.0494864 -0.0109825
-3.72 0.0458072 -0.0498743
-3.71 0.107776 -0.00252296
-3.7 0.0677628 -0.0564821
-3.69 0.101206 0.0126981
-3.68 0.104197 -0.00751441
-3.67 0.0184725 -0.0401363
-3.66 0.0970427 0.0277901
-3.65 0.0056515 -0.0332362
-3.64 0.0185181 -0.0295021
-3.63 0.0077471 -0.0170046
-3.62 -0.000374194 -0.0641854
-3.61 0.0841044 -0.0334616
-3.6 0.0141075 -0.106687
-3.59 0.0992805 -0.0227397
-3.58 0.0627204 -0.0215661
-3.57 0.0660473 -0.0702464
-3.56 0.0688364 0.0489082
-3.55 0.0465957 -0.0228211
-3.54 -0.00408313 -0.0079561
-3.53 -0.0177604 0.000145777
-3.52 -0.134529 -0.0384151
-3.51 -0.032286 0.0183203
-3.5 -0.226719 -0.0895207
-3.49 -0.17438 0.0260843
-3.48 -0.191063 -0.0484299
-3.47 -0.292855 -0.0662168
-3.46 -0.219496 -0.00224177
-3.45 -0.268396 0.00144925
-3.44 -0.197328 -0.00687129
-3.43 -0.284853 0.054332
-3.42 -0.217835 0.00697215
-3.41 -0.181527 0.0609912
-3.4 -0.247377 -0.03054
-3.39 -0.171881 0.0592525
-3.38 -0.0672143 0.0486399
-3.37 -0.160265 -0.0506425
-3.36 -0.0269005 0.0640668
-3.35 -0.0558594 -0.0563577
-3.34 -0.0315792 0.00858216
-3.33 -0.0135412 -0.0684226
-3.32 -0.00118547 -0.022506
-3.31 0.148552 -0.0363778
-3.3 -0.00595898 -0.0649717
-3.29 0.0992084 -0.0362623
-3.28 0.0646211 -0.000258637
-3.27 -0.0537102 -0.117978
-3.26 0.018666 -0.0286099
-3.25 -0.126059 -0.0377009
-3.24 -0.0598833 -0.0470641
-3.23 -0.199964 -0.0517949
-3.22 -0.203375 -0.0805943
-3.21 -0.184965 0.0301532
-3.2 -0.219136 -0.100029
-3.19 -0.220502 0.0209114
-3.18 -0.0481918 0.0307877
-3.17 -0.0996368 -0.0597532
-3.16 0.0653423 0.00403383
-3.15 -0.0607412 0.0793125
-3.14 0.148437 0.0627788
-3.13 0.104141 0.0211524
-3.12 0.061043 0.0426369
-3.11 0.298397 0.00833917
-3.1 -0.00328327 -0.0829717
-3.09 0.0419834 -0.0571222
-3.08 0.0320336 0.011396
-3.07 0.00396057 -0.178141
-3.06 0.0372605 -0.130004
-3.05 0.00114014 -0.072022
-3.04 0.121843 -0.124492
-3.03 0.0508545 -0.0511821
-3.02 0.077422 -0.0910454
-3.01 0.334567 0.000162582
-3 0.159537 -0.11511
-2.99 0.136506 -0.0163661
-2.98 0.240586 -0.0261152
-2.97 0.00949886 -0.0854818
-2.96 0.150758 -0.104992
-2.95 -0.0154218 0.000242975
-2.94 0.0988762 -0.0482743
-2.93 0.00348394 -0.00386494
-2.92 0.000964309 -0.0463282
-2.91 0.322037 0.0163501
-2.9 0.11476 0.0637073
-2.89 0.253088 -0.0187256
-2.88 0.214414 0.175072
-2.87 0.129095 -0.0323942
-2.86 0.086066 0.0722702
-2.85 0.0030903 0.0456685
-2.84 -0.118311 0.124977
-2.83 -0.146217 0.0142488
-2.82 -0.357317 -0.0493436
-2.81 -0.187867 -0.0396875
-2.8 -0.359724 -0.0602147
-2.79 -0.236976 -0.146259
-2.78 -0.0296544 -0.0198935
-2.77 -0.0430647 -0.137228
-2.76 0.266203 -0.220279
-2.75 0.133877 -0.0731341
-2.74 0.27042 -0.105074
-2.73 0.309128 0.0122867
-2.72 0.185295 -0.0300083
-2.71 0.304996 0.118719
-2.7 0.140665 0.0320806
-2.69 0.0332868 -0.0555431
-2.68 -0.0138402 0.0921565
-2.67 -0.094661 -0.0976367
-2.66 -0.0996141 -0.024246
-2.65 -0.125623 -0.00639102
-2.64 -0.0651359 -0.0598404
-2.63 0.0873852 -0.128374
-2.62 -0.0869715 -0.140177
-2.61 0.222555 -0.0759561
-2.6 0.0466537 -0.032745
-2.59 -0.000679706 -0.032368
-2.58 0.150875 0.0317072
-2.57 0.00885519 -0.138828
-2.56 0.108899 -0.064729
-2.55 -0.121654 -0.0159662
-2.54 -0.0544169 -0.0758424
-2.53 -0.223885 0.0626233
-2.52 -0.340235 -0.22061
-2.51 -0.16811 -0.0459286
-2.5 -0.344216 -0.0989392
-2.49 -0.298441 0.0333209
-2.48 -0.194507 0.0576691
-2.47 -0.180527 0.0092613
-2.46 -0.0756741 0.0616157
-2.45 -0.0453775 0.041232
-2.44 0.00362755 0.150216
-2.43 0.175107 0.196732
-2.42 -0.0177008 -0.0509898
-2.41 0.329783 -0.0261082
-2.4 -0.0107112 -0.152298
-2.39 0.17936 -0.182495
-2.38 0.0646948 -0.0281575
-2.37 0.162301 -0.157335
-2.36 0.404037 -0.016552
-2.35 0.300851 -0.169029
-2.34 0.618698 -0.0461124
-2.33 0.575896 0.0489563
-2.32 0.454973 -0.0797559
-2.31 0.551128 0.104933
-2.3 0.120327 -0.159692
-2.29 0.110973 -0.172697
-2.28 -0.321954 -0.213471
-2.27 -0.422164 -0.309548
-2.26 -0.570997 -0.169343
-2.25 -0.827422 -0.305049
-2.24 -0.651932 -0.257539
-2.23 -0.52031 -0.20942
-2.22 -0.47369 -0.282812
-2.21 0.139331 -0.0745777
-2.2 -0.138064 -0.164833
-2.19 0.45021 -0.0825735
-2.18 0.187908 -0.0836592
-2.17 0.294032 -0.25006
-2.16 0.35437 0.0719777
-2.15 -0.115222 -0.145333
-2.14 0.131722 0.0243243
-2.13 -0.331362 -0.000553698
-2.12 -0.176026 -0.19009
-2.11 -0.223861 -0.0429888
-2.1 -0.379199 -0.251472
-2.09 -0.101066 -0.00229899
-2.08 -0.118047 -0.14729
-2.07 -0.1857 -0.190487
-2.06 0.399587 0.0151199
-2.05 -0.172463 -0.0695652
-2.04 0.491246 0.0648148
-2.03 0.0405414 0.29435
-2.02 0.282607 0.0211882
-2.01 0.310597 0.306395
-2 -0.0477264 -0.050275
-1.99 0.558713 0.291954
-1.98 0.170905 -0.0139977
-1.97 0.529874 -0.207648
-1.96 0.780756 -0.00403756
-1.95 0.467188 -0.344236
-1.94 0.968575 -0.143204
-1.93 0.752479 -0.0863531
-1.92 0.724585 -0.152646
-1.91 0.813528 0.0554244
-1.9 0.148116 -0.188631
-1.89 0.513887 0.100223
-1.88 -0.358114 -0.00820273
-1.87 -0.35603 -0.372732
-1.86 -0.508604 0.110912
-1.85 -1.20422 -0.437781
-1.84 -0.682149 -0.151123
-1.83 -1.13416 -0.30368
-1.82 -0.857582 -0.197894
-1.81 -0.620251 -0.0992132
-1.8 -0.98449 -0.235075
-1.79 -0.203918 0.156524
-1.78 -0.691615 0.124735
-1.77 -0.203114 -0.257732
-1.76 -0.00904264 0.304176
-1.75 -0.316497 -0.305629
-1.74 0.370645 -0.120724
-1.73 -0.164422 -0.251824
-1.72 0.0481387 -0.276124
-1.71 0.0938916 -0.169399
-1.7 -0.572889 -0.489928
-1.69 0.227914 -0.0226581
-1.68 -0.386794 -0.100916
-1.67 -0.169471 -0.380743
-1.66 -0.229239 0.289138
-1.65 -0.665334 -0.110387
-1.64 -0.0756476 -0.0286964
-1.63 -0.598857 -0.00716298
-1.62 0.104951 -0.251609
-1.61 -0.147444 -0.055563
-1.6 -0.449415 -0.618116
-1.59 0.038134 -0.052372
-1.58 -0.448117 -0.371348
-1.57 -0.424942 -0.528475
-1.56 -0.0221036 -0.077434
-1.55 -0.682656 -0.194066
-1.54 0.121733 -0.157366
-1.53 -0.47639 0.0492557
-1.52 0.287986 -0.190954
-1.51 0.0487359 0.22841
-1.5 0.0785405 -0.444677
-1.49 0.786387 0.183269
-1.48 0.268046 -0.156823
-1.47 0.664104 -0.496424
-1.46 0.489511 -0.25435
-1.45 -0.0363035 -0.450312
-1.44 -0.105493 -0.336104
-1.43 -0.628755 -0.239092
-1.42 -0.784848 -0.108392
-1.41 -0.802685 0.183033
-1.4 -1.18696 -0.234527
-1.39 -0.342209 0.315305
-1.38 -1.08214 0.480786
-1.37 -0.272507 -0.00018381
-1.36 -0.455249 0.499394
-1.35 -0.249607 -0.0622877
-1.34 0.10384 -0.0431818
-1.33 -0.0173229 -0.369196
-1.32 0.0401384 -0.330297
-1.31 -0.297118 -0.0584536
-1.3 -0.456684 -0.753439
-1.29 -0.242178 -0.155798
-1.28 -0.526587 -0.149947
-1.27 -0.273136 -0.380678
-1.26 -0.424013 0.250856
-1.25 -0.467234 0.146215
-1.24 -0.0688021 0.164324
-1.23 -0.344043 0.119396
-1.22 0.205908 -0.175386
-1.21 -0.226044 0.270667
-1.2 -0.359408 -0.634048
-1.19 -0.265049 -0.11126
-1.18 -0.682189 -0.236013
-1.17 -0.629631 -0.659291
-1.16 -0.941232 -0.108586
-1.15 -0.951256 -0.272309
-1.14 -1.00725 0.0575582
-1.13 -1.11246 0.204176
-1.12 -0.249965 -0.0845316
-1.11 -0.667165 0.467147
-1.1 -0.217002 -0.383209
-1.09 -0.0502016 -0.044406
-1.08 -0.226014 0.0343049
-1.07 -0.126196 -0.581234
-1.06 -0.0960988 -0.23999
-1.05 -0.257571 -0.860622
-1.04 -0.683792 -0.426035
-1.03 -0.804597 -0.472363
-1.02 -0.54962 -0.553179
-1.01 -1.14706 0.0950445
-1 -0.839503 -0.46285
-0.99 -0.447077 -0.379231
-0.98 -0.931997 0.172748
-0.97 -0.103604 -0.380853
-0.96 -0.238163 0.323394
-0.95 0.321657 -0.409324
-0.94 -0.0981256 0.173305
-0.93 0.27177 -0.110437
-0.92 0.307902 -0.419564
-0.91 -0.405701 0.395544
-0.9 -0.211952 -0.317824
-0.89 -0.356316 -0.197725
-0.88 -0.759514 0.198539
-0.87 -0.378817 -0.286847
-0.86 -0.565827 0.284012
-0.85 -0.214177 -0.282855
-0.84 -0.238612 0.231263
-0.83 -0.0352586 0.16822
-0.82 0.755735 -0.42082
-0.81 -0.0602232 0.528138
-0.8 0.245808 -0.372723
-0.79 -0.192262 -0.176224
-0.78 -0.543106 0.0183403
-0.77 -0.658373 -0.41538
-0.76 -1.13055 0.176013
-0.75 -0.813006 -0.467319
-0.74 -1.0828 0.0260921
-0.73 -0.867163 0.196063
-0.72 0.45244 -0.556589
-0.71 0.0242003 0.354562
-0.7 0.514753 -0.422913
-0.69 0.598452 -0.249532
-0.68 0.505792 0.0220387
-0.67 0.13092 -0.383916
-0.66 -0.428933 0.389776
-0.65 -0.411007 -0.728646
-0.64 -1.4613 -0.120203
-0.63 -1.86099 0.0895928
-0.62 -0.747809 -0.484187
-0.61 -1.38616 0.413756
-0.6 -0.978561 -0.0518102
-0.59 -0.171806 -0.219609
-0.58 -0.213216 -0.115574
-0.57 0.363841 -0.599228
-0.56 0.137669 0.316023
-0.55 1.0718 -0.798683
-0.54 0.00314257 0.0326987
-0.53 -0.0192826 0.395931
-0.52 0.591194 -0.455137
-0.51 0.0047001 0.358833
-0.5 -0.2479 -0.101503
-0.49 0.11506 -0.0181008
-0.48 -0.642359 0.206065
-0.47 -0.506237 -0.0433175
-0.46 -1.00935 0.75666
-0.45 -0.250781 -0.816404
-0.44 -0.824863 -0.487689
-0.43 -1.49281 -0.156589
-0.42 -0.254493 -1.01391
-0.41 -1.19527 0.216033
-0.4 -0.436278 -0.190235
-0.39 -0.229743 0.246371
-0.38 0.0267554 -0.0527793
-0.37 0.0976914 -0.0321521
-0.36 -0.122966 0.851575
-0.35 0.479753 -0.0810085
-0.34 0.605894 0.168909
-0.33 -0.327857 1.02998
-0.32 0.892636 -0.230241
-0.31 0.170155 0.363093
-0.3 0.0681208 -0.425538
-0.29 0.371934 -0.197738
-0.28 0.121423 -0.437105
-0.27 0.430743 -0.27826
-0.26 -0.68543 1.05807
-0.25 -0.140487 -0.0848262
-0.24 -0.20316 -0.221499
-0.23 -1.07095 0.456924
-0.22 0.133974 -0.694772
-0.21 -0.491067 -0.055731
-0.2 -0.9604 -0.15205
-0.19 -0.929071 0.0772966
-0.18 -0.817098 -0.432272
-0.17 0.158668 -1.32703
-0.16 -0.484394 -0.0902596
-0.15 0.356096 -1.26643
-0.14 -0.117975 -0.636741
-0.13 -1.11828 0.676617
-0.12 -0.498638 0.459491
-0.11 0.109857 0.208962
-0.1 -0.583708 0.445202
-0.09 0.173529 0.167649
-0.08 -1.1177 0.778659
-0.07 0.17823 -0.155998
-0.06 -1.42715 1.99334
-0.05 0.259254 0.3338
-0.04 0.122441 0.00201487
-0.03 -0.570126 0.626141
-0.02 -0.291683 0.0210054
-0.01 -0.504962 -0.173082
0 -0.330643 -0.233537
0.01 -0.421588 -0.115189
0.02 -0.419791 -0.370437
0.03 -0.292696 -1.0614
0.04 -0.752768 -0.28542
0.05 -0.745578 -0.838846
0.06 0.825504 -2.30835
0.07 -0.689196 -0.358897
0.08 0.619079 -1.2128
0.09 -0.576399 -0.503103
0.1 0.362306 -1.03254
0.11 -0.146 -0.588504
0.12 0.243959 -0.968713
0.13 0.898666 -1.15385
0.14 -0.155586 0.138864
0.15 -0.475171 0.626499
0.16 0.199543 -0.388946
0.17 -0.0637056 0.683851
0.18 0.556991 -0.0856731
0.19 0.652264 -0.556636
0.2 0.768392 -0.44994
0.21 -0.0197224 -0.359666
0.22 -0.501313 0.336724
0.23 0.73172 -0.641347
0.24 -0.108676 0.0443389
0.25 -0.210643 -0.0893459
0.26 0.163713 -1.18299
0.27 -0.78422 0.143752
0.28 -0.676308 0.394466
0.29 -0.916681 0.292322
0.3 -0.339153 0.304557
0.31 -1.05291 -0.338391
0.32 -1.60703 0.0260556
0.33 -0.538458 -1.06953
0.34 -1.43812 -0.347018
0.35 -1.26462 0.00821524
0.36 -0.946925 -1.07166
0.37 -1.01344 -0.273699
0.38 -1.14381 -0.207248
0.39 -0.858087 -0.513236
0.4 -0.226368 -0.0992446
0.41 -0.161621 -0.32782
0.42 -0.826056 0.668457
0.43 0.391914 -0.132098
0.44 -0.307152 0.258432
0.45 -0.359169 0.578853
0.46 0.341192 -0.87332
0.47 0.0592993 -0.110701
0.48 0.223225 -0.263473
0.49 -0.489262 -0.203102
0.5 0.575347 0.0768944
0.51 -0.122169 -0.218455
0.52 -0.22931 0.579599
0.53 0.171761 -0.268538
0.54 0.106563 0.0400113
0.55 -0.974189 0.656739
0.56 -0.193149 -0.421578
0.57 -0.735762 0.585996
0.58 -0.220955 0.149849
0.59 -0.655914 0.156949
0.6 0.375992 0.0383148
0.61 0.25909 -0.421023
0.62 -0.361964 0.472457
0.63 0.683989 0.0976599
0.64 0.178711 0.242019
0.65 -0.369218 0.943613
0.66 -0.44809 -0.415444
0.67 -0.642903 0.291505
0.68 -0.887239 -0.254072
0.69 -1.01869 -0.0164931
0.7 -0.592693 0.150468
0.71 -0.19441 -0.653287
0.72 -0.49856 0.310819
0.73 0.826848 -0.690132
0.74 0.934108 -0.379357
0.75 0.800323 0.124512
0.76 0.811301 -0.478159
0.77 0.386169 0.042286
0.78 0.30671 -0.276307
0.79 -0.51912 -0.223219
0.8 -0.456659 -0.0242102
0.81 -0.619828 -0.834013
0.82 -1.23215 0.0616107
0.83 -0.60176 -0.5453
0.84 -0.322434 -0.548503
0.85 -0.284356 0.0757824
0.86 0.0973258 -0.612523
0.87 0.119474 -0.0177623
0.88 0.713124 -0.5312
0.89 0.186492 -0.256769
0.9 0.400021 -0.196887
0.91 0.325548 -0.75226
0.92 -0.217128 -0.0406282
0.93 0.0467903 -0.529385
0.94 0.252326 -0.553121
0.95 0.116015 -0.324366
0.96 0.380166 -0.739224
0.97 0.256577 -0.251809
0.98 1.1216 -0.487622
0.99 0.683422 -0.268164
1 1.15465 0.0687914
1.01 1.32447 -0.465519
1.02 0.82235 0.105152
1.03 1.08107 -0.144117
1.04 0.792462 -0.0600132
1.05 0.504029 -0.0217321
1.06 0.123243 -0.442073
1.07 0.0236669 -0.164387
1.08 0.172717 -0.760467
1.09 0.00277402 -0.623998
1.1 0.0551887 -0.386246
1.11 0.568146 -0.766513
1.12 0.215286 -0.46372
1.13 1.08169 -0.364895
1.14 0.939857 -0.239893
1.15 1.20024 -0.174115
1.16 0.991206 -0.0938058
1.17 0.825335 0.013427
1.18 0.671469 -0.230886
1.19 0.178257 -0.386821
1.2 -0.17965 -0.0320096
1.21 -0.388749 -0.624253
1.22 -0.839904 -0.273057
1.23 -0.488076 -0.506064
1.24 -0.681854 -0.262103
1.25 -0.347648 -0.383244
1.26 -0.209139 -0.199128
1.27 -0.30377 0.105829
1.28 0.366202 -0.0563903
1.29 -0.118178 0.00262471
1.3 0.0732649 0.0589815
1.31 -0.468182 -0.132164
1.32 -0.669022 -0.293992
1.33 -0.784204 -0.136252
1.34 -0.999884 -0.324945
1.35 -0.712911 -0.271806
1.36 -0.574716 -0.553897
1.37 -0.562671 -0.089067
1.38 0.273713 -0.344933
1.39 0.164317 -0.206554
1.4 0.642355 0.0184162
1.41 0.647248 -0.0935157
1.42 0.498408 -0.0622324
1.43 0.60921 -0.0980933
1.44 -0.122134 0.151711
1.45 0.063364 -0.288572
1.46 -0.587266 -0.204512
1.47 -0.685976 -0.351659
1.48 -0.465949 -0.341989
1.49 -0.700278 -0.659755
1.5 -0.380889 -0.284512
1.51 -0.320224 -0.56287
1.52 -0.508466 -0.470752
1.53 0.00234578 -0.494026
1.54 -0.29336 -0.138765
1.55 0.0225089 -0.256127
1.56 -0.0741267 -0.137754
1.57 -0.222055 0.0179221
1.58 0.00125895 -0.151807
1.59 -0.51711 -0.204538
1.6 -0.242736 -0.153378
1.61 -0.510561 -0.204437
1.62 -0.77662 -0.353923
1.63 -0.228466 -0.453576
1.64 -0.752317 -0.245894
1.65 -0.34724 -0.459031
1.66 -0.292144 -0.341161
1.67 -0.336768 -0.246109
1.68 0.201178 -0.186358
1.69 -0.00912541 -0.139966
1.7 0.421319 -0.0311996
1.71 0.175287 0.0252801
1.72 0.0652868 -0.0837682
1.73 0.348234 -0.0955358
1.74 -0.167064 -0.0206701
1.75 -0.0195385 -0.0690989
1.76 0.0926638 -0.274185
1.77 -0.311052 -0.089696
1.78 0.55814 -0.387192
1.79 0.0692808 -0.0872256
1.8 0.727484 -0.353089
1.81 0.593399 0.0701501
1.82 0.764992 -0.299361
1.83 1.28903 -0.150686
1.84 0.8461 -0.269018
1.85 1.18443 -0.214878
1.86 0.776974 -0.44989
1.87 0.179777 -0.379761
1.88 0.407236 -0.565341
1.89 -0.264962 -0.540634
1.9 -0.205992 -0.555086
1.91 -0.386127 -0.388309
1.92 -0.740855 -0.33568
1.93 -0.178041 -0.397752
1.94 -0.577693 -0.115839
1.95 0.0759532 -0.285725
1.96 0.073232 -0.084338
1.97 -0.0498085 -0.141246
1.98 0.575695 -0.0256857
1.99 0.0471045 -0.0711074
2 0.470548 -0.118397
2.01 0.129761 -0.076275
2.02 -0.230424 -0.150403
2.03 0.16787 -0.227084
2.04 -0.490914 -0.0372458
2.05 0.163099 -0.155448
2.06 0.0595409 -0.0694551
2.07 0.0593793 -0.18162
2.08 0.428536 -0.201128
2.09 0.388398 -0.12348
2.1 0.620039 -0.18866
2.11 0.744877 -0.100884
2.12 0.504914 -0.182393
2.13 0.975054 -0.317208
2.14 0.0788168 -0.215809
2.15 0.424653 -0.273032
2.16 0.104569 -0.262377
2.17 -0.315214 -0.286494
2.18 0.126636 -0.374185
2.19 -0.345056 -0.190263
2.2 0.130041 -0.369805
2.21 -0.0952399 -0.025236
2.22 0.278229 -0.189517
2.23 0.466383 -0.0187582
2.24 0.392759 -0.0302449
2.25 0.586807 0.0905914
2.26 0.61841 0.049087
2.27 0.0589266 0.093495
2.28 0.306355 0.0324752
2.29 -0.358693 0.0236418
2.3 -0.260585 -0.175967
2.31 -0.47782 -0.0587988
2.32 -0.60281 -0.0893909
2.33 -0.284314 -0.0992563
2.34 -0.629358 0.0352041
2.35 -0.117877 -0.0836834
2.36 -0.0370869 -0.0559393
2.37 -0.0445925 -0.139739
2.38 0.26401 0.0463629
2.39 0.0109061 0.0496557
2.4 0.165153 -0.00102818
2.41 0.0591348 0.0494031
2.42 -0.0908047 -0.0658525
2.43 0.114932 -0.117421
2.44 -0.198176 -0.0410257
2.45 -0.0704888 -0.0312465
2.46 0.160844 -0.0293784
2.47 -0.0671321 -0.127093
2.48 0.340739 -0.0272946
2.49 0.13842 -0.10781
2.5 0.380606 -0.0530585
2.51 0.235885 -0.0875097
2.52 0.145065 -0.0404655
2.53 0.337575 -0.196507
2.54 -0.179205 -0.0636805
2.55 -0.10431 -0.209262
2.56 -0.180525 -0.106235
2.57 -0.442459 -0.300733
2.58 -0.325074 -0.157386
2.59 -0.319155 -0.2308
2.6 -0.321179 -0.13667
2.61 -0.237735 -0.127884
2.62 -0.210166 -0.0437592
2.63 0.144909 0.023704
2.64 0.0176072 -0.0433238
2.65 0.196856 0.107417
2.66 0.341515 0.0627279
2.67 0.0457512 0.122675
2.68 0.181744 0.128643
2.69 0.0310049 0.172679
2.7 -0.0378604 0.0294254
2.71 -0.0416257 -0.13763
2.72 -0.180941 -0.165426
2.73 0.0344113 -0.155274
2.74 -0.0837911 -0.237636
2.75 0.0476157 -0.147512
2.76 0.211158 -0.185885
2.77 0.242357 -0.349195
2.78 0.310354 -0.216072
2.79 0.357837 -0.177254
2.8 0.258554 -0.0769934
2.81 0.323593 -0.175933
2.82 0.0285273 -0.11589
2.83 0.149657 -0.159161
2.84 -0.119609 -0.276615
2.85 -0.240588 -0.0804974
2.86 -0.158878 -0.169326
2.87 -0.30907 -0.12094
2.88 -0.277869 -0.136132
2.89 -0.400609 -0.0528381
2.9 -0.278084 -0.0302638
2.91 -0.316375 -0.0121813
2.92 -0.273981 -0.0180276
2.93 -0.13541 0.0551004
2.94 -0.162117 -0.12675
2.95 -0.342546 0.0240667
2.96 -0.10585 -0.0440383
2.97 -0.228025 -0.0305469
2.98 -0.124315 -0.0372622
2.99 -0.11716 -0.110126
3 -0.0713241 -0.00472409
3.01 -0.0897017 -0.0971738
3.02 -0.110421 -0.00819776
3.03 0.172764 0.0985602
3.04 0.0749444 0.00539647
3.05 0.157759 0.0715095
3.06 0.231615 0.0098881
3.07 0.129841 0.0537085
3.08 0.144614 0.0204096
3.09 0.0918754 0.0151669
3.1 0.0389551 0.103027
3.11 -0.100524 -0.0380595
3.12 -0.221716 -0.0652147
3.13 -0.171574 0.0638265
3.14 -0.302312 -0.0792132
3.15 -0.219306 0.00991069
3.16 -0.159472 -0.0257667
3.17 -0.168848 -0.010239
3.18 0.00751545 -0.0560681
3.19 0.0259756 -0.0954485
3.2 0.116904 0.0728465
3.21 0.186039 -0.127562
3.22 0.0810611 -0.00103
3.23 0.13682 0.0171559
3.24 -0.0290631 -0.0333288
3.25 -0.0396155 0.0109369
3.26 -0.139172 0.00843595
3.27 -0.214466 -0.000783994
3.28 -0.185004 0.00834213
3.29 -0.323353 -0.0351513
3.3 -0.210148 0.109483
3.31 -0.15551 0.0100817
3.32 -0.111126 0.0376377
3.33 -0.0325228 0.082313
3.34 0.0224158 -0.0172974
3.35 -0.045091 0.0830178
3.36 -0.0153064 -0.00632433
3.37 -0.0471533 0.0799226
3.38 0.0362349 0.0174539
3.39 -0.161517 -0.0596325
3.4 -0.0320489 0.0459565
3.41 -0.132548 -0.0526675
3.42 -0.1347 -0.0298252
3.43 -0.0600312 0.00771088
3.44 -0.0521194 -0.0463202
3.45 -0.0202368 -0.000447367
3.46 -0.0722486 -0.0692453
3.47 -0.0296604 0.024683
3.48 -0.0342503 -0.0111893
3.49 -0.0988693 -0.0930127
3.5 -0.0216493 0.0160291
3.51 -0.0939408 -0.0798617
3.52 -0.156166 -0.0897296
3.53 -0.122795 -0.0222102
3.54 -0.19373 -0.0923126
3.55 -0.090693 -0.0704683
3.56 -0.122843 -0.143775
3.57 -0.00763626 -0.0492147
3.58 0.0422893 -0.072826
3.59 0.07765 -0.102929
3.6 0.195455 0.0176609
3.61 0.230085 -0.0831007
3.62 0.21002 -0.0390277
3.63 0.201579 0.00902034
3.64 0.07573 -0.0083131
3.65 0.097621 0.0233078
3.66 -0.0631895 -0.00874164
3.67 -0.0560926 0.00129323
3.68 -0.141872 0.0278818
3.69 -0.195358 -0.0449688
3.7 -0.146609 0.0436874
3.71 -0.140233 -0.0257035
3.72 -0.0662255 -0.00542807
3.73 -0.0789532 0.0175568
3.74 -0.0514056 -0.00746908
3.75 -0.0448104 0.0381695
3.76 -0.121412 -0.0293608
3.77 -0.0989308 0.00497865
3.78 -0.105666 0.00445399
3.79 -0.155434 -0.0221345
3.8 -0.088628 0.0301643
3.81 -0.117377 0.0126154
3.82 -0.0522242 -0.000773772
3.83 -0.0744307 0.0262903
3.84 0.00158085 0.0114999
3.85 0.0504887 0.0590796
3.86 0.0180876 0.00182041
3.87 0.0729896 0.0387762
3.88 0.0355037 0.0352709
3.89 -0.0273662 -0.00571472
3.9 0.00121271 0.039984
3.91 -0.0608154 0.0219811
3.92 -0.0477898 -0.00944879
3.93 -0.0946839 0.0256566
3.94 -0.0717068 -0.00998992
3.95 -0.0748193 0.0183627
3.96 -0.0936142 -0.0303155
3.97 -0.0307158 0.00305475
3.98 -0.0448621 -0.0224322
3.99 -0.0356072 -0.0433816
4 0.00917546 -0.0111279
4.01 -0.00403494 -0.0255331
4.02 0.00386989 -0.0279014
4.03 -0.0259454 0.000542281
4.04 -0.035708 -0.0135925
4.05 -0.0382789 -0.00565048
4.06 -0.0826339 -0.00709249
4.07 -0.0392427 -0.000599664
4.08 -0.074851 0.0135067
4.09 -0.0608089 -0.00924461
4.1 -0.0515733 0.0160239
4.11 -0.026816 -0.0106482
4.12 -0.000214749 -0.00134346
4.13 0.00644881 0.00730149
4.14 0.0392409 -0.00353994
4.15 0.0448959 0.0113469
4.16 0.0345187 -0.00225918
4.17 0.033751 -0.0114075
4.18 0.0120578 0.00734909
4.19 -0.0184043 -0.0169828
4.2 -0.0279871 -0.00277362
4.21 -0.0384456 -0.0160914
4.22 -0.0190913 -0.00970919
4.23 -0.0492138 -0.0129685
4.24 -0.0119516 -0.00680251
4.25 -0.0189299 -0.00151831
4.26 -0.000485326 0.00180473
4.27 0.016803 -0.0112402
4.28 0.029674 0.0152947
4.29 0.0204212 -0.00682077
4.3 0.0118656 0.0109603
4.31 0.00839964 0.0135894
4.32 0.00370164 0.00413336
4.33 -0.0261575 0.00990263
4.34 -0.0125545 0.00513163
4.35 -0.0177914 0.0115814
4.36 -0.023355 0.0140117
4.37 -0.00298403 0.0179454
4.38 -0.000177625 0.0207422
4.39 0.00615243 0.011905
4.4 0.00566831 0.0189899
4.41 0.0190812 0.0215588
4.42 0.0236046 0.0100137
4.43 0.0110891 0.018379
4.44 0.0185069 0.00766874
4.45 0.00569205 0.00299771
4.46 -0.00981454 0.00860269
4.47 5.56936e-05 0.00162473
4.48 -0.0100612 0.00587694
4.49 0.00554843 -0.00102018
4.5 -0.00351678 0.00409325
4.51 0.0106633 -0.000170969
4.52 0.0113892 -0.000900415
4.53 0.0101105 0.00345584
4.54 0.0171465 -0.00226938
4.55 0.0192769 -0.00305952
4.56 0.010138 -0.000174776
4.57 0.0132853 -0.00174804
4.58 0.000587784 -0.000410717
4.59 0.0045387 0.00224778
4.6 -0.00798775 -0.00249708
4.61 -0.00670989 0.00274141
4.62 -0.00552254 -0.00361733
4.63 -0.0141332 0.00365385
4.64 -0.00301858 -0.00246006
4.65 -0.00447313 -0.000859869
4.66 0.000288866 -0.00242296
4.67 0.000171223 -0.00209521
4.68 0.00158606 0.00011316
4.69 0.00454824 -8.8625e-05
4.7 0.00124091 0.00159901
4.71 0.00153728 0.00205126
4.72 0.00270526 0.00102542
4.73 -0.00503733 0.00187531
4.74 -0.00267498 0.00184774
4.75 -0.00469475 -0.000307287
4.76 -0.00487617 0.000759432
4.77 -0.00350314 -0.00113852
4.78 -0.00325983 -0.000646208
4.79 0.000381433 -0.00184077
4.8 -0.0018745 -0.00169027
4.81 0.000173256 -0.000544305
4.82 0.000446482 -0.00196972
4.83 -0.00129408 0.000595532
4.84 9.49723e-05 -0.000423063
4.85 -0.00110646 0.000363303
4.86 -0.00119026 7.95745e-06
4.87 -0.00154342 0.000274271
4.88 -0.00161999 -2.00649e-05
4.89 -0.000772473 3.24135e-05
4.9 -0.000946371 -0.00013326
4.91 -0.000367771 3.35169e-05
4.92 -0.000109583 -0.000301447
4.93 -0.000122545 -5.91985e-05
4.94 9.12735e-05 -0.000102199
4.95 1.59197e-05 -9.21629e-05
4.96 7.71259e-06 4.39726e-06
4.97 -8.26653e-06 -1.62643e-05
4.98 -3.20533e-05 9.06108e-06
4.99 -3.85278e-07 -3.60445e-07
0.24 -1.21914 -1.52608
0.48 -1.02237 -1.19746
0.72 -0.827824 -0.75648
0.96 -0.725302 -0.316277
1.2 -0.712358 0.0332895
1.44 -0.703009 0.250611
1.68 -0.600905 0.342019
1.92 -0.376824 0.342392
2.16 -0.0917943 0.291376
2.4 0.146039 0.218178
2.64 0.252206 0.138975
2.88 0.211501 0.0622202
3.12 0.0727521 -0.00588813
3.36 -0.0921457 -0.0601645
3.6 -0.229126 -0.0984211
3.84 -0.317201 -0.122878
4.08 -0.358154 -0.138654
4.32 -0.358309 -0.150396
4.56 -0.318676 -0.159993
4.8 -0.236791 -0.167185
5.04 -0.11321 -0.172155
5.28 0.0447764 -0.177576
5.52 0.223429 -0.188226
5.76 0.403573 -0.208369
6 0.560229 -0.238587
6.24 0.663188 -0.273834
6.48 0.68288 -0.303679
6.72 0.602684 -0.315017
6.96 0.432366 -0.297003
7.2 0.213021 -0.246921
7.44 0.00621514 -0.1741
7.68 -0.130992 -0.0983783
7.92 -0.172998 -0.0417075
8.16 -0.138102 -0.0161755
8.4 -0.0766593 -0.0157785
8.64 -0.0401865 -0.0187267
8.88 -0.0503459 -0.00076125
9.12 -0.0885819 0.0482587
9.36 -0.114017 0.115924
9.6 -0.0972449 0.17374
9.84 -0.0452798 0.194808
10.08 0.00169987 0.170616
10.32 0.000838209 0.115214
10.56 -0.0575791 0.0543218
10.8 -0.136377 0.00810183
11.04 -0.172265 -0.0194824
11.28 -0.118402 -0.037655
11.52 0.0209675 -0.0562398
11.76 0.189134 -0.0748372
12 0.311024 -0.0828528
12.24 0.339658 -0.0698923
12.48 0.282944 -0.0372439
12.72 0.192922 -0.000298411
12.96 0.126368 0.0207524
13.2 0.105373 0.0150804
13.44 0.105214 -0.0105215
13.68 0.0762812 -0.0355458
13.92 -0.0171929 -0.0390644
14.16 -0.169137 -0.0131211
14.4 -0.332497 0.0325442
14.64 -0.446474 0.0767473
14.88 -0.471082 0.0991729
15.12 -0.407627 0.0907615
15.36 -0.294864 0.0565248
15.6 -0.18594 0.0104382
15.84 -0.121097 -0.0334169
16.08 -0.111087 -0.0678758
16.32 -0.138378 -0.0940774
16.56 -0.172778 -0.116967
16.8 -0.190656 -0.138143
17.04 -0.186011 -0.15101
17.28 -0.167764 -0.14218
17.52 -0.147422 -0.0993169
17.76 -0.128265 -0.0211265
18 -0.105806 0.0771986
18.24 -0.0795105 0.167739
18.48 -0.0645888 0.221811
18.72 -0.0899736 0.22349
18.96 -0.1784 0.176689
19.2 -0.320661 0.101919
19.44 -0.465351 0.0256245
19.68 -0.538175 -0.0308003
19.92 -0.484099 -0.0563298
20.16 -0.306165 -0.0491533
20.4 -0.0726816 -0.0128323
20.64 0.1164 0.0459411
20.88 0.185211 0.116957
21.12 0.12459 0.185945
21.36 -0.00591194 0.236781
21.6 -0.117273 0.256624
21.84 -0.145018 0.241116
22.08 -0.0833906 0.196262
22.32 0.0194626 0.135899
22.56 0.0976351 0.0764793
22.8 0.108561 0.0318793
23.04 0.0537365 0.00987236
23.28 -0.029209 0.0104338
23.52 -0.0925169 0.0258026
23.76 -0.103853 0.0428893
24 -0.0581756 0.0485416
24.24 0.026114 0.0363653
24.48 0.120495 0.0114318
24.72 0.200908 -0.0111546
24.96 0.257372 -0.0147546
25.2 0.295139 0.00739535
25.44 0.326856 0.0452814
25.68 0.359525 0.0754851
25.92 0.384442 0.0742963
26.16 0.378552 0.0331152
26.4 0.318983 -0.0337984
26.64 0.202034 -0.0949779
26.88 0.0521675 -0.118145
27.12 -0.0879031 -0.0877299
27.36 -0.18086 -0.0132182
27.6 -0.215398 0.0759794
27.84 -0.208466 0.145118
28.08 -0.188118 0.169237
28.32 -0.17155 0.141271
28.56 -0.156457 0.0713047
28.8 -0.131912 -0.0196531
29.04 -0.0977605 -0.106808
29.28 -0.0739327 -0.167442
29.52 -0.0897431 -0.185927
29.76 -0.160755 -0.158337
30 -0.272107 -0.0950509
30.24 -0.382722 -0.0184635
30.48 -0.448425 0.045186
30.72 -0.447295 0.0768257
30.96 -0.389301 0.0725486
31.2 -0.304847 0.0439148
31.44 -0.222592 0.0104701
31.68 -0.153547 -0.0109535
31.92 -0.0917372 -0.0141503
32.16 -0.0279755 -0.00499845
32.4 0.0362666 0.00322495
32.64 0.0865682 -0.00255048
32.88 0.106307 -0.0285194
33.12 0.0913685 -0.0709966
33.36 0.0568266 -0.117988
33.6 0.0299123 -0.154399
33.84 0.0338752 -0.168426
34.08 0.0738389 -0.156111
34.32 0.13406 -0.121987
34.56 0.187817 -0.0760242
34.8 0.212734 -0.0292124
35.04 0.201556 0.00954867
35.28 0.162728 0.0342881
35.52 0.11265 0.0417375
35.76 0.0664294 0.0318013
36 0.0330521 0.00893386
36.24 0.0158587 -0.0173765
36.48 0.0148498 -0.0350586
36.72 0.0272814 -0.0347635
36.96 0.0465663 -0.015189
37.2 0.0625741 0.0152801
37.44 0.0656039 0.0423197
37.68 0.0522461 0.0530271
37.92 0.0282371 0.0427235
38.16 0.00487591 0.0173376
38.4 -0.00913546 -0.00984248
38.64 -0.0141363 -0.0250902
38.88 -0.0187605 -0.0210109
39.12 -0.0323112 0.000356124
39.36 -0.0564172 0.0294761
39.6 -0.0828603 0.0548617
39.84 -0.0993797 0.0688312
40.08 -0.0987666 0.0701716
40.32 -0.0841576 0.0625628
40.56 -0.0668401 0.0504896
40.8 -0.0588193 0.0359036
41.04 -0.0658655 0.017928
41.28 -0.0853833 -0.00475844
41.52 -0.109172 -0.0313442
41.76 -0.127856 -0.058432
42 -0.1338 -0.0818666
42.24 -0.121838 -0.0989074
42.48 -0.0894012 -0.108677
42.72 -0.0376792 -0.110644
42.96 0.0264847 -0.102891
43.2 0.0902835 -0.0822322
43.44 0.138488 -0.0466559
43.68 0.160505 0.00149002
43.92 0.156989 0.0540086
44.16 0.140495 0.0985956
44.4 0.127391 0.123412
44.64 0.124783 0.122356
44.88 0.121812 0.0982561
45.12 0.0940729 0.0619578
45.36 0.0214192 0.0272852
45.6 -0.0919175 0.00423823
45.84 -0.210663 -0.0057481
46.08 -0.283629 -0.00947885
46.32 -0.273158 -0.0166684
46.56 -0.179222 -0.0330845
46.8 -0.0406205 -0.0567986
47.04 0.08826 -0.079878
47.28 0.168745 -0.0937619
47.52 0.19543 -0.0939722
47.76 0.1895 -0.0808751
48 0.17601 -0.0568865
48.24 0.164204 -0.0234921
48.48 0.145124 0.0188619
48.72 0.105451 0.0680574
48.96 0.0440491 0.117721
49.2 -0.0227061 0.157773
49.44 -0.0703207 0.178409
49.68 -0.0823278 0.174914
49.92 -0.0612074 0.150033
50.16 -0.0270318 0.11247
50.4 -0.00542391 0.0727027
50.64 -0.0125711 0.0386075
50.88 -0.0459244 0.0129808
51.12 -0.0856718 -0.00629437
51.36 -0.106346 -0.0238999
51.6 -0.0923709 -0.0437282
51.84 -0.0484547 -0.0660583
52.08 0.00218402 -0.0867197
52.32 0.0317106 -0.0988897
52.56 0.0253739 -0.0967315
52.8 -0.00873681 -0.0788542
53.04 -0.0447955 -0.0495695
53.28 -0.0558373 -0.0172894
53.52 -0.0303986 0.00886471
53.76 0.0218204 0.0223789
54 0.0778031 0.0212622
54.24 0.115526 0.00832831
54.48 0.124432 -0.00977454
54.72 0.106553 -0.0244974
54.96 0.070612 -0.0281515
55.2 0.0256886 -0.0169574
55.44 -0.0209499 0.00686825
55.68 -0.062483 0.0353611
55.92 -0.09151 0.0577715
56.16 -0.10204 0.0650456
56.4 -0.0933412 0.0536487
56.64 -0.0719323 0.0269213
56.88 -0.0490222 -0.00645911
57.12 -0.034298 -0.0359496
57.36 -0.0300879 -0.0529646
57.6 -0.0300903 -0.0536512
57.84 -0.0239145 -0.0397758
58.08 -0.00468913 -0.0175137
58.32 0.0252933 0.00538216
58.56 0.0548629 0.0228649
58.8 0.0703036 0.0328112
59.04 0.0637003 0.0370677
59.28 0.0377593 0.0393842
59.52 0.00389687 0.0425407
59.76 -0.0249524 0.0464486
60 -0.0417442 0.0483474
60.24 -0.0480058 0.0448709
60.48 -0.0505179 0.0346165
60.72 -0.0550584 0.0195969
60.96 -0.0619701 0.00465364
61.2 -0.0663798 -0.00491256
61.44 -0.0622008 -0.00622148
61.68 -0.0465732 -0.000575065
61.92 -0.02173 0.00700566
62.16 0.00639931 0.0103761
62.4 0.0313221 0.00562347
62.64 0.0487005 -0.00676114
62.88 0.0573723 -0.0222162
63.12 0.0586913 -0.0347319
63.36 0.0550062 -0.0400874
63.6 0.0482448 -0.0376915
63.84 0.0392946 -0.0300788
64.08 0.0283941 -0.0207761
64.32 0.0161428 -0.0122671
64.56 0.00427167 -0.00541741
64.8 -0.00462174 -0.000352371
65.04 -0.00841183 0.00240615
65.28 -0.00693356 0.00180335
65.52 -0.00235477 -0.00268176
65.76 0.00210137 -0.00977735
66 0.00429613 -0.0162969
66.24 0.00457455 -0.0186193
66.48 0.005276 -0.0148972
66.72 0.00864793 -0.00640807
66.96 0.0147386 0.00302105
67.2 0.020927 0.00922052
67.44 0.0235395 0.0100546
67.68 0.0204285 0.00640996
67.92 0.0126512 0.00125989
68.16 0.0040081 -0.00239591
68.4 -0.00128262 -0.00324471
68.64 -0.00120071 -0.00198355
68.88 0.00292274 -0.000310536
69.12 0.00743328 0.000448703
69.36 0.00878928 3.54609e-05
69.6 0.00572947 -0.00107107
69.84 -0.000219086 -0.00249785
70.08 -0.00606289 -0.00448575
70.32 -0.0094161 -0.00758255
70.56 -0.00985336 -0.0117795
70.8 -0.0087365 -0.0158605
71.04 -0.00786307 -0.0176325
71.28 -0.00804434 -0.0150713
71.52 -0.00859669 -0.00770764
71.76 -0.00794927 0.00269141
72 -0.00479928 0.0127108
72.24 0.000985611 0.0189054
72.48 0.00819042 0.0195127
72.72 0.0147671 0.0152335
72.96 0.0186931 0.00863556
73.2 0.0187924 0.00261741
73.44 0.0152289 -0.00107306
73.68 0.00948317 -0.00239708
73.92 0.00375477 -0.00248382
74.16 -2.22698e-05 -0.00253942
74.4 -0.00109032 -0.0030127
74.64 -0.000178125 -0.003499
74.88 0.0010206 -0.00327625
75.12 0.000902515 -0.00197294
75.36 -0.00112834 0.000104963
75.6 -0.00445641 0.0021308
75.84 -0.00781808 0.00320664
76.08 -0.0101492 0.00279503
76.32 -0.0110999 0.000922569
76.56 -0.0109496 -0.00187599
76.8 -0.0101553 -0.00478052
77.04 -0.00899292 -0.00695749
77.28 -0.00754928 -0.00779962
77.52 -0.00593569 -0.00709312
77.76 -0.00440579 -0.00508645
78 -0.0032224 -0.00242817
78.24 -0.00242871 4.79854e-05
78.48 -0.00180104 0.00165044
78.72 -0.00106917 0.00213166
78.96 -0.000194924 0.00177702
79.2 0.000579065 0.00118164
79.44 0.000968522 0.000830066
79.68 0.00092953 0.000777033
79.92 0.00068617 0.000691616
80.16 0.000471453 0.000247067
80.4 0.000260496 -0.000471346
80.64 -0.000201472 -0.000915693
80.88 -0.00107895 -0.000460142
81.12 -0.00216133 0.00109412
81.36 -0.00293746 0.0033277
81.6 -0.00300457 0.00547444
81.84 -0.00243887 0.00688357
82.08 -0.00176926 0.00726073
82.32 -0.00156928 0.00655664
82.56 -0.00204531 0.00477085
82.8 -0.00298803 0.00201194
83.04 -0.00409039 -0.00119961
83.28 -0.00528884 -0.00380351
83.52 -0.0067898 -0.00462634
83.76 -0.00875732 -0.00320724
84 -0.0109227 -0.00034104
84.24 -0.0123854 0.00226707
84.48 -0.0117 0.00311781
84.72 -0.00724515 0.00194772
84.96 0.00208673 -0.000202796
85.2 0.0159078 -0.00195281
85.44 0.0314564 -0.00271872
85.68 0.0436299 -0.00299916
85.92 0.046599 -0.00356848
86.16 0.0366918 -0.00437684
86.4 0.0149773 -0.00426062
86.64 -0.012406 -0.00182643
86.88 -0.0369288 0.00324305
87.12 -0.0519665 0.00966107
87.36 -0.0559112 0.0153341
87.6 -0.0519898 0.018862
87.84 -0.0451298 0.0204871
88.08 -0.0384841 0.0216986
88.32 -0.0323568 0.0238133
88.56 -0.026062 0.0266546
88.8 -0.0205831 0.0283029
89.04 -0.0191639 0.0260424
89.28 -0.0248838 0.0178425
89.52 -0.0372052 0.00355371
89.76 -0.0507751 -0.0146509
90 -0.0581321 -0.0326608
90.24 -0.0546812 -0.0455611
90.48 -0.0421571 -0.0493507
90.72 -0.0277056 -0.0427742
90.96 -0.0190396 -0.0283769
91.2 -0.0191798 -0.0118786
91.44 -0.024626 0.00025857
91.68 -0.0281761 0.00394936
91.92 -0.0241596 -0.000561613
92.16 -0.0122446 -0.00922634
92.4 0.0027015 -0.0168848
92.64 0.0141958 -0.0202907
92.88 0.0183396 -0.0194533
93.12 0.01577 -0.0166082
93.36 0.0104632 -0.0139214
93.6 0.00673259 -0.0118429
93.84 0.00665778 -0.00926715
94.08 0.00938643 -0.00506738
94.32 0.0122091 0.00050017
94.56 0.0122891 0.0057341
94.8 0.00797471 0.00872803
95.04 -0.000678458 0.00879688
95.28 -0.0119811 0.00694451
95.52 -0.0230361 0.00512685
95.76 -0.0305055 0.0050166
96 -0.0317399 0.00719712
96.24 -0.0259721 0.0111679
96.48 -0.0149333 0.015848
96.72 -0.00234438 0.0200372
96.96 0.00765045 0.0226075
97.2 0.0123246 0.0226131
97.44 0.0114479 0.0195696
97.68 0.00700505 0.0138407
97.92 0.00179191 0.00676359
98.16 -0.00222272 0.000206483
98.4 -0.0048047 -0.00431273
98.64 -0.00716596 -0.0064021
98.88 -0.010735 -0.0069092
99.12 -0.015784 -0.00726004
99.36 -0.0208065 -0.00846837
99.6 -0.023136 -0.0104949
99.84 -0.0205625 -0.0123721
100.08 -0.0130024 -0.0129637
100.32 -0.00307724 -0.0118142
100.56 0.00499945 -0.00953883
100.8 0.00774128 -0.0075638
101.04 0.00450887 -0.00743902
101.28 -0.00201267 -0.0101383
101.52 -0.00741405 -0.0156672
101.76 -0.00826793 -0.0230769
102 -0.00418245 -0.030813
102.24 0.00212017 -0.0372514
102.48 0.00667707 -0.0412357
102.72 0.00681626 -0.0423913
102.96 0.00272622 -0.0410402
103.2 -0.00281539 -0.0377479
103.44 -0.00624115 -0.0328112
103.68 -0.00535991 -0.0260929
103.92 -0.000634143 -0.017352
104.16 0.00511926 -0.0067724
104.4 0.00842906 0.00483211
104.64 0.00732548 0.0163659
104.88 0.00267462 0.0269945
105.12 -0.00222303 0.0362351
105.36 -0.00366306 0.04336
105.6 6.14931e-05 0.0467185
105.84 0.00757549 0.0439939
106.08 0.015524 0.0338001
106.32 0.0210955 0.017706
106.56 0.0240005 0.000923253
106.8 0.0262889 -0.00952113
107.04 0.0301606 -0.00847815
107.28 0.0356911 0.00407863
107.52 0.0405609 0.0226048
107.76 0.0421692 0.0388603
108 0.0403303 0.0463088
108.24 0.0380393 0.0432329
108.48 0.0392887 0.0328241
108.72 0.0454372 0.0207087
108.96 0.053054 0.0119236
109.2 0.0552492 0.00916936
109.44 0.0459352 0.0127203
109.68 0.0242363 0.021118
109.92 -0.00396405 0.0317226
110.16 -0.0284948 0.0410826
110.4 -0.0399915 0.0457124
110.64 -0.034642 0.0434812
110.88 -0.0158981 0.0348192
111.12 0.00773292 0.0225429
111.36 0.027469 0.00998737
111.6 0.0388232 -0.00131785
111.84 0.0433173 -0.0124567
112.08 0.0463992 -0.02545
112.32 0.052982 -0.0402419
112.56 0.0635877 -0.0529326
112.8 0.0736951 -0.0571886
113.04 0.0766993 -0.0483352
113.28 0.0683506 -0.0273249
113.52 0.0495607 -0.00152181
113.76 0.0257829 0.0186306
114 0.00373955 0.0250747
114.24 -0.011966 0.0162769
114.48 -0.020167 -0.00242403
114.72 -0.0221434 -0.0221197
114.96 -0.0198245 -0.0349473
115.2 -0.0148089 -0.0373133
115.44 -0.00853397 -0.0303994
115.68 -0.00268324 -0.0184516
115.92 0.00108261 -0.00632916
116.16 0.00193985 0.00238493
116.4 0.000300012 0.00619668
116.64 -0.00282509 0.00556103
116.88 -0.00695724 0.00216246
117.12 -0.0125649 -0.00199407
117.36 -0.0201486 -0.00531724
117.6 -0.0287803 -0.00693103
117.84 -0.0356428 -0.00656043
118.08 -0.0373869 -0.00432087
118.32 -0.032466 -0.000754486
118.56 -0.0225603 0.00290793
118.8 -0.0117996 0.00470885
119.04 -0.0042784 0.00259791
119.28 -0.00177185 -0.00437581
119.52 -0.00334371 -0.0150823
119.76 -0.0068945 -0.0263915
120 -0.01109 -0.0344822
