-4.99 -1.73078e-06 -2.04406e-06
-4.98 -1.05443e-05 -7.12625e-06
-4.97 -6.16511e-05 1.16861e-06
-4.96 -3.54827e-05 -1.93561e-05
-4.95 -0.000202196 3.27336e-05
-4.94 -0.000201933 -1.67985e-05
-4.93 -0.000199486 3.12741e-05
-4.92 -0.000258869 3.67523e-05
-4.91 -0.000221219 -5.51204e-05
-4.9 -0.000349916 0.000171591
-4.89 -2.18538e-05 -0.000243677
-4.88 -0.000760266 -0.000145653
-4.87 -0.000788921 -0.000378278
-4.86 -0.000796468 -0.000731651
-4.85 -0.00140893 -0.000139566
-4.84 -0.00300064 -0.000346513
-4.83 -0.00213706 -8.62287e-05
-4.82 -0.00402313 -0.000391097
-4.81 -0.0033937 -0.00025375
-4.8 -0.0037864 -0.000185011
-4.79 -0.00208754 0.00048102
-4.78 -0.00487799 0.00119841
-4.77 -0.004453 0.00149206
-4.76 -0.00370771 -5.26219e-08
-4.75 -0.00509066 0.00181793
-4.74 -0.00666419 -0.000260105
-4.73 -0.00524652 0.00165246
-4.72 -0.0082049 0.0016321
-4.71 -0.0097556 6.49442e-05
-4.7 -0.0102228 0.000999199
-4.69 -0.00892442 0.000513269
-4.68 -0.00947784 0.00301165
-4.67 -0.00980776 0.00114062
-4.66 -0.00341983 0.0027279
-4.65 -0.00422702 0.00454534
-4.64 -0.00413883 0.000592651
-4.63 0.00141521 0.00501794
-4.62 0.000986116 0.00348398
-4.61 0.000643231 -0.000324317
-4.6 -0.00288236 0.00057004
-4.59 -0.00483287 -0.000158091
-4.58 -0.00674783 -0.0034905
-4.57 -0.016233 -0.00290755
-4.56 -0.0101622 -0.00328804
-4.55 -0.0126257 0.00217879
-4.54 -0.0142507 -0.00361833
-4.53 -0.00605791 0.00432595
-4.52 0.00624473 0.00132849
-4.51 0.00844526 -0.000916566
-4.5 0.0126947 0.00712085
-4.49 0.0133738 0.0037526
-4.48 0.015381 0.00447566
-4.47 -0.00302407 -0.00208124
-4.46 0.0053297 -0.00430305
-4.45 -0.00223847 -0.00556807
-4.44 -0.0145703 -0.00802645
-4.43 -0.00955576 -0.00288654
-4.42 -0.00961793 -0.0013309
-4.41 -0.00262388 -0.0103916
-4.4 -0.00229929 -0.00391959
-4.39 0.0125257 -0.00785088
-4.38 0.016239 -0.00158617
-4.37 0.00394386 -0.00389911
-4.36 0.0027795 -0.00870107
-4.35 0.00727737 -0.00729378
-4.34 -0.0276077 -0.0205164
-4.33 -0.0185779 -0.0163563
-4.32 -0.0375486 -0.00902341
-4.31 -0.0383283 -0.0166154
-4.3 -0.0437472 -0.0103923
-4.29 -0.0435105 -0.00829691
-4.28 -0.0264778 -0.00218306
-4.27 -0.0467515 -0.00016385
-4.26 -0.0257409 0.00583121
-4.25 -0.00433614 0.0178465
-4.24 -0.0177216 0.00476718
-4.23 -0.000498075 0.0066258
-4.22 -0.00555352 0.0197865
-4.21 -0.00189566 -0.00140222
-4.2 -0.00462972 0.0189322
-4.19 -0.00941043 0.0120198
-4.18 0.0162249 0.0168617
-4.17 -0.00957864 -0.0048978
-4.16 -0.0242859 0.00632
-4.15 0.00680728 0.00709959
-4.14 -0.0384633 -0.00195547
-4.13 -0.00523 -0.0138898
-4.12 -0.0113411 -0.00754451
-4.11 0.0147936 -0.037398
-4.1 0.0076415 -0.030046
-4.09 0.00610008 -0.00846312
-4.08 0.0399478 -0.0175499
-4.07 0.00794876 -0.0146491
-4.06 0.0119397 -0.029869
-4.05 0.0286527 0.00411174
-4.04 -0.00405665 -0.0215836
-4.03 -0.0126631 0.0125789
-4.02 -0.0221538 0.0134563
-4.01 -0.0472719 0.000592193
-4 -0.0194264 -0.0109124
-3.99 -0.0764406 0.0110116
-3.98 0.00554223 0.00407801
-3.97 -0.0502247 0.012338
-3.96 -0.0368916 0.00527451
-3.95 -0.0241908 0.0103914
-3.94 -0.0591002 -0.00530291
-3.93 -0.0432962 -0.0100913
-3.92 -0.0873605 0.0294666
-3.91 -0.0612772 0.000158677
-3.9 -0.0609647 0.0234699
-3.89 -0.0895214 -0.000695215
-3.88 -0.0351721 0.00355398
-3.87 -0.0395838 -0.00339045
-3.86 -0.081309 -0.00922538
-3.85 7.0593e-05 0.00949445
-3.84 -0.061552 -0.00251499
-3.83 -0.0201748 -0.0210744
-3.82 -0.0877223 -0.0267058
-3.81 -0.0821445 -0.017478
-3.8 -0.0849479 -0.0227121
-3.79 -0.158663 0.00561685
-3.78 -0.083847 0.00571972
-3.77 -0.11474 0.0348372
-3.76 -0.15089 0.0124291
-3.75 -0.0979512 0.062412
-3.74 -0.126935 0.0810441
-3.73 -0.0760429 0.0683258
-3.72 -0.106523 0.0731026
-3.71 -0.119901 0.0651516
-3.7 -0.0968374 0.0562213
-3.69 -0.162368 0.0253429
-3.68 -0.0446187 0.0553407
-3.67 -0.0698937 0.00158649
-3.66 -0.0797055 -0.00945164
-3.65 -0.0436092 -0.0244689
-3.64 -0.09337 0.0156533
-3.63 -0.0444377 -0.000904222
-3.62 0.00790903 -0.00224041
-3.61 -0.0622228 0.00227759
-3.6 0.0163463 -0.0388556
-3.59 -0.127285 -0.037711
-3.58 -0.0464325 -0.032233
-3.57 -0.100119 -0.00237736
-3.56 -0.0372297 -0.0487098
-3.55 0.0183312 -0.00833689
-3.54 -0.0507163 -0.0148366
-3.53 0.0488357 0.0114902
-3.52 0.0436092 0.00175349
-3.51 0.0523075 0.0472796
-3.5 0.175987 0.038147
-3.49 0.132759 0.0168387
-3.48 0.154927 0.0235932
-3.47 0.133932 -0.0138008
-3.46 0.0619712 0.00128314
-3.45 0.136422 -0.0494093
-3.44 -0.0193804 0.00561622
-3.43 0.0687002 -0.00749296
-3.42 -0.00269545 -0.0280964
-3.41 -0.114128 0.0181082
-3.4 0.0298075 0.0565865
-3.39 -0.105449 0.0448469
-3.38 0.0494469 0.0484937
-3.37 2.73518e-05 0.0388574
-3.36 0.0191548 0.0500791
-3.35 0.10237 0.0182981
-3.34 0.0250854 0.0739896
-3.33 0.177086 0.0805095
-3.32 0.130697 -0.00953349
-3.31 0.0495774 0.0024969
-3.3 0.0688417 0.0158677
-3.29 -0.0663135 -0.0233489
-3.28 -0.00545539 0.0308635
-3.27 -0.0164692 0.00559873
-3.26 -0.132917 0.0243775
-3.25 0.0587512 -0.0548338
-3.24 -0.200766 0.0211693
-3.23 -0.00589751 0.0642478
-3.22 -0.0222167 -0.000330522
-3.21 -0.0690851 0.0752702
-3.2 0.0654266 0.037414
-3.19 -0.0838006 0.0345712
-3.18 0.0668684 0.0497292
-3.17 -0.0508517 0.087207
-3.16 -0.0444658 0.0763838
-3.15 0.101402 0.0455035
-3.14 -0.0651868 0.0124606
-3.13 0.00795529 0.10693
-3.12 0.0284632 -0.00779107
-3.11 -0.197055 0.0926022
-3.1 -0.0231583 0.0527938
-3.09 -0.206393 0.0284344
-3.08 -0.0412599 0.0341883
-3.07 -0.176294 0.0327151
-3.06 -0.294036 0.144907
-3.05 -0.0442072 0.0195177
-3.04 -0.343526 0.0829659
-3.03 -0.0425345 0.0866661
-3.02 -0.0865616 0.0462415
-3.01 -0.217562 0.0422908
-3 -0.0913863 0.113112
-2.99 -0.244745 0.0299652
-2.98 -0.0582806 0.0445145
-2.97 -0.0666912 0.0122066
-2.96 -0.143283 0.105557
-2.95 0.0935266 -0.0253344
-2.94 -0.132711 0.0388903
-2.93 0.0909667 0.121436
-2.92 0.17874 0.0497822
-2.91 0.0429846 0.0966449
-2.9 0.303684 0.0699966
-2.89 -0.0309579 0.0898142
-2.88 0.187669 0.0529701
-2.87 0.0668878 0.0908294
-2.86 -0.0738115 0.139904
-2.85 0.181121 0.00410896
-2.84 -0.178525 0.0614273
-2.83 0.0463038 0.0999815
-2.82 -0.14589 0.129994
-2.81 -0.179667 0.120568
-2.8 -0.116708 0.0982719
-2.79 -0.263004 0.13795
-2.78 -0.109442 0.0855149
-2.77 -0.114145 0.118621
-2.76 -0.315847 0.175487
-2.75 0.0696735 0.0995217
-2.74 -0.216143 0.02459
-2.73 0.0864228 0.113988
-2.72 0.0702052 0.0424711
-2.71 -0.0448941 0.131392
-2.7 0.189728 -0.0771684
-2.69 -0.186878 0.147756
-2.68 0.160569 -0.123755
-2.67 -0.0763039 0.0818728
-2.66 -0.116075 0.0253408
-2.65 -0.00614636 0.0428232
-2.64 -0.17952 -0.0445759
-2.63 -0.0638429 0.00347699
-2.62 -0.0307456 0.0643262
-2.61 -0.0821503 0.0654095
-2.6 0.0743153 0.000258222
-2.59 -0.163006 0.0986904
-2.58 0.0669096 -0.0259311
-2.57 -0.0374269 -0.0079548
-2.56 -0.146426 0.172329
-2.55 0.0869335 -0.0346657
-2.54 -0.210942 0.129816
-2.53 -0.0351611 -0.0802093
-2.52 -0.12649 0.106999
-2.51 -0.088274 -0.0374328
-2.5 0.0601437 -0.0577122
-2.49 -0.0811486 -0.0212847
-2.48 0.214588 -0.217278
-2.47 -0.142414 -0.078358
-2.46 -0.120307 -0.120334
-2.45 -0.150631 -0.114885
-2.44 -0.237155 -0.063916
-2.43 -0.172214 -0.107216
-2.42 -0.218537 -0.0633562
-2.41 -0.422284 0.0466574
-2.4 -0.38878 -0.026329
-2.39 -0.482008 0.212311
-2.38 -0.166878 0.0342178
-2.37 -0.229987 0.22466
-2.36 -0.0900874 0.0878943
-2.35 -0.122755 0.0415231
-2.34 -0.221029 0.177586
-2.33 -0.0284899 -0.0396853
-2.32 -0.20239 0.187197
-2.31 -0.195244 0.117976
-2.3 -0.31794 -0.0265761
-2.29 -0.518299 0.110771
-2.28 -0.508776 -0.0709728
-2.27 -0.571748 0.151091
-2.26 -0.395355 0.107039
-2.25 -0.50183 0.158307
-2.24 -0.228422 0.134701
-2.23 -0.10359 -0.0281002
-2.22 -0.0882262 0.174533
-2.21 0.141131 0.161384
-2.2 0.304545 0.123962
-2.19 0.147236 0.342492
-2.18 0.0825639 0.178348
-2.17 -0.0134203 0.318054
-2.16 -0.111198 0.444177
-2.15 -0.226513 0.270995
-2.14 -0.15259 0.556818
-2.13 -0.186115 0.120406
-2.12 -0.588319 0.604253
-2.11 -0.268303 0.0581216
-2.1 -0.391478 0.33261
-2.09 -0.195807 0.0533598
-2.08 -0.20751 -0.0151693
-2.07 -0.222034 -0.109612
-2.06 -0.324969 0.0689862
-2.05 -0.458276 -0.184709
-2.04 -0.23605 0.13335
-2.03 -0.280247 -0.103414
-2.02 -0.309358 0.0800182
-2.01 -0.0933424 -0.106997
-2 -0.0579177 -0.137984
-1.99 0.119848 0.111103
-1.98 0.303619 -0.200874
-1.97 0.131098 0.257849
-1.96 0.401016 -0.0158496
-1.95 0.118006 0.0868815
-1.94 0.176103 0.133218
-1.93 0.247883 0.13484
-1.92 -0.114461 0.285454
-1.91 -0.0578883 0.308197
-1.9 -0.420375 0.156685
-1.89 -0.022906 0.168331
-1.88 -0.279233 -0.0382349
-1.87 -0.0803422 0.080565
-1.86 0.273699 -0.0375856
-1.85 0.0218491 0.0385686
-1.84 0.0758671 0.0780527
-1.83 0.443491 -0.0613931
-1.82 0.0347851 0.203679
-1.81 0.36089 0.207372
-1.8 0.0264847 0.209763
-1.79 0.302383 0.419646
-1.78 -0.16362 0.326792
-1.77 -0.209859 0.504509
-1.76 0.161257 0.31864
-1.75 -0.27171 0.525307
-1.74 -0.0412301 0.403515
-1.73 0.386481 0.229103
-1.72 -0.0648483 0.382264
-1.71 0.546401 0.181369
-1.7 0.197298 0.113561
-1.69 0.58854 0.0825769
-1.68 0.239002 0.0314121
-1.67 0.119895 -0.0771448
-1.66 0.452233 -0.113267
-1.65 -0.100701 -0.0982295
-1.64 0.0489582 -0.0516999
-1.63 0.0120414 -0.264974
-1.62 -0.426523 0.0840249
-1.61 0.287307 -0.141114
-1.6 -0.122755 -0.0886513
-1.59 0.51273 -0.050607
-1.58 0.539684 -0.170923
-1.57 0.149248 0.0586851
-1.56 0.689994 -0.171977
-1.55 0.131639 0.0763283
-1.54 0.349281 -0.218077
-1.53 -0.0772946 -0.089394
-1.52 -0.466379 -0.164653
-1.51 -0.171882 -0.0101114
-1.5 -1.15704 -0.095231
-1.49 -0.383972 0.0788069
-1.48 -0.564716 -0.183001
-1.47 -0.928918 0.160783
-1.46 -0.0978616 -0.109159
-1.45 -0.402425 0.00433866
-1.44 -0.0176838 0.102358
-1.43 0.0249908 0.0208441
-1.42 -0.123684 0.0594793
-1.41 0.215442 -0.00483712
-1.4 -0.686861 0.111186
-1.39 -0.0514545 -0.0183463
-1.38 -0.214354 0.0581697
-1.37 -0.750213 0.367498
-1.36 0.212294 0.0734124
-1.35 -0.57257 0.21532
-1.34 0.00206473 0.251494
-1.33 0.0114413 0.222128
-1.32 0.160302 0.1197
-1.31 0.711234 0.259389
-1.3 0.086962 0.0595012
-1.29 0.374716 -0.0491031
-1.28 0.174958 -0.145306
-1.27 -0.586598 0.174011
-1.26 0.105768 -0.173303
-1.25 -0.568947 -0.0760149
-1.24 -0.321601 0.0556315
-1.23 -0.249103 -0.0838866
-1.22 -0.593096 0.214398
-1.21 0.527211 0.297568
-1.2 -0.13539 0.592976
-1.19 0.534373 0.250079
-1.18 0.740382 0.463235
-1.17 0.298278 0.448815
-1.16 0.808542 0.496374
-1.15 0.283074 0.432385
-1.14 0.531966 0.561565
-1.13 0.0955129 0.341201
-1.12 -0.268866 0.245604
-1.11 0.452517 0.240056
-1.1 -0.18694 0.21819
-1.09 -0.0438098 0.215402
-1.08 0.715711 -0.162232
-1.07 -0.0728546 0.0680468
-1.06 0.605419 -0.268585
-1.05 0.2014 -0.219808
-1.04 0.447387 -0.475061
-1.03 0.105498 -0.280301
-1.02 -0.381358 -0.463716
-1.01 0.271618 -0.49915
-1 -0.8195 -0.095171
-0.99 -0.646908 -0.131087
-0.98 -0.122311 -0.0946763
-0.97 -0.554999 0.0229277
-0.96 0.051605 0.369505
-0.95 0.0240704 0.0421404
-0.94 0.246247 0.471559
-0.93 0.272212 0.514132
-0.92 -0.0678407 0.5161
-0.91 0.591944 0.340283
-0.9 -0.0886801 0.482217
-0.89 -0.360526 0.384861
-0.88 0.00122341 0.0946705
-0.87 -0.785004 0.447651
-0.86 -0.345017 0.385976
-0.85 -0.859931 0.342233
-0.84 -0.452944 0.19964
-0.83 -0.486608 0.338833
-0.82 -0.802316 -0.0431926
-0.81 0.0186348 0.171246
-0.8 -0.410478 -0.0258598
-0.79 -0.558432 0.0619482
-0.78 -0.399771 -0.337211
-0.77 -0.286237 -0.26854
-0.76 -0.704877 -0.148038
-0.75 -0.736308 -0.30306
-0.74 -0.821171 0.132291
-0.73 -0.571432 -0.158453
-0.72 -1.34591 0.21939
-0.71 -0.144574 -0.0282348
-0.7 -0.514997 0.0585303
-0.69 -0.645384 -0.000155506
-0.68 -0.52307 0.024186
-0.67 -0.119201 -0.264489
-0.66 -0.614933 0.0577739
-0.65 -0.520824 -0.158992
-0.64 -0.176833 -0.0948343
-0.63 -0.237348 -0.324291
-0.62 -0.686793 0.167225
-0.61 -0.18776 0.135216
-0.6 -0.06963 0.0205157
-0.59 -0.60763 0.351072
-0.58 -0.296682 0.0144318
-0.57 0.0456382 -0.220437
-0.56 -0.528175 0.0349579
-0.55 -0.66177 -0.0455234
-0.54 -0.232348 0.0156846
-0.53 -0.119836 -0.339796
-0.52 -0.0979228 0.248247
-0.51 0.244407 -0.0735017
-0.5 0.844064 -0.105318
-0.49 0.552099 0.359604
-0.48 0.80465 -0.0054971
-0.47 1.34752 0.059939
-0.46 0.896697 0.1972
-0.45 0.375012 0.378913
-0.44 0.502628 0.148512
-0.43 0.314837 -0.0774734
-0.42 0.201301 0.0867365
-0.41 0.00915896 0.121001
-0.4 0.816716 -0.1308
-0.39 0.330253 0.597712
-0.38 0.478869 -0.223051
-0.37 1.53369 0.0375909
-0.36 1.45457 -0.421754
-0.35 1.52422 0.0281055
-0.34 1.53688 0.277058
-0.33 1.24164 0.064748
-0.32 0.66122 0.521619
-0.31 0.0132163 0.399638
-0.3 0.465351 0.0426107
-0.29 -0.177822 0.407708
-0.28 -0.560028 0.294139
-0.27 0.0430984 0.475152
-0.26 -0.162532 0.114127
-0.25 0.23876 0.406875
-0.24 0.914981 0.521151
-0.23 1.48073 -0.220418
-0.22 1.77208 0.49079
-0.21 1.15021 0.449662
-0.2 1.34936 0.341955
-0.19 0.631643 0.687137
-0.18 -0.0499499 0.778357
-0.17 0.310003 0.742102
-0.16 -0.202396 0.435052
-0.15 -0.0713564 0.517712
-0.14 0.216097 0.962707
-0.13 0.64806 -0.201632
-0.12 1.47787 0.9339
-0.11 1.1997 0.221707
-0.1 1.42602 0.449226
-0.09 0.977343 -0.167035
-0.08 -0.424982 0.116524
-0.07 -0.717741 -0.0941918
-0.06 -2.06498 -0.0553241
-0.05 -2.76816 0.0812389
-0.04 -3.20608 0.674147
-0.03 -3.25604 -0.589608
-0.02 -1.86667 0.047563
-0.01 -1.34199 -0.267089
0 0.498385 -0.0488792
0.01 2.23551 0.198338
0.02 2.80794 -0.206857
0.03 4.07247 0.453654
0.04 3.88206 -0.655762
0.05 3.4105 -0.0932539
0.06 2.54891 0.104521
0.07 1.0716 0.115489
0.08 0.80865 -0.237886
0.09 -1.03229 0.227061
0.1 -1.39107 -0.37237
0.11 -1.43555 -0.103675
0.12 -1.61225 -0.732027
0.13 -0.732841 0.425772
0.14 -0.29686 -0.766789
0.15 0.126414 -0.395669
0.16 0.0975518 -0.261004
0.17 -0.309331 -0.574278
0.18 0.363737 -0.643509
0.19 -0.403147 -0.450588
0.2 -0.724743 -0.254039
0.21 -0.689748 -0.37689
0.22 -1.15643 -0.252756
0.23 -0.691272 0.401112
0.24 -0.346669 -0.21231
0.25 0.570388 -0.210158
0.26 0.507541 0.161073
0.27 0.230668 -0.280081
0.28 0.790628 -0.0548285
0.29 0.0934443 -0.170462
0.3 -0.471169 0.0654794
0.31 -0.309197 -0.398344
0.32 -1.07653 -0.477781
0.33 -1.5589 -0.0813553
0.34 -2.19855 -0.139316
0.35 -1.60555 -0.0956084
0.36 -1.94062 0.397478
0.37 -1.76866 -0.0785183
0.38 -0.54051 0.0758014
0.39 -0.591556 -0.570109
0.4 -0.730357 0.0480327
0.41 0.129769 -0.209567
0.42 0.0278751 -0.167242
0.43 0.127129 0.0219808
0.44 -0.418976 0.00282692
0.45 0.271574 -0.324295
0.46 -0.735531 0.0722449
0.47 -0.858621 0.314808
0.48 -0.135665 0.251417
0.49 -0.375937 -0.0284181
0.5 -0.395189 0.359139
0.51 0.0134353 0.161699
0.52 0.458826 -0.150494
0.53 0.631033 0.269432
0.54 0.342619 -0.136028
0.55 0.915678 -0.257161
0.56 0.141802 -0.296086
0.57 -0.600648 0.0955291
0.58 0.127004 -0.319288
0.59 -0.202485 -0.43649
0.6 -0.216349 -0.178943
0.61 -0.480452 -0.162825
0.62 0.198825 -0.209481
0.63 0.0408583 0.435979
0.64 -0.209427 0.100693
0.65 0.835122 0.0600279
0.66 0.543979 -0.153243
0.67 -0.0282724 0.0936182
0.68 0.670966 -0.264488
0.69 0.311363 -0.198189
0.7 0.415228 -0.386841
0.71 -0.190551 -0.278037
0.72 0.931384 -0.521946
0.73 0.545835 -0.0179882
0.74 0.3008 -0.0962923
0.75 1.13517 0.22025
0.76 0.801999 0.251468
0.77 0.239702 0.351309
0.78 0.683067 0.319863
0.79 0.420435 0.0185852
0.8 0.365394 -0.0436262
0.81 -0.160391 -0.179867
0.82 0.54728 -0.1756
0.83 0.472705 -0.427091
0.84 -0.200688 -0.221645
0.85 0.821389 -0.486238
0.86 0.156992 -0.306234
0.87 0.342492 -0.235065
0.88 0.136886 0.212387
0.89 0.323582 -0.00599517
0.9 -0.0113993 0.117063
0.91 -0.598272 0.17334
0.92 -0.051473 0.0190062
0.93 -0.0964491 0.0488801
0.94 -0.433801 0.069049
0.95 0.202816 0.146936
0.96 0.180648 -0.0829926
0.97 0.325229 0.130909
0.98 0.431824 0.0933221
0.99 0.577567 0.0915134
1 0.888018 0.0219267
1.01 -0.141564 0.419886
1.02 0.633897 0.285544
1.03 0.407769 0.405559
1.04 -0.080748 0.374177
1.05 0.399503 0.173297
1.06 0.355926 0.102659
1.07 0.603893 -0.032553
1.08 0.303285 0.157506
1.09 0.827223 -0.180064
1.1 1.0225 -0.150149
1.11 0.29854 -0.230347
1.12 0.898341 -0.181912
1.13 0.55737 -0.193809
1.14 -0.235609 -0.155509
1.15 -0.0377914 -0.210751
1.16 -0.106819 -0.158823
1.17 -0.178577 -0.218468
1.18 -0.407277 -0.045084
1.19 -0.298906 -0.0981923
1.2 0.0135329 -0.305694
1.21 -0.527566 -0.248418
1.22 0.611411 -0.150672
1.23 0.535386 -0.0356087
1.24 0.46425 0.00958163
1.25 0.829646 0.0606787
1.26 0.538775 0.0842123
1.27 0.948578 -0.139129
1.28 0.364926 0.283977
1.29 0.554591 0.122646
1.3 0.311972 0.22833
1.31 -0.265778 -0.0641108
1.32 -0.0282528 0.0572707
1.33 0.0503009 -0.181922
1.34 -0.223446 -0.134607
1.35 0.20339 -0.224519
1.36 -0.132566 -0.187302
1.37 0.437428 -0.405619
1.38 0.00927242 -0.073939
1.39 0.204567 -0.0732215
1.4 0.499304 -0.148133
1.41 -0.182509 -0.188559
1.42 0.126536 -0.163943
1.43 -0.174707 -0.172487
1.44 -0.207441 -0.142616
1.45 -0.242686 -0.019992
1.46 -0.0342961 -0.0780896
1.47 0.377729 -0.214259
1.48 0.0837544 0.0213928
1.49 0.282384 -0.0558943
1.5 0.631289 0.035479
1.51 0.063108 -0.0497644
1.52 0.211621 0.040584
1.53 0.108318 -0.0465247
1.54 -0.415795 -0.0521372
1.55 -0.547842 -0.00612224
1.56 -0.837851 0.050143
1.57 -0.661439 0.049494
1.58 -1.16307 0.197558
1.59 -0.683172 0.203084
1.6 -0.403057 0.248755
1.61 -0.53395 0.292613
1.62 0.0304104 0.184625
1.63 -0.0916442 0.366725
1.64 0.0397645 0.116403
1.65 0.0182162 0.176888
1.66 0.0150069 0.0854173
1.67 0.0837479 0.144
1.68 -0.240285 0.0543744
1.69 -0.201903 0.000834675
1.7 -0.186192 -0.00679338
1.71 -0.459257 -0.104752
1.72 0.104532 -0.147794
1.73 -0.214252 0.106981
1.74 0.263687 -0.0358924
1.75 0.299443 -0.0973112
1.76 0.353721 -0.0369139
1.77 0.672336 0.0282201
1.78 0.359211 0.016032
1.79 0.335973 0.116991
1.8 0.243165 0.120262
1.81 -0.0265547 -0.0237676
1.82 0.271098 -0.0600057
1.83 -0.308669 0.206715
1.84 -0.0394334 0.0516151
1.85 -0.329058 0.177452
1.86 -0.383218 0.131655
1.87 0.0960767 0.174627
1.88 -0.0333408 0.13185
1.89 0.29158 0.190592
1.9 0.257482 0.181502
1.91 0.133965 -0.0212363
1.92 0.230188 0.025738
1.93 -0.158656 0.0487724
1.94 -0.00424682 -0.0104726
1.95 -0.269229 0.0519564
1.96 -0.405105 0.013646
1.97 -0.135179 -0.0135712
1.98 -0.685088 0.156713
1.99 -0.249219 0.119897
2 -0.423898 0.219442
2.01 -0.401204 0.163503
2.02 0.000452686 0.102097
2.03 -0.108712 0.112519
2.04 0.0108571 0.0196333
2.05 -0.181086 0.174426
2.06 -0.169251 -0.0619396
2.07 -0.260736 0.181736
2.08 -0.532678 0.119358
2.09 -0.197171 -0.00619205
2.1 -0.442381 0.0345102
2.11 -0.637017 -0.0481816
2.12 -0.281898 -0.176125
2.13 -0.61876 -0.0376235
2.14 -0.408373 -0.113104
2.15 -0.463574 -0.105805
2.16 -0.265096 -0.242556
2.17 -0.473268 -0.0155643
2.18 -0.508728 0.0271753
2.19 -0.302098 -0.0849314
2.2 -0.536735 0.240869
2.21 -0.559149 -0.0267816
2.22 -0.424356 -0.00587515
2.23 -0.432467 0.0830155
2.24 -0.375559 -0.020243
2.25 -0.264929 -0.0107765
2.26 -0.269949 -0.120691
2.27 -0.341284 0.0820898
2.28 -0.534209 0.0325346
2.29 -0.25537 0.035539
2.3 -0.492273 0.247573
2.31 -0.294811 0.0340907
2.32 -0.327336 0.094997
2.33 -0.150291 0.171084
2.34 -0.241478 0.0235514
2.35 -0.160239 0.121413
2.36 -0.0332304 -0.0867459
2.37 0.0667398 -0.0116775
2.38 -0.026025 -0.0634727
2.39 0.130864 -0.165192
2.4 -0.0407085 0.0460402
2.41 -0.0978296 -0.174746
2.42 -0.147957 0.0243503
2.43 0.0302498 -0.013971
2.44 -0.0115145 -0.043875
2.45 -0.0527115 0.0872236
2.46 0.127487 -0.161836
2.47 0.100589 0.0130188
2.48 -0.0325096 0.0345121
2.49 0.137067 -0.106406
2.5 0.118421 0.068221
2.51 0.048717 -0.097799
2.52 0.00478813 -0.0399338
2.53 0.0895958 -0.0165001
2.54 -0.0654786 -0.0129138
2.55 -0.146061 0.162827
2.56 -0.00962307 -0.0839522
2.57 -0.0546691 0.171112
2.58 -0.177382 0.142925
2.59 0.0202802 -0.0738162
2.6 0.0883408 0.154095
2.61 0.0288986 -0.0492477
2.62 0.148462 0.011683
2.63 0.123313 -0.0498675
2.64 0.174435 -0.000569332
2.65 0.0676638 -0.0129176
2.66 0.158733 -0.118063
2.67 0.025376 0.0433746
2.68 -0.147093 0.14309
2.69 -0.207586 -0.0912905
2.7 -0.20045 0.169208
2.71 -0.250543 -0.138246
2.72 -0.128089 -0.0595245
2.73 -0.0881398 -0.158728
2.74 0.023502 -0.153316
2.75 0.0196412 -0.145826
2.76 0.16889 -0.346124
2.77 0.211183 -0.20977
2.78 0.156235 -0.171928
2.79 0.0856762 -0.168673
2.8 0.099231 0.0103496
2.81 -0.134556 -0.112376
2.82 -0.0208491 -0.0161517
2.83 -0.255082 -0.0161411
2.84 -0.153036 -0.0329724
2.85 -0.367783 0.14877
2.86 -0.178449 -0.139868
2.87 -0.165128 -0.0515759
2.88 -0.122038 -0.0436547
2.89 -0.138163 -0.0672939
2.9 -0.00416984 0.0344165
2.91 -0.158424 0.0102034
2.92 -0.0198387 0.0716838
2.93 -0.11112 -0.0164378
2.94 -0.0604515 -0.0133702
2.95 -0.173464 0.156002
2.96 -0.161556 -0.0726631
2.97 -0.0472317 0.0447947
2.98 -0.195378 0.0384407
2.99 0.0284135 -0.0624883
3 0.0746242 -0.0578237
3.01 0.152501 -0.0884933
3.02 0.201267 -0.0158244
3.03 0.255449 -0.0402187
3.04 0.228324 -0.0305431
3.05 0.217902 0.0988364
3.06 0.0881603 -0.127742
3.07 0.142818 -0.0208683
3.08 -0.128888 0.0187422
3.09 -0.134662 -0.00947133
3.1 -0.174475 0.0409724
3.11 -0.209413 -0.0584146
3.12 -0.170409 -0.0100346
3.13 -0.191838 -0.0713189
3.14 -0.0642671 -0.0600725
3.15 -0.0888272 0.0331906
3.16 -0.06854 -0.0934327
3.17 0.126827 -0.0631537
3.18 -0.0347311 -0.000600364
3.19 -0.0458244 0.00937662
3.2 -0.0466185 0.0866997
3.21 -0.163153 -0.00718411
3.22 -0.189226 0.107927
3.23 -0.237759 0.0379783
3.24 -0.185492 0.0281748
3.25 -0.264766 0.164292
3.26 -0.300481 0.063815
3.27 -0.105132 0.0354877
3.28 -0.153517 0.0502808
3.29 -0.0949531 0.0114257
3.3 0.0501194 0.00910528
3.31 -0.000804542 -0.0530455
3.32 -0.00418607 0.0305063
3.33 -0.0315766 -0.0154347
3.34 -0.0150899 -0.0988647
3.35 -0.0994962 0.0166795
3.36 -0.197 -0.0935777
3.37 -0.0995606 -0.0537955
3.38 -0.205641 0.0232074
3.39 -0.164674 0.0289362
3.4 -0.0473642 0.0409598
3.41 0.0284645 -0.0300524
3.42 0.0810354 0.0101005
3.43 0.141581 0.0172042
3.44 0.174751 -0.0504416
3.45 0.184062 0.0968225
3.46 0.0810082 -0.0343813
3.47 0.110456 0.0175088
3.48 -0.0677694 0.0205815
3.49 -0.152171 0.0290703
3.5 -0.190557 0.107379
3.51 -0.201747 0.0243764
3.52 -0.197334 0.0938079
3.53 -0.170502 0.0788627
3.54 -0.110224 0.0213859
3.55 -0.0119166 0.0834337
3.56 -0.0045572 0.0217476
3.57 0.119689 0.0109424
3.58 0.0986267 0.00914316
3.59 0.0770724 -0.0242467
3.6 0.0220078 0.0707054
3.61 -0.0310267 -0.0453231
3.62 -0.0757115 0.0414242
3.63 -0.155328 0.0315328
3.64 -0.116483 -0.0496751
3.65 -0.14671 0.0224552
3.66 -0.115504 -0.00504825
3.67 -0.0978764 0.0238894
3.68 -0.0125919 0.00830348
3.69 -0.0277585 -0.0110287
3.7 0.0304394 0.0177912
3.71 0.0208376 -0.0900318
3.72 0.0316739 -0.0242691
3.73 -0.0423545 -0.00522331
3.74 -0.0520398 -0.0560789
3.75 -0.0955457 -0.0381334
3.76 -0.144974 -0.0630751
3.77 -0.147707 -0.0624421
3.78 -0.14815 -0.0334999
3.79 -0.152223 -0.0239679
3.8 -0.153519 0.0461464
3.81 -0.101277 -0.0291542
3.82 -0.0771114 0.0156946
3.83 -0.076117 0.0336747
3.84 -0.0459083 -0.000515469
3.85 -0.0352138 0.0141937
3.86 -0.0521997 -0.0203175
3.87 -0.0547505 0.00343723
3.88 -0.0519895 -0.0250367
3.89 -0.0959841 -0.00160185
3.9 -0.0991502 0.0162208
3.91 -0.107811 0.000907172
3.92 -0.0609218 -0.000186095
3.93 -0.0627538 0.0521106
3.94 -0.0244132 0.0353146
3.95 -0.00486453 0.0477715
3.96 -0.0190748 0.0368999
3.97 0.00406856 0.0439584
3.98 -0.00173721 0.0154286
3.99 0.0169329 0.00492093
4 -0.0197161 0.0156773
4.01 -0.029846 -0.0123425
4.02 -0.0461276 -0.0172722
4.03 -0.0589534 -0.0101571
4.04 -0.0576233 0.00223735
4.05 -0.030263 -0.021711
4.06 -0.018113 -0.0100998
4.07 -0.00475023 0.00650365
4.08 0.00950689 -0.00158568
4.09 0.013181 -0.000556183
4.1 0.0277423 0.0113703
4.11 -0.000134325 0.00913253
4.12 0.0283516 -0.0155829
4.13 -0.0111087 0.000661873
4.14 -0.0130266 -0.0122355
4.15 -0.0338684 -0.0267793
4.16 -0.0308633 -0.0247461
4.17 -0.0593 0.00428877
4.18 -0.0528787 -0.00930178
4.19 -0.0625247 -0.00220427
4.2 -0.053841 -0.00196205
4.21 -0.059854 0.00628016
4.22 -0.0247756 -0.00127299
4.23 -0.0208182 0.0201008
4.24 -0.023888 0.0291273
4.25 0.00785075 -0.00448884
4.26 -0.0107014 0.00374871
4.27 0.010717 0.00567977
4.28 -0.00109233 0.000933546
4.29 0.00807337 0.00756194
4.3 -0.0120659 0.0101367
4.31 -0.0183284 0.0108332
4.32 -0.0271761 0.00169656
4.33 -0.0353408 0.0139428
4.34 -0.0439139 0.0239434
4.35 -0.0310647 0.00572673
4.36 -0.0420695 0.0127072
4.37 -0.0309986 0.00872529
4.38 -0.0304378 0.00152417
4.39 -0.0332875 0.0044631
4.4 -0.0221581 0.00267435
4.41 -0.0300618 0.00674401
4.42 -0.0210262 -0.00291474
4.43 -0.0243848 -0.00416211
4.44 -0.0229026 0.00791319
4.45 -0.0234671 -0.00119005
4.46 -0.0294762 0.00985866
4.47 -0.0217408 0.0120329
4.48 -0.0183064 0.0107802
4.49 -0.0185611 0.00682829
4.5 -0.00682221 0.00579929
4.51 -0.012385 0.0130426
4.52 -0.00684319 0.00739234
4.53 -0.00169796 0.00684811
4.54 -0.00382455 0.013049
4.55 -0.00149295 -0.000405419
4.56 -0.00623174 0.00132537
4.57 -0.00467742 0.00214141
4.58 -0.00813201 0.0031907
4.59 -0.0125852 0.000381554
4.6 -0.00755744 0.000736859
4.61 -0.0158142 0.00252492
4.62 -0.00809949 -0.00262333
4.63 -0.00754113 -0.00255184
4.64 -0.00805484 0.0042059
4.65 -0.00389152 -0.00355958
4.66 -0.00664317 -0.0005409
4.67 -0.00382028 -0.00145072
4.68 -0.00368011 -0.00157519
4.69 -0.00395801 -0.0024437
4.7 -0.00352029 -0.00172678
4.71 -0.00663398 0.000371321
4.72 -0.00491214 -0.00186114
4.73 -0.00559472 -0.000739613
4.74 -0.00636509 0.00228773
4.75 -0.00232857 0.000910964
4.76 -0.00531017 0.00319093
4.77 -0.00196917 0.00278625
4.78 -0.00125733 0.00198304
4.79 -0.00204492 0.00167351
4.8 -0.00051252 0.000838858
4.81 -0.00203059 0.00192484
4.82 -0.00104477 0.000667608
4.83 -0.00238904 0.000383884
4.84 -0.00213347 0.000541409
4.85 -0.0019866 3.95487e-05
4.86 -0.00271699 0.000480389
4.87 -0.00149342 0.000533106
4.88 -0.00104462 0.000544867
4.89 -0.000886397 0.000593601
4.9 -3.68841e-05 7.00317e-05
4.91 -3.66187e-05 0.000375318
4.92 0.000177458 5.64504e-05
4.93 0.0001114 -3.86879e-05
4.94 -8.4374e-07 7.67151e-05
4.95 7.19423e-06 -7.66354e-06
4.96 -0.000132049 -6.48951e-06
4.97 -3.93841e-05 4.72112e-07
4.98 -3.68416e-05 1.08942e-06
4.99 -1.12209e-05 2.22587e-06
0.24 -0.259179 0.423301
0.48 0.111347 0.28679
0.72 0.502008 0.11434
0.96 0.72867 -0.0400372
1.2 0.72464 -0.139751
1.44 0.550836 -0.175626
1.68 0.322208 -0.160637
1.92 0.120713 -0.1164
2.16 -0.038044 -0.0611346
2.4 -0.173524 -0.00484245
2.64 -0.288173 0.0486378
2.88 -0.346807 0.0966204
3.12 -0.302581 0.133617
3.36 -0.141321 0.150778
3.6 0.0962888 0.139228
3.84 0.332031 0.095945
4.08 0.491522 0.0289736
4.32 0.539429 -0.0420007
4.56 0.488361 -0.0918002
4.8 0.382241 -0.100461
5.04 0.269508 -0.0626284
5.28 0.182727 0.0100652
5.52 0.133245 0.0949116
5.76 0.119286 0.168253
6 0.138221 0.213699
6.24 0.191744 0.22489
6.48 0.278153 0.203721
6.72 0.377289 0.157321
6.96 0.44311 0.0959344
7.2 0.417165 0.0312862
7.44 0.261308 -0.0259533
7.68 -0.0100268 -0.0694754
7.92 -0.323075 -0.0993189
8.16 -0.574217 -0.120555
8.4 -0.680941 -0.139083
8.64 -0.62268 -0.157376
8.88 -0.445329 -0.173116
9.12 -0.227866 -0.181264
9.36 -0.0351017 -0.17753
9.6 0.111459 -0.160589
9.84 0.227643 -0.13204
10.08 0.334696 -0.0952366
10.32 0.428827 -0.0546484
10.56 0.476956 -0.0161595
10.8 0.442345 0.012856
11.04 0.319862 0.0250581
11.28 0.151942 0.016208
11.52 0.00984562 -0.01201
11.76 -0.0488523 -0.0515758
12 -0.0164241 -0.090832
12.24 0.0619816 -0.118825
12.48 0.121024 -0.128704
12.72 0.119601 -0.118449
12.96 0.0649996 -0.0893509
13.2 0.00136433 -0.0442912
13.44 -0.0256038 0.0123607
13.68 0.000274584 0.0733466
13.92 0.0598574 0.127652
14.16 0.117352 0.162346
14.4 0.145106 0.167283
14.64 0.136149 0.140201
14.88 0.100182 0.088721
15.12 0.0523059 0.0274265
15.36 0.00557838 -0.0285333
15.6 -0.0297618 -0.0694652
15.84 -0.0454669 -0.0932941
16.08 -0.0376005 -0.103294
16.32 -0.0104538 -0.104006
16.56 0.0235271 -0.0989044
16.8 0.0502697 -0.0913036
17.04 0.0626924 -0.0866554
17.28 0.0640503 -0.0926357
17.52 0.0629229 -0.115104
17.76 0.0642297 -0.152031
18 0.064133 -0.190535
18.24 0.0530735 -0.21115
18.48 0.0240765 -0.198406
18.72 -0.0206931 -0.151245
18.96 -0.0702094 -0.0855705
19.2 -0.111092 -0.0260323
19.44 -0.135295 0.00807256
19.68 -0.143814 0.0132502
19.92 -0.144609 0.00160574
20.16 -0.146762 -0.00905223
20.4 -0.154698 -0.00683868
20.64 -0.165652 0.00910808
20.88 -0.171389 0.031994
21.12 -0.162873 0.0540887
21.36 -0.135108 0.070195
21.6 -0.089452 0.0761865
21.84 -0.0323432 0.0668804
22.08 0.0283223 0.0382109
22.32 0.0865378 -0.00674014
22.56 0.139162 -0.0541592
22.8 0.184497 -0.0843672
23.04 0.22035 -0.0839247
23.28 0.243686 -0.0560761
23.52 0.252414 -0.0202188
23.76 0.24793 0.00065247
24 0.2363 -0.00454418
24.24 0.226931 -0.0284876
24.48 0.22912 -0.0527094
24.72 0.248053 -0.0620753
24.96 0.281865 -0.0544739
25.2 0.320982 -0.0385389
25.44 0.350415 -0.0228542
25.68 0.354963 -0.00707103
25.92 0.325987 0.0170865
26.16 0.266884 0.0561775
26.4 0.193813 0.105679
26.64 0.129964 0.149513
26.88 0.0954567 0.169514
27.12 0.0983252 0.157761
27.36 0.132177 0.122509
27.6 0.182007 0.0834664
27.84 0.233895 0.0598799
28.08 0.281391 0.0595291
28.32 0.324088 0.0753377
28.56 0.360387 0.0908126
28.8 0.381673 0.0900099
29.04 0.374222 0.0657184
29.28 0.328586 0.021623
29.52 0.249182 -0.0315628
29.76 0.155571 -0.082505
30 0.0730086 -0.123899
30.24 0.0185249 -0.153057
30.48 -0.00727067 -0.169316
30.72 -0.0167787 -0.171254
30.96 -0.023734 -0.156383
31.2 -0.0330069 -0.123683
31.44 -0.0398362 -0.0767975
31.68 -0.038053 -0.0250196
31.92 -0.0290905 0.0192549
32.16 -0.0231083 0.0454029
32.4 -0.0307161 0.0489165
32.64 -0.0523058 0.0327833
32.88 -0.0745128 0.00544589
33.12 -0.0776637 -0.0231187
33.36 -0.0490701 -0.0449509
33.6 0.00775196 -0.055825
33.84 0.0746032 -0.0551001
34.08 0.129217 -0.044684
34.32 0.156895 -0.0281436
34.56 0.15543 -0.0103021
34.8 0.13165 0.00310621
35.04 0.094219 0.00641138
35.28 0.0488726 -0.00414359
35.52 -0.00127508 -0.0282896
35.76 -0.0525132 -0.0606184
36 -0.098417 -0.0916431
36.24 -0.130918 -0.111205
36.48 -0.143482 -0.112945
36.72 -0.133911 -0.0975186
36.96 -0.105344 -0.0724519
37.2 -0.0656756 -0.0482124
37.44 -0.0260735 -0.0323525
37.68 0.00154118 -0.0251329
37.92 0.00847328 -0.0195264
38.16 -0.00611837 -0.00596568
38.4 -0.0326617 0.0209461
38.64 -0.0536763 0.0581024
38.88 -0.0517885 0.0949379
39.12 -0.0196651 0.119299
39.36 0.0341527 0.124283
39.6 0.0879937 0.111601
39.84 0.11783 0.0895677
40.08 0.110186 0.067618
40.32 0.0693551 0.0513415
40.56 0.0142754 0.0410691
40.8 -0.033125 0.0341254
41.04 -0.0606379 0.0284128
41.28 -0.0712506 0.0246698
41.52 -0.0779641 0.0261962
41.76 -0.0919687 0.0365182
42 -0.112929 0.0563339
42.24 -0.128593 0.0812523
42.48 -0.124145 0.101781
42.72 -0.0946531 0.106507
42.96 -0.0517966 0.0878286
43.2 -0.0200327 0.0472467
43.44 -0.0240507 -0.00382215
43.68 -0.0741625 -0.0497063
43.92 -0.156891 -0.0798448
44.16 -0.235691 -0.0953181
44.4 -0.263402 -0.107035
44.64 -0.203928 -0.126131
44.88 -0.055289 -0.153662
45.12 0.138662 -0.177913
45.36 0.299589 -0.181922
45.6 0.350186 -0.155644
45.84 0.258081 -0.103474
46.08 0.0611041 -0.041758
46.32 -0.146809 0.0110493
46.56 -0.265908 0.0437854
46.8 -0.247588 0.055474
47.04 -0.120494 0.0518673
47.28 0.0324988 0.0404726
47.52 0.130571 0.0282081
47.76 0.145069 0.0215498
48 0.109484 0.0261226
48.24 0.0856584 0.0440439
48.48 0.114223 0.0710232
48.72 0.18616 0.096858
48.96 0.253448 0.110468
49.2 0.266593 0.106337
49.44 0.209096 0.0875101
49.68 0.105244 0.062926
49.92 -0.000103626 0.0414348
50.16 -0.0714296 0.0271798
50.4 -0.100604 0.0192369
50.64 -0.10375 0.0145485
50.88 -0.103652 0.0108645
51.12 -0.112431 0.00737607
51.36 -0.125698 0.00350383
51.6 -0.129466 -0.00197961
51.84 -0.112724 -0.0100686
52.08 -0.076323 -0.0196056
52.32 -0.0327725 -0.0263803
52.56 0.00197687 -0.0246723
52.8 0.0186257 -0.0107321
53.04 0.0195031 0.0139052
53.28 0.0151645 0.0415627
53.52 0.0153087 0.0610347
53.76 0.0208926 0.0627627
54 0.0235336 0.0440548
54.24 0.01278 0.0113935
54.48 -0.0143677 -0.0219519
54.72 -0.049253 -0.0422847
54.96 -0.0761776 -0.0425483
55.2 -0.0824244 -0.0259656
55.44 -0.0661386 -0.00387901
55.68 -0.0364724 0.0110232
55.92 -0.00663665 0.0118917
56.16 0.01431 0.000833715
56.4 0.0250931 -0.0137331
56.64 0.0300121 -0.0232968
56.88 0.0343415 -0.0246116
57.12 0.0415747 -0.0207303
57.36 0.053579 -0.0175298
57.6 0.0713232 -0.0187078
57.84 0.0937611 -0.0230287
58.08 0.11557 -0.0256383
58.32 0.127125 -0.0221609
58.56 0.118985 -0.0123241
58.8 0.0887949 -0.00039583
59.04 0.0450611 0.00777331
59.28 0.00359079 0.0087582
59.52 -0.0219417 0.00356823
59.76 -0.0285827 -0.00376236
60 -0.0251736 -0.00974566
60.24 -0.024973 -0.0142514
60.48 -0.035606 -0.0202635
60.72 -0.0541052 -0.0307137
60.96 -0.0704258 -0.0448763
61.2 -0.0759224 -0.0572693
61.44 -0.0697021 -0.0602289
61.68 -0.0582188 -0.0486443
61.92 -0.0493647 -0.0237236
62.16 -0.0464535 0.00676382
62.4 -0.0467196 0.0320419
62.64 -0.0446418 0.0435822
62.88 -0.0366226 0.0390274
63.12 -0.0232784 0.0227179
63.36 -0.0083286 0.00283989
63.6 0.0041111 -0.0129188
63.84 0.0114393 -0.0207292
64.08 0.0128192 -0.0213774
64.32 0.00860949 -0.0184651
64.56 0.000110924 -0.0155309
64.8 -0.0102164 -0.0139612
65.04 -0.0188448 -0.0127903
65.28 -0.0222281 -0.0101475
65.52 -0.0184897 -0.00509126
65.76 -0.00865048 0.00149128
66 0.00356175 0.00742984
66.24 0.013366 0.0107161
66.48 0.0171618 0.0107623
66.72 0.0141396 0.00864832
66.96 0.00646 0.00630661
67.2 -0.00201894 0.00528651
67.44 -0.007749 0.00590661
67.68 -0.0091642 0.00724257
67.92 -0.00715339 0.00782911
68.16 -0.0041532 0.00656358
68.4 -0.00249188 0.00327338
68.64 -0.00304663 -0.00131102
68.88 -0.00501628 -0.00605901
69.12 -0.0068182 -0.0100499
69.36 -0.00735837 -0.0129173
69.6 -0.00674738 -0.0147773
69.84 -0.00603379 -0.0158755
70.08 -0.00627805 -0.0162578
70.32 -0.00771833 -0.0157026
70.56 -0.00961353 -0.0139352
70.8 -0.0107891 -0.0109382
71.04 -0.0104167 -0.00713021
71.28 -0.00846564 -0.00330984
71.52 -0.00557062 -0.000415318
71.76 -0.00249772 0.000776766
72 0.000359697 -8.44037e-05
72.24 0.0030945 -0.00275729
72.48 0.00595807 -0.00640198
72.72 0.0088625 -0.00980045
72.96 0.0111084 -0.0117928
73.2 0.0115907 -0.0117666
73.44 0.00941895 -0.0099292
73.68 0.00460201 -0.00716772
73.92 -0.00163923 -0.0045502
74.16 -0.00719281 -0.00277605
74.4 -0.00993111 -0.00192531
74.64 -0.00873527 -0.00163757
74.88 -0.00413307 -0.0015354
75.12 0.00183043 -0.00154454
75.36 0.0064849 -0.0018774
75.6 0.00776439 -0.00273321
75.84 0.00513821 -0.00399111
76.08 -0.000244458 -0.00516298
76.32 -0.00623966 -0.00565684
76.56 -0.0107971 -0.00516147
76.8 -0.0128314 -0.00387844
77.04 -0.0124543 -0.00244489
77.28 -0.0105778 -0.00160403
77.52 -0.00825631 -0.00183433
77.76 -0.00618875 -0.00314755
78 -0.00458951 -0.00513588
78.24 -0.00335081 -0.00719541
78.48 -0.0022836 -0.00877915
78.72 -0.00127155 -0.00956595
78.96 -0.000302347 -0.00951533
79.2 0.000575258 -0.00883424
79.44 0.00131649 -0.00788041
79.68 0.00194098 -0.00701177
79.92 0.00256563 -0.00641624
80.16 0.00337633 -0.00601343
80.4 0.00452271 -0.00552709
80.64 0.00598117 -0.0047212
80.88 0.0074907 -0.00363222
81.12 0.00865698 -0.00257635
81.36 0.00921813 -0.00187381
81.6 0.00932439 -0.00151138
81.84 0.00960875 -0.00109424
82.08 0.0109048 -0.000230033
82.32 0.0136935 0.000931458
82.56 0.0176049 0.00152424
82.8 0.0213693 0.000452812
83.04 0.0233902 -0.00273701
83.28 0.02268 -0.00729745
83.52 0.0195648 -0.0115577
83.76 0.015613 -0.013908
84 0.0127443 -0.0137629
84.24 0.0120847 -0.0117943
84.48 0.0133754 -0.00934043
84.72 0.0153665 -0.00753838
84.96 0.0168743 -0.00681966
85.2 0.0176678 -0.0069483
85.44 0.0185034 -0.00729332
85.68 0.0203412 -0.00701994
85.92 0.0234244 -0.00527269
86.16 0.0269409 -0.00164374
86.4 0.0294097 0.00311924
86.64 0.0293264 0.00680882
86.88 0.0255344 0.00659358
87.12 0.017272 0.000926625
87.36 0.00431129 -0.00869627
87.6 -0.012508 -0.0177393
87.84 -0.0306796 -0.0209757
88.08 -0.0461525 -0.0159321
88.32 -0.0546356 -0.00501109
88.56 -0.0535618 0.00549386
88.8 -0.0434365 0.00914109
89.04 -0.0275467 0.00343064
89.28 -0.010197 -0.00854088
89.52 0.00525137 -0.019992
89.76 0.0172138 -0.0246142
90 0.0253304 -0.0201944
90.24 0.0294689 -0.00944239
90.48 0.0294448 0.00223368
90.72 0.0257058 0.0102673
90.96 0.0201039 0.0134065
91.2 0.0156548 0.0137153
91.44 0.0151022 0.0144603
91.68 0.0192758 0.0175394
91.92 0.026534 0.0221776
92.16 0.0337368 0.0255733
92.4 0.0379822 0.0248423
92.64 0.0378601 0.0188828
92.88 0.0335639 0.00903183
93.12 0.0261953 -0.00169303
93.36 0.0170767 -0.0100976
93.6 0.00752261 -0.014111
93.84 -0.00113094 -0.0133071
94.08 -0.00766482 -0.00867859
94.32 -0.0113504 -0.0020557
94.56 -0.012198 0.00448911
94.8 -0.0107719 0.00915441
95.04 -0.00774095 0.0108606
95.28 -0.00365402 0.00955838
95.52 0.000844382 0.00619588
95.76 0.00474314 0.00224529
96 0.00693877 -0.00100301
96.24 0.00711151 -0.00293971
96.48 0.00643137 -0.00360698
96.72 0.00713692 -0.00324286
96.96 0.0108927 -0.00187082
97.2 0.0170792 0.000644312
97.44 0.0225768 0.00411687
97.68 0.0235806 0.00764911
97.92 0.0182557 0.00984931
98.16 0.0081553 0.00966114
98.4 -0.00281549 0.00719544
98.64 -0.0111076 0.00383107
98.88 -0.0157183 0.00139566
99.12 -0.0181336 0.00101533
99.36 -0.0202661 0.00253672
99.6 -0.0223653 0.00494988
99.84 -0.0228188 0.00736892
100.08 -0.0199623 0.00964754
100.32 -0.0141295 0.0120834
100.56 -0.00791924 0.0145655
100.8 -0.00428876 0.0160889
101.04 -0.00409061 0.015235
101.28 -0.00524092 0.0112747
101.52 -0.00431363 0.00490887
101.76 0.000736536 -0.00204465
102 0.00895842 -0.00773953
102.24 0.0171363 -0.0111955
102.48 0.0221186 -0.0123056
102.72 0.0227588 -0.0112169
102.96 0.0199955 -0.00798414
103.2 0.0152959 -0.00300722
103.44 0.0090415 0.00226974
103.68 0.000365524 0.00550302
103.92 -0.0113798 0.00491554
104.16 -0.0247453 0.00118524
104.4 -0.0354974 -0.00196909
104.64 -0.0378903 0.000435368
104.88 -0.027347 0.0112322
105.12 -0.00311075 0.028273
105.36 0.0305437 0.0443404
105.6 0.0652045 0.0503321
105.84 0.0910294 0.0401615
106.08 0.100253 0.0146627
106.32 0.0902004 -0.0177977
106.56 0.0646283 -0.0446327
106.8 0.0327226 -0.0548626
107.04 0.00583794 -0.0445799
107.28 -0.00697996 -0.0190387
107.52 -0.00289987 0.0101239
107.76 0.0132625 0.0313176
108 0.0311057 0.0393995
108.24 0.0395215 0.0379476
108.48 0.0320482 0.0357269
108.72 0.00983022 0.0396611
108.96 -0.0194506 0.0493514
109.2 -0.0459052 0.0573171
109.44 -0.062263 0.0549397
109.68 -0.06631 0.0396425
109.92 -0.0599839 0.0177025
110.16 -0.046655 0.000364302
110.4 -0.0291961 -0.00388308
110.64 -0.010244 0.00497723
110.88 0.00629452 0.0189958
111.12 0.0148252 0.0283315
111.36 0.0101537 0.0280755
111.6 -0.00894987 0.0207781
111.84 -0.0375287 0.0132905
112.08 -0.0658014 0.0109209
112.32 -0.0837395 0.0135846
112.56 -0.0859768 0.0165626
112.8 -0.0738477 0.0147022
113.04 -0.053485 0.00647165
113.28 -0.0317348 -0.00510726
113.52 -0.0129327 -0.014893
113.76 0.00154812 -0.0191806
114 0.0114825 -0.0177037
114.24 0.0159006 -0.0129946
114.48 0.0130094 -0.00808371
114.72 0.00199931 -0.00447896
114.96 -0.0149321 -0.00174347
115.2 -0.032289 0.0014339
115.44 -0.0433652 0.00580109
115.68 -0.0435426 0.0108503
115.92 -0.0326856 0.015185
116.16 -0.0150734 0.0174421
116.4 0.00306757 0.0170121
116.64 0.0168314 0.0141517
116.88 0.024673 0.00961448
117.12 0.0281035 0.00420417
117.36 0.0295256 -0.00144623
117.6 0.0299009 -0.00685449
117.84 0.0279477 -0.0115973
118.08 0.0214117 -0.0152858
118.32 0.00942683 -0.0176078
118.56 -0.00582763 -0.0183605
118.8 -0.0195208 -0.0174443
119.04 -0.0265479 -0.0148666
119.28 -0.0244328 -0.0108054
119.52 -0.01488 -0.00568971
119.76 -0.00296388 -0.000188853
120 0.00553363 0.00493703
