-4.99 -2.40627e-06 2.5109e-06
-4.98 -3.29992e-05 1.26885e-05
-4.97 -3.41361e-05 1.22296e-05
-4.96 -1.01951e-05 2.75146e-05
-4.95 -9.38664e-05 2.28274e-05
-4.94 6.29992e-05 -7.00618e-05
-4.93 0.000241532 -3.00813e-05
-4.92 9.95372e-05 0.000110811
-4.91 0.000765111 3.33313e-05
-4.9 0.000315604 0.000132902
-4.89 0.00111583 0.000198041
-4.88 0.000667401 3.62879e-05
-4.87 0.000922485 0.000174759
-4.86 0.0017682 -0.00028152
-4.85 0.000313115 0.000470956
-4.84 0.00207084 -0.000960423
-4.83 0.00111787 -0.000360228
-4.82 0.00175219 -0.000513347
-4.81 0.00278337 -0.000556336
-4.8 0.00153767 -0.000135818
-4.79 0.00360493 0.000485802
-4.78 0.0035981 0.00083888
-4.77 0.00326132 0.00116963
-4.76 0.00677075 0.00124713
-4.75 0.00261545 0.00250482
-4.74 0.00301004 0.00138616
-4.73 -0.000465558 0.000860087
-4.72 -0.000868054 0.00268025
-4.71 0.000880955 0.000764045
-4.7 -0.00461112 0.00305321
-4.69 0.00284025 0.00147364
-4.68 -0.00179042 0.00413052
-4.67 0.00122909 0.00267904
-4.66 0.0130507 0.00293664
-4.65 0.011922 0.00719517
-4.64 0.0192048 0.00352087
-4.63 0.0165928 0.00443707
-4.62 0.0152483 0.00642199
-4.61 0.0117913 0.00365901
-4.6 0.00313185 0.00322297
-4.59 0.00793481 0.00188541
-4.58 -0.00457003 0.00602322
-4.57 -0.0155901 0.00259345
-4.56 -0.00430324 0.00478946
-4.55 -0.0215729 0.00815159
-4.54 -0.00705874 0.00267967
-4.53 -0.00949068 0.00168834
-4.52 -0.0091078 0.0101572
-4.51 -0.00543463 0.0047344
-4.5 -0.0157817 0.00760828
-4.49 -0.000607484 0.00205606
-4.48 -0.010121 0.00627426
-4.47 -0.0101434 -0.00175245
-4.46 0.0028755 -0.000312537
-4.45 -0.011457 0.00750287
-4.44 0.00699259 -0.00380445
-4.43 0.00973684 0.00501394
-4.42 0.0175048 0.00548025
-4.41 0.0373589 0.0147834
-4.4 0.0242985 0.00491743
-4.39 0.0402109 0.00881675
-4.38 0.0363408 0.00934766
-4.37 0.0248713 0.00913635
-4.36 0.0394209 0.00733959
-4.35 0.00641415 0.0146387
-4.34 0.0110736 0.000134184
-4.33 -0.0186189 -0.00451379
-4.32 -0.0164147 -0.000419724
-4.31 0.00790621 0.0115663
-4.3 -0.0196989 0.0147643
-4.29 0.0178128 0.00563613
-4.28 0.0103212 0.0328882
-4.27 0.00924149 0.00671258
-4.26 0.0338976 0.023006
-4.25 0.022532 0.0282832
-4.24 0.0162241 0.0278869
-4.23 -0.0063789 0.0148584
-4.22 -0.0243075 0.0154502
-4.21 -0.00474753 0.027115
-4.2 -0.0525901 0.00822677
-4.19 -0.00480793 0.0103214
-4.18 -0.0243071 0.0225348
-4.17 -0.0392827 0.00768101
-4.16 -0.0111376 0.00825124
-4.15 -0.0418908 0.0242689
-4.14 -0.0209967 0.016988
-4.13 -0.0454504 0.0138307
-4.12 -0.0321226 0.00975152
-4.11 -0.0223326 0.0259164
-4.1 -0.0420061 0.0105683
-4.09 0.00519286 -0.00849795
-4.08 0.0271044 0.0308161
-4.07 0.0291331 -0.0179
-4.06 0.0909285 0.00930222
-4.05 0.0628316 -0.0188267
-4.04 0.0932867 0.0036985
-4.03 0.0646784 -0.0129853
-4.02 0.0474545 0.00160036
-4.01 0.0749955 0.0346448
-4 0.0134052 0.0367258
-3.99 0.0458876 0.0169679
-3.98 0.0134329 0.0558994
-3.97 0.0260061 0.0392345
-3.96 0.0323383 0.0384737
-3.95 0.0220021 0.0530974
-3.94 0.0345824 0.021487
-3.93 -0.00320486 0.0382225
-3.92 -0.0400788 -0.0365698
-3.91 0.00140574 0.0437404
-3.9 -0.0442899 0.00181513
-3.89 -0.00866386 -0.000660908
-3.88 -0.00141553 0.0376706
-3.87 0.0165146 0.0355208
-3.86 0.0337881 0.0400108
-3.85 0.062097 0.0538421
-3.84 0.115123 0.0609302
-3.83 0.110829 0.0569784
-3.82 0.104849 0.00502143
-3.81 0.135427 0.0504607
-3.8 0.0654201 0.0314607
-3.79 0.0595267 -0.00141153
-3.78 0.0451243 0.0353406
-3.77 0.0209519 -0.00554425
-3.76 0.0287297 -0.00124177
-3.75 0.00168536 0.00596929
-3.74 0.0240134 0.0361444
-3.73 -0.0301176 0.0926385
-3.72 -0.00561992 0.0207184
-3.71 0.0173662 0.0868635
-3.7 0.0287085 0.0355774
-3.69 0.0215533 0.0355168
-3.68 0.03711 0.0488428
-3.67 -0.0235319 0.0419274
-3.66 0.018622 0.0240435
-3.65 -0.0459572 -0.0322603
-3.64 -0.0021119 -0.0215305
-3.63 -0.0530199 -0.0160607
-3.62 -0.0598807 -0.0408056
-3.61 -0.0675899 -0.0120266
-3.6 -0.0274872 0.0184251
-3.59 -0.0261063 -0.0335909
-3.58 -0.0133159 0.0571136
-3.57 -0.01185 -0.0101197
-3.56 0.0476387 0.0668425
-3.55 -0.0135789 -0.0165327
-3.54 0.0704719 0.0389106
-3.53 0.0141414 0.0502312
-3.52 -0.0599693 0.00787695
-3.51 -0.110737 0.0624841
-3.5 -0.0949893 0.0358798
-3.49 -0.170862 0.0583736
-3.48 -0.158686 0.040749
-3.47 -0.157877 0.0931121
-3.46 -0.0814834 0.0974194
-3.45 -0.172792 0.142889
-3.44 -0.0231048 0.10001
-3.43 -0.0540635 0.194276
-3.42 -0.0724523 0.0542153
-3.41 -0.0282426 0.140331
-3.4 -0.0147856 0.0620172
-3.39 -0.0149338 0.0995168
-3.38 -0.0500958 0.0410639
-3.37 0.00358748 0.0219059
-3.36 0.00779181 0.0442011
-3.35 0.0369146 0.000994828
-3.34 0.094799 0.0171017
-3.33 0.158026 0.0951823
-3.32 0.0576605 0.0118716
-3.31 0.144439 0.044472
-3.3 0.0714714 0.0251986
-3.29 0.177312 0.0134546
-3.28 0.0606243 -0.0107549
-3.27 0.120862 -0.0820409
-3.26 0.151589 -0.0241889
-3.25 0.0676635 -0.0908134
-3.24 0.139463 -0.0892876
-3.23 0.113073 0.00471111
-3.22 0.0939408 -0.0867725
-3.21 0.0101234 -0.0497298
-3.2 0.0838816 -0.0545353
-3.19 0.0883549 -0.0365408
-3.18 0.00457077 -0.00944577
-3.17 -0.02753 -0.0729808
-3.16 0.0930257 -0.00280656
-3.15 -0.0937839 -0.100168
-3.14 -0.00140176 -0.113333
-3.13 0.0366395 -0.0698876
-3.12 -0.0457459 -0.102867
-3.11 -0.0450316 -0.0848481
-3.1 -0.0917647 -0.0973756
-3.09 0.0291847 -0.112846
-3.08 -0.240438 -0.0349021
-3.07 -0.0655508 -0.115717
-3.06 -0.0742474 0.0528231
-3.05 -0.076108 -0.034459
-3.04 -0.0652568 -0.0140618
-3.03 0.0482224 -0.0103766
-3.02 -0.0697157 -0.00376726
-3.01 -0.0227706 0.0424434
-3 -0.0696315 0.0243559
-2.99 0.0151245 0.00667939
-2.98 -0.157919 0.0461579
-2.97 -0.0949171 -0.0952368
-2.96 -0.112566 0.0451286
-2.95 -0.152424 -0.0467894
-2.94 -0.145377 -0.0565169
-2.93 -0.0994276 -0.0567117
-2.92 -0.131719 -0.118058
-2.91 -0.0146292 -0.0723629
-2.9 -0.0708554 -0.093411
-2.89 0.16933 -0.0632886
-2.88 -0.0671052 -0.0145144
-2.87 0.0514384 -0.116556
-2.86 -0.0680777 0.0151753
-2.85 0.100998 -0.0439104
-2.84 -0.0224504 -0.00370998
-2.83 0.0891643 -0.027742
-2.82 0.0266841 -0.0485066
-2.81 -0.114842 -0.052259
-2.8 -0.0737007 -0.0924969
-2.79 -0.0631376 -0.0701935
-2.78 -0.0572321 0.0210372
-2.77 -0.164467 -0.0321316
-2.76 -0.0327222 0.0545577
-2.75 -0.2164 0.0356478
-2.74 -0.136909 0.0282096
-2.73 -0.290926 0.0303382
-2.72 -0.0283866 -0.0229478
-2.71 -0.496046 0.0685343
-2.7 -0.165043 -0.124673
-2.69 -0.410008 -0.0802445
-2.68 -0.310045 -0.184573
-2.67 -0.402968 -0.213648
-2.66 -0.309215 -0.238725
-2.65 -0.268457 -0.126315
-2.64 -0.321084 -0.145423
-2.63 -0.132097 -0.106243
-2.62 0.00314329 -0.137886
-2.61 -0.0569518 0.0139173
-2.6 0.150299 -0.0800201
-2.59 0.176538 0.00870603
-2.58 0.133801 0.115967
-2.57 0.176889 0.0285784
-2.56 0.0540705 0.0981776
-2.55 0.19217 0.0202404
-2.54 -0.140469 0.0845413
-2.53 -0.120645 -0.0955499
-2.52 -0.137386 -0.0108979
-2.51 -0.372065 0.00630047
-2.5 -0.135773 -0.0240024
-2.49 -0.209308 -0.0944998
-2.48 -0.0854632 0.0412046
-2.47 -0.0724219 -0.0947487
-2.46 -0.0810316 -0.00319876
-2.45 0.290895 0.0236676
-2.44 -0.0400874 0.0856164
-2.43 0.183742 0.0268507
-2.42 0.22272 -0.00162874
-2.41 -0.0268985 0.13106
-2.4 0.0371441 -0.0517691
-2.39 -0.0476956 -0.054566
-2.38 -0.156741 -0.118408
-2.37 -0.148404 -0.0720886
-2.36 -0.269275 -0.110286
-2.35 0.0757316 0.0230316
-2.34 -0.31161 -0.0112251
-2.33 -0.112673 -0.0037448
-2.32 0.0666965 -0.192593
-2.31 -0.31321 0.118413
-2.3 0.16223 -0.0352936
-2.29 -0.15402 0.0543458
-2.28 0.0477511 -0.00446232
-2.27 -0.29584 -0.0217948
-2.26 -0.250302 -0.166418
-2.25 -0.196021 -0.168648
-2.24 -0.401243 -0.0554817
-2.23 -0.307408 -0.154485
-2.22 -0.137641 -0.22882
-2.21 -0.45441 -0.0656542
-2.2 -0.106913 -0.105379
-2.19 -0.311843 -0.138422
-2.18 -0.120288 0.03889
-2.17 -0.0849862 -0.0814604
-2.16 -0.143349 -0.0822342
-2.15 0.295919 -0.0916378
-2.14 0.00661153 0.067313
-2.13 0.262865 -0.0244346
-2.12 0.27773 -0.0862805
-2.11 0.202771 -0.0578241
-2.1 0.375664 -0.109494
-2.09 0.280017 -0.101493
-2.08 0.403261 0.03006
-2.07 0.291137 -0.017284
-2.06 -0.0267107 0.0135354
-2.05 0.345661 -0.201731
-2.04 -0.114457 -0.0448331
-2.03 0.0192653 -0.209771
-2.02 0.0434748 -0.20144
-2.01 -0.0838676 -0.209764
-2 -0.0761341 -0.185701
-1.99 -0.112887 -0.336554
-1.98 -0.0130023 -0.263109
-1.97 -0.0172188 -0.276834
-1.96 -0.10753 -0.233772
-1.95 0.300887 -0.392142
-1.94 0.0225742 -0.166312
-1.93 0.161395 -0.242452
-1.92 0.383785 -0.317948
-1.91 0.107218 -0.0845733
-1.9 0.330725 -0.276664
-1.89 0.117151 -0.0392284
-1.88 0.301588 -0.172799
-1.87 0.0890917 0.133496
-1.86 0.112347 0.0421387
-1.85 0.139126 0.0482575
-1.84 -0.0851763 0.182981
-1.83 0.009729 0.0486059
-1.82 0.101373 0.00811956
-1.81 0.0551103 0.110846
-1.8 0.332275 -0.0929256
-1.79 0.339766 0.0378073
-1.78 0.203588 -0.0598485
-1.77 0.302073 -0.127629
-1.76 0.0567249 -0.054453
-1.75 0.197729 -0.200317
-1.74 0.113753 0.188255
-1.73 0.235366 -0.0921271
-1.72 0.0857271 0.205145
-1.71 0.106658 0.0580239
-1.7 0.272944 -0.136118
-1.69 0.193565 0.132454
-1.68 0.198947 -0.0749182
-1.67 0.384852 -0.0797908
-1.66 0.145903 -0.135739
-1.65 0.101886 -0.271873
-1.64 0.129187 -0.106025
-1.63 -0.0812674 -0.162422
-1.62 -0.310711 0.0478581
-1.61 -0.181056 -0.0471605
-1.6 -0.296764 -0.25034
-1.59 -0.325716 0.0356782
-1.58 -0.355093 -0.205053
-1.57 -0.128846 -0.0653242
-1.56 -0.53791 -0.0674313
-1.55 -0.359934 -0.290022
-1.54 -0.475544 -0.0721123
-1.53 -0.544506 -0.248654
-1.52 -0.490583 0.0620434
-1.51 -0.313636 0.0715852
-1.5 -0.506322 -0.00960327
-1.49 -0.576902 0.223995
-1.48 -0.410334 -0.201032
-1.47 -0.469697 0.164919
-1.46 -0.0951939 -0.17074
-1.45 -0.241972 -0.063311
-1.44 -0.0442377 -0.0327529
-1.43 -0.433902 -0.198082
-1.42 -0.0871847 -0.295442
-1.41 -0.507674 -0.0587156
-1.4 -0.242085 -0.452605
-1.39 -0.197544 -0.107729
-1.38 -0.315907 -0.454587
-1.37 -0.157776 -0.0997299
-1.36 0.00348976 -0.428436
-1.35 -0.0135437 -0.264888
-1.34 -0.077163 0.0476713
-1.33 0.324868 -0.565062
-1.32 -0.0669905 -0.174402
-1.31 0.024313 -0.392983
-1.3 -0.0491697 -0.377918
-1.29 -0.0504143 -0.22224
-1.28 -0.748397 -0.160627
-1.27 -0.365962 -0.128378
-1.26 -0.3414 -0.166499
-1.25 -0.470431 -0.150792
-1.24 -0.196496 0.312483
-1.23 0.150492 -0.11651
-1.22 -0.0418749 0.401251
-1.21 0.0939059 0.0606973
-1.2 0.461786 -0.0998803
-1.19 0.153422 -0.0307292
-1.18 -0.0986883 -0.391213
-1.17 -0.0478289 -0.195945
-1.16 -0.102255 -0.264967
-1.15 -0.458608 -0.260694
-1.14 -0.306528 0.0886692
-1.13 0.0473701 -0.137708
-1.12 -0.093362 0.183524
-1.11 0.464665 -0.0212603
-1.1 0.847846 0.0315779
-1.09 0.897027 0.13384
-1.08 0.997893 -0.384782
-1.07 0.693988 0.0241604
-1.06 0.684337 -0.383289
-1.05 0.00474761 -0.522314
-1.04 -0.256981 -0.285276
-1.03 -0.589312 -0.53164
-1.02 -0.577135 -0.364215
-1.01 -0.982616 -0.127372
-1 -0.564498 -0.145545
-0.99 -0.593523 0.154514
-0.98 0.296642 -0.506084
-0.97 -0.15163 0.14912
-0.96 1.31021 -0.395139
-0.95 0.895836 -0.187221
-0.94 0.715616 0.145544
-0.93 0.955493 -0.330777
-0.92 0.548864 -0.268279
-0.91 0.209788 -0.354898
-0.9 -0.19903 -0.389175
-0.89 -0.139105 -0.0544549
-0.88 -0.782 -0.141144
-0.87 -1.20447 0.229731
-0.86 -0.587299 0.00767232
-0.85 -0.546056 -0.160708
-0.84 -1.05721 0.427627
-0.83 0.249152 -0.286099
-0.82 -0.317149 0.428279
-0.81 0.0550705 0.0388333
-0.8 -0.151 -0.137209
-0.79 0.104243 0.111729
-0.78 -0.384329 -0.285609
-0.77 -1.01938 -0.0109316
-0.76 -0.546068 -0.0756401
-0.75 -0.941964 -0.17306
-0.74 -1.37074 0.148462
-0.73 -0.288626 -0.231422
-0.72 -0.799616 0.435896
-0.71 -0.0247574 0.210596
-0.7 0.0138894 0.082327
-0.69 0.7135 0.463841
-0.68 0.90432 -0.358496
-0.67 0.477279 -0.0700241
-0.66 0.841138 -0.0935406
-0.65 0.433396 -0.439013
-0.64 -0.286074 -0.108461
-0.63 0.186762 -0.743269
-0.62 -0.4261 -0.272173
-0.61 -0.150115 -0.366099
-0.6 -0.637993 -0.282581
-0.59 -0.797419 0.532201
-0.58 -0.217451 -0.326737
-0.57 -1.66838 0.293409
-0.56 -0.318221 -0.306968
-0.55 -0.749126 -0.206881
-0.54 -0.500435 -0.0915122
-0.53 -0.0831284 -0.378446
-0.52 0.231429 -0.310212
-0.51 0.466824 -0.153993
-0.5 0.249769 -0.54649
-0.49 0.517402 0.250486
-0.48 1.2276 -0.322929
-0.47 -0.155932 0.215973
-0.46 0.446458 -0.108717
-0.45 0.168196 0.0173915
-0.44 -1.0065 0.502132
-0.43 0.0996529 -0.63445
-0.42 -0.510985 0.135434
-0.41 0.721858 -0.498275
-0.4 -0.133235 -0.442254
-0.39 0.740255 -0.143815
-0.38 0.702719 -0.101917
-0.37 -0.0283023 -0.147773
-0.36 0.425543 -0.279727
-0.35 0.514161 -0.0453936
-0.34 -0.308101 0.398411
-0.33 0.360667 -0.624416
-0.32 -0.488734 0.185509
-0.31 0.00878171 -0.420843
-0.3 -0.488471 -0.766741
-0.29 -0.264231 -0.0914348
-0.28 0.818779 -0.605957
-0.27 -0.065093 -0.200776
-0.26 0.875426 -0.842585
-0.25 0.65635 -0.409217
-0.24 0.274694 -0.0502529
-0.23 0.548027 -0.776273
-0.22 -0.44093 0.228802
-0.21 0.110088 -0.313721
-0.2 -0.70749 -0.683488
-0.19 -1.08192 -0.558052
-0.18 -0.373029 -1.05882
-0.17 -1.66728 -0.417697
-0.16 -0.65868 -0.884386
-0.15 -0.744031 -0.35884
-0.14 0.151388 -0.0482063
-0.13 0.959078 -1.16083
-0.12 1.05152 -0.361158
-0.11 1.9905 -0.00634594
-0.1 1.65173 0.0732853
-0.09 0.378603 0.440751
-0.08 1.40555 -0.590726
-0.07 -0.918551 -0.365135
-0.06 -0.284439 -1.74442
-0.05 -1.46279 -0.747332
-0.04 -1.66002 -0.184574
-0.03 -1.73641 -1.41046
-0.02 -2.28935 -0.919709
-0.01 -0.650364 -0.921261
0 -0.0733039 -0.0502074
0.01 0.637073 0.892982
0.02 2.1809 0.878593
0.03 1.61624 1.39404
0.04 1.61632 0.151178
0.05 1.30057 0.640487
0.06 0.102683 1.58174
0.07 0.649591 0.229353
0.08 -1.64084 0.577097
0.09 -0.522042 -0.331978
0.1 -1.80822 -0.155056
0.11 -2.15645 -0.05385
0.12 -1.19499 0.190164
0.13 -1.02743 1.06931
0.14 0.0149908 -0.00392339
0.15 0.948861 0.254734
0.16 1.16623 0.707584
0.17 2.14672 0.123555
0.18 0.94835 0.710509
0.19 1.8274 0.37935
0.2 1.24797 0.327427
0.21 0.489862 -0.0167715
0.22 1.0227 -0.678338
0.23 -0.0728298 0.29005
0.24 0.320281 -0.436116
0.25 -0.294131 -0.122206
0.26 -0.241817 0.522774
0.27 0.665934 -0.313975
0.28 -0.17725 0.140703
0.29 1.16536 -0.215443
0.3 1.08933 0.473165
0.31 0.706388 0.239961
0.32 1.00319 -0.286986
0.33 -0.0425344 0.474459
0.34 0.693986 -0.470758
0.35 -0.605924 -0.115847
0.36 -0.206687 0.388026
0.37 -0.00612659 -0.00736536
0.38 -0.814734 -0.0201935
0.39 -0.591088 0.0026889
0.4 0.172708 0.206802
0.41 -0.307444 0.426543
0.42 1.1101 -0.319103
0.43 0.425276 0.598895
0.44 1.99026 -0.568528
0.45 0.19539 -0.220062
0.46 0.617484 0.148158
0.47 0.777315 -0.347324
0.48 -0.605135 0.141685
0.49 0.119514 -0.39775
0.5 -0.251436 0.230669
0.51 -0.103239 -0.130677
0.52 -0.35166 -0.126688
0.53 0.0959367 0.0567421
0.54 0.410104 -0.240147
0.55 0.353931 -0.397945
0.56 0.404136 0.121339
0.57 1.95028 -0.74416
0.58 0.364407 -0.106702
0.59 1.517 -0.868194
0.6 0.814606 -0.198674
0.61 0.790491 -0.078985
0.62 0.860029 -0.282068
0.63 0.297691 0.299886
0.64 0.900856 -0.294593
0.65 -0.359389 -0.181595
0.66 -0.270779 -0.0499029
0.67 -0.036361 -0.119686
0.68 -0.316865 0.150589
0.69 0.190035 -0.30678
0.7 0.698609 -0.00406722
0.71 0.763195 -0.00751058
0.72 1.45921 -0.320138
0.73 0.867192 0.514818
0.74 1.8573 0.0850441
0.75 1.1273 0.0830012
0.76 0.687723 0.447806
0.77 0.936589 0.0969045
0.78 -0.0615971 0.505982
0.79 -0.380349 0.186311
0.8 -0.446077 0.4476
0.81 -0.619085 0.368072
0.82 -0.303782 -0.144569
0.83 -0.907979 0.689955
0.84 0.400464 0.00601989
0.85 -0.0180639 0.186329
0.86 0.143974 0.278997
0.87 0.918997 -0.169105
0.88 0.321483 0.0162097
0.89 -0.0014029 -0.113445
0.9 -0.114203 0.133888
0.91 -0.251212 0.237814
0.92 -0.490761 -0.225785
0.93 -0.786493 0.0903905
0.94 -0.623713 -0.361818
0.95 -0.725044 -0.393491
0.96 -1.28211 0.12198
0.97 0.478801 -0.520481
0.98 -0.219512 0.0345945
0.99 1.04225 -0.693477
1 0.679692 -0.263037
1.01 1.17405 -0.179859
1.02 0.704223 -0.229586
1.03 0.640799 0.170493
1.04 0.189185 -0.0301185
1.05 -0.110565 -0.141416
1.06 -1.13299 0.0518851
1.07 -0.916863 -0.345787
1.08 -1.54122 0.00719145
1.09 -1.18753 -0.556278
1.1 -0.903325 -0.466608
1.11 -0.730805 -0.225244
1.12 0.219836 -0.838657
1.13 -0.193646 -0.0261483
1.14 0.546469 -0.330644
1.15 0.422594 -0.149642
1.16 0.243731 -0.0776898
1.17 0.0965758 0.00232929
1.18 -0.0971127 0.189203
1.19 -0.35749 -0.0565931
1.2 -0.338597 0.0624623
1.21 -0.485492 0.22829
1.22 0.147801 -0.558412
1.23 -0.334705 0.21049
1.24 0.392289 -0.294651
1.25 0.563755 -0.133355
1.26 0.656326 -0.194073
1.27 0.74624 -0.199757
1.28 0.80067 -0.175526
1.29 0.336431 -0.346225
1.3 0.311308 -0.209091
1.31 0.0440764 0.0532552
1.32 0.18059 -0.563294
1.33 -0.204552 0.121209
1.34 0.145565 -0.284179
1.35 0.198684 -0.160673
1.36 0.280563 -0.00282454
1.37 0.702951 -0.2244
1.38 0.720244 0.248576
1.39 1.10402 -0.218462
1.4 0.912326 0.217658
1.41 1.22216 0.147886
1.42 0.724348 -0.0407088
1.43 0.807946 0.0567237
1.44 0.462734 -0.00423994
1.45 0.452864 -0.115878
1.46 0.382627 -0.019879
1.47 0.378978 -0.340431
1.48 0.209034 -0.0131409
1.49 0.384182 -0.60753
1.5 0.306348 -0.42645
1.51 0.301296 -0.193887
1.52 0.397617 -0.602072
1.53 0.215875 -0.156193
1.54 0.201438 -0.336136
1.55 -0.309277 -0.0773875
1.56 0.0899552 -0.24051
1.57 -0.670295 -0.0341386
1.58 -0.279604 0.168786
1.59 -0.334434 -0.120026
1.6 -0.195685 0.00889482
1.61 -0.177702 0.210052
1.62 0.0395788 -0.214142
1.63 0.00691389 0.0449033
1.64 0.194539 -0.00701254
1.65 0.0539704 0.00630807
1.66 0.576607 0.0130397
1.67 -0.0319982 -0.12011
1.68 0.294157 0.350031
1.69 0.218345 -0.0807511
1.7 0.0221862 0.29477
1.71 0.385935 0.393838
1.72 0.141665 0.215583
1.73 0.346466 0.305584
1.74 0.341327 0.231316
1.75 0.292715 0.201235
1.76 0.610138 0.177259
1.77 0.432966 -0.11977
1.78 0.547543 0.249803
1.79 0.75578 -0.0724515
1.8 0.335288 0.030034
1.81 0.854384 0.196294
1.82 0.175558 0.136861
1.83 0.673711 0.215178
1.84 0.368782 0.194113
1.85 0.367632 0.208685
1.86 0.530755 0.252758
1.87 0.383674 -0.249777
1.88 0.388614 0.231461
1.89 0.56792 -0.20372
1.9 0.248961 -0.0774074
1.91 0.465486 0.0537338
1.92 -0.133527 0.0367294
1.93 0.0259898 0.155019
1.94 -0.145136 0.0834618
1.95 -0.542738 0.362282
1.96 0.0607047 0.408246
1.97 -0.518935 0.219275
1.98 -0.157713 0.515879
1.99 -0.0835517 0.221749
2 0.0827402 0.0593624
2.01 0.387781 0.184274
2.02 0.281707 -0.104821
2.03 0.418501 0.119975
2.04 0.449384 -0.247861
2.05 0.0545827 0.00618451
2.06 0.612171 0.00915934
2.07 -0.0336894 -0.071778
2.08 0.170834 0.229981
2.09 0.118889 0.182053
2.1 0.0444451 0.27408
2.11 0.447286 0.322206
2.12 0.278303 0.267652
2.13 0.53343 0.461197
2.14 0.667485 0.0924234
2.15 0.450628 0.268807
2.16 1.00545 0.294493
2.17 0.659519 -0.0264165
2.18 0.822656 0.223761
2.19 0.764952 0.0118339
2.2 0.421232 0.091769
2.21 0.809664 0.0560445
2.22 0.20063 0.121782
2.23 0.537874 0.267469
2.24 0.361777 0.0057328
2.25 0.0961918 0.161692
2.26 0.239377 0.293635
2.27 -0.0234416 0.000795879
2.28 -0.0899184 0.259543
2.29 0.00285642 -0.0215109
2.3 -0.266461 0.0231839
2.31 0.110064 -0.0042714
2.32 -0.404858 0.0109805
2.33 -0.0220535 0.213231
2.34 -0.0472213 -0.0223092
2.35 -0.193407 0.144908
2.36 0.301295 0.185488
2.37 0.0234748 0.1854
2.38 0.286389 0.311512
2.39 0.354132 0.229867
2.4 0.307396 0.205065
2.41 0.569119 0.16657
2.42 0.313513 -0.0844601
2.43 0.484526 0.204384
2.44 0.408286 -0.0769647
2.45 0.183827 0.0500301
2.46 0.420186 -0.000267914
2.47 0.0412522 0.105923
2.48 0.0590947 0.0362649
2.49 -0.0012395 0.114
2.5 -0.158115 0.242245
2.51 0.153791 0.221017
2.52 -0.0853013 0.0938939
2.53 0.0811074 0.321844
2.54 0.116997 0.0754629
2.55 -0.0941135 0.0940198
2.56 0.178274 0.169647
2.57 -0.0582052 0.173986
2.58 0.110335 0.11802
2.59 -0.0333458 0.0389351
2.6 -0.149069 0.160989
2.61 0.073682 0.0248824
2.62 -0.118474 0.0800737
2.63 0.110435 0.198122
2.64 0.251673 0.115188
2.65 0.256843 0.00911098
2.66 0.385015 0.101328
2.67 0.522538 0.0695531
2.68 0.544669 0.166295
2.69 0.719618 0.0441015
2.7 0.463398 0.171233
2.71 0.80273 -0.0093259
2.72 0.262941 0.0699431
2.73 0.485547 0.150214
2.74 0.306272 0.203441
2.75 0.175009 0.120811
2.76 0.085815 0.119807
2.77 0.0840722 0.14882
2.78 0.0865171 0.213562
2.79 0.177229 0.21397
2.8 0.377354 0.292333
2.81 0.511143 0.20827
2.82 0.562603 0.0786112
2.83 0.495919 0.175479
2.84 0.667075 0.1188
2.85 0.297063 0.163619
2.86 0.434713 0.0138867
2.87 0.0435499 0.115525
2.88 0.0650771 -0.00123707
2.89 -0.131482 -0.0218761
2.9 -0.0634443 0.120417
2.91 -0.00840465 0.0366783
2.92 0.0897918 0.0747369
2.93 0.217005 0.115488
2.94 0.318807 0.149443
2.95 0.467123 0.128351
2.96 0.409308 0.0778517
2.97 0.389892 0.180616
2.98 0.22879 0.147163
2.99 0.212328 0.0902951
3 -0.0365597 0.221916
3.01 0.0430491 0.0973539
3.02 -0.0270155 0.111086
3.03 -0.050321 0.147749
3.04 0.0722201 0.11788
3.05 0.192541 0.162487
3.06 0.237207 0.0483545
3.07 0.309056 0.202229
3.08 0.488579 0.156476
3.09 0.396435 0.139296
3.1 0.398568 0.260806
3.11 0.299268 0.113297
3.12 0.205346 0.160883
3.13 0.023168 0.0949194
3.14 0.0510026 0.154296
3.15 0.0202891 0.128958
3.16 -0.0654141 0.0505758
3.17 0.0205596 0.0468589
3.18 0.0339335 0.0398613
3.19 0.0810185 -0.0651655
3.2 0.159079 0.117309
3.21 0.224133 0.0172117
3.22 0.224095 0.0708275
3.23 0.232773 -0.0026275
3.24 0.149188 0.050146
3.25 0.159816 0.102292
3.26 0.035276 -0.0417184
3.27 0.0931428 0.15217
3.28 0.0254245 0.0284539
3.29 0.0652131 0.0555785
3.3 0.124488 0.0992079
3.31 0.0596511 0.0905061
3.32 0.188814 0.0921444
3.33 0.127932 0.104046
3.34 0.163849 0.128701
3.35 0.135895 0.202315
3.36 0.122546 0.0418739
3.37 0.0575471 0.189481
3.38 -0.025231 0.0993747
3.39 -0.0161109 0.0146717
3.4 -0.0556244 0.108012
3.41 -0.127401 -0.0158038
3.42 -0.00141166 0.0574178
3.43 -0.0297412 -0.0466403
3.44 0.00876306 0.0367707
3.45 0.155225 0.0515738
3.46 0.107033 -0.0304607
3.47 0.182475 0.101462
3.48 0.115911 0.0633458
3.49 0.188025 0.0742555
3.5 0.0995823 0.114303
3.51 0.0709175 0.0699207
3.52 0.0984901 0.0724874
3.53 -0.0367838 -0.011604
3.54 0.00902358 -0.0110207
3.55 0.00644718 0.0538763
3.56 0.0153334 -0.0986859
3.57 0.0441432 0.0289822
3.58 0.0422697 -0.0520782
3.59 0.0251085 -0.0297487
3.6 0.0190726 0.0123081
3.61 -0.038557 -0.0188402
3.62 -0.00360964 0.0929222
3.63 -0.0720806 -0.0372098
3.64 -0.0374607 0.0460125
3.65 -0.0783538 0.0380732
3.66 -0.0999771 -0.0489352
3.67 -0.062198 -0.0189028
3.68 -0.1028 -0.0329834
3.69 -0.0666139 -0.0701707
3.7 -0.020544 -0.0328673
3.71 -0.033682 -0.0687351
3.72 0.000836448 0.0179706
3.73 -0.00323471 -0.0500484
3.74 -0.00367648 0.00477827
3.75 -0.0167016 0.0884501
3.76 -0.00856204 -0.0108293
3.77 -0.00644819 0.0861321
3.78 -0.0474107 0.0230124
3.79 -0.0332389 0.0565956
3.8 -0.0166354 0.000939124
3.81 -0.069385 0.0100198
3.82 -0.0334376 0.0159094
3.83 -0.034558 -0.0477098
3.84 -0.0463306 -0.00186427
3.85 -0.0157413 0.0308084
3.86 -0.000266494 0.00469373
3.87 -0.00583351 0.0270873
3.88 -0.0156699 0.0366663
3.89 -0.0129388 0.035389
3.9 0.00138569 0.0440622
3.91 -0.0309151 0.0304227
3.92 -0.00325334 0.0720507
3.93 -0.0076222 -0.0272034
3.94 -0.035456 0.00544831
3.95 0.00405031 -0.00100553
3.96 -0.00917542 -0.0311898
3.97 -0.00756262 0.00507051
3.98 -0.0018365 -0.0155109
3.99 -0.00124717 0.011909
4 0.0170397 -0.0291757
4.01 -0.0110952 0.00275342
4.02 -0.01781 0.0170889
4.03 -0.0294937 -0.00336288
4.04 -0.0616951 0.00707152
4.05 -0.0299505 -0.00303345
4.06 -0.0517353 -0.0253175
4.07 -0.0353457 -0.0226153
4.08 -0.0380769 -0.0236547
4.09 -0.04229 -0.00720233
4.1 -0.00856243 -0.0227622
4.11 -0.0142825 -0.0337386
4.12 -0.0265565 -0.00709715
4.13 -0.0011062 -0.0344032
4.14 -0.0139458 -0.000798671
4.15 -0.0025114 -0.00684509
4.16 -0.00646791 0.00753212
4.17 0.00887853 -0.0092534
4.18 0.00485147 -0.00609079
4.19 -0.0100905 0.0211626
4.2 0.0353315 -0.0074561
4.21 0.00579089 0.00240906
4.22 0.000922936 0.00701321
4.23 0.0176552 -0.0112804
4.24 -0.0070606 -0.00714327
4.25 0.00289214 0.000459195
4.26 0.00152584 0.0045712
4.27 0.0216831 -0.00379864
4.28 0.0225832 -0.005189
4.29 0.02792 0.0152981
4.3 0.0582731 -0.00845686
4.31 0.0376129 0.00748684
4.32 0.0348206 0.0115854
4.33 0.0413993 -0.00697068
4.34 0.00726463 -0.00483948
4.35 0.0111178 -0.011906
4.36 -0.0191128 -0.0115133
4.37 -0.0267268 -0.0153369
4.38 -0.0354932 -0.0176976
4.39 -0.0403205 -0.00356787
4.4 -0.0137948 -0.0196914
4.41 -0.0182209 -0.00624382
4.42 0.000312341 -0.00553215
4.43 0.00646933 -0.00635829
4.44 0.00706522 -0.000649825
4.45 0.0241334 0.000368324
4.46 0.0115119 -0.00104624
4.47 0.0159287 0.000225768
4.48 0.0110348 -0.0102044
4.49 -0.00250837 0.00152089
4.5 0.00613729 -0.00862103
4.51 0.00401453 -0.00042155
4.52 0.00569561 0.00078983
4.53 0.0103803 0.000345057
4.54 0.0125494 0.00373469
4.55 0.0241881 0.000686953
4.56 0.0137229 0.00720146
4.57 0.0219324 0.00396756
4.58 0.0135353 0.00347261
4.59 0.00380341 0.00643733
4.6 0.00630691 0.00434787
4.61 0.00364185 0.00212988
4.62 -0.000895736 0.00328936
4.63 -0.000385206 -0.00237365
4.64 0.00177044 -0.00215515
4.65 0.00350628 -0.0040701
4.66 0.00570407 0.000967905
4.67 0.0116396 -0.000828735
4.68 0.0137994 -0.00143793
4.69 0.0111524 0.000553529
4.7 0.0150258 -0.00154821
4.71 0.0108059 0.000248104
4.72 0.00839627 0.00180851
4.73 0.00660919 0.0019236
4.74 0.00440782 0.000404465
4.75 0.00208664 -6.6844e-07
4.76 0.000282617 -0.000361739
4.77 -0.000743935 -0.00103057
4.78 -0.00159399 -0.000631181
4.79 -0.00102612 7.81155e-05
4.8 -0.000813926 -0.00037572
4.81 -3.5367e-05 -0.000716517
4.82 -0.000458173 -1.3611e-05
4.83 0.00043899 -0.000377844
4.84 -0.000495163 -0.000216146
4.85 7.62749e-05 -0.000179028
4.86 -0.000729693 -0.000132838
4.87 -0.0011418 -0.000276316
4.88 -0.000827066 -0.000164836
4.89 -0.000980159 -5.43317e-05
4.9 -0.000961213 -0.000133266
4.91 -0.000594048 -0.000161652
4.92 -0.000364208 -0.000124911
4.93 -0.000188833 -5.64809e-05
4.94 5.03464e-05 -4.10171e-05
4.95 0.000130235 2.93243e-05
4.96 0.000136831 1.49917e-06
4.97 4.22686e-05 1.71454e-05
4.98 4.38364e-05 -3.9369e-06
4.99 5.09123e-06 5.39458e-07
0.24 1.05608 -0.412152
0.48 0.733195 -0.531358
0.72 0.333813 -0.630082
0.96 -0.00597119 -0.625735
1.2 -0.194409 -0.490352
1.44 -0.211217 -0.263445
1.68 -0.0980251 -0.0240099
1.92 0.0726327 0.155629
2.16 0.229987 0.243392
2.4 0.327896 0.251353
2.64 0.355076 0.214919
2.88 0.332106 0.166211
3.12 0.295024 0.118944
3.36 0.270574 0.0700886
3.6 0.256609 0.011795
3.84 0.22248 -0.0570992
4.08 0.13244 -0.127142
4.32 -0.0230198 -0.18265
4.56 -0.211414 -0.210228
4.8 -0.371465 -0.205759
5.04 -0.447045 -0.175862
5.28 -0.41855 -0.133255
5.52 -0.311688 -0.089132
5.76 -0.181049 -0.0474584
6 -0.0820587 -0.00472693
6.24 -0.0484028 0.0450651
6.48 -0.0838079 0.104022
6.72 -0.166984 0.166971
6.96 -0.263969 0.222954
7.2 -0.342501 0.260023
7.44 -0.383848 0.270193
7.68 -0.387352 0.252328
7.92 -0.364839 0.212493
8.16 -0.327986 0.162106
8.4 -0.277915 0.114211
8.64 -0.206003 0.078576
8.88 -0.106288 0.0577048
9.12 0.0107895 0.0465747
9.36 0.116297 0.0372666
9.6 0.176781 0.0258492
9.84 0.17536 0.0161651
10.08 0.124127 0.0166244
10.32 0.0576737 0.0314971
10.56 0.0112041 0.0533437
10.8 -0.00205563 0.0634957
11.04 0.00116895 0.0420139
11.28 -0.0136635 -0.0187294
11.52 -0.0743996 -0.106145
11.76 -0.181028 -0.191361
12 -0.301599 -0.243564
12.24 -0.388336 -0.246454
12.48 -0.404192 -0.206774
12.72 -0.343231 -0.149336
12.96 -0.23213 -0.101
13.2 -0.112897 -0.0731918
13.44 -0.0195499 -0.054305
13.68 0.0353259 -0.0180135
13.92 0.0571146 0.0567022
14.16 0.0552539 0.16685
14.4 0.0321392 0.281866
14.64 -0.0169148 0.359652
14.88 -0.0956554 0.372663
15.12 -0.200251 0.326078
15.36 -0.319607 0.25463
15.6 -0.439351 0.199803
15.84 -0.542591 0.183655
16.08 -0.606303 0.197915
16.32 -0.600635 0.215106
16.56 -0.499003 0.21167
16.8 -0.296909 0.1848
17.04 -0.0260098 0.15107
17.28 0.250617 0.130034
17.52 0.463173 0.127108
17.76 0.565157 0.128919
18 0.549595 0.113188
18.24 0.443284 0.0643069
18.48 0.287413 -0.0167226
18.72 0.120424 -0.113039
18.96 -0.0277135 -0.200297
19.2 -0.133379 -0.256287
19.44 -0.178996 -0.267696
19.68 -0.158855 -0.233608
19.92 -0.0857347 -0.166324
20.16 0.0102553 -0.0886507
20.4 0.0928237 -0.0263696
20.64 0.133802 0.00261989
20.88 0.121398 -0.00297831
21.12 0.0593755 -0.0274541
21.36 -0.0380612 -0.0476144
21.6 -0.149563 -0.0468381
21.84 -0.247746 -0.0245636
22.08 -0.303411 0.00489511
22.32 -0.2965 0.0227357
22.56 -0.229296 0.0175785
22.8 -0.131055 -0.00892479
23.04 -0.0464776 -0.0451297
23.28 -0.012148 -0.0771775
23.52 -0.0357379 -0.0954675
23.76 -0.092711 -0.0966022
24 -0.143325 -0.0820025
24.24 -0.157904 -0.0562969
24.48 -0.132326 -0.0268647
24.72 -0.0833484 -0.00308691
24.96 -0.0289753 0.00671858
25.2 0.0294726 0.00022864
25.44 0.108402 -0.0155775
25.68 0.224357 -0.0264824
25.92 0.371338 -0.0187909
26.16 0.511966 0.01147
26.4 0.592361 0.0540658
26.64 0.573166 0.0883535
26.88 0.456176 0.0936069
27.12 0.287499 0.0599082
27.36 0.133672 -0.00655849
27.6 0.0457329 -0.0863311
27.84 0.034293 -0.155394
28.08 0.0704073 -0.194811
28.32 0.108909 -0.196767
28.56 0.116556 -0.165254
28.8 0.0868864 -0.112564
29.04 0.0358454 -0.0541883
29.28 -0.0136618 -0.00432606
29.52 -0.0450544 0.0271187
29.76 -0.0519416 0.036245
30 -0.035131 0.0258804
30.24 0.000233967 0.0050346
30.48 0.0441074 -0.0136024
30.72 0.0806994 -0.0182133
30.96 0.0923365 -0.0031075
31.2 0.0682577 0.0278792
31.44 0.0123906 0.0621222
31.68 -0.0567702 0.0833702
31.92 -0.11526 0.0790629
32.16 -0.145522 0.0461704
32.4 -0.142884 -0.00729466
32.64 -0.113411 -0.0655896
32.88 -0.0670697 -0.111545
33.12 -0.0129022 -0.132973
33.36 0.040665 -0.12671
33.6 0.083172 -0.0989557
33.84 0.102314 -0.0619627
34.08 0.0889758 -0.0283431
34.32 0.0437984 -0.00543218
34.56 -0.0203552 0.00753719
34.8 -0.0828637 0.0177724
35.04 -0.124389 0.0335288
35.28 -0.13499 0.0581524
35.52 -0.116915 0.0872993
35.76 -0.0815208 0.111124
36 -0.0430483 0.119994
36.24 -0.0128231 0.110055
36.48 0.00384026 0.085309
36.72 0.00755911 0.0552669
36.96 0.00251842 0.0299591
37.2 -0.00653678 0.0152724
37.44 -0.0161821 0.0109666
37.68 -0.0240957 0.0120133
37.92 -0.0274298 0.0122014
38.16 -0.0218955 0.00792194
38.4 -0.00338476 3.79309e-06
38.64 0.0283675 -0.00747384
38.88 0.0671084 -0.0106056
39.12 0.10156 -0.00888269
39.36 0.121233 -0.00566259
39.6 0.122787 -0.00525314
39.84 0.111958 -0.00873764
40.08 0.0992184 -0.0120139
40.32 0.0924659 -0.00806721
40.56 0.092637 0.00781652
40.8 0.0956326 0.0336658
41.04 0.0983054 0.0605567
41.28 0.102512 0.0767244
41.52 0.112977 0.0732998
41.76 0.13066 0.0482764
42 0.148086 0.00711776
42.24 0.1522 -0.0393056
42.48 0.133985 -0.0779293
42.72 0.0976817 -0.0969681
42.96 0.0616403 -0.0893863
43.2 0.0486752 -0.0556737
43.44 0.0717582 -0.00442021
43.68 0.124621 0.050455
43.92 0.183516 0.0949866
44.16 0.218862 0.120078
44.4 0.209595 0.123186
44.64 0.152607 0.106399
44.88 0.0637591 0.0734336
45.12 -0.0283685 0.0286074
45.36 -0.0927498 -0.0215336
45.6 -0.107258 -0.0664934
45.84 -0.0684725 -0.0933336
46.08 0.00347646 -0.0921004
46.32 0.0689492 -0.0619747
46.56 0.0832103 -0.013377
46.8 0.0171405 0.0363001
47.04 -0.125279 0.0710079
47.28 -0.302946 0.0830039
47.52 -0.451465 0.0740923
47.76 -0.509764 0.0510956
48 -0.447189 0.0196673
48.24 -0.278122 -0.0186624
48.48 -0.0572729 -0.0643215
48.72 0.142175 -0.114785
48.96 0.257961 -0.16146
49.2 0.263167 -0.191447
49.44 0.175303 -0.193465
49.68 0.0459691 -0.164073
49.92 -0.0645716 -0.11004
50.16 -0.116099 -0.0454125
50.4 -0.106005 0.0147122
50.64 -0.0661917 0.0598818
50.88 -0.0408883 0.0865239
51.12 -0.0582931 0.0964369
51.36 -0.113155 0.0935601
51.6 -0.170855 0.0815167
51.84 -0.189938 0.0630988
52.08 -0.148353 0.0410766
52.32 -0.0568081 0.0188714
52.56 0.0481917 0.000167482
52.8 0.125687 -0.0122551
53.04 0.151666 -0.0174046
53.28 0.128045 -0.0158597
53.52 0.0762942 -0.00860996
53.76 0.0225471 0.00402107
54 -0.0154469 0.0222983
54.24 -0.0329634 0.0456452
54.48 -0.0348636 0.0708495
54.72 -0.029007 0.09151
54.96 -0.0213977 0.0997941
55.2 -0.0148111 0.0900684
55.44 -0.0097464 0.0624366
55.68 -0.00582246 0.0238366
55.92 -0.0027127 -0.0144046
56.16 -0.000707599 -0.041453
56.4 -0.00104311 -0.0515401
56.64 -0.00568468 -0.0456481
56.88 -0.0162667 -0.0296639
57.12 -0.0325878 -0.0106394
57.36 -0.0517289 0.00625468
57.6 -0.0686738 0.0184961
57.84 -0.078298 0.0251053
58.08 -0.0775784 0.0253803
58.32 -0.0667215 0.0188449
58.56 -0.0486766 0.00629275
58.8 -0.0275437 -0.00938397
59.04 -0.00696449 -0.0237511
59.28 0.0106071 -0.0326843
59.52 0.0235824 -0.0342498
59.76 0.0304898 -0.0292866
60 0.0298093 -0.020404
60.24 0.021027 -0.0102876
60.48 0.00645841 -0.000548444
60.72 -0.00774872 0.00830913
60.96 -0.0131363 0.0161943
61.2 -0.00318019 0.0228332
61.44 0.0219491 0.027737
61.68 0.0536584 0.030536
61.92 0.0784542 0.0311669
62.16 0.0853218 0.0296787
62.4 0.0723195 0.0259364
62.64 0.04771 0.0196832
62.88 0.0246156 0.0110732
63.12 0.0128817 0.00123636
63.36 0.0137986 -0.00775846
63.6 0.0209593 -0.0137653
63.84 0.0258332 -0.0157624
64.08 0.0234822 -0.014505
64.32 0.0145765 -0.0120429
64.56 0.00337542 -0.0103363
64.8 -0.00566496 -0.00991223
65.04 -0.00986736 -0.00953296
65.28 -0.00829306 -0.00714618
65.52 -0.00108754 -0.00147321
65.76 0.0104265 0.00686637
66 0.0231392 0.0154672
66.24 0.032395 0.0214113
66.48 0.0338298 0.0228627
66.72 0.0258546 0.0199832
66.96 0.0108869 0.0146657
67.2 -0.00575537 0.00935127
67.44 -0.0185773 0.00572119
67.68 -0.0243937 0.00402834
67.92 -0.0231745 0.00334654
68.16 -0.0172392 0.00243194
68.4 -0.00979876 0.000585382
68.64 -0.00376345 -0.00198294
68.88 -0.00103386 -0.00439591
69.12 -0.00206736 -0.00569612
69.36 -0.00570203 -0.00537989
69.6 -0.00954141 -0.00360787
69.84 -0.0110551 -0.0010583
70.08 -0.00895176 0.00143227
70.32 -0.00395355 0.00324463
70.56 0.00161755 0.00421072
70.8 0.0052085 0.00461764
71.04 0.00545179 0.00498294
71.28 0.00276654 0.00571422
71.52 -0.00105997 0.00685443
71.76 -0.00384119 0.00808993
72 -0.00386561 0.00902369
72.24 -0.000345753 0.00949714
72.48 0.0064937 0.00967434
72.72 0.0155034 0.00978768
72.96 0.0248274 0.00975878
73.2 0.032333 0.00907251
73.44 0.0362441 0.00710832
73.68 0.0357494 0.00373176
73.92 0.0312553 -0.000335665
74.16 0.0241203 -0.00374171
74.4 0.0160275 -0.0052479
74.64 0.00836739 -0.00449132
74.88 0.00194127 -0.00221886
75.12 -0.00296867 0.000168059
75.36 -0.00636228 0.00142605
75.6 -0.00835207 0.00109198
75.84 -0.00914254 -0.000430635
76.08 -0.00906339 -0.00225597
76.32 -0.00852692 -0.00352955
76.56 -0.00789435 -0.00376219
76.8 -0.00736227 -0.0029058
77.04 -0.00698302 -0.00127616
77.28 -0.00680452 0.000569923
77.52 -0.00698488 0.00199651
77.76 -0.00774065 0.00251897
78 -0.00913354 0.00204217
78.24 -0.0108626 0.000943461
78.48 -0.0122583 -0.00012173
78.72 -0.0125402 -0.00061527
78.96 -0.0112019 -0.000447378
79.2 -0.00829216 8.11657e-06
79.44 -0.00442135 0.000230566
79.68 -0.00050314 -4.70282e-05
79.92 0.00260762 -0.000663808
80.16 0.00438772 -0.00119792
80.4 0.0047291 -0.00131265
80.64 0.00386765 -0.000999367
80.88 0.00226455 -0.000551718
81.12 0.000513782 -0.000327541
81.36 -0.000746861 -0.000486531
81.6 -0.000997615 -0.000858843
81.84 -8.71427e-05 -0.0009887
82.08 0.00155406 -0.000322693
82.32 0.00294905 0.00151002
82.56 0.00297721 0.00441275
82.8 0.00100911 0.00768049
83.04 -0.00259415 0.0101538
83.28 -0.00648445 0.0106757
83.52 -0.00892347 0.00863929
83.76 -0.00868828 0.00431499
84 -0.00579554 -0.00121275
84.24 -0.00164851 -0.00640103
84.48 0.00148775 -0.00967157
84.72 0.00147444 -0.00980567
84.96 -0.00263344 -0.00640009
85.2 -0.00987158 -0.000395848
85.44 -0.0173812 0.00567046
85.68 -0.0213323 0.00828097
85.92 -0.0185411 0.00463946
86.16 -0.00810384 -0.00523701
86.4 0.00782931 -0.0174921
86.64 0.0246879 -0.0256586
86.88 0.0372895 -0.0239294
87.12 0.041885 -0.0106567
87.36 0.0374007 0.0102226
87.6 0.0254215 0.0309437
87.84 0.00924623 0.0438566
88.08 -0.00728436 0.0451178
88.32 -0.0207184 0.0359756
88.56 -0.0286475 0.0212308
88.8 -0.0301852 0.00626795
89.04 -0.0261276 -0.00534723
89.28 -0.0184821 -0.0125419
89.52 -0.00935701 -0.0159177
89.76 0.000160673 -0.0165238
90 0.0102307 -0.015161
90.24 0.0212319 -0.0124137
90.48 0.0322064 -0.00898786
90.72 0.0401535 -0.00584874
90.96 0.0410708 -0.00396782
91.2 0.0322814 -0.00385454
91.44 0.0144722 -0.00520061
91.68 -0.00804668 -0.0068978
91.92 -0.0291102 -0.00749476
92.16 -0.0433667 -0.00592245
92.4 -0.0482771 -0.00212432
92.64 -0.0445589 0.00280142
92.88 -0.0352682 0.00711485
93.12 -0.0243189 0.00936539
93.36 -0.0151113 0.00918544
93.6 -0.00953995 0.00742897
93.84 -0.00748532 0.00555443
94.08 -0.0069973 0.00466262
94.32 -0.00534126 0.0048251
94.56 -0.000637536 0.00511511
94.8 0.00674856 0.00426038
95.04 0.0140203 0.00144338
95.28 0.0172803 -0.00325997
95.52 0.0136786 -0.00900667
95.76 0.00307142 -0.0146858
96 -0.0118199 -0.0193893
96.24 -0.0267698 -0.0225545
96.48 -0.0380038 -0.0237916
96.72 -0.0435867 -0.022693
96.96 -0.0436223 -0.0189377
97.2 -0.0394873 -0.012718
97.44 -0.0328372 -0.00513339
97.68 -0.0250272 0.00192835
97.92 -0.0170803 0.00658338
98.16 -0.00987248 0.00799984
98.4 -0.00413926 0.00693222
98.64 -0.000234612 0.00522962
98.88 0.00205968 0.00456267
99.12 0.00332403 0.00527405
99.36 0.00390159 0.00622615
99.6 0.00338349 0.00575333
99.84 0.000761722 0.00294209
100.08 -0.00461907 -0.00177954
100.32 -0.0119063 -0.00714164
100.56 -0.0183713 -0.0120777
100.8 -0.0204503 -0.0163393
101.04 -0.0158291 -0.0201543
101.28 -0.00528869 -0.0233195
101.52 0.00707574 -0.0246782
101.76 0.015742 -0.0226383
102 0.0168337 -0.0164805
102.24 0.010508 -0.00745462
102.48 0.00100946 0.00131614
102.72 -0.00587217 0.0062979
102.96 -0.00647029 0.00555505
103.2 -0.00164515 1.0691e-05
103.44 0.00380999 -0.00693433
103.68 0.00451376 -0.01128
103.92 -0.0016707 -0.0106601
104.16 -0.012105 -0.00551886
104.4 -0.021368 0.00147681
104.64 -0.0253249 0.00725561
104.88 -0.0241086 0.00999027
105.12 -0.0215963 0.00939909
105.36 -0.0217744 0.00573737
105.6 -0.0250196 -0.00126871
105.84 -0.0275075 -0.0122009
106.08 -0.024373 -0.0263591
106.32 -0.0140193 -0.0403041
106.56 0.000101177 -0.0484138
106.8 0.011816 -0.0458867
107.04 0.0167868 -0.0323857
107.28 0.0155677 -0.0134333
107.52 0.0128221 0.00206353
107.76 0.0136192 0.00692644
108 0.0199727 3.80168e-05
108.24 0.0301606 -0.0131967
108.48 0.0407015 -0.024615
108.72 0.0487574 -0.0286049
108.96 0.0529536 -0.0252688
109.2 0.0525982 -0.0194889
109.44 0.046863 -0.0169658
109.68 0.0351772 -0.0202961
109.92 0.0184454 -0.0277447
110.16 -0.000395857 -0.0351206
110.4 -0.0173679 -0.0389236
110.64 -0.0292957 -0.0383133
110.88 -0.0349651 -0.0346991
111.12 -0.0348047 -0.0297222
111.36 -0.0298033 -0.0235559
111.6 -0.0210119 -0.0150215
111.84 -0.0101052 -0.00342508
112.08 -8.68003e-05 0.00945523
112.32 0.00515929 0.0190413
112.56 0.00267959 0.0199118
112.8 -0.00763265 0.00895057
113.04 -0.0226104 -0.0123668
113.28 -0.0373113 -0.0380857
113.52 -0.0473326 -0.0602412
113.76 -0.0503428 -0.0721962
114 -0.0461429 -0.0710517
114.24 -0.0358737 -0.0582034
114.48 -0.0214283 -0.0382931
114.72 -0.00542341 -0.0173972
114.96 0.00884443 -0.00113158
115.2 0.0181531 0.00700697
115.44 0.0207106 0.00675008
115.68 0.0171547 0.00109224
115.92 0.0102784 -0.00512861
116.16 0.00350939 -0.00768527
116.4 -0.000841827 -0.00512843
116.64 -0.00241203 0.000732165
116.88 -0.00231863 0.00635023
117.12 -0.00197665 0.00882507
117.36 -0.00212298 0.00742045
117.6 -0.00256075 0.00334038
117.84 -0.00249386 -0.00162438
118.08 -0.00102666 -0.00619627
118.32 0.00243922 -0.0096727
118.56 0.00792319 -0.0114116
118.8 0.0146928 -0.0107608
119.04 0.0213552 -0.0077568
119.28 0.0263776 -0.00376901
119.52 0.0288883 -0.000996584
119.76 0.0292256 -0.000780846
120 0.0287134 -0.00208217
