-4.99 -2.04463e-06 1.12747e-06
-4.98 -2.28323e-05 -1.67249e-05
-4.97 -3.54885e-05 -7.56374e-06
-4.96 -4.80308e-05 -3.11676e-05
-4.95 -8.76759e-05 -7.91412e-05
-4.94 -0.00012961 6.10721e-06
-4.93 -0.000272169 -0.000224226
-4.92 0.000118354 -1.57672e-05
-4.91 -0.000491737 -4.53007e-05
-4.9 -0.000447034 -0.000557806
-4.89 -0.00026475 6.65447e-05
-4.88 -0.000810488 -0.000696663
-4.87 -0.000966504 -0.00014294
-4.86 -0.000967226 -0.000469569
-4.85 -0.0012575 -0.000660136
-4.84 -0.00217865 0.000393121
-4.83 -0.00260436 -0.00165483
-4.82 -0.00166159 0.000304079
-4.81 -0.00290745 -0.000212362
-4.8 -0.00362409 -0.00130055
-4.79 -0.000889124 0.000350545
-4.78 -0.00337433 -0.00164189
-4.77 -0.00119837 -0.000706038
-4.76 -0.00171431 -0.00244332
-4.75 0.000267763 -0.00319537
-4.74 -0.000955936 -0.00080654
-4.73 -0.00213479 -0.00587976
-4.72 0.000907423 -0.00118529
-4.71 -0.00271119 -0.00181704
-4.7 -0.0060399 -0.00369807
-4.69 -0.00488977 -0.000280444
-4.68 -0.00970058 -0.00339092
-4.67 -0.0106791 0.00028952
-4.66 -0.011991 -0.00297838
-4.65 -0.0105096 -0.00416916
-4.64 -0.0126303 0.000872239
-4.63 -0.0148832 -0.00807413
-4.62 -0.00519721 -0.000944751
-4.61 -0.00733933 -0.00322947
-4.6 -0.00943635 -0.00425843
-4.59 -0.00626441 -0.000946878
-4.58 -0.0119585 -0.00326202
-4.57 -0.0164892 0.0064769
-4.56 -0.020261 0.000879878
-4.55 -0.017942 7.9326e-05
-4.54 -0.0303852 0.0090982
-4.53 -0.0386538 -0.00555259
-4.52 -0.0323868 0.00301516
-4.51 -0.0417604 0.0033365
-4.5 -0.0401226 0.00121357
-4.49 -0.0356422 0.00340764
-4.48 -0.0283563 -0.00221208
-4.47 -0.0303398 0.0110947
-4.46 -0.0250518 -0.00250009
-4.45 -0.0102091 0.00243606
-4.44 -0.0133268 0.0116229
-4.43 -0.0155061 -0.0027114
-4.42 -0.00823613 0.00671548
-4.41 -0.0163081 0.00591495
-4.4 -0.0254753 0.00502986
-4.39 -0.0164051 0.00356705
-4.38 -0.0215447 -0.00435467
-4.37 -0.0103654 0.0112139
-4.36 -0.0262477 -0.00668611
-4.35 0.0097819 -0.00224756
-4.34 0.00116315 0.00910102
-4.33 0.0233574 -0.0069476
-4.32 0.0247404 0.0045325
-4.31 0.0277305 -0.00953203
-4.3 0.00528226 0.00433403
-4.29 -0.00929369 -0.000298777
-4.28 -0.0110672 -0.00444664
-4.27 -0.0265228 0.0154925
-4.26 -0.0521606 0.0012005
-4.25 -0.0412199 -0.00479063
-4.24 -0.0534815 0.0165166
-4.23 -0.0554768 0.00721006
-4.22 -0.0326117 0.0261227
-4.21 -0.0229367 0.010582
-4.2 -0.00594061 0.0353444
-4.19 -0.0223871 0.0172851
-4.18 0.00943553 0.00936983
-4.17 -0.0262468 0.0389818
-4.16 -0.0518587 0.0222335
-4.15 -0.0469739 0.0213264
-4.14 -0.0818166 0.0348028
-4.13 -0.0847631 0.0281173
-4.12 -0.0990888 0.0222011
-4.11 -0.104587 0.01338
-4.1 -0.100519 0.0331543
-4.09 -0.112289 0.0170458
-4.08 -0.0578645 0.00940726
-4.07 -0.0456851 0.0446666
-4.06 -0.0350206 0.00795452
-4.05 0.00205076 0.0232197
-4.04 -0.00876359 0.0169193
-4.03 0.00288706 0.0316746
-4.02 0.00612492 0.0235616
-4.01 -0.0173862 0.0192141
-4 -0.00822438 0.0382273
-3.99 -0.0710919 0.0341323
-3.98 -0.0259155 0.0149924
-3.97 -0.0375845 0.0467205
-3.96 -0.0240616 0.00520013
-3.95 0.00858937 0.0158972
-3.94 -0.00165912 -0.00247064
-3.93 0.0345914 0.0128732
-3.92 0.0286664 0.0178202
-3.91 0.0503246 -0.0329263
-3.9 0.0441444 0.00968524
-3.89 -0.00678286 -0.0209895
-3.88 -0.0316112 -0.0179868
-3.87 -0.0508674 0.0106414
-3.86 -0.0958027 0.0192458
-3.85 -0.0395764 0.00799498
-3.84 -0.0691395 -0.00742099
-3.83 -0.00682457 0.00238095
-3.82 -0.0519669 0.0219801
-3.81 -0.0144518 -0.0421467
-3.8 0.00214743 0.0327522
-3.79 -0.0408553 0.00220218
-3.78 0.00392584 -0.0311143
-3.77 -0.0576901 0.0166783
-3.76 -0.0746415 -0.00407514
-3.75 -0.109466 0.0199726
-3.74 -0.0936245 -0.00689299
-3.73 -0.0982736 0.0422176
-3.72 -0.0730259 0.0274798
-3.71 -0.0813331 -0.0146128
-3.7 -0.0253217 0.0556195
-3.69 -0.0990306 0.0318855
-3.68 0.00440841 -0.00283973
-3.67 -0.0471573 0.0434574
-3.66 0.0160146 -0.00626589
-3.65 -0.0090829 0.0238731
-3.64 0.0225239 0.0141889
-3.63 0.0284976 0.0496889
-3.62 0.0218985 0.0626111
-3.61 0.0377181 0.00527456
-3.6 0.0330835 0.047835
-3.59 0.00215674 0.0484667
-3.58 0.0233004 0.0448139
-3.57 -0.00679787 0.10805
-3.56 -0.0249549 0.0371379
-3.55 -0.0572715 0.0728941
-3.54 -0.0432301 -0.00702832
-3.53 -0.0913272 0.0280942
-3.52 -0.0909557 0.0732564
-3.51 -0.103748 0.0173192
-3.5 -0.0961505 0.0485346
-3.49 -0.145408 -0.000479285
-3.48 -0.0836062 -0.0139534
-3.47 -0.122894 -0.0145854
-3.46 -0.115475 0.0140256
-3.45 -0.144595 0.0344927
-3.44 -0.109657 0.023999
-3.43 -0.105125 -0.0144039
-3.42 -0.156641 0.12946
-3.41 -0.0778455 -0.0371439
-3.4 -0.235431 0.111564
-3.39 -0.147533 0.0268138
-3.38 -0.266359 0.0450409
-3.37 -0.155343 0.0290419
-3.36 -0.263237 0.0286894
-3.35 -0.221027 0.0473376
-3.34 -0.249855 -0.0335849
-3.33 -0.200777 -0.0155335
-3.32 -0.221564 0.0378864
-3.31 -0.0543996 -0.0141503
-3.3 -0.120618 0.0514332
-3.29 -0.0390719 0.0875486
-3.28 -0.0928067 -0.0227878
-3.27 -0.100473 0.104012
-3.26 -0.0657892 -0.0287759
-3.25 -0.195456 0.072027
-3.24 -0.0524496 -0.0365144
-3.23 -0.228381 -0.000444365
-3.22 -0.150614 0.0270084
-3.21 -0.1443 -0.0354948
-3.2 -0.0852237 0.0123347
-3.19 -0.00115643 -0.00953781
-3.18 0.00966879 0.0104439
-3.17 0.0817909 0.0995593
-3.16 0.0814553 0.0950873
-3.15 -0.0151862 0.178338
-3.14 0.0955564 0.128634
-3.13 -0.0501323 0.0813176
-3.12 -0.172441 0.178479
-3.11 -0.152765 0.083059
-3.1 -0.279373 0.121613
-3.09 -0.183657 0.0778902
-3.08 -0.180633 0.0587674
-3.07 -0.103144 0.0656598
-3.06 -0.138425 -0.0427706
-3.05 -0.240956 0.0797786
-3.04 -0.066198 -0.0303314
-3.03 -0.184613 0.0101206
-3.02 -0.18259 0.0837847
-3.01 -0.170214 0.0328512
-3 -0.400394 0.0413304
-2.99 -0.380505 0.0178621
-2.98 -0.458331 -0.0108282
-2.97 -0.334769 0.0349627
-2.96 -0.353763 -0.0102118
-2.95 -0.390112 0.131734
-2.94 -0.253128 0.0285051
-2.93 -0.296289 0.0337923
-2.92 -0.261476 0.131301
-2.91 -0.0459541 0.00252943
-2.9 -0.220709 0.141585
-2.89 -0.0887494 0.115804
-2.88 -0.287591 0.0951318
-2.87 -0.205292 0.139436
-2.86 -0.23319 0.0483537
-2.85 -0.460688 0.10209
-2.84 -0.243633 -0.0340111
-2.83 -0.498671 0.0137986
-2.82 -0.381754 0.0595886
-2.81 -0.281998 -0.0274692
-2.8 -0.210838 0.0808457
-2.79 -0.171661 0.0291624
-2.78 -0.214178 -0.0340787
-2.77 -0.194102 0.0756171
-2.76 -0.0606098 -0.028488
-2.75 -0.294395 0.1135
-2.74 0.0611549 -0.0478131
-2.73 -0.283695 0.042759
-2.72 -0.340755 0.0428506
-2.71 -0.267235 -0.103069
-2.7 -0.351494 0.0582901
-2.69 -0.151581 -0.144174
-2.68 -0.278632 -0.0441435
-2.67 -0.0817271 -0.0137501
-2.66 -0.18491 0.0114183
-2.65 -0.285527 0.106971
-2.64 -0.00118289 0.0242981
-2.63 -0.224736 0.00278387
-2.62 -0.275159 0.205682
-2.61 -0.240458 -0.0137351
-2.6 -0.505651 0.32055
-2.59 -0.421834 0.0909261
-2.58 -0.664829 0.167319
-2.57 -0.544536 0.0799612
-2.56 -0.632941 0.00133299
-2.55 -0.740884 0.208172
-2.54 -0.349397 -0.0584064
-2.53 -0.610057 0.0776662
-2.52 -0.46107 0.146374
-2.51 -0.333277 -0.0510727
-2.5 -0.469913 0.14528
-2.49 -0.243699 0.0791388
-2.48 -0.435521 0.0742599
-2.47 -0.238689 0.0366669
-2.46 -0.248357 0.0472287
-2.45 -0.380069 0.271143
-2.44 0.0650195 -0.027429
-2.43 -0.235708 0.069126
-2.42 -0.0195961 0.191998
-2.41 0.0896504 -0.214098
-2.4 0.0158448 0.206635
-2.39 0.217902 0.0404411
-2.38 -0.0768175 0.201664
-2.37 -0.0407265 0.0735208
-2.36 -0.205446 0.122132
-2.35 -0.509525 0.26015
-2.34 -0.175507 -0.0494853
-2.33 -0.4748 0.119577
-2.32 -0.355206 0.186968
-2.31 -0.269172 -0.0900015
-2.3 -0.309695 0.12596
-2.29 0.00977855 0.0194311
-2.28 -0.126902 -0.0139739
-2.27 0.098633 0.0895952
-2.26 -0.0520661 -0.0240154
-2.25 -0.345458 0.365067
-2.24 -0.28517 -0.0714723
-2.23 -0.747095 0.205149
-2.22 -0.872311 0.147768
-2.21 -0.96764 0.0156892
-2.2 -1.07855 0.120142
-2.19 -0.818275 -0.00071003
-2.18 -0.943403 0.0653935
-2.17 -0.468398 0.00443787
-2.16 -0.353732 -0.0524221
-2.15 -0.30851 0.268483
-2.14 0.0521416 -0.0666978
-2.13 -0.185704 0.0389232
-2.12 -0.269931 0.0769539
-2.11 -0.375547 -0.0819943
-2.1 -0.528945 0.0016526
-2.09 -0.597724 -0.0443308
-2.08 -0.854285 0.0169083
-2.07 -0.68508 0.00543271
-2.06 -0.605728 -0.0999282
-2.05 -0.451843 0.43109
-2.04 0.0744377 0.0189353
-2.03 0.00544153 0.31923
-2.02 -0.0482548 0.244219
-2.01 0.000532115 0.163627
-2 -0.178754 0.11813
-1.99 -0.196633 0.0773827
-1.98 -0.481636 0.0457731
-1.97 -0.693045 -0.120496
-1.96 -1.03254 -0.243975
-1.95 -1.21687 -0.0496547
-1.94 -1.01488 -0.158647
-1.93 -0.895842 -0.152195
-1.92 -0.730571 0.144485
-1.91 -0.368403 -0.151478
-1.9 -0.356776 0.0907188
-1.89 0.00270055 -0.165223
-1.88 -0.00682611 0.103014
-1.87 -0.019311 -0.0630573
-1.86 -0.0881541 -0.114669
-1.85 -0.286434 -0.02034
-1.84 -0.529687 -0.146918
-1.83 -0.743521 -0.252228
-1.82 -0.980131 -0.0524075
-1.81 -1.15316 -0.0939704
-1.8 -1.16903 -0.113247
-1.79 -0.869511 -0.167082
-1.78 -0.82169 -0.21083
-1.77 -0.60992 -0.0815581
-1.76 -0.293019 -0.402641
-1.75 -0.259851 0.0728284
-1.74 0.0203162 -0.118293
-1.73 -0.0574019 -0.249142
-1.72 -0.256765 -0.151589
-1.71 -0.633982 -0.180584
-1.7 -0.901758 -0.243068
-1.69 -1.08675 -0.240963
-1.68 -1.38711 -0.0757664
-1.67 -1.45548 -0.165686
-1.66 -1.33921 -0.262864
-1.65 -1.44641 -0.0864506
-1.64 -0.707731 0.0660848
-1.63 -0.419214 -0.155721
-1.62 0.0286988 0.207229
-1.61 0.166933 0.0819486
-1.6 0.0346808 0.0125953
-1.59 -0.0074492 -0.0744618
-1.58 -0.278599 -0.0635428
-1.57 -0.508259 -0.0361337
-1.56 -0.700296 -0.144722
-1.55 -1.25276 -0.0641666
-1.54 -1.17836 0.073821
-1.53 -1.48202 -0.262702
-1.52 -1.33548 0.0361126
-1.51 -0.960488 -0.0890187
-1.5 -0.843011 0.0875101
-1.49 -0.251447 -0.228189
-1.48 -0.316954 -0.0808759
-1.47 -0.0726878 -0.214664
-1.46 -0.15024 -0.146345
-1.45 -0.24519 -0.367156
-1.44 -0.407396 0.0725971
-1.43 -0.893165 -0.535434
-1.42 -1.19733 -0.298131
-1.41 -1.30359 -0.435583
-1.4 -1.63454 -0.250597
-1.39 -1.2503 -0.373628
-1.38 -1.54239 -0.347318
-1.37 -1.2388 -0.11928
-1.36 -0.913972 -0.312326
-1.35 -0.64686 -0.180301
-1.34 -0.0107264 0.253526
-1.33 -0.234935 0.145753
-1.32 -0.0543523 0.00337939
-1.31 -0.485327 0.329413
-1.3 -0.68517 -0.0286933
-1.29 -0.739736 0.172555
-1.28 -1.17115 -0.126679
-1.27 -1.25658 0.301101
-1.26 -1.33849 -0.196805
-1.25 -1.65984 -0.0768914
-1.24 -1.12373 0.0293785
-1.23 -1.2645 -0.0418003
-1.22 -0.747627 -0.204965
-1.21 -0.645236 0.155544
-1.2 -0.552258 -0.169873
-1.19 -0.247415 0.127494
-1.18 -0.649657 -0.263922
-1.17 -0.373966 0.0916658
-1.16 -0.462189 -0.159919
-1.15 -0.709428 -0.292069
-1.14 -0.391619 -0.169154
-1.13 -0.778369 -0.271843
-1.12 -0.638063 -0.358509
-1.11 -0.581801 -0.180261
-1.1 -0.683127 -0.28093
-1.09 -0.331187 -0.0485525
-1.08 -0.774383 -0.370365
-1.07 -0.251282 -0.0512405
-1.06 -0.291714 0.187762
-1.05 -0.215939 -0.189375
-1.04 0.170473 0.210999
-1.03 -0.315982 -0.168275
-1.02 -0.380109 -0.118469
-1.01 -0.429646 -0.361198
-1 -0.832567 -0.160355
-0.99 -0.470924 -0.203727
-0.98 -1.35924 -0.648036
-0.97 -0.995193 -0.393632
-0.96 -1.40979 0.0475335
-0.95 -1.36527 -0.514305
-0.94 -0.835641 0.221239
-0.93 -1.02689 -0.0940279
-0.92 -0.726251 -0.00258514
-0.91 -0.514368 0.158852
-0.9 -0.708839 0.102156
-0.89 -0.192608 0.495851
-0.88 -0.615217 -0.55282
-0.87 -0.540702 0.0688221
-0.86 -0.51581 -0.335699
-0.85 -1.25027 -0.454413
-0.84 -0.838326 -0.221457
-0.83 -1.79102 -0.11458
-0.82 -1.34643 -0.491872
-0.81 -1.65457 0.0791486
-0.8 -1.64697 -0.385061
-0.79 -0.833826 0.44463
-0.78 -1.17653 -0.314727
-0.77 -0.573786 0.277856
-0.76 0.111131 0.151489
-0.75 -0.0200834 -0.0959761
-0.74 0.625949 0.25605
-0.73 0.122532 -0.21245
-0.72 -0.0263633 -0.0683797
-0.71 -0.381771 -0.030262
-0.7 -1.07788 -0.189733
-0.69 -0.254368 0.370453
-0.68 -1.52185 -0.0137732
-0.67 -1.01673 -0.0952097
-0.66 -0.483717 0.304951
-0.65 -0.593789 -0.18579
-0.64 0.589196 0.322471
-0.63 0.662679 -0.273012
-0.62 0.976149 0.0529041
-0.61 0.870287 -0.198859
-0.6 0.313556 -0.470266
-0.59 0.50488 -0.0308651
-0.58 -0.96693 -0.537632
-0.57 -1.51352 -0.826503
-0.56 -1.39741 -0.00361778
-0.55 -2.39997 -0.504991
-0.54 -1.32504 0.219014
-0.53 -1.30458 -0.250295
-0.52 -0.484791 0.254842
-0.51 0.58857 -0.0206144
-0.5 0.788506 0.253751
-0.49 1.94106 0.681479
-0.48 1.09862 0.509183
-0.47 0.641674 -0.137703
-0.46 0.118806 0.560911
-0.45 -1.36143 -0.512219
-0.44 -1.69833 0.109909
-0.43 -2.8946 -0.457325
-0.42 -2.95057 -0.369381
-0.41 -2.18059 -0.225133
-0.4 -1.86842 -0.278133
-0.39 0.100396 0.433864
-0.38 0.518807 0.0870126
-0.37 0.69754 0.15792
-0.36 1.80018 0.299431
-0.35 1.16308 0.176601
-0.34 1.64039 0.42991
-0.33 0.0859782 0.370236
-0.32 -0.734119 -0.428611
-0.31 -2.17165 -0.0521464
-0.3 -3.17823 -1.05926
-0.29 -2.68074 -0.381689
-0.28 -2.69217 -0.439661
-0.27 -2.82804 -0.268321
-0.26 -1.27675 0.154423
-0.25 -1.32386 0.0333134
-0.24 0.00846032 0.538251
-0.23 0.496675 0.182309
-0.22 0.905727 0.366659
-0.21 1.19237 0.630751
-0.2 0.378659 0.270044
-0.19 0.626711 0.0632248
-0.18 -0.571417 0.239492
-0.17 -1.60535 -0.904597
-0.16 -1.22747 -0.0863082
-0.15 -1.55286 -0.618669
-0.14 -0.845736 0.42877
-0.13 -0.0906595 -0.0872287
-0.12 0.697587 0.747237
-0.11 1.44093 0.797101
-0.1 1.91565 1.03996
-0.09 1.29379 0.513262
-0.08 -0.163877 0.742524
-0.07 -3.20665 -0.643394
-0.06 -4.25307 -0.175841
-0.05 -6.53086 -0.615748
-0.04 -7.20773 -0.60315
-0.03 -7.57936 -1.15477
-0.02 -7.2623 -1.58202
-0.01 -4.55818 -0.959019
0 -0.37067 0.0686302
0.01 3.59642 1.09755
0.02 6.24414 1.68297
0.03 6.60044 1.25215
0.04 6.24874 0.748446
0.05 5.4086 0.740779
0.06 3.18008 0.430043
0.07 2.10833 0.804974
0.08 -1.16437 -0.525604
0.09 -2.47374 -0.241356
0.1 -3.26294 -0.816138
0.11 -3.02239 -0.458107
0.12 -2.33641 -0.525051
0.13 -1.57648 0.303206
0.14 -0.800497 -0.25744
0.15 -0.00331678 0.663237
0.16 -0.424107 0.401504
0.17 -0.0723965 1.0242
0.18 -1.2694 0.0534431
0.19 -2.29857 0.243416
0.2 -2.14485 -0.140426
0.21 -2.85483 -0.405092
0.22 -2.64639 -0.342225
0.23 -2.49464 -0.104032
0.24 -2.04029 -0.588016
0.25 -0.929557 -0.258355
0.26 -0.870146 -0.204337
0.27 0.976012 0.0128475
0.28 0.96564 0.282973
0.29 1.11326 0.33102
0.3 1.63538 0.976978
0.31 0.801285 0.0859246
0.32 -0.541104 0.361863
0.33 -1.2728 -0.328385
0.34 -2.52547 -0.419327
0.35 -2.37853 -0.276485
0.36 -3.11601 -0.221109
0.37 -1.91433 -0.341374
0.38 -1.79387 -0.24125
0.39 -1.13942 -0.634012
0.4 0.890767 0.141045
0.41 1.47521 0.0467071
0.42 2.19128 0.252272
0.43 2.40968 0.398089
0.44 1.51252 -0.052111
0.45 1.27687 0.578175
0.46 -0.27387 -0.282049
0.47 -0.563566 0.323501
0.48 -1.5884 -0.411871
0.49 -2.09834 -0.640389
0.5 -1.33241 -0.213819
0.51 -1.02724 -0.0577688
0.52 -0.428374 -0.216339
0.53 0.443837 0.282489
0.54 0.493171 -0.206938
0.55 1.65283 0.356641
0.56 0.936327 0.178422
0.57 1.08656 0.851934
0.58 0.543156 0.603572
0.59 -0.819577 0.0218444
0.6 -0.691386 0.388714
0.61 -1.18256 0.0174155
0.62 -1.19402 -0.138041
0.63 -1.19998 0.17203
0.64 -0.759466 -0.354914
0.65 0.175289 -0.0717994
0.66 0.30162 -0.377188
0.67 0.887421 0.172669
0.68 1.49833 0.043061
0.69 0.400207 -0.0333956
0.7 1.22709 0.306548
0.71 0.623719 0.16096
0.72 0.235923 0.238125
0.73 -0.570415 0.411024
0.74 -0.920303 0.17419
0.75 -0.69675 0.206098
0.76 -0.926071 0.0629385
0.77 -0.296914 -0.212051
0.78 0.0138177 0.265785
0.79 -0.444529 -0.350667
0.8 0.281819 0.448201
0.81 0.52112 -0.069004
0.82 0.496937 0.373079
0.83 0.683674 -0.0300945
0.84 -0.0219035 0.206683
0.85 0.112213 0.359065
0.86 -0.616206 0.411094
0.87 -0.485051 0.211897
0.88 -0.448842 0.504189
0.89 -0.928109 -0.233731
0.9 -0.501742 -0.0849776
0.91 -0.674547 0.0271102
0.92 -0.56061 -0.0494276
0.93 -0.314885 0.0564425
0.94 -0.478954 -0.138252
0.95 0.0869036 0.378624
0.96 -0.125266 0.0190939
0.97 -0.307997 0.392459
0.98 -0.123762 0.594708
0.99 -0.848131 0.166591
1 -0.613127 0.135613
1.01 -0.940798 0.239397
1.02 -0.911317 -0.00822974
1.03 -1.06777 -0.0400595
1.04 -1.45891 -0.268428
1.05 -0.870373 -0.123169
1.06 -1.07164 -0.340765
1.07 -1.05114 -0.15631
1.08 -0.527533 0.0689508
1.09 -1.01975 -0.244155
1.1 -0.427309 -0.1532
1.11 -0.469698 -0.209408
1.12 -0.10289 -0.177302
1.13 -0.373153 -0.091972
1.14 -0.69596 -0.284747
1.15 -0.181633 -0.0692929
1.16 -0.678724 -0.134853
1.17 -0.729395 -0.24737
1.18 -0.576531 0.09902
1.19 -1.42541 -0.123745
1.2 -1.24019 0.10381
1.21 -1.36376 -0.0282006
1.22 -1.08747 0.310951
1.23 -0.81296 0.334297
1.24 -0.824462 0.237576
1.25 -0.0356007 0.353661
1.26 -0.509891 0.50658
1.27 -0.27391 0.00424388
1.28 -0.264576 0.545111
1.29 -0.806366 0.261899
1.3 -0.75172 0.349569
1.31 -1.3336 0.019152
1.32 -1.73902 0.191342
1.33 -1.85188 0.0654631
1.34 -2.32829 -0.0748009
1.35 -1.41729 0.291917
1.36 -1.69701 0.383688
1.37 -1.09875 0.0631244
1.38 -0.962826 0.262697
1.39 -1.00197 0.161181
1.4 -0.411584 -0.0400747
1.41 -0.841144 0.214696
1.42 -0.565562 -0.0848675
1.43 -0.905049 0.130463
1.44 -1.44455 -0.500372
1.45 -1.00715 -0.0456754
1.46 -1.21562 -0.243777
1.47 -1.16993 -0.0842178
1.48 -0.940244 -0.188912
1.49 -1.01209 -0.0538806
1.5 -0.274991 -0.314073
1.51 -0.424647 0.0638378
1.52 0.566164 -0.0957318
1.53 0.548243 0.265872
1.54 0.226653 -0.136625
1.55 0.736171 -0.155461
1.56 -0.0408802 -0.0454007
1.57 -0.0571264 -0.192795
1.58 -0.342548 -0.134765
1.59 -0.537783 -0.245157
1.6 -0.711257 -0.333813
1.61 -1.22236 -0.443106
1.62 -0.83895 -0.465148
1.63 -0.955774 -0.194673
1.64 -0.725949 -0.206636
1.65 0.00271406 -0.302831
1.66 -0.28402 0.0304466
1.67 0.056472 -0.286806
1.68 0.00935215 -0.221242
1.69 0.0348752 -0.158652
1.7 0.172512 -0.0961842
1.71 -0.356738 -0.127196
1.72 -0.202528 -0.121923
1.73 -0.618383 -0.0626943
1.74 -0.601401 -0.0455789
1.75 -0.369679 -0.11509
1.76 -0.756498 0.389638
1.77 -0.394082 0.165154
1.78 -0.686375 0.303288
1.79 -0.285932 0.354123
1.8 0.0260461 0.312315
1.81 -0.192682 0.453319
1.82 0.0641045 0.265946
1.83 -0.258277 0.354864
1.84 -0.311562 0.172781
1.85 -0.329959 0.0885811
1.86 -0.618098 0.182744
1.87 -0.486567 0.131579
1.88 -1.02735 -0.0472194
1.89 -0.884206 0.151218
1.9 -0.713276 -0.146406
1.91 -1.05836 0.247907
1.92 -0.370842 -0.118974
1.93 -0.523683 0.213454
1.94 -0.154607 0.0579175
1.95 -0.0889679 -0.0484881
1.96 -0.191457 0.0852743
1.97 0.0619433 -0.000758979
1.98 -0.607339 -0.0469522
1.99 -0.417255 0.00865836
2 -0.791875 -0.11612
2.01 -1.0966 0.0264498
2.02 -0.865255 -0.175676
2.03 -0.958672 -0.0300636
2.04 -0.84209 0.167769
2.05 -0.557217 -0.121363
2.06 -0.602193 0.307492
2.07 0.00178449 0.00318705
2.08 -0.278822 0.0447381
2.09 0.110211 0.0101796
2.1 -0.0200069 0.00477195
2.11 -0.404303 0.0676925
2.12 -0.175487 -0.150238
2.13 -0.661645 -0.163158
2.14 -0.453881 -0.0641144
2.15 -0.552995 -0.369726
2.16 -0.682337 0.0521671
2.17 -0.352021 -0.259912
2.18 -0.495661 -0.162275
2.19 -0.187615 -0.184303
2.2 -0.104902 -0.123784
2.21 -0.241297 0.0531424
2.22 -0.119845 -0.0366208
2.23 -0.324249 -0.0667744
2.24 -0.251971 0.0599748
2.25 -0.295349 -0.11367
2.26 -0.652487 0.262782
2.27 -0.338023 0.109202
2.28 -0.789849 0.181976
2.29 -0.653472 0.108814
2.3 -0.469615 -0.0377567
2.31 -0.681013 0.295898
2.32 -0.448303 0.081723
2.33 -0.553025 0.258067
2.34 -0.481522 0.236619
2.35 -0.510203 0.158377
2.36 -0.570534 0.23003
2.37 -0.429056 0.200983
2.38 -0.648453 0.287982
2.39 -0.710269 0.219508
2.4 -0.528478 0.0800148
2.41 -0.703089 0.38384
2.42 -0.528106 -0.00448114
2.43 -0.56972 0.143292
2.44 -0.626058 0.119177
2.45 -0.543647 -0.0013821
2.46 -0.661792 0.140921
2.47 -0.424731 0.0522658
2.48 -0.499295 0.19692
2.49 -0.594855 0.0717126
2.5 -0.499108 0.0472582
2.51 -0.562125 0.207536
2.52 -0.486003 -0.0683198
2.53 -0.357456 0.0343857
2.54 -0.443394 0.0433999
2.55 -0.301838 -0.111596
2.56 -0.523372 0.0739035
2.57 -0.369895 -0.182508
2.58 -0.253191 -0.102538
2.59 -0.525202 -0.226722
2.6 -0.263864 -0.171598
2.61 -0.516674 -0.00464479
2.62 -0.470408 -0.0815246
2.63 -0.462329 0.0405192
2.64 -0.452065 -0.00196623
2.65 -0.354855 -0.0339193
2.66 -0.43065 0.19497
2.67 -0.401768 0.0301201
2.68 -0.221535 0.153653
2.69 -0.392321 0.0910455
2.7 -0.0877584 -0.025744
2.71 -0.18349 0.0827874
2.72 -0.240877 -0.0646877
2.73 -0.230418 -0.0397829
2.74 -0.420996 -0.129574
2.75 -0.0686336 -0.109494
2.76 -0.311584 -0.0383309
2.77 -0.0824488 -0.126582
2.78 -0.0596907 -0.0319825
2.79 -0.159797 -0.0500298
2.8 0.0640194 -0.14298
2.81 0.101368 0.0193211
2.82 0.17213 -0.0990907
2.83 0.189247 0.00862296
2.84 0.0579204 -0.044589
2.85 0.185585 0.0115755
2.86 0.0181487 0.030586
2.87 0.0249448 -0.0293883
2.88 0.170926 0.0500075
2.89 -0.13469 0.0447386
2.9 0.0978069 0.0311301
2.91 -0.0802048 0.164742
2.92 0.121729 0.00262431
2.93 0.0882254 0.0676335
2.94 0.0928025 -0.00165568
2.95 0.238488 -0.0351216
2.96 0.126153 0.0536905
2.97 0.10707 -0.0388947
2.98 0.259762 -0.0176508
2.99 0.0348119 -0.0836056
3 0.0585395 -0.0674552
3.01 -0.186151 -0.0132958
3.02 -0.215733 -0.0773297
3.03 -0.32769 0.0357677
3.04 -0.340562 -0.0193712
3.05 -0.21783 -0.00736388
3.06 -0.26206 0.114261
3.07 -0.2729 0.0235962
3.08 -0.0398015 0.0670413
3.09 -0.0451562 0.0249987
3.1 0.100821 -0.000332853
3.11 0.0658277 0.0140352
3.12 0.103636 -0.0501836
3.13 -0.0057459 0.0566623
3.14 -0.0854759 -0.0193625
3.15 0.0252198 -0.0285383
3.16 -0.103909 0.0642975
3.17 -0.118699 -0.0489613
3.18 -0.0273481 0.0504715
3.19 -0.00517534 0.0293694
3.2 -0.0362046 0.0364324
3.21 0.0776351 0.0429981
3.22 0.0242492 -0.0536893
3.23 -0.00152477 -0.0248095
3.24 -0.124996 -0.0527133
3.25 -0.0754952 -0.0652931
3.26 -0.24989 0.0676786
3.27 -0.282207 -0.0406383
3.28 -0.267505 0.0696141
3.29 -0.230686 -0.0104202
3.3 -0.245018 0.025962
3.31 -0.173826 0.0662673
3.32 -0.0684572 0.0136182
3.33 -0.115005 0.0515523
3.34 -0.0321502 0.0413049
3.35 -0.0252276 -0.0139632
3.36 -0.0224758 -0.0109188
3.37 -0.109342 -0.0390814
3.38 -0.109876 -0.00736405
3.39 -0.115372 -0.0480528
3.4 -0.216553 -0.0187941
3.41 -0.192627 0.0508707
3.42 -0.142906 -0.0721182
3.43 -0.201017 0.0258793
3.44 -0.161152 0.00173898
3.45 -0.134951 -0.0163143
3.46 -0.12017 0.00242682
3.47 -0.0821116 -0.0204438
3.48 -0.120223 -0.00483787
3.49 0.0469661 -0.0549956
3.5 -0.114187 -0.00994259
3.51 -0.0681113 -0.0227749
3.52 -0.0433984 -0.0731416
3.53 -0.147541 -0.0162968
3.54 -0.152727 0.0007895
3.55 -0.203064 -0.00960064
3.56 -0.18035 0.0198719
3.57 -0.232897 -0.0405049
3.58 -0.229137 -0.0456757
3.59 -0.0840989 -0.0804186
3.6 -0.23598 -0.0452504
3.61 -0.154115 -0.0358353
3.62 -0.0572732 -0.0704447
3.63 -0.141758 -0.0516432
3.64 -0.0521567 -0.0672396
3.65 -0.097041 -0.0540144
3.66 -0.0751064 -0.0228419
3.67 -0.132051 -0.0154706
3.68 -0.146669 0.0321722
3.69 -0.00784396 0.00793066
3.7 -0.132274 0.0194286
3.71 -0.0198215 0.0288141
3.72 0.0616739 0.00500131
3.73 -0.0171582 0.00313
3.74 0.0723293 0.0196818
3.75 0.00693286 0.00256842
3.76 0.0598433 -0.016956
3.77 0.00650398 -0.0244048
3.78 -0.0196264 -0.00567816
3.79 0.0578295 -0.0310626
3.8 -0.0665742 -0.0278335
3.81 -0.0123429 0.00785124
3.82 0.0484366 -0.0267783
3.83 -0.0014391 -0.010379
3.84 0.109699 0.00759637
3.85 0.0382342 0.010581
3.86 0.128996 -0.0370899
3.87 0.0761285 -0.012537
3.88 0.0182301 -0.00612972
3.89 0.0924852 -0.00826239
3.9 -0.0542924 0.00184904
3.91 -0.0231564 0.0226927
3.92 -0.0183638 -0.0172583
3.93 -0.0453558 -0.0185516
3.94 -0.00721595 0.00188504
3.95 -0.0665555 0.0086177
3.96 0.00296824 -0.00421159
3.97 -0.0126712 -0.0019252
3.98 -0.0554742 0.00033286
3.99 0.0538525 -0.0279851
4 -0.0588381 -0.0181245
4.01 -0.0442801 -0.00967757
4.02 -0.0433776 -0.00792447
4.03 -0.0869428 -0.010471
4.04 -0.0648706 -0.000545947
4.05 -0.121748 0.00297034
4.06 -0.0417628 -0.0129062
4.07 -0.0720572 -0.00994334
4.08 -0.0793854 0.00196887
4.09 -0.0196549 0.00562329
4.1 -0.0682752 0.00565796
4.11 -0.0469078 0.0173743
4.12 -0.0242966 0.0169355
4.13 -0.0323096 -0.000121108
4.14 -0.0206197 0.00425207
4.15 -0.0743711 0.0140919
4.16 -0.0369432 0.00118391
4.17 -0.0547414 -0.00243316
4.18 -0.0741748 0.00655944
4.19 -0.0182472 -0.00174307
4.2 -0.0596826 -0.0164332
4.21 -0.0330828 -0.011755
4.22 -0.031574 -0.00687386
4.23 -0.00256567 -0.0189565
4.24 0.0133958 -0.0124328
4.25 -0.0191126 -0.0064382
4.26 0.0183475 -0.0255333
4.27 -0.006254 -0.0304066
4.28 -0.0190412 -0.0236439
4.29 0.000599292 -0.0162253
4.3 -0.0240498 -0.0237724
4.31 -0.0306663 -0.015849
4.32 -0.0453169 -0.0110183
4.33 -0.0245924 -0.0169771
4.34 -0.0158423 -0.00857461
4.35 -0.0278573 0.00115325
4.36 0.00131338 -0.00136104
4.37 -0.0058236 -0.00764147
4.38 -0.0197647 0.00322254
4.39 -0.00434108 0.00258951
4.4 -0.0150449 7.7383e-05
4.41 -0.00868693 -0.000330954
4.42 -0.0269629 0.00218424
4.43 -0.00990204 -0.00411073
4.44 -0.0158982 6.64684e-05
4.45 -0.0255711 0.00431428
4.46 -0.00473549 0.00408318
4.47 -0.000158263 -0.00294511
4.48 0.00682086 0.0013448
4.49 0.0111434 0.00016062
4.5 0.0182311 -0.00261068
4.51 0.0171061 -0.00172535
4.52 0.0106675 -0.00315794
4.53 0.0162361 -0.006475
4.54 0.0143535 -0.00937056
4.55 -0.00261697 -0.0082452
4.56 -0.000326918 -0.00467102
4.57 -0.00479972 -0.00637568
4.58 -0.00446645 -0.00148846
4.59 -0.0105266 0.000580114
4.6 -0.00458589 0.0022018
4.61 -0.00410037 0.00180096
4.62 -0.00898043 0.0057027
4.63 0.0037606 0.00517992
4.64 0.00433289 0.00239997
4.65 0.00119081 0.00212243
4.66 0.00068533 0.00353183
4.67 0.000212192 -0.000435607
4.68 0.000380032 0.00106854
4.69 -0.00359329 0.00234855
4.7 -0.000985418 0.00125119
4.71 -0.00309744 0.00184756
4.72 -0.00828362 0.00339295
4.73 -0.00429958 0.0042738
4.74 -0.00376315 0.00199042
4.75 -0.00551143 0.00299659
4.76 -0.00359658 0.00325894
4.77 -0.00421828 0.000560981
4.78 -0.00205689 0.00157456
4.79 -0.00398764 0.0013373
4.8 -0.00116251 0.000549242
4.81 -0.000921394 0.000369227
4.82 -0.00221863 0.000791053
4.83 -6.52875e-05 0.000827902
4.84 -0.000491325 0.00060502
4.85 -0.000322488 0.0010031
4.86 -0.000538515 0.00115252
4.87 -0.000359231 0.000521062
4.88 0.000175955 0.00067364
4.89 -0.000392518 0.000456872
4.9 0.00015726 0.000307931
4.91 0.000267985 0.000212985
4.92 -0.000105391 5.24064e-05
4.93 0.000175206 0.000122866
4.94 2.46691e-05 -7.987e-05
4.95 7.9092e-06 2.35649e-06
4.96 -5.31159e-05 8.90387e-06
4.97 -4.57214e-05 1.00954e-05
4.98 -4.76942e-06 1.09558e-05
4.99 -1.07537e-05 2.64618e-06
0.24 -5.69722 0.0862496
0.48 -4.34696 0.00618399
0.72 -2.60947 -0.0768271
0.96 -0.987251 -0.115577
1.2 0.177727 -0.0839065
1.44 0.792017 0.0119394
1.68 0.957957 0.138928
1.92 0.851412 0.254421
2.16 0.621939 0.324263
2.4 0.360046 0.333063
2.64 0.113821 0.284428
2.88 -0.088488 0.194799
3.12 -0.234172 0.0862229
3.36 -0.33215 -0.0189222
3.6 -0.41029 -0.101389
3.84 -0.49904 -0.147957
4.08 -0.61404 -0.153805
4.32 -0.751151 -0.122964
4.56 -0.893165 -0.0658971
4.8 -1.0167 0.00462082
5.04 -1.09254 0.0765583
5.28 -1.08599 0.138884
5.52 -0.968172 0.18031
5.76 -0.738282 0.189949
6 -0.440271 0.161932
6.24 -0.15449 0.101776
6.48 0.0388273 0.0288461
6.72 0.103952 -0.0295496
6.96 0.071347 -0.0510097
7.2 0.0190549 -0.0303033
7.44 0.0236919 0.0175426
7.68 0.112525 0.066223
7.92 0.248044 0.0936672
8.16 0.354725 0.0939431
8.4 0.369584 0.0782901
8.64 0.282829 0.066002
8.88 0.142566 0.0725383
9.12 0.0225688 0.10262
9.36 -0.0228928 0.150698
9.6 0.0141898 0.205325
9.84 0.103235 0.252553
10.08 0.206769 0.27699
10.32 0.308562 0.263306
10.56 0.415986 0.201232
10.8 0.537598 0.0930113
11.04 0.65857 -0.04214
11.28 0.738355 -0.171951
11.52 0.735338 -0.263378
11.76 0.639064 -0.296657
12 0.482892 -0.272444
12.24 0.325337 -0.20788
12.48 0.213705 -0.125242
12.72 0.157492 -0.0416041
12.96 0.130148 0.0340551
13.2 0.0947196 0.0967426
13.44 0.0314721 0.140547
13.68 -0.0524294 0.158905
13.92 -0.133573 0.150181
14.16 -0.1893 0.122706
14.4 -0.20577 0.093005
14.64 -0.174584 0.076627
14.88 -0.0884738 0.0780089
15.12 0.0533625 0.0875646
15.36 0.232329 0.0887981
15.6 0.404324 0.070083
15.84 0.513358 0.0319385
16.08 0.521714 -0.0153851
16.32 0.436436 -0.0609015
16.56 0.310074 -0.100088
16.8 0.210881 -0.134305
17.04 0.181089 -0.164123
17.28 0.212304 -0.184017
17.52 0.255237 -0.184397
17.76 0.255853 -0.159667
18 0.19144 -0.114859
18.24 0.0821379 -0.0642691
18.48 -0.0267234 -0.0226164
18.72 -0.0951552 0.00395676
18.96 -0.109441 0.0196117
19.2 -0.0820997 0.0323902
19.44 -0.0365878 0.0458787
19.68 0.00863357 0.0563865
19.92 0.0461396 0.0575095
20.16 0.0758556 0.0470768
20.4 0.0987122 0.0296421
20.64 0.113411 0.0122628
20.88 0.116497 -0.00231451
21.12 0.102879 -0.0187341
21.36 0.0658198 -0.0456768
21.6 -0.00130501 -0.0890381
21.84 -0.0994099 -0.147019
22.08 -0.216553 -0.21002
22.32 -0.325534 -0.263973
22.56 -0.39133 -0.293989
22.8 -0.386842 -0.287133
23.04 -0.308369 -0.235594
23.28 -0.180708 -0.141254
23.52 -0.0475126 -0.019467
23.76 0.0483872 0.102385
24 0.083922 0.193853
24.24 0.0639679 0.234473
24.48 0.0153866 0.222996
24.72 -0.0286259 0.176332
24.96 -0.0450066 0.118676
25.2 -0.0300638 0.0682812
25.44 0.00190471 0.0305954
25.68 0.0285824 0.00103224
25.92 0.0325807 -0.0267121
26.16 0.0110821 -0.054035
26.4 -0.0221672 -0.0766899
26.64 -0.0433461 -0.0884558
26.88 -0.0305319 -0.0848146
27.12 0.0245768 -0.0641075
27.36 0.111199 -0.0274207
27.6 0.2035 0.0203287
27.84 0.272437 0.0682671
28.08 0.2993 0.0998622
28.32 0.283608 0.0987753
28.56 0.24119 0.058704
28.8 0.193995 -0.00937112
29.04 0.157896 -0.0792989
29.28 0.135437 -0.122079
29.52 0.116905 -0.121517
29.76 0.0880027 -0.0831236
30 0.0389917 -0.0303587
30.24 -0.0297145 0.00918573
30.48 -0.107726 0.0186387
30.72 -0.179527 -0.00112478
30.96 -0.230947 -0.0351866
31.2 -0.254112 -0.0649954
31.44 -0.249032 -0.0783301
31.68 -0.221766 -0.0735584
31.92 -0.180666 -0.0574432
32.16 -0.132852 -0.0394064
32.4 -0.0826443 -0.0261112
32.64 -0.0323016 -0.0188815
32.88 0.0159431 -0.0144185
33.12 0.0580998 -0.00771376
33.36 0.0880025 0.00461549
33.6 0.0985519 0.0222334
33.84 0.084374 0.0411695
34.08 0.0453166 0.0558858
34.32 -0.0104387 0.0620969
34.56 -0.0657895 0.0587665
34.8 -0.0988483 0.04831
35.04 -0.0919469 0.0351819
35.28 -0.0419148 0.023914
35.52 0.0347411 0.0177076
35.76 0.106853 0.0179966
36 0.143102 0.0246188
36.24 0.128478 0.0360063
36.48 0.0725917 0.0491893
36.72 0.00414527 0.0599741
36.96 -0.0452069 0.0638177
37.2 -0.0574179 0.0574693
37.44 -0.0349367 0.0406933
37.68 0.00508309 0.0169484
37.92 0.0436676 -0.00774299
38.16 0.0706299 -0.027423
38.4 0.0867509 -0.0388874
38.64 0.0983438 -0.0427212
38.88 0.11 -0.0419425
39.12 0.12104 -0.0392204
39.36 0.126971 -0.0348104
39.6 0.123237 -0.0269285
39.84 0.107877 -0.0143617
40.08 0.0818935 0.000910925
40.32 0.0484507 0.0136821
40.56 0.0122179 0.0187861
40.8 -0.021266 0.0155503
41.04 -0.0471308 0.00979871
41.28 -0.0634447 0.0111164
41.52 -0.0722202 0.0265427
41.76 -0.0771366 0.0548654
42 -0.0786384 0.0857726
42.24 -0.0703064 0.104967
42.48 -0.0407248 0.102181
42.72 0.0188229 0.076915
42.96 0.105811 0.0382832
43.2 0.203973 -0.000641652
43.44 0.289794 -0.029968
43.68 0.343855 -0.04696
43.92 0.358639 -0.0547549
44.16 0.337135 -0.0575282
44.4 0.284386 -0.0561443
44.64 0.200405 -0.0476842
44.88 0.0819541 -0.0292005
45.12 -0.0672834 -0.00275525
45.36 -0.226865 0.0224696
45.6 -0.360218 0.0334595
45.84 -0.428592 0.0207675
46.08 -0.410765 -0.0145741
46.32 -0.315698 -0.0596809
46.56 -0.179492 -0.0958618
46.8 -0.0484525 -0.108995
47.04 0.0410943 -0.0977603
47.28 0.0746292 -0.0741402
47.52 0.0581386 -0.055561
47.76 0.00789381 -0.0537316
48 -0.0599482 -0.0675709
48.24 -0.133504 -0.0847464
48.48 -0.202978 -0.0903588
48.72 -0.257032 -0.0765921
48.96 -0.282799 -0.0470402
49.2 -0.27072 -0.0136398
49.44 -0.220811 0.0107668
49.68 -0.145438 0.0189699
49.92 -0.0659082 0.0114558
50.16 -0.00426374 -0.00590963
50.4 0.0253479 -0.0258741
50.64 0.0214126 -0.0427344
50.88 -0.00593887 -0.053242
51.12 -0.040388 -0.0561637
51.36 -0.0663098 -0.0515741
51.6 -0.0741056 -0.0403836
51.84 -0.0623208 -0.0240436
52.08 -0.0363989 -0.00433911
52.32 -0.00508228 0.0166321
52.56 0.0238482 0.0362699
52.8 0.0466223 0.0514037
53.04 0.0639889 0.0588137
53.28 0.07915 0.0564148
53.52 0.0945859 0.0445169
53.76 0.109912 0.0262947
54 0.1221 0.00700647
54.24 0.127579 -0.00772259
54.48 0.124363 -0.0137283
54.72 0.112559 -0.00951014
54.96 0.0932829 0.00347652
55.2 0.0674703 0.0213511
55.44 0.0360715 0.0389683
55.68 0.00147029 0.0514823
55.92 -0.0315506 0.0559165
56.16 -0.0568818 0.0521267
56.4 -0.0699467 0.0426256
56.64 -0.0702306 0.0312846
56.88 -0.0613056 0.0216197
57.12 -0.0481541 0.015647
57.36 -0.0339066 0.0138429
57.6 -0.0186591 0.0158906
57.84 -0.00126388 0.0213248
58.08 0.0175808 0.0294081
58.32 0.0337714 0.0383994
58.56 0.0413743 0.0450988
58.8 0.0364127 0.0455168
59.04 0.0201612 0.0366813
59.28 -0.000464451 0.0185939
59.52 -0.0158832 -0.00501387
59.76 -0.0185337 -0.0278511
60 -0.00668064 -0.0436866
60.24 0.0146578 -0.048996
60.48 0.036123 -0.0441904
60.72 0.0485816 -0.0328777
60.96 0.0475769 -0.0197868
61.2 0.0353589 -0.00865261
61.44 0.0193341 -0.00114382
61.68 0.00773667 0.00292766
61.92 0.00504459 0.00467412
62.16 0.00993827 0.00527073
62.4 0.0170051 0.00559532
62.64 0.0208682 0.00625717
62.88 0.0197754 0.00765433
63.12 0.0162 0.00988028
63.36 0.0143082 0.0126377
63.6 0.0164574 0.0154191
63.84 0.0214145 0.0179546
64.08 0.0254406 0.0205622
64.32 0.0251253 0.0239767
64.56 0.0196862 0.0286172
64.8 0.0111497 0.0338085
65.04 0.00262624 0.0376759
65.28 -0.00375088 0.0380219
65.52 -0.00768237 0.0337185
65.76 -0.00999718 0.0256293
66 -0.0112698 0.0163034
66.24 -0.0110253 0.00854853
66.48 -0.00816806 0.00384573
66.72 -0.00223984 0.00171699
66.96 0.00553963 0.000451796
67.2 0.0123569 -0.00141186
67.44 0.0151378 -0.00397961
67.68 0.012367 -0.00602992
67.92 0.00522122 -0.00602813
68.16 -0.00280123 -0.00326027
68.4 -0.00765316 0.00174597
68.64 -0.0069058 0.00767875
68.88 -0.00102907 0.0132561
69.12 0.00693823 0.0177254
69.36 0.0130382 0.0208009
69.6 0.0143118 0.0223291
69.84 0.00992522 0.0221348
70.08 0.0011054 0.0201991
70.32 -0.00973896 0.0169146
70.56 -0.020013 0.0130601
70.8 -0.0275868 0.00942728
71.04 -0.0310957 0.00639949
71.28 -0.030106 0.0038604
71.52 -0.0252352 0.00151187
71.76 -0.0180622 -0.000700626
72 -0.0106447 -0.00245868
72.24 -0.00472151 -0.00336265
72.48 -0.00100937 -0.00337216
72.72 0.000952278 -0.0029784
72.96 0.00227017 -0.00293262
73.2 0.00380944 -0.00375625
73.44 0.00553213 -0.0054508
73.68 0.0064945 -0.00763566
73.92 0.00549294 -0.00995067
74.16 0.00193061 -0.0123288
74.4 -0.00364249 -0.0148811
74.64 -0.00963631 -0.0175086
74.88 -0.0141016 -0.0196235
75.12 -0.0156001 -0.0202818
75.36 -0.0138069 -0.0186854
75.6 -0.00955508 -0.0147072
75.84 -0.00432956 -0.00907795
76.08 0.00050733 -0.00312905
76.32 0.00433537 0.00172393
76.56 0.00739637 0.00447552
76.8 0.0103492 0.00481886
77.04 0.0135493 0.00319219
77.28 0.0165529 0.00060983
77.52 0.0182391 -0.00169471
77.76 0.0175265 -0.00274296
78 0.0142131 -0.00222496
78.24 0.00931665 -0.000617567
78.48 0.00461279 0.00110571
78.72 0.00164478 0.00202411
78.96 0.000888632 0.0017331
79.2 0.00165402 0.000435958
79.44 0.00275243 -0.00133752
79.68 0.00339014 -0.00311622
79.92 0.00360377 -0.00468218
80.16 0.00395719 -0.00599665
80.4 0.00482511 -0.00701828
80.64 0.00590332 -0.00761855
80.88 0.00636034 -0.00764643
81.12 0.00548823 -0.00703092
81.36 0.00329738 -0.00580183
81.6 0.000568794 -0.00403405
81.84 -0.00165221 -0.00181589
82.08 -0.00268284 0.000700179
82.32 -0.00245726 0.00322405
82.56 -0.00128128 0.00533935
82.8 0.000598207 0.0066287
83.04 0.00317082 0.00683095
83.28 0.00643096 0.0059297
83.52 0.00999081 0.00415185
83.76 0.0129524 0.00192219
84 0.0142378 -0.000205867
84.24 0.0132016 -0.00168463
84.48 0.0101425 -0.00218825
84.72 0.00641892 -0.00180157
84.96 0.00409653 -0.000993357
85.2 0.00521871 -0.000304553
85.44 0.0108592 5.2996e-05
85.68 0.0202445 0.000337732
85.92 0.0304339 0.000978543
86.16 0.0370705 0.00205198
86.4 0.0362528 0.00302068
86.64 0.0267261 0.00305122
86.88 0.0109955 0.00171877
87.12 -0.00565418 -0.000504639
87.36 -0.0178747 -0.00248573
87.6 -0.0229408 -0.00331592
87.84 -0.021469 -0.00317829
88.08 -0.0156888 -0.00344017
88.32 -0.00682877 -0.00576099
88.56 0.00596119 -0.0107837
88.8 0.0239847 -0.0173815
89.04 0.045983 -0.0231179
89.28 0.066611 -0.0257305
89.52 0.0784073 -0.024658
89.76 0.0764181 -0.0214744
90 0.0621437 -0.0187699
90.24 0.0435219 -0.0181241
90.48 0.0304353 -0.0186102
90.72 0.0286313 -0.0170985
90.96 0.0362685 -0.0104522
91.2 0.0454751 0.00174274
91.44 0.0477169 0.0159288
91.68 0.0391799 0.0260331
91.92 0.0226219 0.0270014
92.16 0.00487651 0.0181623
92.4 -0.00779197 0.00405603
92.64 -0.0131503 -0.00801363
92.88 -0.0132561 -0.0121893
93.12 -0.0119837 -0.00728243
93.36 -0.0120286 0.00301845
93.6 -0.0135119 0.0128557
93.84 -0.0147709 0.0177971
94.08 -0.0142724 0.016931
94.32 -0.0120135 0.0124065
94.56 -0.00946318 0.00723967
94.8 -0.00833753 0.00320926
95.04 -0.00930363 0.000213788
95.28 -0.0115755 -0.00285846
95.52 -0.0135629 -0.0067659
95.76 -0.0139486 -0.0111687
96 -0.0123692 -0.0148826
96.24 -0.00931151 -0.0166918
96.48 -0.00547958 -0.0160101
96.72 -0.00123185 -0.0130149
96.96 0.0034871 -0.00839603
97.2 0.00875847 -0.00308406
97.44 0.014236 0.00185226
97.68 0.0190043 0.00526528
97.92 0.0218303 0.0061784
98.16 0.0216061 0.00425533
98.4 0.0177283 0.000205166
98.64 0.0102988 -0.00426298
98.88 0.000170436 -0.00708081
99.12 -0.0111433 -0.00677941
99.36 -0.0217436 -0.00321661
99.6 -0.0298316 0.00237144
99.84 -0.0342577 0.0080252
100.08 -0.0348466 0.0120305
100.32 -0.0322856 0.0136667
100.56 -0.0276692 0.0133961
100.8 -0.0220617 0.0125002
101.04 -0.0163926 0.0124063
101.28 -0.0116403 0.0139891
101.52 -0.00893654 0.0170708
101.76 -0.00929061 0.0203125
102 -0.0130761 0.0216639
102.24 -0.0197923 0.0193818
102.48 -0.0284523 0.0132441
102.72 -0.0383127 0.00521174
102.96 -0.0491575 -0.00118296
103.2 -0.0606166 -0.00276506
103.44 -0.0709863 0.00102175
103.68 -0.0768567 0.00711698
103.92 -0.0745608 0.0102017
104.16 -0.0629649 0.00596533
104.4 -0.0455583 -0.00574541
104.64 -0.0296903 -0.0202361
104.88 -0.0226597 -0.0306034
105.12 -0.026957 -0.0321755
105.36 -0.038137 -0.025687
105.6 -0.0472744 -0.0167627
105.84 -0.046609 -0.0118627
106.08 -0.0344139 -0.0134827
106.32 -0.0155252 -0.0180934
106.56 0.00275346 -0.0183959
106.8 0.0160607 -0.00836948
107.04 0.0254158 0.0123874
107.28 0.0349067 0.037937
107.52 0.0467898 0.0591997
107.76 0.0582668 0.0687606
108 0.0627263 0.0642198
108.24 0.0544842 0.0484171
108.48 0.0331967 0.0271093
108.72 0.00450968 0.00608436
108.96 -0.0233389 -0.0105162
109.2 -0.0440984 -0.0202286
109.44 -0.0558289 -0.0214811
109.68 -0.0597708 -0.0131938
109.92 -0.0574574 0.00462305
110.16 -0.0488551 0.0296468
110.4 -0.0329434 0.0564855
110.64 -0.00982039 0.0774528
110.88 0.0177438 0.085129
111.12 0.0446243 0.0757361
111.36 0.0651564 0.0514599
111.6 0.0750863 0.020047
111.84 0.0726749 -0.00855507
112.08 0.0589785 -0.0268196
112.32 0.0378095 -0.0328194
112.56 0.0154443 -0.0300639
112.8 -0.000480769 -0.0243394
113.04 -0.00332149 -0.019933
113.28 0.00955525 -0.0178607
113.52 0.0347041 -0.0169506
113.76 0.0631072 -0.0163186
114 0.0835829 -0.0168195
114.24 0.0876481 -0.0202049
114.48 0.0733511 -0.0268943
114.72 0.0460287 -0.0345394
114.96 0.015604 -0.0388743
115.2 -0.00809325 -0.0363613
115.44 -0.0195068 -0.026624
115.68 -0.0189817 -0.0128479
115.92 -0.011339 6.26167e-05
116.16 -0.00262714 0.00817119
116.4 0.00286502 0.0102734
116.64 0.0037661 0.00790927
116.88 0.000838526 0.00405942
117.12 -0.00456461 0.00156812
117.36 -0.0114246 0.00207617
117.6 -0.0189067 0.00566775
117.84 -0.0258004 0.0110974
118.08 -0.0305134 0.0164404
118.32 -0.0318596 0.0199932
118.56 -0.0299289 0.0210724
118.8 -0.0261288 0.0202401
119.04 -0.022252 0.0187426
119.28 -0.0193444 0.0175188
119.52 -0.0173035 0.0165427
119.76 -0.0153819 0.0150397
120 -0.0129433 0.0123788
