-4.99 -6.79487e-06 -2.08505e-06
-4.98 -2.1729e-05 -5.70249e-06
-4.97 -3.47172e-05 -1.73649e-05
-4.96 3.77115e-05 -1.20952e-05
-4.95 2.08298e-05 -4.20167e-05
-4.94 0.000152794 -5.72613e-05
-4.93 0.000152498 -0.000204023
-4.92 0.000140694 -0.000135799
-4.91 0.000110961 -4.48891e-05
-4.9 4.37969e-05 -0.000304012
-4.89 -0.000344997 -0.000343892
-4.88 -0.000545865 -0.000289624
-4.87 -0.00104672 -0.000573842
-4.86 -0.000540193 -0.000370302
-4.85 -0.00105148 -0.000492813
-4.84 -0.000254774 -0.000168126
-4.83 -0.000108531 -0.0015654
-4.82 0.000259042 -0.000834306
-4.81 0.000998892 -0.000196836
-4.8 0.00098465 -0.000867368
-4.79 0.00122431 2.421e-05
-4.78 -0.000802425 0.000625459
-4.77 -0.000349623 -0.000785272
-4.76 -0.00320644 -0.000331948
-4.75 -0.0023211 1.3483e-05
-4.74 -0.00514191 0.000612772
-4.73 -0.00323642 -0.00121863
-4.72 -0.00442892 -0.0017941
-4.71 -0.000875071 -0.0011481
-4.7 0.00145029 -0.00645267
-4.69 0.00604498 -0.00300889
-4.68 0.00677305 -0.00450307
-4.67 0.010221 -0.00399481
-4.66 0.00892652 -0.00533334
-4.65 0.00781091 -0.00351795
-4.64 0.00602235 -0.00415353
-4.63 0.00113403 -0.00416292
-4.62 0.00287814 -0.00521602
-4.61 -0.00477166 -0.0030946
-4.6 0.00269919 -0.0104002
-4.59 -0.00107666 -0.00764598
-4.58 0.00430703 -0.00968334
-4.57 0.0139315 -0.0109343
-4.56 0.0186721 -0.0106851
-4.55 0.0226487 -0.0145563
-4.54 0.0291405 -0.00988547
-4.53 0.0229792 -0.0137494
-4.52 0.0278905 -0.0118578
-4.51 0.0148407 -0.00590021
-4.5 0.0212287 -0.0108857
-4.49 0.0096165 -0.0109891
-4.48 0.00660116 -0.011464
-4.47 0.0163151 -0.0111747
-4.46 0.0081495 -0.00665963
-4.45 0.012168 -0.0128263
-4.44 0.0213045 0.00276502
-4.43 0.0188788 -0.00607866
-4.42 0.0301435 -0.00767679
-4.41 0.029849 0.00395987
-4.4 0.038673 -0.002043
-4.39 0.0322304 0.000352624
-4.38 0.0186743 0.00810195
-4.37 0.0335248 0.00643416
-4.36 0.0066171 0.0126251
-4.35 0.0180491 -0.00246047
-4.34 0.0029173 0.0153874
-4.33 0.00214658 0.000947186
-4.32 -0.0102834 -0.00211035
-4.31 -0.0124078 0.0172583
-4.3 -0.0107251 -0.00118889
-4.29 -0.00828714 0.0033129
-4.28 -0.00853818 -0.000357214
-4.27 0.0203786 0.000299217
-4.26 0.00865473 0.00420644
-4.25 0.0267826 0.00543203
-4.24 0.0207732 0.00694474
-4.23 0.0219425 0.000232093
-4.22 0.0210898 -0.0238347
-4.21 -0.00923095 0.00457171
-4.2 0.0158463 -0.0248049
-4.19 -0.00695968 -0.00757938
-4.18 0.00555635 -0.0223376
-4.17 0.0314532 -0.0366838
-4.16 0.0301874 -0.0151419
-4.15 0.0384952 -0.0232744
-4.14 0.0534713 -0.00220952
-4.13 0.0733586 0.00463009
-4.12 0.0760371 -0.00961981
-4.11 0.0447314 0.00264309
-4.1 0.0444944 -0.0012104
-4.09 -0.0212146 0.00980001
-4.08 -0.058239 0.00192694
-4.07 -0.045693 -0.0279456
-4.06 -0.0685529 0.00221257
-4.05 -0.0466484 -0.0504497
-4.04 -0.0428032 -0.0233778
-4.03 -0.0088299 -0.0240963
-4.02 0.0222887 -0.0534561
-4.01 0.0505567 -0.0398404
-4 0.111224 -0.0429806
-3.99 0.107001 -0.0300266
-3.98 0.106394 -0.0309077
-3.97 0.111521 -0.034718
-3.96 0.0723404 -0.000285083
-3.95 0.0775642 -0.0427577
-3.94 0.0335069 -0.0120584
-3.93 0.0532193 -0.00226986
-3.92 0.0446288 -0.0474292
-3.91 0.0477348 -0.0109688
-3.9 0.100699 -0.0421065
-3.89 0.123796 -0.0407236
-3.88 0.136304 -0.0332519
-3.87 0.172797 -0.0581638
-3.86 0.145078 -0.0132117
-3.85 0.189596 -0.0504807
-3.84 0.143248 -0.0239062
-3.83 0.155649 -0.0233182
-3.82 0.123529 -0.0587386
-3.81 0.0315229 -0.0168197
-3.8 0.0393126 -0.0635709
-3.79 -0.00568998 -0.048045
-3.78 -0.00566237 -0.0482234
-3.77 0.00586517 -0.0791397
-3.76 -0.00123108 -0.0384794
-3.75 0.00597082 -0.0500704
-3.74 0.0114909 -0.0469487
-3.73 0.0257072 -0.029701
-3.72 0.0988929 -0.0520604
-3.71 0.0114311 0.000970408
-3.7 0.0741766 -0.0360844
-3.69 -0.0519886 0.00160303
-3.68 -0.0571166 -0.0049045
-3.67 -0.122977 -0.0759276
-3.66 -0.129454 -0.0115205
-3.65 -0.126193 -0.0792174
-3.64 -0.0969198 -0.051359
-3.63 -0.0488699 -0.0723689
-3.62 0.0479765 -0.0680902
-3.61 0.0951813 -0.0732221
-3.6 0.170224 -0.0697693
-3.59 0.234801 -0.0386524
-3.58 0.22646 -0.0182129
-3.57 0.241501 -0.0661303
-3.56 0.103455 0.0292085
-3.55 0.107768 -0.0582984
-3.54 -0.0796142 0.00881438
-3.53 -0.0953483 -0.0131789
-3.52 -0.122846 -0.0499063
-3.51 -0.137659 -0.0500914
-3.5 -0.0806144 -0.0751123
-3.49 -0.0351839 -0.0553305
-3.48 0.0824589 -0.0410515
-3.47 0.0967964 -0.0513109
-3.46 0.172306 -0.00727901
-3.45 0.207556 -0.0825365
-3.44 0.162245 -0.00331372
-3.43 0.0456204 -0.0158097
-3.42 0.0485744 -0.0402716
-3.41 -0.129565 0.0333245
-3.4 -0.142158 -0.0414268
-3.39 -0.205659 -0.0136498
-3.38 -0.134902 -0.0365909
-3.37 -0.147452 -0.0541448
-3.36 -0.0645438 -0.033947
-3.35 0.113493 -0.0623658
-3.34 0.0906033 0.0140782
-3.33 0.260263 0.0130304
-3.32 0.214339 -0.03678
-3.31 0.289423 0.0664759
-3.3 0.163314 -0.0627707
-3.29 0.152457 0.0122838
-3.28 0.0841211 -0.0117276
-3.27 0.00402361 -0.0184213
-3.26 -0.0819239 -0.0172052
-3.25 -0.00260668 -0.0680256
-3.24 -0.0623638 -0.0340643
-3.23 0.0675247 -0.0305982
-3.22 0.101688 -0.0727555
-3.21 0.185747 0.0501092
-3.2 0.261196 -0.0452645
-3.19 0.114307 0.0354147
-3.18 0.336798 -0.00705947
-3.17 0.0900528 -0.0553924
-3.16 0.0957119 -0.050323
-3.15 -0.0753028 -0.166624
-3.14 -0.22183 -0.0822131
-3.13 -0.330991 -0.118509
-3.12 -0.386596 -0.121622
-3.11 -0.221981 -0.0875944
-3.1 -0.175303 -0.106449
-3.09 -0.0868194 -0.0790129
-3.08 0.181868 -0.0528799
-3.07 0.271078 -0.0585227
-3.06 0.434052 0.0455291
-3.05 0.624994 -0.083219
-3.04 0.526375 0.0235947
-3.03 0.57242 -0.0189437
-3.02 0.293447 -0.107478
-3.01 0.311127 -0.0654569
-3 0.100461 -0.0893535
-2.99 -0.0857077 -0.0859722
-2.98 -0.00444124 -0.0891437
-2.97 -0.205938 -0.121783
-2.96 -0.0754188 -0.0911728
-2.95 -0.0262844 -0.199012
-2.94 0.06721 -0.0937275
-2.93 0.222935 -0.0092755
-2.92 0.19485 -0.0465152
-2.91 0.354839 0.0949489
-2.9 0.316496 0.0476114
-2.89 0.138577 0.0606392
-2.88 0.216496 0.0170111
-2.87 -0.0623837 0.0158888
-2.86 -0.124347 -0.00422639
-2.85 -0.187296 -0.0708333
-2.84 -0.322924 -0.106767
-2.83 -0.145118 -0.0697689
-2.82 -0.263156 -0.124723
-2.81 0.0903032 -0.0287899
-2.8 0.129958 -0.0390144
-2.79 0.12006 0.0604967
-2.78 0.38627 0.0637255
-2.77 0.255196 0.105011
-2.76 0.319085 0.17384
-2.75 0.209526 0.114382
-2.74 0.00399093 0.0181957
-2.73 -0.0326624 0.0239069
-2.72 -0.295268 -0.0166193
-2.71 -0.137563 -0.0112416
-2.7 -0.0335759 0.0446717
-2.69 -0.19955 0.11314
-2.68 0.250424 0.0332393
-2.67 0.06169 0.0415454
-2.66 0.416774 0.119049
-2.65 0.4278 0.140207
-2.64 0.514594 0.0929924
-2.63 0.550729 0.152454
-2.62 0.275361 0.0819402
-2.61 0.284412 -0.0639084
-2.6 0.180177 -0.0114325
-2.59 -0.144512 -0.0920756
-2.58 -0.00211752 -0.0947112
-2.57 -0.292162 -0.15345
-2.56 -0.247949 -0.0236821
-2.55 -0.342636 -0.106777
-2.54 -0.364133 -0.0394766
-2.53 -0.0673278 -0.0570279
-2.52 -0.352077 0.0419417
-2.51 -0.0669211 -0.0270478
-2.5 -0.100668 0.0811242
-2.49 -0.170783 0.0578499
-2.48 -0.0864673 0.0918786
-2.47 -0.131303 -0.000994395
-2.46 -0.236776 -0.00723216
-2.45 -0.384242 0.0924545
-2.44 -0.457652 -0.070665
-2.43 -0.268148 0.0200788
-2.42 -0.400901 0.0321096
-2.41 -0.100996 0.0761074
-2.4 0.0626396 0.0443075
-2.39 0.0135345 0.112973
-2.38 0.301258 0.147151
-2.37 0.499727 0.0364593
-2.36 0.742724 0.0237529
-2.35 0.669523 0.188353
-2.34 0.513381 -0.0380813
-2.33 0.447854 -0.100708
-2.32 0.0588422 -0.0526963
-2.31 0.0716877 -0.171476
-2.3 0.0733129 -0.204749
-2.29 -0.169457 -0.145063
-2.28 -0.147412 0.000299095
-2.27 -0.0761423 -0.123335
-2.26 0.147808 -0.0420605
-2.25 0.266662 0.176566
-2.24 0.492922 -0.0521097
-2.23 0.695801 -0.0219322
-2.22 0.648363 0.00583136
-2.21 0.483822 -0.00713426
-2.2 0.615484 -0.101827
-2.19 0.232557 -0.0736377
-2.18 0.243928 -0.0232763
-2.17 0.0739917 -0.175116
-2.16 0.0813711 -0.0790087
-2.15 -0.119454 0.135894
-2.14 -0.172285 0.136866
-2.13 0.132604 0.139313
-2.12 0.14857 0.196429
-2.11 0.19552 0.115598
-2.1 0.436178 0.0924529
-2.09 0.327427 -0.110862
-2.08 0.190151 0.198454
-2.07 0.532329 -0.158171
-2.06 0.221676 -0.0647883
-2.05 0.300859 -0.0831078
-2.04 -0.133768 0.0234678
-2.03 0.146567 -0.097781
-2.02 -0.044256 0.0571313
-2.01 0.100161 0.032076
-2 0.37139 0.0434452
-1.99 0.25643 -0.115411
-1.98 0.241908 0.191923
-1.97 0.52247 -0.0493508
-1.96 0.383304 -0.0914291
-1.95 0.514182 -0.0136692
-1.94 0.196733 -0.0450683
-1.93 0.125674 -0.0424819
-1.92 -0.0776013 -0.117361
-1.91 -0.337188 0.079491
-1.9 0.0282422 -0.104467
-1.89 -0.148918 -0.260302
-1.88 0.00739165 0.0660261
-1.87 0.196454 -0.201951
-1.86 0.234675 -0.0548724
-1.85 0.385318 0.106829
-1.84 0.407447 0.0106359
-1.83 0.409224 0.132683
-1.82 0.478164 -0.167566
-1.81 -0.0320074 0.275074
-1.8 0.164809 0.0920037
-1.79 -0.343424 0.0520634
-1.78 -0.379836 0.355749
-1.77 -0.318617 0.0126291
-1.76 -0.249426 0.0241823
-1.75 -0.255196 0.0999164
-1.74 -0.30277 -0.00512154
-1.73 -0.158943 0.168092
-1.72 -0.0122196 -0.0952891
-1.71 -0.137537 0.223892
-1.7 0.135995 0.137533
-1.69 -0.095331 -0.180086
-1.68 -0.191356 0.395471
-1.67 -0.136639 -0.0467664
-1.66 0.0101582 0.254441
-1.65 0.0198689 0.164697
-1.64 -0.114119 0.0651976
-1.63 0.0505147 0.106112
-1.62 0.0427734 -0.392043
-1.61 -0.0369797 0.0856166
-1.6 0.336867 -0.0642903
-1.59 0.2918 -0.315404
-1.58 0.33475 0.115823
-1.57 0.259744 -0.210753
-1.56 0.338991 -0.0513873
-1.55 0.34954 0.0816848
-1.54 0.159096 0.111784
-1.53 0.380288 0.471447
-1.52 0.306495 -0.139701
-1.51 0.175489 0.374169
-1.5 0.0799879 0.176534
-1.49 0.177521 -0.26622
-1.48 0.138728 0.322893
-1.47 0.215646 -0.275246
-1.46 0.271377 0.0281842
-1.45 0.310279 -0.202197
-1.44 -0.0570727 0.0921256
-1.43 0.195944 0.346568
-1.42 0.190108 -0.0992747
-1.41 -0.00566367 0.377062
-1.4 -0.261162 0.34439
-1.39 -0.357952 -0.127823
-1.38 -0.325878 0.438184
-1.37 -0.512795 -0.0492951
-1.36 -0.0133303 0.1149
-1.35 0.0716568 -0.23803
-1.34 -0.0400118 -0.235082
-1.33 0.254969 0.190131
-1.32 0.587323 -0.538584
-1.31 0.778719 0.213864
-1.3 0.677621 0.131375
-1.29 0.820545 -0.287714
-1.28 0.630086 0.183735
-1.27 0.199298 -0.155715
-1.26 0.341771 0.138515
-1.25 0.308789 -0.203488
-1.24 -0.0909642 -0.119643
-1.23 0.157832 0.277046
-1.22 0.107508 -0.500075
-1.21 0.286808 0.0987549
-1.2 0.227209 0.0508955
-1.19 0.526247 -0.322324
-1.18 0.77545 0.0581045
-1.17 0.479875 -0.261735
-1.16 0.770494 -0.0222227
-1.15 0.602751 -0.29261
-1.14 0.303808 -0.393986
-1.13 -0.15773 0.296117
-1.12 -0.225172 -0.624414
-1.11 -0.561057 0.0286724
-1.1 -0.810048 -0.0720552
-1.09 -0.724398 -0.231267
-1.08 -0.474811 0.113635
-1.07 -0.581617 -0.060125
-1.06 -0.24886 0.395484
-1.05 0.20138 -0.0459019
-1.04 0.0553439 0.152943
-1.03 0.149411 0.59203
-1.02 0.0216921 0.0665988
-1.01 -0.0779678 0.282149
-1 -0.85443 0.48829
-0.99 -0.869582 -0.0811913
-0.98 -1.18699 0.175765
-0.97 -1.2002 -0.374635
-0.96 -1.01883 0.200108
-0.95 -0.165048 -0.526095
-0.94 0.105353 -0.300471
-0.93 0.51673 0.265776
-0.92 1.09061 -0.451881
-0.91 1.32765 -0.0319959
-0.9 1.18388 -0.00648152
-0.89 1.10403 -0.0340873
-0.88 1.01525 -0.0358533
-0.87 0.3456 -0.0701061
-0.86 0.09034 0.168789
-0.85 -0.00301582 -0.34788
-0.84 -0.214627 -0.557444
-0.83 -0.498449 0.322747
-0.82 -0.188648 -0.526389
-0.81 0.148995 0.224979
-0.8 0.269876 0.092361
-0.79 0.747011 0.251353
-0.78 1.28212 0.105104
-0.77 1.11278 0.197695
-0.76 1.15133 0.518406
-0.75 1.34011 0.0809351
-0.74 0.814404 -0.281611
-0.73 0.352521 0.365606
-0.72 -0.0385876 -0.639313
-0.71 -0.373348 -0.183637
-0.7 -0.857036 -0.360993
-0.69 -0.933024 -0.158689
-0.68 -0.516202 -0.166159
-0.67 -0.26256 -0.214994
-0.66 0.504067 0.447733
-0.65 1.47427 -0.074979
-0.64 1.65738 0.146586
-0.63 1.65361 0.576521
-0.62 1.54519 0.13784
-0.61 1.28437 0.0303261
-0.6 0.524267 -0.0749349
-0.59 -0.101506 -0.342932
-0.58 -0.451441 -0.221404
-0.57 -1.01987 -0.918242
-0.56 -0.779801 0.157523
-0.55 -0.270613 -0.8328
-0.54 0.153389 -0.329252
-0.53 0.395028 0.152636
-0.52 1.26809 0.069474
-0.51 1.76268 0.144772
-0.5 2.04282 0.159784
-0.49 1.50655 0.25821
-0.48 1.24305 0.1106
-0.47 0.00325484 -0.236194
-0.46 -0.324982 0.471483
-0.45 -0.476581 -0.54029
-0.44 -0.47075 -0.688358
-0.43 -1.08075 0.0141002
-0.42 -0.786113 -0.536401
-0.41 -0.356331 0.262035
-0.4 0.35416 0.278714
-0.39 1.33917 0.797627
-0.38 2.19789 0.575703
-0.37 2.23991 0.325547
-0.36 1.89225 0.987713
-0.35 2.14994 0.238155
-0.34 1.66916 0.23157
-0.33 0.729233 0.414608
-0.32 -0.154587 -0.494873
-0.31 -0.66891 -0.665197
-0.3 -1.58263 -0.885873
-0.29 -1.17337 -0.771578
-0.28 -0.56883 -0.394292
-0.27 0.231433 -0.559187
-0.26 0.489137 0.596181
-0.25 1.90506 -0.114497
-0.24 2.62136 0.124638
-0.23 2.63805 0.373022
-0.22 3.21113 -0.105967
-0.21 2.92936 -0.116258
-0.2 1.91834 -0.251612
-0.19 0.88328 -0.468887
-0.18 0.660995 -0.293125
-0.17 0.431715 -1.3486
-0.16 0.464943 -0.114249
-0.15 1.16808 -0.979479
-0.14 1.92364 -0.341852
-0.13 0.926907 0.386462
-0.12 2.09374 0.496796
-0.11 2.3003 0.237346
-0.1 2.30159 0.191562
-0.09 0.912885 -0.638981
-0.08 -0.48814 -0.346335
-0.07 -2.46607 -1.63946
-0.06 -4.16015 -0.248262
-0.05 -4.25162 -1.08573
-0.04 -3.82762 -1.5011
-0.03 -4.79016 -0.762703
-0.02 -3.73108 -1.49337
-0.01 -1.87216 -0.840082
0 0.797441 -0.145232
0.01 3.52618 0.57819
0.02 5.23268 1.1032
0.03 6.27557 0.56721
0.04 5.38206 1.01714
0.05 5.7534 0.680127
0.06 5.6689 -0.40191
0.07 3.85497 1.1517
0.08 1.89111 -0.397358
0.09 0.447867 -0.0654415
0.1 -0.936834 -0.882535
0.11 -1.07116 -1.09796
0.12 -0.917832 -1.33955
0.13 0.0957213 -1.12732
0.14 -0.638087 -0.518912
0.15 -0.0533887 0.179836
0.16 0.771426 -0.689892
0.17 0.683257 0.620933
0.18 0.59808 -0.594807
0.19 0.423871 -0.248759
0.2 -0.554496 -0.326529
0.21 -1.51699 -0.48969
0.22 -1.95128 -0.17857
0.23 -1.38349 -0.64844
0.24 -1.46553 -0.390534
0.25 -0.716315 -0.0153359
0.26 0.368127 -0.758228
0.27 0.833175 0.504643
0.28 1.45635 0.168296
0.29 2.29262 0.407997
0.3 2.70247 0.642876
0.31 2.13219 0.0627315
0.32 1.51411 0.299687
0.33 0.663348 -0.678644
0.34 -0.154448 -0.514007
0.35 -0.692998 -0.345334
0.36 -0.468159 -1.23369
0.37 -0.779372 -0.472751
0.38 -0.771268 -0.579929
0.39 -0.0754354 -0.918179
0.4 1.05455 -0.164238
0.41 1.82789 -0.537994
0.42 2.25772 0.609499
0.43 2.49391 -0.00733314
0.44 1.92248 0.66447
0.45 2.00528 0.719919
0.46 1.71172 -0.397858
0.47 1.62057 0.435087
0.48 0.00207766 0.112916
0.49 -0.217246 -0.114426
0.5 -0.730851 0.246704
0.51 -0.441605 -0.156553
0.52 0.111228 0.14033
0.53 0.855438 -0.137151
0.54 0.963083 0.115837
0.55 1.37982 0.696929
0.56 1.8978 -0.380386
0.57 2.10003 0.856447
0.58 1.71307 0.0715236
0.59 1.15574 0.154188
0.6 0.721936 0.0943408
0.61 -0.459337 -0.452513
0.62 -0.321651 -0.250341
0.63 -0.677973 -0.715031
0.64 -0.392854 -0.621923
0.65 -0.174775 -0.234793
0.66 0.623725 -1.03604
0.67 1.32307 -0.138689
0.68 1.60499 -0.395866
0.69 2.01321 -0.205901
0.7 2.12913 0.135976
0.71 1.69682 -0.299578
0.72 1.27125 0.430921
0.73 0.901341 -0.326168
0.74 0.26643 -0.0700601
0.75 0.0949681 0.0827767
0.76 -0.0685278 -0.655805
0.77 0.183328 -0.0777073
0.78 -0.048267 -0.206462
0.79 0.425318 -0.370919
0.8 1.06429 -0.132742
0.81 1.1248 -0.590971
0.82 1.51633 0.304906
0.83 1.55003 -0.41749
0.84 1.19429 0.233922
0.85 0.934391 0.354046
0.86 0.734244 -0.264171
0.87 0.456795 0.160982
0.88 -0.21331 0.165212
0.89 -0.553051 -0.0293577
0.9 -0.55809 0.229408
0.91 -0.86529 -0.321377
0.92 -0.501497 0.291253
0.93 0.044175 -0.515698
0.94 0.0743804 -0.0811297
0.95 0.494725 0.0740266
0.96 0.994072 -0.642602
0.97 1.15992 0.124737
0.98 1.03228 -0.320691
0.99 0.669173 0.0573913
1 0.725717 0.0271813
1.01 -0.0908234 -0.134664
1.02 0.270675 0.349233
1.03 0.165661 -0.212839
1.04 0.14482 0.073121
1.05 0.20413 0.252367
1.06 0.563548 -0.277976
1.07 0.895571 0.255464
1.08 1.0801 -0.221956
1.09 1.06196 0.0315258
1.1 1.25465 -0.0219839
1.11 0.735189 -0.258516
1.12 0.637751 0.545034
1.13 0.62008 0.00712418
1.14 0.132019 0.347279
1.15 0.031403 0.374428
1.16 -0.246252 -0.154549
1.17 0.0197562 0.234004
1.18 -0.0425197 -0.259647
1.19 0.104888 0.254722
1.2 0.446263 -0.188056
1.21 0.402476 -0.297459
1.22 0.544444 0.167884
1.23 0.763221 -0.275808
1.24 0.717549 0.0617945
1.25 0.399876 0.26407
1.26 0.149936 -0.0378715
1.27 0.115618 0.299993
1.28 -0.33199 -0.127925
1.29 -0.637718 0.309293
1.3 -0.506764 -0.0647507
1.31 -0.69593 -0.264225
1.32 -0.563022 0.272522
1.33 -0.189615 -0.267905
1.34 0.131771 0.195286
1.35 0.17112 0.190974
1.36 0.413706 -0.0336692
1.37 0.934515 0.166463
1.38 0.813314 -0.277747
1.39 0.690618 0.318199
1.4 0.663629 0.0503087
1.41 0.188779 0.0930979
1.42 0.0403008 0.304709
1.43 0.107219 0.0473297
1.44 0.0959421 0.189334
1.45 -0.23542 0.290038
1.46 -0.253811 0.209174
1.47 0.0696977 0.404886
1.48 0.209308 -0.0664508
1.49 0.524492 0.322638
1.5 0.742035 0.0479031
1.51 0.74169 -0.139632
1.52 0.622258 0.295825
1.53 0.73091 -0.103016
1.54 0.731661 0.308576
1.55 0.594744 0.120005
1.56 0.345724 0.43548
1.57 0.486316 0.330735
1.58 0.283124 0.146958
1.59 0.349533 0.353841
1.6 0.512451 0.118518
1.61 0.770086 -0.0428617
1.62 0.808384 0.205665
1.63 0.95132 -0.137647
1.64 1.075 -0.00178492
1.65 0.857442 -0.168375
1.66 0.771062 -0.0360532
1.67 0.813169 0.0722566
1.68 0.711035 -0.0943321
1.69 0.3946 0.421911
1.7 0.28256 0.197002
1.71 0.289207 0.282621
1.72 0.336491 0.409253
1.73 0.504915 0.234259
1.74 0.779145 0.35372
1.75 0.757024 0.181399
1.76 0.669016 0.267136
1.77 0.77216 0.172028
1.78 0.764371 -0.149128
1.79 0.541675 0.022053
1.8 0.342635 -0.0618885
1.81 0.152843 -0.0536618
1.82 -0.104542 0.165647
1.83 -0.248713 0.0848292
1.84 -0.141288 0.283154
1.85 -0.0631379 0.0562397
1.86 -0.0425213 0.263428
1.87 0.103725 0.210158
1.88 0.286072 -0.0201328
1.89 0.217373 0.137584
1.9 0.311157 0.036501
1.91 0.470266 -0.201499
1.92 0.436343 -0.134555
1.93 0.270218 -0.150715
1.94 0.213059 -0.0385245
1.95 0.198915 -0.0486429
1.96 -0.00778334 0.194623
1.97 0.233659 0.12352
1.98 0.423196 -0.0217795
1.99 0.26663 0.131005
2 0.314815 0.0606943
2.01 0.281195 -0.0931268
2.02 0.464093 -0.127386
2.03 0.172134 -0.165654
2.04 0.360687 -0.290987
2.05 0.0939695 -0.258575
2.06 -0.107445 -0.0920385
2.07 -0.221097 -0.0906066
2.08 -0.0554733 -0.0981463
2.09 -0.249321 -0.0173549
2.1 -0.162024 0.0758036
2.11 -0.0773541 0.00943731
2.12 0.156875 0.172577
2.13 0.149159 0.0799385
2.14 0.320946 0.0595652
2.15 0.484839 -0.00844263
2.16 0.286705 0.0753724
2.17 0.499791 0.0930758
2.18 0.365945 0.0601555
2.19 0.385268 0.0217832
2.2 0.147385 0.064444
2.21 0.134494 0.0708589
2.22 0.333533 0.0102105
2.23 0.148574 0.157966
2.24 0.286808 0.0484119
2.25 0.33123 0.154714
2.26 0.398131 -0.00368418
2.27 0.380144 0.241341
2.28 0.623329 -0.0947555
2.29 0.534276 0.0462656
2.3 0.307342 0.0195833
2.31 0.0336331 0.0832128
2.32 0.137646 -0.0276823
2.33 -0.218323 0.0669833
2.34 -0.247047 0.00398393
2.35 -0.210096 -0.0428953
2.36 -0.444885 0.0678616
2.37 -0.318474 0.131659
2.38 -0.212536 0.0814697
2.39 0.142644 -0.000107174
2.4 0.00656164 0.200227
2.41 0.148427 -0.0195624
2.42 0.211719 0.0939869
2.43 0.111364 0.0638164
2.44 0.0929819 0.0605169
2.45 0.251009 0.0481709
2.46 0.147601 0.0534892
2.47 0.228451 0.174934
2.48 0.188744 -0.0149151
2.49 0.301294 0.0999749
2.5 0.28804 0.0268351
2.51 0.302452 0.101494
2.52 0.555368 -0.0543761
2.53 0.469613 0.0454939
2.54 0.430775 -0.177094
2.55 0.382673 -0.0747266
2.56 0.327385 -0.164902
2.57 0.362328 -0.039258
2.58 0.175715 -0.0402999
2.59 0.305003 -0.0781311
2.6 0.0233795 0.0691121
2.61 -0.140298 0.0332069
2.62 -0.021795 0.0901362
2.63 0.0185606 0.0159299
2.64 -0.0434041 0.0716197
2.65 0.105092 -0.0107558
2.66 0.082254 0.0670323
2.67 0.162035 0.0399789
2.68 0.228629 0.0532621
2.69 0.486107 -0.0676111
2.7 0.451342 0.0442824
2.71 0.259976 0.0775968
2.72 0.396004 0.0149525
2.73 0.122271 0.0905806
2.74 0.144145 -0.0103859
2.75 0.0161242 -0.00583254
2.76 0.0254741 -0.0603328
2.77 -0.0582752 -0.0124956
2.78 -0.0533631 -0.0446884
2.79 0.0909422 -0.152783
2.8 0.176345 0.044424
2.81 0.1553 -0.0794701
2.82 0.389259 -0.0305782
2.83 0.281768 -0.0311675
2.84 0.350119 -0.0253249
2.85 0.275819 -0.0534413
2.86 0.186189 0.055199
2.87 0.197369 0.0329089
2.88 0.0225202 0.0660693
2.89 0.0905819 -0.0762687
2.9 0.0899945 0.0435446
2.91 0.0594233 -0.0477585
2.92 0.262955 -0.0445504
2.93 0.26039 0.0840359
2.94 0.379756 -0.0694832
2.95 0.289781 0.122716
2.96 0.355016 -0.0213253
2.97 0.363419 0.105961
2.98 0.204046 0.0783805
2.99 0.207239 0.0551482
3 0.0789251 0.157797
3.01 -0.125633 0.138116
3.02 -0.0433914 0.0758415
3.03 -0.0897234 0.0973039
3.04 -0.00808682 -0.0327313
3.05 -0.0255473 0.0381455
3.06 0.049536 -0.0443935
3.07 0.140745 -0.0315745
3.08 0.106956 0.0521175
3.09 0.314467 -0.157647
3.1 0.249508 0.0571222
3.11 0.150856 -0.0535945
3.12 0.223941 -0.0689145
3.13 0.0868762 -0.0218535
3.14 0.105525 -0.110224
3.15 0.0452046 0.0101321
3.16 0.014666 -0.103246
3.17 -0.000918081 -0.0299631
3.18 -0.0214083 -0.0480447
3.19 0.0993011 -0.184983
3.2 0.0723925 0.0218191
3.21 0.0486909 -0.00840349
3.22 0.116258 -0.0112842
3.23 0.00142567 0.0762924
3.24 0.0745733 -0.0383247
3.25 0.0724349 0.0169197
3.26 -0.00840577 -0.0522111
3.27 0.0245335 -0.0260097
3.28 -0.124624 0.0539928
3.29 -0.102238 -0.153149
3.3 -0.135896 0.0852549
3.31 -0.0826757 -0.103257
3.32 -0.0412115 -0.0539661
3.33 -0.0594785 0.00317535
3.34 0.0229465 -0.0381386
3.35 0.00214932 0.0742548
3.36 0.0424121 0.000331208
3.37 0.136683 0.0482436
3.38 0.0849001 0.0776711
3.39 0.0889906 -0.0433526
3.4 0.0791284 0.131161
3.41 0.0118694 0.0411365
3.42 0.0123956 0.0426633
3.43 -0.02775 0.100085
3.44 0.0201924 -0.00159898
3.45 -0.0422215 0.129709
3.46 -0.0112497 0.0176769
3.47 0.0736006 0.0593268
3.48 0.0808679 0.0930285
3.49 0.198528 -0.0380506
3.5 0.240947 0.120956
3.51 0.244672 0.0100928
3.52 0.215602 0.03754
3.53 0.232485 -0.00675349
3.54 0.200858 -0.0448879
3.55 0.178275 0.043636
3.56 0.140506 -0.0510842
3.57 0.135668 0.0194633
3.58 0.0839505 0.0332359
3.59 0.18552 -0.0573218
3.6 0.208851 0.0581567
3.61 0.28302 0.00423945
3.62 0.337848 0.0194374
3.63 0.327977 0.0445792
3.64 0.348051 -0.00577523
3.65 0.29815 0.0885396
3.66 0.2448 -0.0363285
3.67 0.159594 0.0615321
3.68 0.0872746 0.030047
3.69 0.0334761 -0.0167543
3.7 -0.0432465 0.0734621
3.71 -0.0198367 0.0135057
3.72 0.00230527 0.0384693
3.73 -0.00551689 0.0259545
3.74 0.101357 0.00745057
3.75 0.117115 0.0463256
3.76 0.132624 -0.0308718
3.77 0.136503 0.00229491
3.78 0.118052 -0.0285557
3.79 0.0608294 -0.082995
3.8 0.00950198 -0.0264021
3.81 -0.0407553 -0.0757034
3.82 -0.0569085 -0.0565145
3.83 -0.137245 -0.0680537
3.84 -0.0649046 -0.089738
3.85 -0.109701 -0.0121618
3.86 -0.0616842 -0.0640078
3.87 -0.0213371 0.0169108
3.88 0.0136023 0.00260077
3.89 0.0603221 -0.00439836
3.9 0.0664689 0.0293053
3.91 0.0968725 0.00651836
3.92 0.0818836 0.0417952
3.93 0.0705037 0.0175117
3.94 0.0480618 0.0145533
3.95 0.0192654 0.0462664
3.96 -0.0190291 -0.00339932
3.97 -0.00712276 0.0199513
3.98 -0.0445258 0.0337493
3.99 0.018286 0.0065792
4 0.00519734 0.0476829
4.01 0.0652163 0.0176204
4.02 0.102708 0.0465289
4.03 0.132059 0.0152625
4.04 0.153132 0.0180866
4.05 0.145932 0.0471015
4.06 0.134248 -0.0045684
4.07 0.0851527 0.0219314
4.08 0.0458637 0.00845267
4.09 0.016203 0.00192026
4.1 -0.0338734 0.00987822
4.11 -0.0388273 0.0031241
4.12 -0.021287 0.0103374
4.13 -0.0191885 0.00234484
4.14 0.0246559 -0.005096
4.15 0.0449547 0.0363637
4.16 0.0781171 0.0014706
4.17 0.079846 0.0311597
4.18 0.0919252 0.0156279
4.19 0.101104 0.00511694
4.2 0.0378362 0.0143912
4.21 0.045251 5.86515e-05
4.22 -0.00787541 0.0164698
4.23 -0.018627 -0.00938247
4.24 -0.0191767 -0.016997
4.25 -0.0183255 -0.00387304
4.26 -0.00541183 -0.0133356
4.27 0.000292409 -0.0016073
4.28 0.0281716 0.00556484
4.29 0.0480924 -0.00454672
4.3 0.0502213 0.0140912
4.31 0.0763268 -0.00245637
4.32 0.0655884 0.0225938
4.33 0.0472032 0.00626184
4.34 0.0517788 0.000165087
4.35 0.0017267 0.0100716
4.36 0.0121393 -0.00457315
4.37 -0.0194592 -0.00106101
4.38 -0.0129081 -0.00390368
4.39 -0.00866736 -0.00556191
4.4 -0.0173194 -0.00149728
4.41 0.0159824 -0.00801135
4.42 0.0155629 0.00837852
4.43 0.0405694 0.00386438
4.44 0.0551813 -0.00267262
4.45 0.0465934 0.0106607
4.46 0.053617 0.000573044
4.47 0.0325993 0.00361496
4.48 0.0203352 0.00133551
4.49 0.0209163 -0.00140238
4.5 -0.00984286 -0.00109507
4.51 7.60375e-05 -0.00975066
4.52 -0.0161602 -0.000594099
4.53 -0.00546097 -0.00521254
4.54 0.00140423 -0.00658456
4.55 -8.33786e-05 0.00346656
4.56 0.0190655 0.000134104
4.57 0.00967356 0.00289458
4.58 0.0203749 0.00380496
4.59 0.0233603 0.00356109
4.6 0.00946536 0.00668518
4.61 0.0143744 0.00295141
4.62 -0.000429059 0.00677161
4.63 -0.000999434 0.00237387
4.64 -0.00371341 -0.00241817
4.65 -0.00902429 0.00192606
4.66 0.000597101 -0.00203795
4.67 -0.00614817 0.00073946
4.68 0.00272678 -0.00011928
4.69 0.00651626 0.000121333
4.7 0.00252463 0.00251839
4.71 0.0103601 0.000238416
4.72 0.00577331 0.00421778
4.73 0.00675846 0.0014897
4.74 0.00613067 0.000225877
4.75 0.00113209 0.000824603
4.76 0.00454839 0.000157824
4.77 -0.00227094 -2.53478e-05
4.78 0.00117291 -0.000115596
4.79 -0.000521229 -0.00143493
4.8 -0.00208813 -0.000102444
4.81 0.000971106 -0.00123789
4.82 -0.000565001 0.000916212
4.83 0.000814164 0.000832457
4.84 0.000961731 0.000251793
4.85 5.54258e-05 0.000910745
4.86 0.00155205 0.000432035
4.87 0.000205335 0.000576027
4.88 0.00108472 0.000211264
4.89 0.00077622 0.000176787
4.9 -0.000170996 0.000106268
4.91 0.000280285 -0.000211609
4.92 -0.00029562 -1.40942e-05
4.93 3.03671e-05 -2.60164e-05
4.94 -5.23815e-06 -0.000119848
4.95 -6.15546e-05 3.84885e-05
4.96 5.50784e-05 7.31573e-06
4.97 -2.31599e-05 2.52162e-05
4.98 1.77367e-05 7.97451e-06
4.99 6.50793e-06 1.7599e-06
0.24 3.75281 -0.326418
0.48 3.03336 -0.316273
0.72 2.17434 -0.331734
0.96 1.4699 -0.3905
1.2 1.05869 -0.481328
1.44 0.893789 -0.566616
1.68 0.832194 -0.604301
1.92 0.758188 -0.572895
2.16 0.647337 -0.4825
2.4 0.542053 -0.366104
2.64 0.483124 -0.259372
2.88 0.464588 -0.183024
3.12 0.443231 -0.137449
3.36 0.380719 -0.10963
3.6 0.273925 -0.0853493
3.84 0.149576 -0.0585771
4.08 0.0358051 -0.0335878
4.32 -0.0597173 -0.0203979
4.56 -0.147943 -0.0275689
4.8 -0.240123 -0.057153
5.04 -0.33237 -0.104444
5.28 -0.405256 -0.161486
5.52 -0.435783 -0.220499
5.76 -0.411262 -0.273952
6 -0.337186 -0.312004
6.24 -0.236977 -0.321861
6.48 -0.144104 -0.293049
6.72 -0.0878155 -0.226872
6.96 -0.076927 -0.142252
7.2 -0.0910454 -0.0703047
7.44 -0.0884934 -0.0380519
7.68 -0.0307196 -0.0516781
7.92 0.0904655 -0.0924514
8.16 0.241954 -0.129932
8.4 0.364408 -0.143481
8.64 0.404845 -0.135786
8.88 0.345817 -0.127911
9.12 0.213419 -0.140022
9.36 0.0616383 -0.173262
9.6 -0.0547443 -0.206982
9.84 -0.10277 -0.213022
10.08 -0.0801588 -0.175595
10.32 -0.0103915 -0.102038
10.56 0.0709344 -0.0177477
10.8 0.132419 0.0494761
11.04 0.159667 0.0841777
11.28 0.158413 0.0884671
11.52 0.145082 0.0769419
11.76 0.129764 0.0667303
12 0.104197 0.0690392
12.24 0.0464286 0.0857085
12.48 -0.058128 0.110859
12.72 -0.194615 0.135696
12.96 -0.315493 0.15375
13.2 -0.3637 0.16383
13.44 -0.308706 0.169044
13.68 -0.16944 0.172677
13.92 -0.00565544 0.174178
14.16 0.117863 0.168751
14.4 0.169611 0.15121
14.64 0.166035 0.120915
14.88 0.154297 0.0834456
15.12 0.177768 0.0475124
15.36 0.249135 0.0200212
15.6 0.347377 0.00375698
15.84 0.436011 -0.000792114
16.08 0.486094 0.00751787
16.32 0.487772 0.030298
16.56 0.445907 0.0656817
16.8 0.367941 0.10496
17.04 0.256299 0.13488
17.28 0.111831 0.145633
17.52 -0.0552574 0.138205
17.76 -0.217208 0.123685
18 -0.332425 0.113501
18.24 -0.362474 0.108085
18.48 -0.294106 0.0942539
18.72 -0.152675 0.0551751
18.96 0.00386184 -0.0139425
19.2 0.110527 -0.096999
19.44 0.127931 -0.163041
19.68 0.0628294 -0.183846
19.92 -0.0370309 -0.150815
20.16 -0.111977 -0.0796076
20.4 -0.125644 -0.000231993
20.64 -0.0837682 0.0595486
20.88 -0.0246672 0.0864272
21.12 0.0109553 0.0833116
21.36 0.00886053 0.0627154
21.6 -0.0115891 0.0385053
21.84 -0.0158524 0.0212981
22.08 0.0168959 0.0180244
22.32 0.0764861 0.0327203
22.56 0.128391 0.0659028
22.8 0.138194 0.112662
23.04 0.0952111 0.161854
23.28 0.0188204 0.198589
23.52 -0.0550278 0.210029
23.76 -0.0956241 0.191999
24 -0.0924436 0.152806
24.24 -0.0556175 0.111392
24.48 -0.00554671 0.0894833
24.72 0.0388706 0.100681
24.96 0.0663518 0.142057
25.2 0.0731349 0.193669
25.44 0.0604157 0.227703
25.68 0.0325419 0.223053
25.92 -0.00377251 0.176908
26.16 -0.0405554 0.105886
26.4 -0.0703838 0.0357211
26.64 -0.087738 -0.0136636
26.88 -0.0889586 -0.0375766
27.12 -0.0716403 -0.0444755
27.36 -0.0353072 -0.0451161
27.6 0.0161881 -0.0422295
27.84 0.072716 -0.0291589
28.08 0.119433 0.00178414
28.32 0.142525 0.0487158
28.56 0.135959 0.0968323
28.8 0.104413 0.125977
29.04 0.0600749 0.123848
29.28 0.0157578 0.094813
29.52 -0.0203268 0.0575273
29.76 -0.0445929 0.032966
30 -0.0542468 0.0314985
30.24 -0.0446329 0.0478514
30.48 -0.0117131 0.0666039
30.72 0.0415157 0.0733219
30.96 0.100626 0.0632148
31.2 0.143164 0.0420963
31.44 0.149947 0.0205235
31.68 0.117337 0.00641747
31.92 0.0612165 0.00134244
32.16 0.00827116 0.00183034
32.4 -0.0205874 0.00318524
32.64 -0.0232903 0.00210921
32.88 -0.0163935 -0.00338825
33.12 -0.0210983 -0.0152848
33.36 -0.0454396 -0.035372
33.6 -0.0760563 -0.0626818
33.84 -0.0863922 -0.0906167
34.08 -0.0560691 -0.107325
34.32 0.0124385 -0.100994
34.56 0.0921931 -0.0676321
34.8 0.146949 -0.0159093
35.04 0.152898 0.0354312
35.28 0.112464 0.067171
35.52 0.0516061 0.070456
35.76 0.00357701 0.0515376
36 -0.00952265 0.026958
36.24 0.0137773 0.0124144
36.48 0.0575397 0.0130054
36.72 0.0996371 0.0213657
36.96 0.122741 0.0243037
37.2 0.119516 0.0125789
37.44 0.0918256 -0.0131701
37.68 0.0472431 -0.043808
37.92 -0.00408249 -0.068371
38.16 -0.0515722 -0.0808021
38.4 -0.0862812 -0.082476
38.64 -0.103187 -0.0797958
38.88 -0.102505 -0.0792597
39.12 -0.0886043 -0.0832299
39.36 -0.0668402 -0.0884826
39.6 -0.0406066 -0.0879157
39.84 -0.010979 -0.0744742
40.08 0.0210688 -0.0454985
40.32 0.0524614 -0.00530155
40.56 0.078476 0.0357287
40.8 0.0956411 0.0654735
41.04 0.103915 0.0756388
41.28 0.105336 0.0652718
41.52 0.100223 0.0402942
41.76 0.0855083 0.00991491
42 0.0584589 -0.0172484
42.24 0.0230488 -0.0350455
42.48 -0.00870776 -0.0397299
42.72 -0.0254479 -0.0297351
42.96 -0.0301751 -0.00645204
43.2 -0.0454352 0.0249284
43.44 -0.0995097 0.0564605
43.68 -0.198898 0.0808243
43.92 -0.308546 0.0948241
44.16 -0.361709 0.0998844
44.4 -0.300983 0.09867
44.64 -0.124792 0.0905169
44.88 0.0971772 0.0698331
45.12 0.257749 0.0294063
45.36 0.276971 -0.0334766
45.6 0.153646 -0.112488
45.84 -0.0336704 -0.192403
46.08 -0.177544 -0.253666
46.32 -0.208333 -0.278731
46.56 -0.130974 -0.257608
46.8 -0.0107188 -0.191456
47.04 0.0756824 -0.0937405
47.28 0.0859323 0.0119936
47.52 0.0270461 0.0985805
47.76 -0.0617112 0.144838
48 -0.137433 0.14431
48.24 -0.172891 0.108151
48.48 -0.160517 0.0598825
48.72 -0.108166 0.0246115
48.96 -0.0346461 0.0186934
49.2 0.0345133 0.0449089
49.44 0.0750259 0.0941364
49.68 0.0752148 0.15067
49.92 0.0432786 0.197614
50.16 0.00261486 0.220793
50.4 -0.0237777 0.211682
50.64 -0.0287776 0.169874
50.88 -0.0244398 0.104183
51.12 -0.0307019 0.0307069
51.36 -0.0588335 -0.0324719
51.6 -0.102421 -0.0718577
51.84 -0.141557 -0.0830373
52.08 -0.155396 -0.0709002
52.32 -0.133403 -0.0459882
52.56 -0.0791051 -0.0193971
52.8 -0.00678451 0.00119751
53.04 0.0648237 0.0131166
53.28 0.118758 0.0180147
53.52 0.144992 0.0198393
53.76 0.14364 0.022358
54 0.12427 0.0271416
54.24 0.100277 0.0328173
54.48 0.0808526 0.0360093
54.72 0.0660931 0.0335608
54.96 0.0492339 0.0248024
55.2 0.0243766 0.0124663
55.44 -0.0068023 0.00157764
55.68 -0.0350887 -0.00314545
55.92 -0.0502791 4.51829e-05
56.16 -0.0483664 0.0087043
56.4 -0.0333831 0.0171658
56.64 -0.0131694 0.0193127
56.88 0.00633453 0.0117491
57.12 0.0232061 -0.00433442
57.36 0.0372696 -0.0236943
57.6 0.0469899 -0.0397238
57.84 0.0492728 -0.0477772
58.08 0.0422981 -0.0472283
58.32 0.0281638 -0.0412101
58.56 0.0124305 -0.0344595
58.8 0.000921825 -0.0307329
59.04 -0.00325932 -0.031207
59.28 -0.000147821 -0.0343787
59.52 0.00877025 -0.0371016
59.76 0.0220337 -0.0361062
60 0.0380492 -0.0295167
60.24 0.0541761 -0.0179649
60.48 0.0668923 -0.00477708
60.72 0.073483 0.00522516
60.96 0.0736376 0.00809321
61.2 0.0690917 0.00308415
61.44 0.0614347 -0.00663341
61.68 0.050314 -0.0156366
61.92 0.0341224 -0.0193547
62.16 0.0127883 -0.0165734
62.4 -0.0100748 -0.00968678
62.64 -0.0281873 -0.00271053
62.88 -0.03651 0.00134992
63.12 -0.0349451 0.00195586
63.36 -0.028587 0.000644504
63.6 -0.0240639 -0.000456774
63.84 -0.0247789 6.22878e-05
64.08 -0.0287754 0.00245863
64.32 -0.0307641 0.00606149
64.56 -0.0265184 0.00960598
64.8 -0.0161537 0.0114682
65.04 -0.00397906 0.0100397
65.28 0.00457238 0.00443526
65.52 0.00637211 -0.00475535
65.76 0.00200154 -0.0153027
66 -0.00533983 -0.024128
66.24 -0.0120532 -0.0287189
66.48 -0.0157461 -0.0283131
66.72 -0.0155321 -0.0241217
66.96 -0.0115849 -0.0185236
67.2 -0.00483626 -0.0138183
67.44 0.00294548 -0.011292
67.68 0.00923506 -0.0109984
67.92 0.0115399 -0.0121491
68.16 0.00870097 -0.0137105
68.4 0.00177876 -0.0148468
68.64 -0.00631588 -0.0150751
68.88 -0.0123687 -0.0142093
69.12 -0.0145606 -0.0122554
69.36 -0.0131528 -0.00938126
69.6 -0.00979644 -0.00597248
69.84 -0.00615465 -0.00266495
70.08 -0.00294502 -0.000206622
70.32 -1.09736e-05 0.000893254
70.56 0.00287907 0.000756692
70.8 0.00533805 0.000253016
71.04 0.00638316 0.000620314
71.28 0.00510965 0.00272141
71.52 0.00143797 0.00640793
71.76 -0.00362583 0.0104871
72 -0.00836284 0.0133923
72.24 -0.0110881 0.0141271
72.48 -0.0108781 0.0128187
72.72 -0.00798374 0.0105085
72.96 -0.00378028 0.00839366
73.2 -0.000234867 0.00712832
73.44 0.000970195 0.00667513
73.68 -0.000699838 0.00669102
73.92 -0.00426411 0.00699964
74.16 -0.00766174 0.00771173
74.4 -0.00883331 0.00895004
74.64 -0.00683052 0.0105191
74.88 -0.00226657 0.0118809
75.12 0.00315063 0.012473
75.36 0.00763639 0.0120731
75.6 0.0101975 0.0108896
75.84 0.0108487 0.00933345
76.08 0.0102084 0.00771103
76.32 0.00891845 0.00610503
76.56 0.00733013 0.00448898
76.8 0.00556853 0.00289636
77.04 0.00377014 0.00145563
77.28 0.00224189 0.000283192
77.52 0.00145901 -0.000614736
77.76 0.00196924 -0.00130797
78 0.0042546 -0.00181983
78.24 0.00851128 -0.00207275
78.48 0.0143366 -0.00199197
78.72 0.0204946 -0.00168031
78.96 0.0250702 -0.00147692
79.2 0.0261734 -0.00179789
79.44 0.0229425 -0.00284986
79.68 0.016221 -0.00443249
79.92 0.00834344 -0.00598967
80.16 0.00199997 -0.00688871
80.4 -0.00118096 -0.00675095
80.64 -0.00142614 -0.00563714
80.88 -0.000457419 -0.00399591
81.12 -0.000230544 -0.00242132
81.36 -0.00164063 -0.00135351
81.6 -0.00405769 -0.000870351
81.84 -0.00594229 -0.000672212
82.08 -0.0060303 -0.00027477
82.32 -0.0042235 0.000683148
82.56 -0.0016089 0.00219078
82.8 0.000300225 0.00383786
83.04 0.000482427 0.00503917
83.28 -0.00113809 0.00536147
83.52 -0.00386682 0.00471358
83.76 -0.00671855 0.00326245
84 -0.00876763 0.00117487
84.24 -0.00923919 -0.00153921
84.48 -0.00755686 -0.0048762
84.72 -0.0035595 -0.00847659
84.96 0.00224882 -0.0114305
85.2 0.00881206 -0.012604
85.44 0.0151635 -0.0114346
85.68 0.0211545 -0.00865025
85.92 0.02749 -0.006224
86.16 0.0347533 -0.00632154
86.4 0.0421231 -0.00977297
86.64 0.0471035 -0.0151109
86.88 0.046971 -0.0189873
87.12 0.0410795 -0.0178865
87.36 0.0320267 -0.0101245
87.6 0.0242433 0.00312044
87.84 0.0206764 0.0183646
88.08 0.0201491 0.0315266
88.32 0.0178382 0.0396798
88.56 0.00890966 0.0418915
88.8 -0.0073896 0.0389418
89.04 -0.0265232 0.0324308
89.28 -0.0414592 0.0239521
89.52 -0.0473084 0.014686
89.76 -0.0441524 0.00535538
90 -0.0360248 -0.00364223
90.24 -0.0273063 -0.0120118
90.48 -0.0198248 -0.0192664
90.72 -0.0129747 -0.0245112
90.96 -0.00617932 -0.0265907
91.2 -0.000853383 -0.024732
91.44 0.000341803 -0.0193649
91.68 -0.00363152 -0.012443
91.92 -0.0100474 -0.00675653
92.16 -0.0134522 -0.00444295
92.4 -0.00954206 -0.00562371
92.64 0.00112614 -0.00818355
92.88 0.0127544 -0.00898001
93.12 0.0178782 -0.00575001
93.36 0.0123937 0.00153976
93.6 -0.00161023 0.0107554
93.84 -0.0171871 0.0189319
94.08 -0.0269375 0.0239113
94.32 -0.0273302 0.0252285
94.56 -0.020148 0.0238288
94.8 -0.0105176 0.0210199
95.04 -0.00327999 0.0174831
95.28 -0.000231859 0.0129836
95.52 0.000247181 0.00687358
95.76 0.00144374 -0.00103692
96 0.00591809 -0.00985646
96.24 0.0139789 -0.017677
96.48 0.0236697 -0.0223539
96.72 0.0319432 -0.0225961
96.96 0.0362111 -0.0187299
97.2 0.0355138 -0.0126277
97.44 0.0308706 -0.00676343
97.68 0.0247084 -0.00291109
97.92 0.0195965 -0.00127632
98.16 0.0168546 -0.000598219
98.4 0.0158128 0.000883886
98.64 0.0142934 0.00428222
98.88 0.0101754 0.00948418
99.12 0.003074 0.0154097
99.36 -0.00510188 0.0207245
99.6 -0.0112545 0.0243777
99.84 -0.0131515 0.0256505
100.08 -0.0108787 0.0239587
100.32 -0.00653185 0.018885
100.56 -0.00240732 0.0106068
100.8 0.000743553 0.000339034
101.04 0.00381773 -0.0097791
101.28 0.00764928 -0.0175073
101.52 0.0109973 -0.0215329
101.76 0.0102222 -0.021947
102 0.00137783 -0.0198645
102.24 -0.0165845 -0.0166451
102.48 -0.0399166 -0.0134823
102.72 -0.0611085 -0.0116515
102.96 -0.0723872 -0.0128807
103.2 -0.069456 -0.0190015
103.44 -0.0531964 -0.0306632
103.68 -0.0286289 -0.0459507
103.92 -0.00229569 -0.0602187
104.16 0.0200659 -0.0677746
104.4 0.0344909 -0.0646631
104.64 0.0387288 -0.0508539
104.88 0.0322121 -0.0304147
105.12 0.0166165 -0.00954674
105.36 -0.00351448 0.00632505
105.6 -0.0211897 0.0147797
105.84 -0.0290226 0.0168906
106.08 -0.0222758 0.0159482
106.32 -0.00133655 0.0152163
106.56 0.0278106 0.0158878
106.8 0.0554892 0.0163153
107.04 0.0717712 0.0130641
107.28 0.0700133 0.00340692
107.52 0.0492564 -0.0121415
107.76 0.0148696 -0.029034
108 -0.0226598 -0.0405947
108.24 -0.0506149 -0.0417588
108.48 -0.0581503 -0.0322615
108.72 -0.0406012 -0.0169651
108.96 -0.0023605 -0.00292503
109.2 0.04343 0.00483049
109.44 0.0791834 0.00587715
109.68 0.0900416 0.00369461
109.92 0.0708391 0.00256734
110.16 0.0291506 0.00463404
110.4 -0.0177634 0.00917067
110.64 -0.051108 0.0141461
110.88 -0.059721 0.0182897
111.12 -0.0452366 0.0218158
111.36 -0.0203186 0.0254255
111.6 -0.00108084 0.0288085
111.84 0.00173028 0.0301983
112.08 -0.0123643 0.0274658
112.32 -0.0350322 0.0198346
112.56 -0.0552488 0.00878843
112.8 -0.0656845 -0.00255646
113.04 -0.0654358 -0.0111173
113.28 -0.0582111 -0.0153374
113.52 -0.048274 -0.0155514
113.76 -0.0375016 -0.0131837
114 -0.0253761 -0.00955195
114.24 -0.0111315 -0.0051928
114.48 0.0042419 -8.98344e-05
114.72 0.0178858 0.00557436
114.96 0.0267659 0.0109115
115.2 0.0296188 0.0145806
115.44 0.0276131 0.0156262
115.68 0.0234021 0.0141803
115.92 0.0194857 0.0113771
116.16 0.0170936 0.00850217
116.4 0.0161306 0.00609762
116.64 0.015845 0.00382126
116.88 0.0155137 0.0011871
117.12 0.0147228 -0.00152436
117.36 0.0133073 -0.00311571
117.6 0.0112385 -0.00234978
117.84 0.00862181 0.000846062
118.08 0.00573082 0.00492493
118.32 0.00293878 0.00749974
118.56 0.000522586 0.0068079
118.8 -0.00153856 0.00276812
119.04 -0.00361443 -0.00306512
119.28 -0.00624185 -0.00843455
119.52 -0.00973194 -0.0114187
119.76 -0.0136983 -0.0109918
120 -0.0167559 -0.00711644
