-4.99 -3.1165e-06 3.98187e-06
-4.98 -1.79885e-05 1.38443e-05
-4.97 1.20352e-05 1.66509e-05
-4.96 -1.02623e-05 4.18153e-05
-4.95 -9.20644e-05 1.20392e-05
-4.94 3.59964e-05 3.58914e-05
-4.93 6.19128e-06 8.53342e-05
-4.92 -0.000261747 0.000186231
-4.91 0.000238484 0.000262603
-4.9 -5.63255e-05 0.000190958
-4.89 -0.000208157 0.00016726
-4.88 -0.000255456 0.000213214
-4.87 0.000160177 -0.000123352
-4.86 0.000882725 0.000296648
-4.85 0.000497337 -0.00029192
-4.84 0.00210857 4.23645e-05
-4.83 0.00170456 -0.000376058
-4.82 0.0014647 -4.48434e-05
-4.81 0.00276074 -4.23041e-05
-4.8 0.00253045 0.000475753
-4.79 0.00300506 0.000553524
-4.78 7.12983e-05 0.0026188
-4.77 0.000756415 0.00186157
-4.76 0.00100555 0.00365825
-4.75 -0.00127549 0.00238507
-4.74 0.00191624 0.00335288
-4.73 0.00112805 0.00176586
-4.72 0.0011827 0.0010133
-4.71 0.0016118 0.0015155
-4.7 0.00617995 -0.00110029
-4.69 0.0100446 -0.00102218
-4.68 0.00649108 -0.000945948
-4.67 0.010498 -2.28106e-05
-4.66 0.011389 -0.00153077
-4.65 0.00301004 0.00229326
-4.64 0.00833266 0.00134134
-4.63 0.00577874 0.00398661
-4.62 0.00373254 0.0020665
-4.61 -0.000652016 0.00747321
-4.6 -0.00225063 -0.00019064
-4.59 0.00290103 0.00379693
-4.58 -0.0137364 0.00205048
-4.57 0.0024072 0.00660968
-4.56 0.00161737 0.00576945
-4.55 -0.00384836 0.0089999
-4.54 0.00153395 0.0105281
-4.53 -0.000229019 0.00831354
-4.52 0.00129957 0.0126398
-4.51 0.00113158 0.0203021
-4.5 0.00565733 0.0199044
-4.49 0.0115004 0.0220449
-4.48 -0.000631842 0.0224436
-4.47 0.0101185 0.0223395
-4.46 0.0204554 0.0218775
-4.45 0.00622613 0.0186368
-4.44 0.0183562 0.0231036
-4.43 0.00216343 0.01363
-4.42 0.0133163 0.0126495
-4.41 0.00574308 0.0142092
-4.4 0.0147606 0.00987294
-4.39 0.0243926 0.00597331
-4.38 0.00485153 0.00418924
-4.37 0.0091293 0.0083125
-4.36 0.0197437 0.00942252
-4.35 0.0135562 0.00153328
-4.34 0.0199269 0.0156523
-4.33 0.0116112 0.00160286
-4.32 0.0140067 0.00313694
-4.31 -0.00552951 0.00491737
-4.3 -0.00293552 0.000808738
-4.29 0.0157469 0.000290733
-4.28 0.00500153 -0.00888468
-4.27 0.00361631 0.00873436
-4.26 0.0306746 0.000262441
-4.25 0.00598158 0.00317733
-4.24 0.0369211 0.0163554
-4.23 0.0313293 0.0144357
-4.22 0.0785536 0.015034
-4.21 0.0487156 0.0356769
-4.2 0.0731954 0.023579
-4.19 0.0786984 0.0450512
-4.18 0.0656511 0.0154796
-4.17 0.0714744 0.0515645
-4.16 0.0821913 0.0295389
-4.15 0.0559246 0.0454272
-4.14 0.0424683 0.0518775
-4.13 0.0482878 0.0508218
-4.12 0.056542 0.0496065
-4.11 0.064541 0.0509441
-4.1 0.0545978 0.0478464
-4.09 0.0985307 0.0526577
-4.08 0.0581019 0.0291147
-4.07 0.103965 0.0567543
-4.06 0.116637 0.0366942
-4.05 0.127105 0.0273915
-4.04 0.135742 0.0373081
-4.03 0.105543 -0.000215932
-4.02 0.133333 0.0307088
-4.01 0.0900492 0.000306944
-4 0.0937534 0.0365567
-3.99 0.0928036 0.0219942
-3.98 0.0584424 0.00810959
-3.97 0.0484008 0.043455
-3.96 0.071215 0.0369883
-3.95 0.0665503 0.0520968
-3.94 0.122613 0.0682591
-3.93 0.0984487 0.0385808
-3.92 0.16662 0.0600927
-3.91 0.141859 0.0245775
-3.9 0.130696 0.0577095
-3.89 0.182889 0.0495994
-3.88 0.087841 0.0116598
-3.87 0.103008 0.0659863
-3.86 0.054795 0.0223809
-3.85 0.0532849 0.0561858
-3.84 0.0225257 0.0785391
-3.83 0.0263518 0.061401
-3.82 0.0698553 0.0936568
-3.81 0.0647891 0.0556282
-3.8 0.0753347 0.0905396
-3.79 0.166985 0.0806262
-3.78 0.0929903 0.0585025
-3.77 0.123101 0.109959
-3.76 0.116424 0.0557293
-3.75 0.0760894 0.0774252
-3.74 0.070196 0.076525
-3.73 0.00340712 0.0432748
-3.72 0.0311162 0.0753197
-3.71 -0.0317975 0.0174065
-3.7 -0.0518926 0.0339819
-3.69 0.043566 0.00146021
-3.68 0.00278967 -0.0260456
-3.67 0.136728 0.0290389
-3.66 0.137185 -0.0109845
-3.65 0.22646 0.0243103
-3.64 0.24599 0.0194722
-3.63 0.256051 0.0153917
-3.62 0.296781 0.0839024
-3.61 0.296521 0.060582
-3.6 0.179673 0.121926
-3.59 0.242326 0.0730726
-3.58 0.108834 0.0451353
-3.57 0.142224 0.0843808
-3.56 0.0866764 0.0549971
-3.55 0.122751 0.087302
-3.54 0.170304 0.0710009
-3.53 0.0994154 0.0391636
-3.52 0.268246 0.0713379
-3.51 0.213116 0.00369648
-3.5 0.193142 0.104528
-3.49 0.230365 0.0398011
-3.48 0.12907 0.0516358
-3.47 0.0789474 0.0754403
-3.46 0.024464 0.054441
-3.45 -0.0132597 0.0618732
-3.44 0.00704995 0.0648798
-3.43 -0.111859 0.0445526
-3.42 0.0575522 0.0463292
-3.41 0.0481559 0.0107517
-3.4 0.0525146 0.0836895
-3.39 0.258088 0.0244589
-3.38 0.203843 0.00832312
-3.37 0.310933 0.0725107
-3.36 0.249133 -0.0152557
-3.35 0.272432 0.0807655
-3.34 0.234563 0.0386315
-3.33 0.113832 0.082843
-3.32 0.243451 0.0404371
-3.31 0.139283 0.0436956
-3.3 0.132823 0.0762889
-3.29 0.15427 0.0260105
-3.28 0.0264307 0.0640143
-3.27 0.159018 0.0992853
-3.26 0.0960759 0.0748869
-3.25 0.179066 0.109312
-3.24 0.19016 0.0887897
-3.23 0.0327076 0.0715033
-3.22 0.108595 0.117134
-3.21 0.0338277 0.0738436
-3.2 0.052231 0.135126
-3.19 0.111672 0.0715301
-3.18 0.0242273 0.0795364
-3.17 0.130961 0.0760065
-3.16 -0.00630525 0.105208
-3.15 0.0962662 0.160324
-3.14 0.171165 0.109788
-3.13 0.0687783 0.175499
-3.12 0.206847 0.1269
-3.11 0.119961 0.130663
-3.1 0.13736 0.127414
-3.09 0.157901 0.13825
-3.08 0.136136 0.0786781
-3.07 0.209298 0.111992
-3.06 0.103771 0.151885
-3.05 0.135551 0.205017
-3.04 0.215057 0.147111
-3.03 0.102779 0.246701
-3.02 0.295012 0.195472
-3.01 0.15771 0.222641
-3 0.143187 0.278843
-2.99 0.112633 0.233024
-2.98 0.144863 0.199529
-2.97 0.155306 0.140291
-2.96 0.189915 0.168705
-2.95 0.104339 0.175013
-2.94 0.0973726 0.155069
-2.93 -0.114193 0.189788
-2.92 0.0792499 0.146744
-2.91 -0.0390717 0.17162
-2.9 0.022606 0.179365
-2.89 0.041 0.185536
-2.88 -0.0217314 0.156
-2.87 -0.0148747 0.158948
-2.86 0.0871579 0.132959
-2.85 0.101982 0.173669
-2.84 0.147605 0.120235
-2.83 0.144039 0.0635192
-2.82 0.111385 0.0394536
-2.81 0.110438 0.0182069
-2.8 0.0036557 0.00853467
-2.79 0.158804 -0.00827822
-2.78 0.038909 0.0719658
-2.77 0.184482 -0.0530843
-2.76 0.125817 0.0665392
-2.75 0.195202 0.11717
-2.74 0.203575 0.163296
-2.73 0.237445 0.123315
-2.72 0.207448 0.204574
-2.71 0.260155 0.193207
-2.7 0.153171 0.120036
-2.69 0.182524 0.168029
-2.68 0.186084 0.0814019
-2.67 0.151369 0.0220487
-2.66 0.153133 -0.00393354
-2.65 0.098607 0.0949672
-2.64 0.212601 0.0103104
-2.63 0.136364 0.0718673
-2.62 0.276132 0.086964
-2.61 0.256031 0.199139
-2.6 0.139547 0.123068
-2.59 0.145628 0.242555
-2.58 0.200042 0.205109
-2.57 0.203723 0.179565
-2.56 0.202519 0.189474
-2.55 0.22237 0.126732
-2.54 0.22508 0.139371
-2.53 0.164459 -0.0172852
-2.52 0.256827 0.118449
-2.51 0.401174 0.113933
-2.5 0.175512 0.177121
-2.49 0.359082 0.168194
-2.48 0.336784 0.270625
-2.47 0.361422 0.247925
-2.46 0.409182 0.337532
-2.45 0.466484 0.356541
-2.44 0.492061 0.463247
-2.43 0.312661 0.348683
-2.42 0.362357 0.33561
-2.41 0.32298 0.416888
-2.4 0.144872 0.23039
-2.39 0.221504 0.261759
-2.38 0.232626 0.195945
-2.37 0.128376 0.219441
-2.36 0.193435 0.127694
-2.35 0.151588 0.195543
-2.34 0.460505 0.227409
-2.33 0.285029 0.134731
-2.32 0.325326 0.171779
-2.31 0.345499 0.275516
-2.3 -0.102761 0.206556
-2.29 -0.0124744 0.161012
-2.28 -0.239506 0.243453
-2.27 -0.209768 0.0848585
-2.26 -0.422011 0.0926901
-2.25 -0.403946 -0.00519544
-2.24 -0.200184 0.0930937
-2.23 -0.221108 0.00262838
-2.22 -0.16107 0.0844437
-2.21 0.285382 0.231905
-2.2 -0.150422 0.197294
-2.19 0.100946 0.211798
-2.18 0.0618489 0.305937
-2.17 0.107478 0.287836
-2.16 0.11635 0.247848
-2.15 -0.128218 0.239435
-2.14 0.278031 0.211369
-2.13 -0.163848 0.135254
-2.12 0.154876 0.0564003
-2.11 0.451386 0.152969
-2.1 0.303534 0.195565
-2.09 0.542763 0.0673731
-2.08 0.585444 0.237777
-2.07 0.60241 0.195416
-2.06 0.68666 0.205228
-2.05 0.62544 0.105979
-2.04 1.04283 0.198927
-2.03 0.67651 0.0436476
-2.02 0.641219 -0.0420166
-2.01 0.633992 0.048589
-2 0.154564 0.0398967
-1.99 0.310866 0.0153375
-1.98 0.110675 0.0371594
-1.97 0.215767 0.244564
-1.96 0.0569866 0.0535104
-1.95 -0.135713 0.165338
-1.94 0.346279 0.187602
-1.93 0.167286 0.250344
-1.92 0.517952 0.00159267
-1.91 0.733475 0.186842
-1.9 0.639553 0.0146776
-1.89 0.819287 0.0281463
-1.88 0.650914 0.0288112
-1.87 0.884138 0.289641
-1.86 0.640554 0.182705
-1.85 0.260958 0.196835
-1.84 0.676075 0.327871
-1.83 0.160333 0.278363
-1.82 0.354274 0.215883
-1.81 0.504529 0.265555
-1.8 0.205123 0.229346
-1.79 0.484698 0.114244
-1.78 0.181944 0.109028
-1.77 0.654881 0.229327
-1.76 0.357449 0.208355
-1.75 0.214318 0.0344309
-1.74 0.426879 0.242408
-1.73 -0.183277 0.0136356
-1.72 -0.101031 0.00594089
-1.71 -0.0199034 0.00172178
-1.7 -0.417845 -0.0338762
-1.69 0.0257411 -0.0468986
-1.68 -0.277719 -0.177205
-1.67 0.0638485 -0.0177733
-1.66 0.0510299 0.0393158
-1.65 0.0759505 -0.191391
-1.64 0.651125 0.192227
-1.63 0.285556 0.084126
-1.62 0.720579 0.140417
-1.61 0.54577 0.235453
-1.6 0.248033 0.0911945
-1.59 0.542396 0.216428
-1.58 -0.0398162 -0.0988054
-1.57 0.128883 0.175944
-1.56 -0.0478714 0.240885
-1.55 -0.501706 -0.0474962
-1.54 0.0366329 0.277062
-1.53 -0.449665 0.0947515
-1.52 0.117627 0.0321461
-1.51 0.0488197 0.294278
-1.5 0.0554169 0.156788
-1.49 0.468161 0.446007
-1.48 0.0589901 0.0883323
-1.47 0.542843 0.332576
-1.46 0.250712 0.437425
-1.45 -0.226305 0.161025
-1.44 0.223322 0.52455
-1.43 -0.606178 0.316781
-1.42 -0.133061 0.245301
-1.41 -0.0742305 0.480504
-1.4 -0.24647 0.338335
-1.39 0.283181 0.626004
-1.38 0.0321805 0.198018
-1.37 0.595332 0.389332
-1.36 0.484944 0.516119
-1.35 0.485095 0.219948
-1.34 1.01846 0.690997
-1.33 0.104026 0.431108
-1.32 0.450401 0.295916
-1.31 0.398231 0.41196
-1.3 -0.0667775 0.16508
-1.29 0.348118 0.385243
-1.28 0.0421824 0.0787412
-1.27 0.151118 0.0558004
-1.26 -0.0863362 0.314846
-1.25 0.13637 -0.2281
-1.24 0.718027 0.370143
-1.23 0.205377 0.0134571
-1.22 0.705391 0.0999655
-1.21 0.783945 0.0831843
-1.2 0.0568349 0.0367061
-1.19 0.79223 0.296627
-1.18 0.478636 0.179193
-1.17 0.591788 0.0895652
-1.16 0.11288 0.404237
-1.15 0.0672023 -0.0388151
-1.14 -0.0222244 0.482244
-1.13 -0.257575 0.442785
-1.12 0.145907 0.430537
-1.11 0.411162 0.484654
-1.1 0.143133 0.17226
-1.09 0.797047 0.535155
-1.08 0.702487 0.268212
-1.07 1.08271 0.288626
-1.06 0.981618 0.640021
-1.05 0.627815 0.252675
-1.04 0.803362 0.458296
-1.03 -0.0330076 0.644847
-1.02 -0.0596251 0.631703
-1.01 -0.095767 0.809287
-1 -0.399902 0.712592
-0.99 -0.486231 1.05711
-0.98 -0.322897 0.707002
-0.97 0.324695 0.605334
-0.96 0.432967 0.956348
-0.95 0.717137 0.464401
-0.94 1.52813 0.515173
-0.93 0.774462 0.544687
-0.92 0.842469 0.343041
-0.91 1.16952 0.36011
-0.9 0.526451 0.317871
-0.89 0.362005 0.562125
-0.88 0.206893 0.35927
-0.87 0.247609 0.248514
-0.86 -0.368399 0.682127
-0.85 -0.198539 0.351841
-0.84 0.622608 0.540353
-0.83 0.187482 0.540525
-0.82 0.865969 0.435289
-0.81 1.42962 0.368776
-0.8 0.892759 0.434782
-0.79 0.887941 0.475714
-0.78 0.786365 0.513952
-0.77 0.540771 0.124298
-0.76 -0.0362695 0.546343
-0.75 -0.371442 0.251825
-0.74 0.0186924 0.463233
-0.73 -0.636206 0.469618
-0.72 -0.0917681 0.460875
-0.71 0.411973 0.608067
-0.7 0.355059 0.300489
-0.69 1.07906 0.671055
-0.68 1.02093 0.365203
-0.67 1.40594 0.183308
-0.66 0.870979 0.230236
-0.65 0.142194 0.397913
-0.64 0.0583817 0.0613283
-0.63 -0.615113 0.23212
-0.62 -0.726878 0.0483906
-0.61 -0.337355 0.482014
-0.6 -0.380423 0.16281
-0.59 -0.126013 0.841201
-0.58 -0.193343 0.683086
-0.57 0.695294 0.426419
-0.56 0.619223 0.488856
-0.55 0.0439933 0.651037
-0.54 1.05097 0.308004
-0.53 -0.0506166 0.204993
-0.52 0.0465462 0.298572
-0.51 -0.0805962 0.346961
-0.5 -0.0573359 0.191165
-0.49 -0.366025 0.535203
-0.48 0.245325 0.667186
-0.47 1.03209 0.403276
-0.46 1.10542 0.903289
-0.45 0.67825 1.23694
-0.44 1.80327 1.25587
-0.43 0.756626 0.926805
-0.42 1.34012 0.90602
-0.41 1.50771 0.773571
-0.4 1.10448 0.546132
-0.39 0.806636 0.777053
-0.38 0.453712 0.777276
-0.37 0.87395 0.462073
-0.36 0.601846 0.420402
-0.35 0.372833 0.744317
-0.34 0.914433 1.14404
-0.33 0.123919 0.964602
-0.32 0.747238 1.20223
-0.31 0.74769 1.35301
-0.3 0.581289 1.19756
-0.29 0.533368 1.19027
-0.28 -0.117776 1.3255
-0.27 0.130656 0.784901
-0.26 -0.128587 0.16672
-0.25 -0.41688 0.271954
-0.24 -0.210735 0.382003
-0.23 -0.648836 -0.0582565
-0.22 -0.0846775 0.0688495
-0.21 0.118258 0.596874
-0.2 1.13057 0.167158
-0.19 1.9824 0.521192
-0.18 1.65707 1.0781
-0.17 2.27395 1.2417
-0.16 1.53336 0.840508
-0.15 0.69796 1.45459
-0.14 0.962457 0.989543
-0.13 0.294467 0.0808558
-0.12 0.25003 -0.160967
-0.11 -0.928848 0.297773
-0.1 -0.979224 0.0124018
-0.09 -1.47076 0.231151
-0.08 -1.16111 0.356555
-0.07 -0.416812 0.377374
-0.06 -0.253688 -0.0321132
-0.05 -0.992631 1.09543
-0.04 -0.56303 1.58043
-0.03 -0.667509 0.935554
-0.02 0.385554 0.698483
-0.01 0.529478 0.625731
0 0.538263 0.461882
0.01 0.690769 0.2601
0.02 0.749011 0.225995
0.03 1.98138 -0.0459001
0.04 1.75122 -0.64106
0.05 2.25113 -0.0696705
0.06 1.4786 1.07713
0.07 1.52696 0.694469
0.08 2.28281 0.805371
0.09 2.4326 0.913686
0.1 1.83095 1.19096
0.11 1.6844 0.907159
0.12 0.387157 1.34369
0.13 0.295267 1.07882
0.14 -0.520305 0.126539
0.15 -0.275556 -0.289957
0.16 -1.27701 0.202916
0.17 -1.90485 -0.235039
0.18 -1.37372 -0.219746
0.19 -1.78793 0.304985
0.2 -1.11435 0.568878
0.21 0.0307387 0.167256
0.22 0.21744 0.5745
0.23 1.11565 0.723771
0.24 0.553232 0.258023
0.25 0.981997 0.412606
0.26 0.620027 0.506646
0.27 0.669528 -0.0823321
0.28 0.997748 -0.575367
0.29 0.369134 -0.409065
0.3 0.21065 -0.457788
0.31 0.060679 -0.526207
0.32 -0.0487449 -0.419777
0.33 0.755397 -0.0968216
0.34 -0.0305564 -0.144676
0.35 0.474213 0.263783
0.36 0.485637 0.766384
0.37 0.1439 0.573923
0.38 0.896167 0.356159
0.39 0.470108 0.273065
0.4 0.316425 0.422076
0.41 0.00398479 0.246764
0.42 0.163329 -0.12
0.43 0.880799 -0.131298
0.44 -0.138185 -0.394665
0.45 0.767857 -0.43082
0.46 0.344584 0.0295555
0.47 0.311599 0.295185
0.48 1.22832 0.131717
0.49 1.70831 0.431438
0.5 1.35456 0.69192
0.51 1.574 0.760021
0.52 1.04034 0.424113
0.53 1.18202 0.529642
0.54 -0.0306177 0.211508
0.55 0.696784 -0.0459266
0.56 0.212908 0.265844
0.57 -0.192916 0.0270609
0.58 0.58047 -0.0805281
0.59 0.199168 -0.136974
0.6 0.459826 0.29923
0.61 0.648093 0.432214
0.62 0.691223 0.688798
0.63 0.801264 0.721855
0.64 0.118262 0.857426
0.65 -0.0035594 0.531306
0.66 -0.393902 0.739481
0.67 -0.911441 0.437488
0.68 -0.324287 0.211544
0.69 -0.539783 -0.0165679
0.7 0.127499 -0.128131
0.71 0.389335 -0.00176013
0.72 0.644861 -0.336476
0.73 1.42502 -0.0763109
0.74 0.873789 -0.152262
0.75 0.965761 0.112143
0.76 0.948003 0.224879
0.77 0.463847 0.365171
0.78 0.540119 0.254112
0.79 0.457234 0.16902
0.8 0.379977 0.158613
0.81 0.22696 0.253923
0.82 0.322895 0.0473839
0.83 1.10421 -0.118234
0.84 0.604396 0.0487355
0.85 1.13292 -0.0808302
0.86 0.960888 0.311493
0.87 0.515333 0.270572
0.88 0.433961 0.515547
0.89 0.332653 0.264154
0.9 0.0934497 0.48813
0.91 -0.080525 0.62621
0.92 -0.012079 0.431948
0.93 0.00409284 0.564254
0.94 -0.378329 0.254781
0.95 -0.146776 0.176859
0.96 0.133895 -0.0960987
0.97 0.0621782 0.0404178
0.98 0.752809 -0.0969775
0.99 0.590134 -0.0541195
1 0.55138 -0.0885822
1.01 0.461061 0.153041
1.02 0.534948 7.38511e-06
1.03 0.438854 0.32133
1.04 0.319743 0.406665
1.05 0.0603751 0.473929
1.06 -0.0975856 0.544769
1.07 -0.303168 0.457505
1.08 0.114422 0.530206
1.09 0.0737454 0.262961
1.1 0.304494 0.463321
1.11 0.336367 0.271557
1.12 0.468603 0.100157
1.13 0.74313 0.122993
1.14 1.00929 0.0292006
1.15 0.710212 0.309591
1.16 0.973105 0.259858
1.17 0.561622 0.343604
1.18 0.861022 0.293587
1.19 0.823176 0.154294
1.2 1.03249 0.317428
1.21 0.643592 0.531652
1.22 0.638342 0.266764
1.23 0.542522 0.433335
1.24 0.492032 -0.00468921
1.25 0.403029 0.140512
1.26 0.728711 -0.0553532
1.27 0.26835 0.0852411
1.28 0.331941 0.154356
1.29 0.404882 -0.0681923
1.3 0.384104 0.218083
1.31 0.237687 0.0911525
1.32 0.42425 0.188773
1.33 0.265978 0.261109
1.34 -0.0155595 0.165199
1.35 -0.019112 0.346728
1.36 0.143369 0.269296
1.37 -0.153916 0.329897
1.38 0.0276774 0.376112
1.39 0.14418 0.0949186
1.4 0.019773 0.291783
1.41 0.132022 0.11711
1.42 0.309435 0.247885
1.43 0.22009 0.270637
1.44 0.0137824 0.167651
1.45 0.0450986 0.327978
1.46 -0.0154165 0.183394
1.47 -0.252478 0.148155
1.48 -0.254972 0.359149
1.49 -0.120301 0.132569
1.5 -0.29983 0.461979
1.51 -0.0390401 0.288786
1.52 0.107387 0.367259
1.53 0.270299 0.102449
1.54 0.269545 0.0162477
1.55 0.29948 0.222961
1.56 0.387467 0.0698846
1.57 0.333501 0.118645
1.58 0.312901 0.194663
1.59 0.448605 -0.139452
1.6 0.196595 -0.0148821
1.61 0.108768 -0.0821591
1.62 0.121525 -0.0107573
1.63 0.160794 -0.122384
1.64 0.0461854 -0.101099
1.65 -0.00845711 -0.0456575
1.66 0.182454 -0.125678
1.67 0.094249 -0.0125586
1.68 -0.0141228 0.165819
1.69 0.349286 -0.00230594
1.7 0.104846 0.168811
1.71 0.106398 0.214101
1.72 0.220623 0.179323
1.73 0.291458 0.252469
1.74 0.0706123 0.116602
1.75 0.289242 0.199682
1.76 0.430409 0.0328077
1.77 0.350207 0.202366
1.78 0.464035 0.232737
1.79 0.858685 0.343425
1.8 0.743605 0.301658
1.81 0.860481 0.386506
1.82 1.01795 0.252394
1.83 0.952079 0.338058
1.84 0.827867 0.287957
1.85 0.783638 0.287074
1.86 0.983606 0.242034
1.87 0.536261 -0.0620571
1.88 0.695129 -0.0253589
1.89 0.754695 -0.129212
1.9 0.629752 -0.0532319
1.91 0.691715 -0.0446435
1.92 0.688602 0.137101
1.93 0.700036 -0.0467883
1.94 0.636816 0.111878
1.95 0.625699 0.0633765
1.96 0.698334 0.27963
1.97 0.339031 0.0560604
1.98 0.174421 0.177834
1.99 0.306802 0.0760505
2 0.13631 -0.121827
2.01 0.248616 -0.0321519
2.02 0.0157761 -0.0636156
2.03 0.00647466 -0.0191515
2.04 -0.357371 -0.049831
2.05 -0.492736 0.0812943
2.06 -0.222096 0.0821334
2.07 -0.515936 0.108592
2.08 -0.573545 0.173249
2.09 -0.529289 0.302082
2.1 -0.594472 0.111949
2.11 -0.532745 0.236137
2.12 -0.30726 0.0772774
2.13 0.0786489 0.0394492
2.14 -0.0340348 -0.00526429
2.15 -0.00152113 -0.0725788
2.16 0.336479 0.00733285
2.17 0.0659248 -0.121273
2.18 0.08651 -0.0916291
2.19 0.238812 0.0571062
2.2 0.0347675 0.0352057
2.21 0.00439075 0.211078
2.22 0.0228685 0.12943
2.23 0.349283 0.247533
2.24 0.306088 0.0853165
2.25 0.378491 0.0830823
2.26 0.697573 0.103359
2.27 0.406328 -0.0537167
2.28 0.544569 -0.228419
2.29 0.651276 -0.17936
2.3 0.567439 -0.445973
2.31 0.412642 -0.297117
2.32 0.189539 -0.352383
2.33 0.274989 -0.131364
2.34 0.150628 -0.134271
2.35 0.0585767 -0.111213
2.36 0.307137 0.0775887
2.37 0.0949448 -0.0562881
2.38 -0.00405381 0.0568907
2.39 0.0294425 0.0859531
2.4 0.0254455 0.022139
2.41 0.0971213 -0.0263666
2.42 0.0524461 -0.160605
2.43 0.405272 -0.201604
2.44 0.211091 -0.15442
2.45 0.156394 -0.196449
2.46 0.320517 0.00697673
2.47 0.287916 -0.0742661
2.48 0.297096 0.00560441
2.49 0.39343 0.0808575
2.5 0.442384 0.0827179
2.51 0.273016 0.239057
2.52 0.217127 0.0871134
2.53 0.500679 0.139052
2.54 0.392067 0.0648794
2.55 0.499862 -0.095459
2.56 0.532629 -0.0240432
2.57 0.492242 -0.129246
2.58 0.380089 -0.113715
2.59 0.367147 -0.131704
2.6 0.340198 -0.0922234
2.61 0.0527043 0.00561078
2.62 -0.104252 0.0455744
2.63 0.0790455 0.126738
2.64 -0.0784079 0.251562
2.65 0.130701 0.114223
2.66 0.177603 0.257011
2.67 0.137146 0.142103
2.68 0.28377 0.137469
2.69 0.303794 0.106082
2.7 0.615119 0.00957905
2.71 0.356017 0.0396271
2.72 0.464263 -0.104409
2.73 0.348021 -0.000399289
2.74 0.170869 0.0340427
2.75 0.232104 0.0614925
2.76 0.148288 0.169545
2.77 0.064031 0.109029
2.78 0.0997631 0.103155
2.79 -0.0687797 0.165525
2.8 0.0786044 0.0904682
2.81 -0.104377 0.108499
2.82 -0.0475072 0.0219245
2.83 0.0574434 -0.15279
2.84 -0.0897677 -0.135984
2.85 0.168404 -0.186727
2.86 0.019915 -0.0458735
2.87 0.132298 -0.158697
2.88 0.158642 -0.0322599
2.89 0.118626 -0.0678458
2.9 0.283419 -0.0299127
2.91 0.187749 0.0817191
2.92 0.271239 0.148517
2.93 0.355033 0.027563
2.94 0.234202 0.0717426
2.95 0.355452 0.0440809
2.96 0.20584 0.0514058
2.97 0.331981 0.0194912
2.98 0.343458 0.0333241
2.99 0.364746 0.0168742
3 0.457827 -0.0703675
3.01 0.323769 0.0520957
3.02 0.326766 0.0707452
3.03 0.409241 -0.00257566
3.04 0.392663 0.0363944
3.05 0.445527 0.00986963
3.06 0.393038 0.00664603
3.07 0.362996 -0.0175851
3.08 0.317978 0.0170048
3.09 0.28175 0.00108264
3.1 0.429134 -0.0788287
3.11 0.245554 -0.0370244
3.12 0.401465 -0.0193412
3.13 0.275576 -0.0390166
3.14 0.360072 -0.0146042
3.15 0.233033 0.0353881
3.16 0.324487 0.0113381
3.17 0.180224 0.00389216
3.18 0.182546 -0.000235638
3.19 0.0900692 0.0758502
3.2 0.166172 -0.003371
3.21 0.0304576 0.0127608
3.22 0.129023 0.0152146
3.23 0.114386 -0.0433092
3.24 0.099512 -0.0895301
3.25 0.214165 -0.0539873
3.26 0.16593 -0.0414911
3.27 0.325137 -0.0986067
3.28 0.219569 -0.0688811
3.29 0.315224 0.00249258
3.3 0.197028 -0.0372742
3.31 0.21313 -0.0187912
3.32 0.081049 0.0867505
3.33 0.0749955 0.0240034
3.34 -0.00886717 0.0404305
3.35 -0.0140394 0.0737454
3.36 -0.12091 0.0857966
3.37 -0.0661645 0.0123821
3.38 -0.149239 0.00249429
3.39 -0.0552539 0.0522848
3.4 -0.0125348 -0.00962573
3.41 0.0416018 0.00655505
3.42 0.0754591 0.0181825
3.43 0.0775525 -0.0187015
3.44 0.139765 -0.0671791
3.45 0.105448 -0.00585053
3.46 0.102812 -0.00882358
3.47 0.105864 -0.0197085
3.48 0.0471269 -0.0808925
3.49 0.0595433 -0.0285204
3.5 0.0657371 -0.0720031
3.51 0.0698443 -0.056775
3.52 0.0812992 -0.038197
3.53 0.103759 -0.0562107
3.54 0.144218 -0.106118
3.55 0.127726 -0.0943527
3.56 0.183509 -0.027578
3.57 0.191696 -0.0449989
3.58 0.129275 -0.0723927
3.59 0.126154 -0.0434736
3.6 0.0693143 -0.0660073
3.61 0.00178606 -0.0674007
3.62 0.00160219 -0.0280371
3.63 -0.0149813 0.0231822
3.64 0.0206425 -0.0616358
3.65 -0.00971224 -0.0423558
3.66 0.074042 -0.0192994
3.67 0.0621659 -0.0141175
3.68 0.102956 -0.0241534
3.69 0.144657 0.0300012
3.7 0.172253 0.00617018
3.71 0.116373 -0.0321645
3.72 0.122312 -0.0265377
3.73 0.0523012 0.00374389
3.74 0.0352286 -0.0459175
3.75 -0.0106116 -0.0579616
3.76 -0.00510463 -0.0262361
3.77 -0.031045 -0.0823973
3.78 -0.0424091 -0.0558135
3.79 -1.43088e-05 -0.0608052
3.8 -0.0223587 -0.00412255
3.81 0.0103858 -0.0528894
3.82 0.00729866 -0.0205932
3.83 0.0586352 -0.0200742
3.84 0.0342692 -0.0140057
3.85 0.0877205 -0.02362
3.86 0.0453885 0.0158541
3.87 0.0632477 -0.0160018
3.88 0.0395425 -0.0175649
3.89 0.0477797 -0.0423174
3.9 0.0307942 0.010569
3.91 0.0320022 -0.0191086
3.92 0.0121102 -0.021273
3.93 0.0210036 0.00802573
3.94 0.0323962 -0.0284977
3.95 0.030724 -0.0239101
3.96 0.0592705 -0.016882
3.97 0.0598028 0.00651205
3.98 0.0929204 -0.0174204
3.99 0.0809948 -0.0134026
4 0.107527 0.0145905
4.01 0.0972057 -0.00662497
4.02 0.0794758 -0.023605
4.03 0.0762203 0.0102504
4.04 0.0587464 -0.0182984
4.05 0.0485147 -0.0223813
4.06 0.048373 -0.0195419
4.07 0.077779 -0.0119811
4.08 0.0752648 -0.0250983
4.09 0.0874907 -0.0362117
4.1 0.0945131 -0.000246764
4.11 0.08391 -0.0105647
4.12 0.0834112 -0.0185355
4.13 0.0990552 0.0101601
4.14 0.0812563 -0.0012196
4.15 0.0619251 -0.000455297
4.16 0.04042 0.00337843
4.17 0.0198954 0.018206
4.18 0.0178101 0.00732506
4.19 0.0145469 -0.00132615
4.2 0.0370194 0.0196103
4.21 0.00967987 0.0160791
4.22 0.0256564 0.00494007
4.23 0.0283892 0.0197518
4.24 0.0254085 0.0137674
4.25 0.0484704 -0.00119446
4.26 0.0377 -0.00189757
4.27 0.0503101 -0.00541681
4.28 0.0260825 0.00324484
4.29 0.0311976 -0.0251493
4.3 0.0241979 0.00348386
4.31 0.0131695 -0.0147904
4.32 0.00276955 -0.0154866
4.33 0.0038989 -0.0137575
4.34 -0.0191282 -0.00214447
4.35 0.00354938 -0.00874031
4.36 -0.0101725 -0.00540244
4.37 0.00618049 0.0024046
4.38 0.00329648 0.00136977
4.39 -0.00399909 -0.00827171
4.4 0.0123176 0.0076438
4.41 -0.00156191 0.0108563
4.42 0.0127594 -0.000468907
4.43 0.00367214 0.0089749
4.44 0.00485438 0.000397513
4.45 -0.00265015 0.0043361
4.46 -0.00863766 -0.00761127
4.47 -0.0022995 0.00415723
4.48 0.00173147 -0.00358379
4.49 -0.00286117 -0.0143538
4.5 0.0112703 -0.00710152
4.51 0.00575556 -0.00997557
4.52 0.0105096 -0.00967315
4.53 0.0153675 -0.00780459
4.54 0.0152831 -0.00368114
4.55 0.02419 -0.00609015
4.56 0.0135836 -0.00753259
4.57 0.0250207 -0.0039177
4.58 0.0163812 -0.000435946
4.59 0.0142194 -0.00719681
4.6 0.0177852 -0.00149776
4.61 0.014136 -0.00635269
4.62 0.0128296 -0.00778357
4.63 0.0117826 -0.00689713
4.64 0.0115071 -0.00472189
4.65 0.0101259 -0.00155
4.66 0.00961383 -0.00513496
4.67 0.00860906 -0.00196532
4.68 0.00851352 -0.00208434
4.69 0.00438292 -0.00209132
4.7 0.00884105 0.000642372
4.71 0.0054824 0.00114691
4.72 0.00732542 -0.000633762
4.73 0.00614739 -0.00154483
4.74 0.00434247 -0.00155429
4.75 0.00451191 -0.000778466
4.76 0.0025779 -0.00184172
4.77 0.00294528 -0.00116119
4.78 0.00194006 -0.000692828
4.79 0.001186 -0.00171236
4.8 0.00116568 -0.000397447
4.81 0.00100362 -8.98832e-05
4.82 0.00110745 0.000174641
4.83 0.00149578 4.06472e-05
4.84 0.00123173 0.000169418
4.85 0.00188087 0.000487591
4.86 0.00135754 -8.82683e-05
4.87 0.000974889 0.00027067
4.88 0.000963534 0.000189796
4.89 0.000140776 0.00012376
4.9 0.000342253 -5.21829e-05
4.91 1.37894e-05 2.7035e-05
4.92 0.000119261 -8.35198e-05
4.93 -2.14437e-05 -4.72282e-05
4.94 7.10311e-05 -3.7605e-05
4.95 7.13925e-05 1.80917e-05
4.96 8.64302e-05 -4.19421e-05
4.97 6.29878e-05 -1.9148e-05
4.98 3.7967e-05 -1.19271e-05
4.99 8.25244e-06 -2.85151e-06
0.24 3.73854 2.69711
0.48 2.68786 2.27713
0.72 1.46303 1.73508
0.96 0.524017 1.22301
1.2 0.089567 0.839206
1.44 0.0771953 0.601494
1.68 0.231824 0.467137
1.92 0.324079 0.376134
2.16 0.274584 0.286606
2.4 0.142591 0.185734
2.64 0.0266663 0.0811676
2.88 -0.0250979 -0.0117319
3.12 -0.0329043 -0.0769509
3.36 -0.0419731 -0.100668
3.6 -0.0740247 -0.0759798
3.84 -0.116774 -0.0101184
4.08 -0.149134 0.0727539
4.32 -0.167854 0.139958
4.56 -0.187682 0.167604
4.8 -0.218292 0.155048
5.04 -0.244525 0.124694
5.28 -0.231857 0.105914
5.52 -0.154039 0.114408
5.76 -0.0188316 0.142071
6 0.131045 0.164268
6.24 0.243506 0.158177
6.48 0.288823 0.118348
6.72 0.272278 0.0589949
6.96 0.218923 0.00319857
7.2 0.145158 -0.0318819
7.44 0.0430016 -0.0435375
7.68 -0.108031 -0.041624
7.92 -0.310781 -0.0396215
8.16 -0.528444 -0.0455859
8.4 -0.691918 -0.0583041
8.64 -0.733997 -0.0696744
8.88 -0.625892 -0.0707212
9.12 -0.390287 -0.0574218
9.36 -0.085368 -0.033383
9.6 0.222874 -0.00833824
9.84 0.477935 0.00650572
10.08 0.633806 0.00380589
10.32 0.65337 -0.0165222
10.56 0.519949 -0.0472265
10.8 0.25942 -0.0764561
11.04 -0.04945 -0.0916287
11.28 -0.297549 -0.0829443
11.52 -0.396768 -0.0460279
11.76 -0.328159 0.0163479
12 -0.150893 0.0939918
12.24 0.0374375 0.171474
12.48 0.162129 0.232969
12.72 0.211153 0.268022
12.96 0.227754 0.27513
13.2 0.266437 0.260916
13.44 0.348425 0.23549
13.68 0.448683 0.206969
13.92 0.519387 0.178192
14.16 0.527764 0.146543
14.4 0.479407 0.105916
14.64 0.413114 0.0497887
14.88 0.375097 -0.0246967
15.12 0.392393 -0.112099
15.36 0.46152 -0.195971
15.6 0.555313 -0.251899
15.84 0.639442 -0.257631
16.08 0.687025 -0.20584
16.32 0.68446 -0.110774
16.56 0.628985 -0.00244711
16.8 0.523457 0.089188
17.04 0.374067 0.149248
17.28 0.192787 0.181142
17.52 0.00128246 0.196313
17.76 -0.169481 0.199972
18 -0.287405 0.185463
18.24 -0.332679 0.141907
18.48 -0.308496 0.0677187
18.72 -0.240955 -0.0225261
18.96 -0.166228 -0.104108
19.2 -0.111744 -0.155673
19.44 -0.0830384 -0.168855
19.68 -0.0648825 -0.147507
19.92 -0.0361467 -0.10033
20.16 0.0113986 -0.036049
20.4 0.0630965 0.0343952
20.64 0.0876286 0.0934612
20.88 0.0565665 0.119141
21.12 -0.0344345 0.0961765
21.36 -0.156384 0.028634
21.6 -0.256918 -0.0578092
21.84 -0.285586 -0.128306
22.08 -0.220936 -0.158199
22.32 -0.0836547 -0.145372
22.56 0.0728015 -0.107367
22.8 0.189629 -0.0673356
23.04 0.23271 -0.0407823
23.28 0.207879 -0.0320444
23.52 0.153021 -0.0395039
23.76 0.112798 -0.0613171
24 0.112094 -0.0953224
24.24 0.143937 -0.134709
24.48 0.17751 -0.166462
24.72 0.179247 -0.17706
24.96 0.133178 -0.1621
25.2 0.0492284 -0.131507
25.44 -0.0431382 -0.104739
25.68 -0.11014 -0.0986421
25.92 -0.128623 -0.116722
26.16 -0.0938997 -0.147389
26.4 -0.0186373 -0.171563
26.64 0.074525 -0.173477
26.88 0.161927 -0.147553
27.12 0.225212 -0.0987299
27.36 0.253243 -0.0385572
27.6 0.240816 0.0191431
27.84 0.187181 0.0614533
28.08 0.096792 0.0791452
28.32 -0.0181296 0.06973
28.56 -0.13638 0.0393539
28.8 -0.231282 0.00106262
29.04 -0.279157 -0.0311269
29.28 -0.268964 -0.0493108
29.52 -0.207597 -0.0550652
29.76 -0.117622 -0.0563506
30 -0.0285718 -0.0600287
30.24 0.0339004 -0.0656688
30.48 0.0565436 -0.0655725
30.72 0.0421746 -0.0512073
30.96 0.00776497 -0.0211968
31.2 -0.0227698 0.0153473
31.44 -0.0295356 0.0429696
31.68 -0.00746586 0.0488074
31.92 0.028956 0.0302258
32.16 0.0516624 -0.00384776
32.4 0.0345162 -0.0383644
32.64 -0.0298159 -0.0604244
32.88 -0.122513 -0.0651679
33.12 -0.206698 -0.05639
33.36 -0.246932 -0.0426723
33.6 -0.228198 -0.0321731
33.84 -0.162724 -0.0290507
34.08 -0.081264 -0.0326922
34.32 -0.015563 -0.0391696
34.56 0.0166121 -0.0436413
34.8 0.0158545 -0.0425826
35.04 -0.00501938 -0.035108
35.28 -0.0311438 -0.0229824
35.52 -0.0526109 -0.00938144
35.76 -0.0653918 0.00289407
36 -0.0683936 0.012652
36.24 -0.0609331 0.0202517
36.48 -0.0430489 0.026505
36.72 -0.0175944 0.0315886
36.96 0.00884207 0.0348893
37.2 0.0279964 0.0357657
37.44 0.0338911 0.0343786
37.68 0.0257191 0.0318126
37.92 0.00749698 0.029497
38.16 -0.0149005 0.0285507
38.4 -0.0366242 0.0295034
38.64 -0.0545075 0.0322245
38.88 -0.0659441 0.0356832
39.12 -0.0683711 0.0376804
39.36 -0.0608926 0.0352774
39.6 -0.0466944 0.0263891
39.84 -0.033064 0.0118745
40.08 -0.0274008 -0.00349738
40.32 -0.0315472 -0.0124718
40.56 -0.0392946 -0.00874539
40.8 -0.0401039 0.00956271
41.04 -0.0269695 0.0385663
41.28 -0.00240583 0.0701296
41.52 0.0225146 0.0951513
41.76 0.035779 0.10667
42 0.0331081 0.1014
42.24 0.0212143 0.0795305
42.48 0.0132671 0.0435455
42.72 0.0197264 -0.002983
42.96 0.0405267 -0.0559365
43.2 0.0632527 -0.110331
43.44 0.0682057 -0.159548
43.68 0.0378253 -0.195108
43.92 -0.0337595 -0.208146
44.16 -0.135258 -0.192831
44.4 -0.239645 -0.150429
44.64 -0.312662 -0.091393
44.88 -0.325234 -0.0333169
45.12 -0.26439 0.00530325
45.36 -0.137884 0.0128653
45.6 0.0287978 -0.00984002
45.84 0.200468 -0.0492927
46.08 0.341334 -0.0843782
46.32 0.422827 -0.0947983
46.56 0.430073 -0.069288
46.8 0.366906 -0.0103582
47.04 0.257095 0.0664245
47.28 0.138328 0.138569
47.52 0.0484045 0.185807
47.76 0.0090031 0.198121
48 0.0163032 0.178665
48.24 0.0450882 0.140166
48.48 0.0644677 0.0972351
48.72 0.0552485 0.0595035
48.96 0.0178994 0.0296343
49.2 -0.0328147 0.00647088
49.44 -0.080723 -0.0102187
49.68 -0.118222 -0.0177259
49.92 -0.146679 -0.0126364
50.16 -0.16914 0.00507082
50.4 -0.18323 0.0300612
50.64 -0.18102 0.053838
50.88 -0.155947 0.0693978
51.12 -0.110585 0.0745242
51.36 -0.058282 0.0711659
51.6 -0.0166589 0.0617905
51.84 0.00261602 0.0461743
52.08 0.000512121 0.0216185
52.32 -0.010802 -0.0134365
52.56 -0.0162987 -0.0553949
52.8 -0.00753725 -0.0946062
53.04 0.0128527 -0.118855
53.28 0.0339513 -0.11933
53.52 0.044038 -0.0954016
53.76 0.0376369 -0.0553256
54 0.0180098 -0.0125275
54.24 -0.00555245 0.0203387
54.48 -0.023075 0.0363652
54.72 -0.0284186 0.0360698
54.96 -0.0210132 0.0254184
55.2 -0.00509425 0.0117312
55.44 0.0121276 -0.000104287
55.68 0.0224241 -0.00913285
55.92 0.0187534 -0.0170273
56.16 -0.00201269 -0.0251499
56.4 -0.0366451 -0.0321307
56.64 -0.0753207 -0.0337692
56.88 -0.105042 -0.0255127
57.12 -0.115804 -0.00595121
57.36 -0.106029 0.0210753
57.6 -0.0834006 0.0473518
57.84 -0.0599428 0.0637692
58.08 -0.044374 0.0643097
58.32 -0.0370484 0.0482295
58.56 -0.0311822 0.0195641
58.8 -0.019397 -0.0150622
59.04 -0.000497414 -0.0485643
59.28 0.0188431 -0.0745024
59.52 0.0288683 -0.0876481
59.76 0.0242991 -0.0850419
60 0.00879706 -0.0676525
60.24 -0.00711404 -0.0412909
60.48 -0.0130667 -0.0151166
60.72 -0.00555731 0.00239032
60.96 0.0104149 0.00783236
61.2 0.0255093 0.00456482
61.44 0.0324892 9.04444e-05
61.68 0.0301846 0.000741074
61.92 0.0225969 0.00738997
62.16 0.0146259 0.0152995
62.4 0.00817405 0.0181214
62.64 0.00154986 0.012941
62.88 -0.00784742 0.00256483
63.12 -0.0201756 -0.00652025
63.36 -0.0320581 -0.00877967
63.6 -0.038672 -0.00332682
63.84 -0.0373148 0.00587189
64.08 -0.0295687 0.0130821
64.32 -0.0203007 0.0146746
64.56 -0.01423 0.0110682
64.8 -0.0127071 0.00576142
65.04 -0.013173 0.00260375
65.28 -0.0116462 0.00341573
65.52 -0.00618751 0.00739108
65.76 0.00144464 0.0122228
66 0.00723168 0.0157929
66.24 0.00817466 0.0172175
66.48 0.00471161 0.0168104
66.72 0.000357577 0.0153666
66.96 -0.00102239 0.0134803
67.2 0.00197352 0.0113298
67.44 0.0075555 0.00886651
67.68 0.0124092 0.00607278
67.92 0.0141548 0.00303694
68.16 0.0126293 -0.000130018
68.4 0.00931577 -0.00334634
68.64 0.0058688 -0.00646601
68.88 0.0031733 -0.00913226
69.12 0.00149885 -0.0107762
69.36 0.00110497 -0.0108459
69.6 0.0023385 -0.00912344
69.84 0.00503777 -0.00587935
70.08 0.00800619 -0.00173465
70.32 0.00940183 0.00264557
70.56 0.00799812 0.0067713
70.8 0.00430253 0.0103169
71.04 0.000467646 0.0129821
71.28 -0.00109739 0.0144479
71.52 0.000617331 0.0145223
71.76 0.0045867 0.0133297
72 0.00858329 0.0113066
72.24 0.0107487 0.00894981
72.48 0.0106671 0.00653171
72.72 0.00923969 0.00407354
72.96 0.00769279 0.00162329
73.2 0.00666808 -0.000441146
73.44 0.00608755 -0.00144204
73.68 0.00569016 -0.000834994
73.92 0.00556291 0.00128761
74.16 0.00610551 0.00407923
74.4 0.00748705 0.00636499
74.64 0.00916296 0.0073049
74.88 0.00997074 0.00678835
75.12 0.00880229 0.00529878
75.36 0.00535153 0.00344392
75.6 0.000382021 0.00159038
75.84 -0.00464864 -0.000131315
76.08 -0.00830385 -0.00157598
76.32 -0.0097487 -0.00243109
76.56 -0.00891982 -0.00235969
76.8 -0.00633598 -0.0013024
77.04 -0.00278409 0.00037195
77.28 0.000927514 0.00202744
77.52 0.00410067 0.003092
77.76 0.00620449 0.00327529
78 0.00689466 0.00254035
78.24 0.00600646 0.000958914
78.48 0.00354463 -0.0013266
78.72 -0.000286508 -0.00398104
78.96 -0.00500312 -0.00637967
79.2 -0.00978887 -0.00775796
79.44 -0.0135975 -0.00760207
79.68 -0.015473 -0.00600002
79.92 -0.0149804 -0.0036385
80.16 -0.0125028 -0.0013965
80.4 -0.00917275 0.000172794
80.64 -0.00640211 0.00107528
80.88 -0.00522776 0.00165989
81.12 -0.00582965 0.00216307
81.36 -0.00750244 0.00241918
81.6 -0.00910012 0.00199726
81.84 -0.00968743 0.000658117
82.08 -0.00900649 -0.00126117
82.32 -0.00749364 -0.00290466
82.56 -0.00588081 -0.00343564
82.8 -0.00468379 -0.00269601
83.04 -0.00392576 -0.00146457
83.28 -0.00324464 -0.00102107
83.52 -0.0022497 -0.00222764
83.76 -0.000844239 -0.00476894
84 0.000698338 -0.00718569
84.24 0.00192333 -0.00780934
84.48 0.00251643 -0.00599089
84.72 0.00258859 -0.00268239
84.96 0.00277695 0.000168163
85.2 0.00404345 0.00103022
85.44 0.00713908 -7.45702e-05
85.68 0.0119209 -0.00164994
85.92 0.0169756 -0.00196335
86.16 0.0200293 -0.000375144
86.4 0.019187 0.00243674
86.64 0.0143218 0.00558236
86.88 0.00753048 0.00935638
87.12 0.00201977 0.0154857
87.36 -4.57945e-05 0.0257114
87.6 0.000800998 0.0397084
87.84 0.00158572 0.054116
88.08 -0.000893956 0.0637351
88.32 -0.00745242 0.064265
88.56 -0.0155228 0.0547219
88.8 -0.0206291 0.0379086
89.04 -0.01924 0.0187608
89.28 -0.0108657 0.00184918
89.52 0.00201522 -0.0103489
89.76 0.0157637 -0.0176472
90 0.0273627 -0.0212117
90.24 0.0347858 -0.0224078
90.48 0.0361991 -0.0220807
90.72 0.0295448 -0.0203679
90.96 0.0136974 -0.0168968
91.2 -0.00935855 -0.0112839
91.44 -0.0333818 -0.00386049
91.68 -0.0495335 0.00372586
91.92 -0.0505754 0.00862605
92.16 -0.0351572 0.00796386
92.4 -0.00927233 0.000628278
92.64 0.0163137 -0.0114835
92.88 0.0312248 -0.0238666
93.12 0.0302097 -0.0315373
93.36 0.0149473 -0.031711
93.6 -0.00757762 -0.0253332
93.84 -0.0287043 -0.0164363
94.08 -0.0416612 -0.00970984
94.32 -0.0436403 -0.00780847
94.56 -0.0360356 -0.0100236
94.8 -0.0232335 -0.0130145
95.04 -0.0105781 -0.0130133
95.28 -0.0022066 -0.00811145
95.52 0.000455682 0.000683674
95.76 -0.00115261 0.0101108
96 -0.00404943 0.0165159
96.24 -0.00575032 0.0177757
96.48 -0.0057359 0.0142223
96.72 -0.00539684 0.00817243
96.96 -0.00659818 0.00248983
97.2 -0.0100191 -0.000900227
97.44 -0.0145401 -0.00172492
97.68 -0.0180753 -0.00105278
97.92 -0.0191071 -0.000331154
98.16 -0.0177003 -0.00044464
98.4 -0.0152712 -0.00131581
98.64 -0.0133976 -0.00214889
98.88 -0.0126485 -0.00203594
99.12 -0.012302 -0.000513414
99.36 -0.0110892 0.00221503
99.6 -0.00834029 0.00542768
99.84 -0.00466005 0.00824895
100.08 -0.00163038 0.0100221
100.32 -0.000742772 0.0105597
100.56 -0.00230705 0.0102399
100.8 -0.00510848 0.00993606
101.04 -0.00706299 0.0107255
101.28 -0.00640807 0.0133314
101.52 -0.00259253 0.0174391
101.76 0.00370166 0.0213012
102 0.0112639 0.0221278
102.24 0.0190968 0.0173808
102.48 0.0266013 0.00639361
102.72 0.0332338 -0.00875309
102.96 0.0381882 -0.0238896
103.2 0.0405475 -0.0347184
103.44 0.039742 -0.0388296
103.68 0.0357491 -0.0364115
103.92 0.0287677 -0.0293149
104.16 0.018817 -0.019474
104.4 0.00598397 -0.00816228
104.64 -0.00859515 0.00331644
104.88 -0.0219505 0.0123946
105.12 -0.0298907 0.0150802
105.36 -0.0291922 0.00769205
105.6 -0.0200059 -0.0103876
105.84 -0.0065334 -0.0349503
106.08 0.00488313 -0.0577588
106.32 0.00914747 -0.069776
106.56 0.00502057 -0.0651013
106.8 -0.00463942 -0.0435296
107.04 -0.0148025 -0.010605
107.28 -0.0208109 0.0245811
107.52 -0.0201069 0.052712
107.76 -0.0128003 0.0673976
108 -0.00151085 0.0671234
108.24 0.00924114 0.0553361
108.48 0.01436 0.0385592
108.72 0.0103464 0.0232553
108.96 -0.00249303 0.0129329
109.2 -0.0193513 0.00706723
109.44 -0.0327458 0.0024166
109.68 -0.0361413 -0.00420955
109.92 -0.0271735 -0.0136189
110.16 -0.00843573 -0.0238058
110.4 0.0144474 -0.0314166
110.64 0.0358463 -0.0337814
110.88 0.0521932 -0.0300422
111.12 0.0621998 -0.0209239
111.36 0.0659065 -0.0078596
111.6 0.063827 0.00751573
111.84 0.0567906 0.0231903
112.08 0.0461194 0.03651
112.32 0.0335205 0.0446166
112.56 0.0206214 0.0456956
112.8 0.00863993 0.0402303
113.04 -0.00143741 0.0311658
113.28 -0.0084394 0.0225465
113.52 -0.0110172 0.0172915
113.76 -0.00835946 0.0155049
114 -0.00109561 0.0144937
114.24 0.00851824 0.0106187
114.48 0.0175284 0.00189348
114.72 0.023746 -0.0103266
114.96 0.0266158 -0.0217424
115.2 0.0268016 -0.0274808
115.44 0.0248656 -0.0250134
115.68 0.0202138 -0.0157615
115.92 0.0113039 -0.00431403
116.16 -0.00289312 0.00426108
116.4 -0.0212346 0.00726817
116.64 -0.0398873 0.00557398
116.88 -0.0535736 0.00247719
117.12 -0.0580246 0.00117116
117.36 -0.0522228 0.00257817
117.6 -0.0390745 0.0049333
117.84 -0.0240654 0.00520887
118.08 -0.0126505 0.00126093
118.32 -0.00785386 -0.00675459
118.56 -0.00936007 -0.0165043
118.8 -0.0144107 -0.0248802
119.04 -0.019712 -0.02967
119.28 -0.0230484 -0.0304594
119.52 -0.0236923 -0.0283419
119.76 -0.0216953 -0.0248158
120 -0.0169731 -0.0207188
