-4.99 -2.64287e-06 3.06158e-07
-4.98 -1.02876e-07 4.7035e-06
-4.97 1.31433e-05 6.07858e-06
-4.96 4.39957e-05 1.93453e-05
-4.95 7.36514e-05 1.24109e-05
-4.94 0.000255296 1.09697e-05
-4.93 0.000407507 0.000107512
-4.92 0.00035023 8.99207e-05
-4.91 0.000619088 0.000185551
-4.9 0.000388718 0.000155307
-4.89 0.000456948 0.000131984
-4.88 0.000266495 0.000123039
-4.87 0.000139987 1.93752e-05
-4.86 -0.000534084 -8.64217e-05
-4.85 -0.000723642 0.000152342
-4.84 -0.000718301 9.62721e-06
-4.83 8.0531e-05 0.000383538
-4.82 -0.000456117 0.000304796
-4.81 0.000564912 0.000810068
-4.8 -0.000281177 -7.55934e-05
-4.79 0.00118359 0.000619641
-4.78 0.00155574 0.00115469
-4.77 0.00183113 0.000831084
-4.76 0.00232953 0.00134271
-4.75 0.000128529 0.00127064
-4.74 -0.0003728 0.00038621
-4.73 -0.00112314 0.000695119
-4.72 -0.0017473 0.00194537
-4.71 -0.00265456 0.00327823
-4.7 -0.00327682 0.00156586
-4.69 -0.00165534 0.00431523
-4.68 -0.00193836 0.00404806
-4.67 0.000144889 0.00358802
-4.66 0.00435942 0.00640452
-4.65 0.00190039 0.00663979
-4.64 0.0055933 0.00523797
-4.63 0.00718447 0.00447543
-4.62 0.00610898 0.00432982
-4.61 0.00536866 0.00411628
-4.6 0.00652963 0.00178105
-4.59 0.0040937 0.00391857
-4.58 0.00456077 0.00154142
-4.57 0.00349867 -0.00198208
-4.56 0.0107303 0.0021197
-4.55 0.00510272 0.00106672
-4.54 0.0130994 0.00582612
-4.53 0.00991544 0.00289757
-4.52 0.00561086 0.00310635
-4.51 0.00682531 0.00239143
-4.5 0.00652893 -0.00279074
-4.49 0.00688867 0.00357415
-4.48 0.0119146 0.00245172
-4.47 0.00976935 0.00278402
-4.46 0.0141214 0.00105298
-4.45 0.0122169 -0.00310999
-4.44 0.0295334 0.00153444
-4.43 0.0314479 -0.00178949
-4.42 0.035585 0.00149532
-4.41 0.0441483 0.00868273
-4.4 0.0310163 -0.00435603
-4.39 0.0377882 0.00369548
-4.38 0.0336257 0.0043641
-4.37 0.0239406 0.00459627
-4.36 0.0253438 0.00917247
-4.35 0.0102361 -0.000989634
-4.34 0.0099119 0.0126171
-4.33 0.00304238 -0.00816617
-4.32 -0.00406998 0.00490371
-4.31 0.00521962 0.00709131
-4.3 -0.0136131 -0.0115236
-4.29 0.00080502 -0.00658895
-4.28 0.000932757 -0.00790095
-4.27 -0.00409617 -0.00818766
-4.26 0.0185837 -0.00329905
-4.25 0.000680649 -0.00355977
-4.24 0.00834389 0.0136455
-4.23 0.00830772 -0.00920395
-4.22 0.000502773 0.00547993
-4.21 0.00522751 0.0176718
-4.2 -0.0168813 -0.00602794
-4.19 -0.0173877 0.00864468
-4.18 -0.0477617 -0.00228222
-4.17 -0.0572701 -0.0161662
-4.16 -0.0476977 -0.00948931
-4.15 -0.0549249 -0.0146847
-4.14 -0.0402824 0.0253718
-4.13 -0.0180771 0.00919332
-4.12 -0.034291 0.0425721
-4.11 -0.0123661 0.05832
-4.1 -0.0195299 0.0488239
-4.09 -0.00986197 0.0647432
-4.08 -0.00384475 0.0613291
-4.07 -0.0394538 0.0504103
-4.06 -0.019367 0.0372444
-4.05 -0.0601034 0.00420307
-4.04 -0.0247649 0.0165704
-4.03 -0.0215738 -0.0157812
-4.02 0.00356441 -0.0176966
-4.01 0.0252849 0.00205765
-4 0.0504869 -0.00800374
-3.99 0.067073 0.0151781
-3.98 0.114725 0.0183484
-3.97 0.0793738 0.0477567
-3.96 0.0767941 0.0408619
-3.95 0.0617358 0.0180868
-3.94 0.000854767 0.055078
-3.93 0.019529 0.00855411
-3.92 -0.0332308 -0.0108108
-3.91 0.0105338 0.000499808
-3.9 -0.0672089 -0.0236088
-3.89 -0.0245605 -0.0333563
-3.88 -0.0156188 -0.0315352
-3.87 -0.0254815 0.00609683
-3.86 0.0180273 -0.0055237
-3.85 0.0573718 0.0130582
-3.84 0.000509118 0.0597142
-3.83 0.0408224 0.0430775
-3.82 -0.00978184 0.0132292
-3.81 -0.0008388 0.047535
-3.8 -0.0391218 -0.0107962
-3.79 -0.0453518 -0.0140395
-3.78 -0.00902614 -0.0436067
-3.77 -0.0807753 -0.0167863
-3.76 -0.0295788 -0.0511675
-3.75 -0.00324707 -0.044615
-3.74 -0.0178264 0.0188731
-3.73 0.0898813 0.00485066
-3.72 0.0506299 0.0304119
-3.71 0.138722 0.0607105
-3.7 0.0672379 0.0600575
-3.69 0.0772182 0.0468905
-3.68 0.065921 0.0482359
-3.67 -0.0177912 0.0240912
-3.66 -0.0528387 0.0163885
-3.65 -0.0482671 -0.022943
-3.64 -0.0951436 0.0424454
-3.63 -0.045855 0.0155904
-3.62 -0.0364036 0.0420912
-3.61 0.0405545 0.051212
-3.6 0.0920464 0.0753216
-3.59 0.0913878 0.10436
-3.58 0.268632 0.0966277
-3.57 0.156922 0.156853
-3.56 0.228873 0.113385
-3.55 0.184859 0.0923516
-3.54 0.105015 0.10661
-3.53 0.0135735 0.0840069
-3.52 -0.0813963 0.0341478
-3.51 -0.064367 0.0221982
-3.5 -0.133299 0.0175601
-3.49 -0.16067 -0.0062999
-3.48 -0.0470339 -0.0428924
-3.47 -0.13132 -0.00680578
-3.46 -0.0471085 -0.0485013
-3.45 0.055203 -0.0693956
-3.44 0.0535705 -0.00978841
-3.43 0.061772 0.0121796
-3.42 0.0134051 0.0114897
-3.41 0.00675431 0.0269297
-3.4 -0.0763434 0.0200117
-3.39 -0.188265 0.0286861
-3.38 -0.0791547 -0.0552884
-3.37 -0.232844 0.0625184
-3.36 -0.140762 -0.0665542
-3.35 -0.108634 -0.00738842
-3.34 -0.0381723 -0.0680348
-3.33 -0.00853351 -0.00761227
-3.32 -0.00626156 -0.0206648
-3.31 0.126133 0.016578
-3.3 0.097426 0.0524073
-3.29 0.105117 0.0903321
-3.28 0.142943 0.0518351
-3.27 0.0174522 0.1196
-3.26 -0.0732985 0.05644
-3.25 -0.0529686 0.0486774
-3.24 -0.106777 0.0281547
-3.23 -0.0683943 0.00487532
-3.22 -0.152754 0.0834242
-3.21 -0.00145805 -0.0339644
-3.2 -0.0623985 0.0844398
-3.19 -0.0152006 0.0181614
-3.18 0.163875 0.0206226
-3.17 0.0432082 0.055162
-3.16 0.175835 0.0458693
-3.15 0.0863671 0.119745
-3.14 0.0735772 0.0781809
-3.13 0.00338435 0.110415
-3.12 -0.115443 0.137223
-3.11 -0.115389 0.0362181
-3.1 -0.210732 0.110896
-3.09 -0.272567 0.104605
-3.08 -0.182218 0.0764977
-3.07 -0.233197 0.0832106
-3.06 -0.0876287 0.0295659
-3.05 -0.0566421 0.0585485
-3.04 -0.0991722 0.0263123
-3.03 0.0459487 -0.00180718
-3.02 -0.148813 0.151751
-3.01 0.119954 -0.0295731
-3 -0.0106644 0.149867
-2.99 0.00112693 0.0752738
-2.98 -0.0833586 0.133109
-2.97 -0.168228 0.0530127
-2.96 -0.153319 -0.00344357
-2.95 -0.123735 0.0237793
-2.94 -0.062198 -0.0535588
-2.93 -0.0561402 -0.0185189
-2.92 -0.233227 0.0267154
-2.91 -0.130723 -0.0992699
-2.9 -0.11335 -0.0763326
-2.89 -0.183306 0.0143278
-2.88 0.0609872 0.0359889
-2.87 -0.134185 0.163525
-2.86 0.00750836 0.0334757
-2.85 -0.113252 0.13366
-2.84 0.0804466 -0.019661
-2.83 0.0105644 -0.0384415
-2.82 -0.0485649 0.0517438
-2.81 0.107536 -0.123964
-2.8 -0.132725 -0.0861988
-2.79 -0.0609669 -0.159982
-2.78 -0.0298454 -0.0115312
-2.77 -0.104275 -0.0704607
-2.76 -0.112516 -0.0046017
-2.75 -0.02851 0.0892397
-2.74 -0.046094 0.111549
-2.73 0.150163 0.0364889
-2.72 0.0977852 0.226278
-2.71 0.354116 0.0782248
-2.7 0.198211 0.0116623
-2.69 0.250362 -0.00428849
-2.68 0.312228 -0.0330176
-2.67 0.0860151 -0.00331869
-2.66 0.182832 -0.181368
-2.65 -0.0532234 0.0497346
-2.64 -0.121842 -0.0811922
-2.63 -0.207974 -0.083605
-2.62 -0.299417 0.01549
-2.61 -0.196868 -0.054243
-2.6 -0.212309 -0.0180778
-2.59 -0.159032 -0.0203219
-2.58 -0.0354192 0.151003
-2.57 0.0354281 0.070884
-2.56 0.128853 0.0527442
-2.55 0.246472 0.0530409
-2.54 0.234164 0.198084
-2.53 0.323363 -0.0375661
-2.52 -0.0506764 0.263053
-2.51 0.113812 0.044477
-2.5 -0.196345 0.159438
-2.49 -0.251873 0.0871595
-2.48 -0.247355 0.267624
-2.47 -0.290543 0.372145
-2.46 -0.195982 0.145252
-2.45 -0.166437 0.385011
-2.44 0.244881 0.246876
-2.43 0.30763 0.246576
-2.42 0.49686 0.189741
-2.41 0.555464 0.231551
-2.4 0.560361 -0.0875546
-2.39 0.271451 -0.071266
-2.38 0.274975 -0.0680017
-2.37 -0.00501205 0.130557
-2.36 -0.0856421 -0.121734
-2.35 -0.383597 0.123307
-2.34 -0.276957 0.144542
-2.33 -0.28113 -0.0332396
-2.32 -0.201402 0.235965
-2.31 0.207376 0.14118
-2.3 0.383259 0.192697
-2.29 0.504778 -0.00160738
-2.28 0.578701 0.137741
-2.27 0.602266 0.185504
-2.26 0.537176 -0.0496706
-2.25 0.294276 0.188741
-2.24 0.213688 0.195136
-2.23 -0.175126 0.142333
-2.22 -0.36094 0.275713
-2.21 -0.372176 0.392629
-2.2 -0.214204 0.362128
-2.19 -0.310082 0.386084
-2.18 -0.101562 0.307683
-2.17 -0.0399323 0.528397
-2.16 0.132145 0.136104
-2.15 0.0966952 0.334465
-2.14 0.256635 0.27442
-2.13 0.0316454 0.128201
-2.12 -0.38809 0.184901
-2.11 -0.39262 0.0542229
-2.1 -0.696663 0.263587
-2.09 -0.694737 -0.0476722
-2.08 -0.872586 0.267999
-2.07 -0.592731 0.391609
-2.06 -0.650403 0.226015
-2.05 -0.428629 0.251501
-2.04 -0.124019 0.358218
-2.03 0.137514 0.204945
-2.02 0.301094 0.228203
-2.01 0.449861 0.186989
-2 0.52947 0.384752
-1.99 0.250308 0.0200812
-1.98 0.248396 0.0881415
-1.97 -0.0110895 0.408192
-1.96 0.106481 -0.147259
-1.95 -0.332499 0.244819
-1.94 0.028292 0.0601392
-1.93 -0.193671 0.222803
-1.92 0.101141 -0.069389
-1.91 0.0702031 0.0177092
-1.9 0.323044 0.183077
-1.89 0.227107 -0.153337
-1.88 0.209018 -0.00628516
-1.87 0.15525 0.245695
-1.86 0.221182 -0.265403
-1.85 -0.189384 -0.0175921
-1.84 -0.312418 -0.0615053
-1.83 -0.460905 -0.0991551
-1.82 -0.734119 -0.0830718
-1.81 -0.515495 -0.306912
-1.8 -0.480025 0.0862457
-1.79 -0.295511 -0.32363
-1.78 -0.407446 0.0360711
-1.77 -0.146135 0.279698
-1.76 0.214767 -0.0117782
-1.75 0.112668 0.19972
-1.74 0.427301 -0.032676
-1.73 0.450339 0.186848
-1.72 0.12076 0.117338
-1.71 0.169826 -0.106339
-1.7 -0.0927981 0.244748
-1.69 -0.105085 -0.224719
-1.68 -0.417812 -0.0409863
-1.67 -0.399153 0.13578
-1.66 -0.276842 0.0725156
-1.65 -0.366303 0.206208
-1.64 -0.118796 0.15551
-1.63 0.092723 0.333
-1.62 -0.121691 0.383012
-1.61 0.372678 -0.0724006
-1.6 0.135651 0.62464
-1.59 0.458531 -0.0901969
-1.58 0.0833607 0.0759615
-1.57 -0.0264728 0.0970757
-1.56 -0.018931 -0.115619
-1.55 -0.206176 0.0462145
-1.54 -0.184288 -0.167746
-1.53 -0.196153 0.249833
-1.52 -0.411554 -0.0259379
-1.51 -0.376655 -0.168657
-1.5 -0.496427 0.373331
-1.49 -0.40675 0.119846
-1.48 -0.389174 0.113858
-1.47 -0.672508 0.409648
-1.46 -0.0471714 -0.100174
-1.45 -0.332473 0.164359
-1.44 0.0808354 -0.133655
-1.43 0.108368 0.311108
-1.42 0.0520822 0.127605
-1.41 0.0483141 -0.0995515
-1.4 -0.138435 0.341135
-1.39 0.0228952 -0.0605267
-1.38 -0.424734 0.171489
-1.37 -0.436492 0.316653
-1.36 -0.223531 0.126253
-1.35 -0.308403 0.256193
-1.34 0.067828 -0.110153
-1.33 0.529767 0.121987
-1.32 0.527915 0.113278
-1.31 0.938295 -0.252562
-1.3 0.921545 0.062594
-1.29 0.924455 -0.268762
-1.28 0.497798 -0.359519
-1.27 0.249145 -0.169439
-1.26 0.141817 -0.211153
-1.25 -0.427544 0.0879293
-1.24 -0.149185 -0.331698
-1.23 -0.382763 0.0126561
-1.22 -0.390111 0.215859
-1.21 0.220351 -0.210779
-1.2 0.357454 0.457908
-1.19 0.578982 0.0713005
-1.18 0.616775 0.00966107
-1.17 0.444022 -0.168783
-1.16 0.369758 -0.0217049
-1.15 0.285447 -0.0532902
-1.14 0.269377 -0.302566
-1.13 0.0190126 -0.139161
-1.12 -0.306458 0.0540969
-1.11 0.104082 -0.529832
-1.1 -0.261291 0.202547
-1.09 -0.0274171 0.0353968
-1.08 0.318198 -0.120543
-1.07 -0.0545728 0.0851571
-1.06 0.293955 -0.326484
-1.05 0.234122 0.127697
-1.04 0.372116 -0.549566
-1.03 0.177478 0.0765241
-1.02 0.444214 -0.184054
-1.01 0.232479 -0.288055
-1 0.272705 -0.160928
-0.99 -0.0980987 0.0309079
-0.98 0.204743 -0.188535
-0.97 -0.520299 0.253635
-0.96 0.0624424 -0.107045
-0.95 -0.152258 0.460355
-0.94 -0.121847 -0.0609915
-0.93 0.57503 0.17207
-0.92 0.401038 0.566285
-0.91 0.856169 -0.0457211
-0.9 0.930902 0.381426
-0.89 0.731462 0.0360848
-0.88 0.358356 0.124881
-0.87 0.246349 -0.0364323
-0.86 0.0668285 0.0226022
-0.85 -0.0741043 0.367033
-0.84 -0.359371 -0.280083
-0.83 0.466235 -0.356063
-0.82 -0.566234 0.27103
-0.81 0.305407 -0.346273
-0.8 0.71793 0.198101
-0.79 0.308496 0.183508
-0.78 0.741264 0.0343376
-0.77 0.584516 -0.266176
-0.76 0.351242 -0.161118
-0.75 0.409018 0.428959
-0.74 0.424128 -0.163234
-0.73 1.34584 -0.237277
-0.72 0.183728 0.506093
-0.71 1.25933 -0.548063
-0.7 1.08037 0.0142973
-0.69 0.572206 -0.0646214
-0.68 0.860485 -0.0129507
-0.67 0.479316 -0.364993
-0.66 -0.132588 -0.124896
-0.65 0.190597 0.446108
-0.64 -0.524062 -0.0681949
-0.63 0.354808 -0.128742
-0.62 -0.38435 0.350925
-0.61 0.186221 -0.203781
-0.6 0.822502 -0.123325
-0.59 0.0436184 0.399753
-0.58 1.28258 -0.0205914
-0.57 -0.141542 0.239883
-0.56 1.27939 -0.648828
-0.55 0.414678 0.679349
-0.54 0.724006 -0.291804
-0.53 0.929962 0.0753758
-0.52 0.569539 0.507668
-0.51 -0.226221 0.504085
-0.5 0.850022 0.185418
-0.49 -0.168204 0.389705
-0.48 0.074339 0.315623
-0.47 -0.989754 0.00434412
-0.46 -0.481143 -0.408909
-0.45 -1.19516 0.686088
-0.44 -1.99359 0.33297
-0.43 0.162609 -0.694368
-0.42 -1.49482 0.485219
-0.41 -0.564633 -0.361414
-0.4 -0.0978881 0.107019
-0.39 0.177039 0.242926
-0.38 -0.208534 1.1222
-0.37 0.293481 0.442077
-0.36 0.780424 0.117782
-0.35 0.249596 0.991043
-0.34 0.168471 0.74125
-0.33 1.38952 -0.348522
-0.32 0.0664144 0.823347
-0.31 -0.464559 0.0430294
-0.3 0.172313 -0.11644
-0.29 -1.16932 -0.0638841
-0.28 -0.870755 0.277884
-0.27 -1.3343 0.0229904
-0.26 -0.115794 -0.533971
-0.25 -0.68742 0.600904
-0.24 -0.382761 0.751837
-0.23 1.02406 -0.0829661
-0.22 0.395875 1.06835
-0.21 1.19415 0.439057
-0.2 1.61565 0.0061849
-0.19 1.65478 -0.38493
-0.18 1.05909 -0.271566
-0.17 -0.164606 0.121004
-0.16 0.54421 -0.968704
-0.15 -0.0738331 0.176662
-0.14 0.543636 -0.114835
-0.13 1.8333 -1.04046
-0.12 2.97622 -0.549238
-0.11 1.70417 0.563986
-0.1 3.14038 -0.0361914
-0.09 1.49186 0.162359
-0.08 1.86986 -1.02136
-0.07 -1.61157 -0.375833
-0.06 0.152593 -2.76882
-0.05 -3.14738 -1.03173
-0.04 -3.70844 -0.729635
-0.03 -3.54378 -1.87324
-0.02 -2.59458 -1.59179
-0.01 -2.30236 -0.528114
0 0.543526 0.120918
0.01 3.432 0.781739
0.02 3.59271 1.86535
0.03 4.61513 2.09163
0.04 4.73067 1.02277
0.05 4.24702 1.23909
0.06 0.84288 3.01253
0.07 2.66993 0.581093
0.08 -0.807445 1.28808
0.09 -0.500213 0.0873056
0.1 -2.09425 0.290952
0.11 -0.805134 -0.306913
0.12 -2.12242 0.689822
0.13 -1.08822 1.11687
0.14 0.242882 0.104774
0.15 0.694389 -0.116236
0.16 -0.0531765 0.866069
0.17 0.576895 -0.028673
0.18 -0.649965 0.2747
0.19 -1.34957 0.483607
0.2 -1.05937 0.0876074
0.21 -0.811913 -0.141885
0.22 0.0358587 -0.803427
0.23 -0.617919 0.652765
0.24 0.904807 -0.273141
0.25 1.26166 0.0665961
0.26 0.666601 1.10122
0.27 1.8945 0.559395
0.28 1.40023 0.293521
0.29 1.43984 0.638299
0.3 0.318939 0.734744
0.31 0.814198 0.459699
0.32 0.504135 -0.357563
0.33 -0.896185 0.737083
0.34 0.302852 -0.502374
0.35 0.414894 -0.708777
0.36 -0.376761 0.162208
0.37 0.392966 -0.307685
0.38 0.855251 -1.02395
0.39 0.425722 -0.204835
0.4 0.954823 -0.164179
0.41 1.26567 0.191814
0.42 2.505 -0.541997
0.43 0.982026 0.700549
0.44 2.99994 -0.509942
0.45 2.66417 -0.65183
0.46 1.49762 0.328865
0.47 2.32164 -0.121048
0.48 1.26804 -0.422709
0.49 1.50916 -0.520758
0.5 0.577146 -0.231551
0.51 1.20234 -0.530584
0.52 0.628722 -0.283585
0.53 0.143431 0.0808794
0.54 0.306702 0.201782
0.55 1.03571 -0.83102
0.56 -0.35213 0.460119
0.57 1.08167 -0.449132
0.58 -0.197583 0.00356127
0.59 0.631736 -0.606446
0.6 0.250074 -0.112835
0.61 0.0611764 -0.102192
0.62 1.12726 -0.514707
0.63 -0.156498 0.323048
0.64 0.720593 0.195435
0.65 0.318095 -0.207201
0.66 0.164437 0.164709
0.67 -0.149537 0.545681
0.68 -0.264689 0.154734
0.69 -0.103596 0.249615
0.7 -0.0554463 0.174586
0.71 -0.712802 0.541403
0.72 0.710974 -0.624472
0.73 -0.447084 0.309961
0.74 0.28364 0.154365
0.75 0.733142 -0.43873
0.76 0.225188 0.0797319
0.77 0.348578 0.230813
0.78 0.196787 -0.0821348
0.79 0.419906 -0.242817
0.8 0.552341 0.147078
0.81 0.40296 0.278961
0.82 1.4259 -0.304224
0.83 0.339894 0.390914
0.84 0.908523 0.20731
0.85 1.00661 -0.286888
0.86 0.511888 0.0150603
0.87 0.531147 0.240616
0.88 0.271131 -0.105702
0.89 -0.0922453 0.0184917
0.9 0.116898 0.112866
0.91 -0.0971647 0.374663
0.92 0.287724 -0.051933
0.93 0.134913 0.373088
0.94 0.215005 0.433263
0.95 0.605387 0.104507
0.96 -0.0853868 0.457997
0.97 0.716795 0.351116
0.98 -0.0763994 0.481192
0.99 0.194452 0.0137248
1 0.0829803 0.33478
1.01 -0.0524979 0.216313
1.02 -0.137635 0.122111
1.03 0.215086 -0.193861
1.04 0.0685101 0.29473
1.05 0.227918 -0.319855
1.06 -0.0303716 -0.07444
1.07 0.0840494 0.0914959
1.08 -0.222213 0.145001
1.09 -0.190634 -0.185682
1.1 0.419817 -0.078337
1.11 -0.216868 0.234502
1.12 0.395177 -0.170555
1.13 -0.0609048 -0.0778642
1.14 0.00711925 0.0846233
1.15 0.163589 -0.209377
1.16 0.023141 -0.497872
1.17 0.144874 0.0319741
1.18 0.00720365 -0.184113
1.19 0.0149284 -0.258759
1.2 0.312669 -0.134988
1.21 0.280363 0.297777
1.22 0.703544 0.0297176
1.23 0.502646 0.145837
1.24 0.508956 0.466835
1.25 0.865021 0.14881
1.26 0.0819392 0.0306192
1.27 0.346188 0.347037
1.28 -0.0482869 0.191566
1.29 -0.510492 0.0113549
1.3 -0.28332 -0.0203407
1.31 -0.357608 0.195968
1.32 0.130425 0.00399575
1.33 0.0385836 0.0253423
1.34 0.509324 0.354019
1.35 0.761793 0.174086
1.36 0.249464 0.0420595
1.37 0.855055 0.117052
1.38 0.525092 0.0519818
1.39 0.388358 -0.0697543
1.4 0.516598 -0.196639
1.41 0.478584 0.00888385
1.42 0.416214 0.0292648
1.43 0.488999 -0.310693
1.44 0.652701 0.202293
1.45 1.09863 -0.0612763
1.46 0.777115 -0.0218255
1.47 1.41194 -0.077315
1.48 0.839636 0.210302
1.49 0.80613 0.0468724
1.5 0.742349 -0.0849806
1.51 0.372645 0.161133
1.52 0.61264 0.144459
1.53 -0.0500249 -0.239512
1.54 0.266028 0.278194
1.55 0.126762 0.245167
1.56 -0.0156135 0.160812
1.57 0.0156663 0.268453
1.58 0.0223356 0.243733
1.59 -0.189558 0.347132
1.6 0.10548 -0.184412
1.61 -0.119334 0.242538
1.62 0.440063 -0.0602241
1.63 -0.168903 -0.262429
1.64 0.184518 0.019963
1.65 0.345198 -0.0284091
1.66 -0.112189 -0.160708
1.67 0.319055 -0.101266
1.68 0.168827 0.0517186
1.69 0.256286 0.22042
1.7 -0.0510962 -0.0610303
1.71 -0.0277075 0.211498
1.72 0.134815 0.0911207
1.73 -0.455732 -0.126022
1.74 0.0579399 0.19484
1.75 0.264655 0.0696128
1.76 -0.181333 0.0482514
1.77 0.332626 -0.06808
1.78 0.171212 -0.0196157
1.79 0.214144 0.262861
1.8 0.177666 -0.0427098
1.81 0.265789 0.342254
1.82 0.61404 0.283786
1.83 -0.115492 0.198034
1.84 0.404235 0.411986
1.85 0.205017 0.412089
1.86 -0.117503 0.439584
1.87 0.400168 0.164164
1.88 0.0601031 0.1903
1.89 0.394324 0.235601
1.9 0.104035 -0.0542068
1.91 0.312643 0.0648739
1.92 0.585457 0.0855868
1.93 0.147104 -0.21243
1.94 0.59347 0.0389845
1.95 0.478405 -0.00451216
1.96 0.382583 0.228896
1.97 0.733986 0.00779823
1.98 0.360535 0.274943
1.99 0.599018 0.300314
2 0.0767889 0.0519552
2.01 -0.0643957 0.210188
2.02 0.462684 0.13259
2.03 -0.172866 0.140456
2.04 0.438987 0.17418
2.05 0.116691 0.295533
2.06 0.113595 0.252388
2.07 0.14422 0.139012
2.08 0.0651406 0.363506
2.09 0.513737 0.579037
2.1 -0.067521 0.392765
2.11 -0.0652406 0.610644
2.12 -0.102813 0.377854
2.13 -0.686882 0.270257
2.14 -0.377595 0.241511
2.15 -0.305097 0.132581
2.16 -0.425599 0.173803
2.17 -0.167827 -0.14647
2.18 -0.294003 0.0630776
2.19 0.291154 0.0294738
2.2 -0.00391257 -0.0501751
2.21 0.392246 0.105636
2.22 0.498017 0.0104479
2.23 0.0110882 0.108354
2.24 0.353972 0.121434
2.25 0.0243002 0.210131
2.26 0.132315 0.206651
2.27 -0.0300763 0.0345244
2.28 -0.118237 0.06699
2.29 -0.0147911 0.12385
2.3 -0.237754 -0.0842142
2.31 -0.00569471 0.144333
2.32 0.353422 -0.0953927
2.33 0.0176736 0.115312
2.34 0.416062 0.0195422
2.35 0.0476937 0.0202635
2.36 0.0854048 0.176247
2.37 0.0762425 -0.0711309
2.38 -0.186352 0.250193
2.39 0.122381 0.150009
2.4 -0.480658 0.201722
2.41 -0.253185 0.0823033
2.42 -0.239541 -0.0211835
2.43 -0.273404 -0.0563121
2.44 0.140091 -0.0440909
2.45 0.103184 -0.136677
2.46 0.277035 0.025357
2.47 0.360283 -0.343213
2.48 0.282253 -0.0855997
2.49 0.607286 -0.136499
2.5 0.190577 -0.12703
2.51 0.2534 -0.0148909
2.52 0.188605 -0.216535
2.53 -0.140028 -0.017823
2.54 0.163648 -0.15887
2.55 -0.0701257 -0.0290688
2.56 0.066692 -0.0397587
2.57 0.0328088 -0.26379
2.58 -0.0196671 -0.156106
2.59 0.326543 -0.197968
2.6 0.0674145 -0.162961
2.61 0.336734 -0.0791004
2.62 0.270412 -0.22147
2.63 0.075294 -0.118011
2.64 0.222585 -0.155595
2.65 -0.0145493 -0.0284204
2.66 0.0799687 0.103888
2.67 -0.11261 0.0203745
2.68 -0.247666 0.16119
2.69 -0.117165 0.0488512
2.7 -0.378961 0.0401524
2.71 -0.231442 0.042014
2.72 -0.105136 -0.166688
2.73 -0.366312 -0.036288
2.74 -0.0154841 -0.20742
2.75 -0.20372 -0.126055
2.76 0.0981238 -0.180941
2.77 0.0159774 -0.162791
2.78 0.0613525 -0.0888491
2.79 0.204727 -0.013373
2.8 -0.096514 0.0619817
2.81 0.115571 0.0643506
2.82 0.0342147 -0.00558051
2.83 -0.040826 0.0428137
2.84 -0.0225202 -0.0139535
2.85 -0.134809 -0.0599744
2.86 -0.108375 -0.0635647
2.87 -0.0781803 -0.250958
2.88 -0.0986962 -0.0895133
2.89 0.232435 -0.0848979
2.9 -0.0752207 0.0728631
2.91 0.225842 0.0784267
2.92 0.141639 0.102131
2.93 0.149656 0.110731
2.94 0.329962 0.159374
2.95 0.176411 0.220616
2.96 0.302001 0.168147
2.97 0.114617 0.0322506
2.98 0.0565535 -0.0531926
2.99 0.191825 -0.105372
3 -0.0346352 -0.141402
3.01 0.0164629 -0.0614219
3.02 0.0289793 -0.138024
3.03 -0.0994747 -0.097295
3.04 0.0806055 -0.141998
3.05 0.0212727 -0.0183185
3.06 0.214284 -0.0118951
3.07 0.0853162 0.0346895
3.08 0.0612297 0.0256511
3.09 0.281124 0.00544058
3.1 0.0213885 0.0223248
3.11 0.1241 0.0207649
3.12 0.0925146 0.016005
3.13 -0.129431 -0.0521946
3.14 -0.0334328 -0.0732306
3.15 -0.0993012 -0.108853
3.16 0.0926508 -0.111774
3.17 -0.00426065 -0.0936364
3.18 0.0761159 -0.0795359
3.19 0.255089 -0.0610117
3.2 0.114074 -0.0675837
3.21 0.273868 -0.0478445
3.22 0.314193 -0.0381111
3.23 0.0949975 -0.0250374
3.24 0.153093 -0.0168627
3.25 -0.0209961 -0.0114752
3.26 0.0107486 -0.0874365
3.27 -0.046028 -0.0766527
3.28 -0.175254 -0.0985469
3.29 0.0412541 -0.0511534
3.3 -0.162645 -0.0182666
3.31 0.0831136 -0.0202998
3.32 0.13911 0.0568726
3.33 0.172078 -0.013475
3.34 0.273359 0.112076
3.35 0.19674 0.0663541
3.36 0.275561 0.0828253
3.37 0.219697 0.0252153
3.38 0.0857051 0.0132574
3.39 0.130796 0.000491879
3.4 -0.0372028 0.00907018
3.41 -0.132252 -0.0122484
3.42 -0.0518022 0.0181893
3.43 -0.183712 -0.0485631
3.44 -0.018756 0.0255058
3.45 -0.183641 0.0762422
3.46 0.0605264 0.0530304
3.47 0.00663355 0.112365
3.48 0.0140405 0.0293651
3.49 0.200424 0.0791974
3.5 0.0965461 0.0214795
3.51 0.0772268 0.0722991
3.52 0.0918784 0.0754212
3.53 0.0058641 0.0216955
3.54 -0.00397811 0.0233011
3.55 -0.0379346 0.00521635
3.56 -0.033392 -0.00546219
3.57 -0.0582626 0.0100407
3.58 -0.176591 0.0030485
3.59 0.0867172 0.00611762
3.6 -0.0401239 -0.0334129
3.61 0.116775 -0.0370813
3.62 0.155163 0.00590395
3.63 0.091418 -0.0424541
3.64 0.124367 0.00873756
3.65 0.0904651 -0.00995095
3.66 0.111913 -0.0231111
3.67 0.077417 -0.0338107
3.68 -0.012335 -0.0324134
3.69 0.0525299 -0.00568586
3.7 -0.0692057 -0.0308073
3.71 0.0385149 -0.028004
3.72 0.0887187 -0.0138641
3.73 0.0560084 -0.047369
3.74 0.137752 -0.00560311
3.75 0.101412 0.0237097
3.76 0.0859967 0.00707189
3.77 0.147195 -0.0104512
3.78 0.047617 -0.0390555
3.79 0.108895 -0.0285508
3.8 -0.00844133 -0.0432039
3.81 0.01715 -0.0282289
3.82 0.01376 -0.018863
3.83 -0.00474603 -0.0673136
3.84 0.109187 -0.0593352
3.85 0.0291745 -0.0399433
3.86 0.114004 -0.0362676
3.87 0.119014 -0.0270221
3.88 0.0856569 -0.0356543
3.89 0.130386 -0.0307609
3.9 0.106665 -0.0496912
3.91 0.0401171 -0.0560416
3.92 0.0924291 -0.0337471
3.93 -0.00335549 -0.0478186
3.94 0.0573499 -0.040078
3.95 -0.0260179 -0.0289132
3.96 0.0215221 -0.0355301
3.97 0.015342 -0.0319752
3.98 -0.0261213 -0.0214211
3.99 0.0503281 0.00593253
4 -0.00616473 0.0112462
4.01 0.00432177 -0.00733881
4.02 0.0309637 0.012637
4.03 -0.0107639 -0.0029502
4.04 0.0229012 0.0122577
4.05 0.00429197 0.0170062
4.06 0.0103065 0.0143117
4.07 0.0263977 -0.00037511
4.08 -0.0191801 -0.0159276
4.09 0.0496582 -0.00319728
4.1 -0.0181983 -0.000954396
4.11 0.00327352 -0.0126331
4.12 0.01814 -0.00368737
4.13 -0.0294274 -0.0167189
4.14 0.0131029 -0.023601
4.15 0.0062523 -0.0176366
4.16 -0.00710072 -0.0123367
4.17 0.00528808 -0.0180327
4.18 -0.0256334 -0.0251992
4.19 0.010628 -0.0245559
4.2 -0.0280242 -0.0160425
4.21 -0.00823379 -0.0374797
4.22 -0.000546389 -0.0142114
4.23 -0.0519652 -0.0215462
4.24 -0.00439094 -0.0191877
4.25 -0.0223747 -0.0167793
4.26 -0.0136625 -0.0132056
4.27 0.00505425 -0.0139802
4.28 -0.00840261 -0.0150402
4.29 0.00863976 -0.00553086
4.3 0.000915474 0.000159218
4.31 0.00787529 -0.0102198
4.32 0.0243972 -0.0117805
4.33 -0.0131892 -0.000324646
4.34 0.0169453 -0.0117651
4.35 -0.00936067 -0.00178085
4.36 -0.00509233 -0.00331766
4.37 -0.00129709 -0.00279757
4.38 -0.0125065 -0.00469694
4.39 -0.00320121 0.0045104
4.4 -0.0109073 0.0131767
4.41 -0.012732 0.00524039
4.42 0.00886682 0.00829589
4.43 -0.00614928 0.0144768
4.44 0.0226999 0.0124976
4.45 0.0130477 0.00939072
4.46 0.0204059 0.010075
4.47 0.0204128 0.00352457
4.48 0.0180075 -0.00377923
4.49 0.0295754 -0.00174307
4.5 0.0233141 0.00131088
4.51 0.0143341 -0.00334984
4.52 0.0231221 -0.0081618
4.53 0.00380415 0.00105372
4.54 0.0109853 -0.00595788
4.55 0.0100811 0.00199254
4.56 0.00826263 0.00104811
4.57 0.0104102 0.00556398
4.58 0.00170075 -0.00145381
4.59 0.01053 3.40854e-05
4.6 -9.32605e-05 0.00121841
4.61 0.00360233 -0.00137449
4.62 0.00420239 -0.00481196
4.63 -0.00563093 -0.00120838
4.64 -0.00537588 -0.00565623
4.65 -0.00285096 -0.00559572
4.66 -0.00587482 -0.00455861
4.67 0.00188264 -0.00291513
4.68 -0.0012852 -0.00295512
4.69 0.00501763 -0.00471356
4.7 0.00225159 0.000287012
4.71 0.00598056 -0.00226943
4.72 0.00905318 -0.00227018
4.73 0.0031246 0.000166622
4.74 0.00392516 -0.000712278
4.75 -0.000108907 -0.00153921
4.76 -0.00283528 -0.00117098
4.77 -0.0016146 -0.000336543
4.78 -0.00210286 -0.000332391
4.79 -0.000132152 -0.00109658
4.8 -0.000618418 0.00132492
4.81 1.61955e-05 0.00016169
4.82 0.00221536 -0.000125456
4.83 0.00107548 0.00107487
4.84 0.00302669 0.000932884
4.85 0.00252392 0.000651454
4.86 0.0014618 0.00056278
4.87 0.00160385 0.000330457
4.88 0.000518721 6.82817e-05
4.89 0.0007233 -0.000490731
4.9 1.95507e-06 9.38714e-05
4.91 -9.33374e-05 -6.74389e-05
4.92 -2.02883e-06 -0.00024665
4.93 -0.000240617 -4.77548e-06
4.94 2.84726e-05 -8.2261e-05
4.95 2.90173e-05 -1.0592e-05
4.96 1.3718e-05 -3.94946e-05
4.97 3.36039e-05 9.98075e-06
4.98 9.32926e-09 -1.0398e-06
4.99 5.59788e-06 -3.13615e-06
0.24 2.05775 0.710301
0.48 1.81746 0.535669
0.72 1.51657 0.299202
0.96 1.23713 0.0623127
1.2 1.01248 -0.120399
1.44 0.824814 -0.215694
1.68 0.639036 -0.216678
1.92 0.440962 -0.1387
2.16 0.249923 -0.0101545
2.4 0.100643 0.136919
2.64 0.0141365 0.272957
2.88 -0.0179026 0.373065
3.12 -0.0257073 0.417407
3.36 -0.0401849 0.393111
3.6 -0.07441 0.299348
3.84 -0.118729 0.153381
4.08 -0.149843 -0.00802602
4.32 -0.147154 -0.136831
4.56 -0.107601 -0.191115
4.8 -0.0510902 -0.153972
5.04 -0.011986 -0.0429426
5.28 -0.0192722 0.0968115
5.52 -0.0766908 0.212807
5.76 -0.157431 0.267922
6 -0.219752 0.253272
6.24 -0.233969 0.185963
6.48 -0.200543 0.0959431
6.72 -0.144814 0.011519
6.96 -0.0933061 -0.0486901
7.2 -0.0528018 -0.0760174
7.44 -0.0108301 -0.0683835
7.68 0.0440482 -0.0283439
7.92 0.103285 0.0356924
8.16 0.141434 0.107376
8.4 0.140833 0.163363
8.64 0.114956 0.17946
8.88 0.105785 0.140447
9.12 0.152802 0.0488385
9.36 0.257839 -0.0729605
9.6 0.376206 -0.190139
9.84 0.443653 -0.270455
10.08 0.418814 -0.299356
10.32 0.308304 -0.286204
10.56 0.15717 -0.256736
10.8 0.0162545 -0.235462
11.04 -0.0853754 -0.229283
11.28 -0.143675 -0.223976
11.52 -0.163203 -0.196877
11.76 -0.141749 -0.137084
12 -0.0715008 -0.0579298
12.24 0.0467365 0.00870481
12.48 0.192968 0.0332372
12.72 0.333159 0.00934356
12.96 0.436006 -0.0408575
13.2 0.486433 -0.0816384
13.44 0.485623 -0.0874731
13.68 0.441602 -0.0580836
13.92 0.362798 -0.0143102
14.16 0.261433 0.0202484
14.4 0.160509 0.0361464
14.64 0.0920479 0.0404279
14.88 0.0821424 0.0444709
15.12 0.132672 0.0497243
15.36 0.215837 0.0446781
15.6 0.288685 0.0156814
15.84 0.318172 -0.0383754
16.08 0.298039 -0.100879
16.32 0.245401 -0.146698
16.56 0.181546 -0.15821
16.8 0.113795 -0.13516
17.04 0.0331284 -0.0913498
17.28 -0.0714808 -0.0425749
17.52 -0.194769 0.00317081
17.76 -0.308433 0.0458276
18 -0.372345 0.0860296
18.24 -0.356983 0.119265
18.48 -0.262675 0.137823
18.72 -0.12352 0.138571
18.96 0.00663855 0.128509
19.2 0.0785235 0.121979
19.44 0.0690275 0.131195
19.68 -0.0107648 0.157946
19.92 -0.124121 0.193178
20.16 -0.227652 0.224015
20.4 -0.289565 0.241503
20.64 -0.297962 0.242706
20.88 -0.257421 0.227012
21.12 -0.179705 0.192378
21.36 -0.0768783 0.136923
21.6 0.0390357 0.0651662
21.84 0.152414 -0.00771719
22.08 0.24253 -0.0598893
22.32 0.288021 -0.0744664
22.56 0.275492 -0.0507184
22.8 0.206596 -0.0057662
23.04 0.0989089 0.0355159
23.28 -0.0195612 0.0555004
23.52 -0.11869 0.0529536
23.76 -0.173607 0.0402832
24 -0.169714 0.032139
24.24 -0.105853 0.0348096
24.48 0.00428959 0.0441437
24.72 0.134009 0.0520769
24.96 0.250111 0.0549817
25.2 0.323091 0.056494
25.44 0.336791 0.0630332
25.68 0.292711 0.0767072
25.92 0.207105 0.0922263
26.16 0.103353 0.100644
26.4 0.00433879 0.0968338
26.64 -0.0719614 0.0845404
26.88 -0.11399 0.0747544
27.12 -0.117638 0.0782479
27.36 -0.0880062 0.0972998
27.6 -0.0401966 0.122213
27.84 0.0039569 0.135141
28.08 0.0240551 0.119303
28.32 0.0107928 0.0685675
28.56 -0.0288707 -0.00784735
28.8 -0.0751741 -0.0882558
29.04 -0.106397 -0.147744
29.28 -0.110757 -0.169259
29.52 -0.0920737 -0.151074
29.76 -0.065868 -0.107059
30 -0.0486698 -0.0598446
30.24 -0.0474865 -0.0304435
30.48 -0.0560342 -0.0293289
30.72 -0.0599383 -0.0528698
30.96 -0.0474965 -0.0863139
31.2 -0.0191004 -0.111579
31.44 0.0109758 -0.116128
31.68 0.0222714 -0.0987795
31.92 0.00126274 -0.0695915
32.16 -0.0480753 -0.0437957
32.4 -0.103557 -0.03302
32.64 -0.135687 -0.0389091
32.88 -0.124558 -0.0530965
33.12 -0.0725932 -0.0634897
33.36 -0.00465855 -0.062501
33.6 0.0454587 -0.0514715
33.84 0.0545116 -0.0384248
34.08 0.0233197 -0.0313691
34.32 -0.0241402 -0.032601
34.56 -0.0556069 -0.0382013
34.8 -0.0501167 -0.0423273
35.04 -0.0101774 -0.0420193
35.28 0.0406854 -0.0383703
35.52 0.0728749 -0.0337081
35.76 0.0683552 -0.0282293
36 0.0300655 -0.0197874
36.24 -0.0219067 -0.00714849
36.48 -0.0637514 0.00667693
36.72 -0.0817071 0.0148179
36.96 -0.0777844 0.0110802
37.2 -0.0651891 -0.00493117
37.44 -0.0579627 -0.0265671
37.68 -0.0621952 -0.0441033
37.92 -0.0738234 -0.0508941
38.16 -0.0829999 -0.0469267
38.4 -0.0811337 -0.0373109
38.64 -0.066134 -0.027456
38.88 -0.043483 -0.0191062
39.12 -0.0233795 -0.0101553
39.36 -0.0157885 0.00230236
39.6 -0.02566 0.0186978
39.84 -0.0503674 0.0360675
40.08 -0.0806523 0.0496258
40.32 -0.104837 0.0550692
40.56 -0.114169 0.0500512
40.8 -0.10623 0.0347507
41.04 -0.0844878 0.0122334
41.28 -0.0548007 -0.0115092
41.52 -0.0217843 -0.029092
41.76 0.0124444 -0.0355599
42 0.0471216 -0.0327877
42.24 0.0814057 -0.030643
42.48 0.114405 -0.0421202
42.72 0.146062 -0.0740475
42.96 0.176715 -0.119532
43.2 0.204398 -0.158732
43.44 0.222022 -0.169407
43.68 0.218073 -0.141294
43.92 0.182194 -0.0844588
44.16 0.112471 -0.0250428
44.4 0.0187585 0.0097095
44.64 -0.0812108 0.0076479
44.88 -0.170355 -0.0213796
45.12 -0.238708 -0.0520935
45.36 -0.282698 -0.0590021
45.6 -0.298516 -0.0302695
45.84 -0.276735 0.0278119
46.08 -0.205223 0.0967464
46.32 -0.0807732 0.156506
46.56 0.0784769 0.193626
46.8 0.230864 0.203066
47.04 0.324947 0.185612
47.28 0.324046 0.145223
47.52 0.22758 0.0889594
47.76 0.0751195 0.0281029
48 -0.0713405 -0.0232063
48.24 -0.157774 -0.0535302
48.48 -0.16363 -0.0610588
48.72 -0.107638 -0.0560736
48.96 -0.0317135 -0.0551131
49.2 0.0253782 -0.0692047
49.44 0.0472944 -0.0941686
49.68 0.0415515 -0.110975
49.92 0.0257517 -0.0975007
50.16 0.0113789 -0.0443791
50.4 -0.00247728 0.0362034
50.64 -0.0228075 0.115484
50.88 -0.0515887 0.16386
51.12 -0.0805131 0.166753
51.36 -0.0958144 0.130299
51.6 -0.0882715 0.0743809
51.84 -0.0594979 0.0194658
52.08 -0.0197054 -0.0230151
52.32 0.0201202 -0.0514317
52.56 0.0544048 -0.068183
52.8 0.0828517 -0.0741336
53.04 0.105664 -0.0681069
53.28 0.119877 -0.050609
53.52 0.120839 -0.0269452
53.76 0.10743 -0.00587017
54 0.085667 0.00552824
54.24 0.0665131 0.00634411
54.48 0.0588516 0.0018791
54.72 0.0630847 -0.000773121
54.96 0.0707287 0.00215571
55.2 0.0707256 0.00930103
55.44 0.0577806 0.0165924
55.68 0.0362773 0.0213208
55.92 0.0166861 0.0242859
56.16 0.00726587 0.0285369
56.4 0.00763521 0.0362133
56.64 0.00938058 0.0463178
56.88 0.00326211 0.055081
57.12 -0.0128346 0.0583017
57.36 -0.0318232 0.0536964
57.6 -0.043135 0.0417688
57.84 -0.041654 0.0251791
58.08 -0.032396 0.00758841
58.32 -0.0267675 -0.0072296
58.56 -0.0331917 -0.016015
58.8 -0.0497013 -0.0167913
59.04 -0.0646622 -0.00977582
59.28 -0.0652251 0.00221714
59.52 -0.046897 0.0145681
59.76 -0.0168974 0.0227598
60 0.0108889 0.0243931
60.24 0.0250404 0.020087
60.48 0.0229373 0.0127663
60.72 0.0104579 0.00591013
60.96 -0.00335953 0.00189265
61.2 -0.0118688 0.00124241
61.44 -0.0129082 0.00289303
61.68 -0.00741718 0.00495556
61.92 0.0028287 0.00553793
62.16 0.0161031 0.00342413
62.4 0.0301702 -0.00141846
62.64 0.041796 -0.00764077
62.88 0.0474795 -0.0128718
63.12 0.0450337 -0.0147039
63.36 0.0346972 -0.0119333
63.6 0.0189155 -0.00536786
63.84 0.00111529 0.00234515
64.08 -0.0155244 0.00784692
64.32 -0.028624 0.00854645
64.56 -0.0365917 0.00367103
64.8 -0.0385789 -0.00556778
65.04 -0.0346968 -0.0166104
65.28 -0.026293 -0.0265386
65.52 -0.0158732 -0.0329545
65.76 -0.00646344 -0.0345178
66 -0.00060671 -0.0311362
66.24 0.000537824 -0.0238827
66.48 -0.00247286 -0.014665
66.72 -0.00780785 -0.00564774
66.96 -0.0133669 0.00147268
67.2 -0.0177596 0.00607283
67.44 -0.0206225 0.00874433
67.68 -0.0220692 0.0107965
67.92 -0.0217711 0.0133214
68.16 -0.0185587 0.0163749
68.4 -0.011092 0.018856
68.64 0.000777692 0.0192566
68.88 0.0150646 0.0168358
69.12 0.028073 0.0123985
69.36 0.0361126 0.00805891
69.6 0.0373822 0.00606575
69.84 0.0327271 0.00745616
70.08 0.0248372 0.0114578
70.32 0.0165943 0.0160303
70.56 0.00976324 0.0191275
70.8 0.00474428 0.0197899
71.04 0.00119049 0.0183775
71.28 -0.00124666 0.015939
71.52 -0.00261986 0.0133162
71.76 -0.00286471 0.0106646
72 -0.00210471 0.0076396
72.24 -0.000765508 0.00395747
72.48 0.000557844 -0.000179099
72.72 0.0013549 -0.00409209
72.96 0.00143832 -0.00698622
73.2 0.00107345 -0.00833419
73.44 0.000911554 -0.00803958
73.68 0.00167434 -0.00636283
73.92 0.00368955 -0.0037579
74.16 0.00656779 -0.000746385
74.4 0.00931611 0.00216056
74.64 0.0108998 0.00454078
74.88 0.0108868 0.00613747
75.12 0.00968816 0.00686414
75.36 0.00820277 0.00670074
75.6 0.00715068 0.0055631
75.84 0.00662067 0.00329991
76.08 0.00615465 -0.000117511
76.32 0.00524142 -0.00434577
76.56 0.00379564 -0.00860831
76.8 0.00227744 -0.0119585
77.04 0.00142906 -0.0137323
77.28 0.00185812 -0.0138677
77.52 0.0037137 -0.0128529
77.76 0.00656652 -0.0113578
78 0.00950033 -0.0098494
78.24 0.0114006 -0.00845945
78.48 0.0113956 -0.00711891
78.72 0.00929177 -0.00574498
78.96 0.00574602 -0.00428603
79.2 0.00198783 -0.0026479
79.44 -0.000808636 -0.000691412
79.68 -0.00211854 0.00158595
79.92 -0.00221946 0.00381401
80.16 -0.00181119 0.00523434
80.4 -0.00142517 0.00504467
80.64 -0.00111259 0.00292788
80.88 -0.000658294 -0.000615009
81.12 -0.000105459 -0.00440436
81.36 -7.64763e-05 -0.00713422
81.6 -0.00150626 -0.00798602
81.84 -0.00488844 -0.00692836
82.08 -0.0096008 -0.00456186
82.32 -0.01393 -0.00166414
82.56 -0.0159553 0.00125311
82.8 -0.0147737 0.00411521
83.04 -0.0111838 0.00711715
83.28 -0.00723904 0.0103664
83.52 -0.00490243 0.0136051
83.76 -0.00476968 0.0162341
84 -0.00584268 0.0176494
84.24 -0.0065227 0.0176537
84.48 -0.00597058 0.0166085
84.72 -0.00464219 0.0151715
84.96 -0.00353601 0.0138045
85.2 -0.00291344 0.0124578
85.44 -0.00185174 0.0107106
85.68 0.000704985 0.00825301
85.92 0.00421619 0.00528112
86.16 0.00587619 0.00244997
86.4 0.00209269 0.000439385
86.64 -0.00865918 -0.000452217
86.88 -0.0238562 -0.000313611
87.12 -0.0377185 0.000732356
87.36 -0.0445588 0.00282486
87.6 -0.0422924 0.00623628
87.84 -0.0333793 0.0108877
88.08 -0.0224214 0.0159719
88.32 -0.012349 0.0200916
88.56 -0.00231577 0.0218473
88.8 0.0109533 0.0203822
89.04 0.0294561 0.0154353
89.28 0.0509133 0.00695789
89.52 0.0690154 -0.0051738
89.76 0.0769098 -0.0208569
90 0.0714239 -0.0389543
90.24 0.0550166 -0.0566813
90.48 0.0342215 -0.0699629
90.72 0.0158559 -0.0749171
90.96 0.00362779 -0.0697537
91.2 -0.00287256 -0.0559322
91.44 -0.00666792 -0.0377879
91.68 -0.0108182 -0.0207565
91.92 -0.0164967 -0.0091633
92.16 -0.0225875 -0.00473213
92.4 -0.0265801 -0.00643646
92.64 -0.0259879 -0.0115046
92.88 -0.0195904 -0.0168541
93.12 -0.00811963 -0.0202398
93.36 0.0057815 -0.0207804
93.6 0.0183846 -0.0189153
93.84 0.0263027 -0.0159814
94.08 0.0279619 -0.0135652
94.32 0.0243367 -0.012776
94.56 0.0184308 -0.0136852
94.8 0.0136888 -0.0152439
95.04 0.0122211 -0.0158211
95.28 0.0138705 -0.0141225
95.52 0.0166098 -0.00993235
95.76 0.0179134 -0.00419118
96 0.0161981 0.00162191
96.24 0.0115143 0.00633227
96.48 0.00523735 0.00954781
96.72 -0.000875157 0.0115355
96.96 -0.00561549 0.0127647
97.2 -0.00873228 0.0135853
97.44 -0.0106716 0.0142527
97.68 -0.0119053 0.0150802
97.92 -0.0123354 0.0163526
98.16 -0.0112358 0.0179345
98.4 -0.00785805 0.0189579
98.64 -0.00233361 0.0180931
98.88 0.00383958 0.0144658
99.12 0.00828863 0.00862708
99.36 0.00912404 0.00269762
99.6 0.00629564 -0.000709429
99.84 0.00187512 -0.000221542
100.08 -0.00114758 0.00316211
100.32 -0.000844493 0.00654786
100.56 0.00231851 0.0070901
100.8 0.00588312 0.00403922
101.04 0.00737609 -0.000722253
101.28 0.00646369 -0.00420786
101.52 0.0056054 -0.00481104
101.76 0.00849242 -0.00372418
102 0.0171358 -0.00399021
102.24 0.0295822 -0.0078036
102.48 0.0400799 -0.0142625
102.72 0.042076 -0.0196019
102.96 0.0325022 -0.0199757
103.2 0.0146073 -0.0146446
103.44 -0.00293142 -0.00688526
103.68 -0.0107169 -0.0016708
103.92 -0.00456236 -0.00184856
104.16 0.0112925 -0.0059024
104.4 0.0262869 -0.00918698
104.64 0.030041 -0.00768403
104.88 0.0189784 -0.00122369
105.12 -0.0016711 0.00645355
105.36 -0.0220381 0.0107844
105.6 -0.0348208 0.00999671
105.84 -0.0399743 0.00624035
106.08 -0.0433069 0.00337292
106.32 -0.050379 0.00337518
106.56 -0.0609514 0.0045105
106.8 -0.0686602 0.0028565
107.04 -0.0660554 -0.00400147
107.28 -0.0505921 -0.0141662
107.52 -0.0265698 -0.0219324
107.76 -0.00178342 -0.021449
108 0.0177273 -0.0109192
108.24 0.0301459 0.00577301
108.48 0.0359306 0.0213146
108.72 0.0341925 0.0296511
108.96 0.0217176 0.0299539
109.2 -0.00371872 0.0271688
109.44 -0.0384587 0.0287054
109.68 -0.0712392 0.0393582
109.92 -0.0872318 0.0577005
110.16 -0.0759628 0.0762799
110.4 -0.0381205 0.0855679
110.64 0.0131807 0.0792833
110.88 0.0576306 0.057878
111.12 0.0767082 0.0281378
111.36 0.0619805 -0.000732768
111.6 0.0189781 -0.0220471
111.84 -0.0349715 -0.0346005
112.08 -0.0781043 -0.0420574
112.32 -0.0937583 -0.0494839
112.56 -0.0778212 -0.0594681
112.8 -0.0402931 -0.0703272
113.04 0.000198868 -0.0773662
113.28 0.0262573 -0.0761341
113.52 0.0305053 -0.0654608
113.76 0.0182889 -0.0483904
114 0.0029561 -0.0306029
114.24 -0.00300351 -0.0174639
114.48 0.00472365 -0.0115185
114.72 0.0207749 -0.0117482
114.96 0.0346594 -0.0147198
115.2 0.0378139 -0.0166893
115.44 0.0285631 -0.0153798
115.68 0.0123462 -0.0105946
115.92 -0.00216335 -0.00364199
116.16 -0.00810342 0.00381198
116.4 -0.00358012 0.0106919
116.64 0.00839961 0.0168042
116.88 0.0224169 0.0224924
117.12 0.0335741 0.0280262
117.36 0.0392007 0.0331663
117.6 0.0389171 0.0371668
117.84 0.0338004 0.0391896
118.08 0.0256451 0.038853
118.32 0.0166888 0.0365408
118.56 0.00940013 0.0332236
118.8 0.00580515 0.0298572
119.04 0.00644482 0.0267479
119.28 0.00975849 0.023366
119.52 0.0126666 0.01881
119.76 0.0122621 0.0126186
120 0.00754108 0.00529557
