      -38.594082586535535      -18.634978293550692      -15.354767599737139      -11.738750782499507      -10.457908338349139
       -0.779370509621237       24.061250518888986       13.186486198815576      -15.066557156094627      -50.502170886593234
      -14.467801654343180       13.337256129494133      -11.715303113245861       -1.759541909157673       23.378689104994713
      -32.587865571721956       17.003866849457953       24.028891157547960      -14.208499967311708      -40.776223544907282
       26.814151532405965        1.497791551411873      -10.125957952340659        2.035893569631217      -15.063683665545035
      -68.169046339722712       -1.384654691019348      -49.080108936453819       -3.415464526452537       25.322172579339455
       60.268416725088954       -6.069319430452039      -41.006062946302912        1.996787135127436      -57.478969091562654
      -34.489746836407328      -18.434026036416370      -19.449419349829761       -0.624653302810145       20.846778899154245
       34.608256980804569      -25.286534069381439      -47.742928482059632       28.866278134526723       40.522538602916981
      -18.112921790675514       16.014171133027297      -20.856430736921190      -16.138353145649457       12.541119631449524
      -17.959313968206626       11.853507070579491       -0.777282596591042      -14.189192123140330       49.715370856415547
        6.035892142252127      -19.218371964619308      -10.031849715314751       45.382880028747373       37.152630793435186
        9.375224933076073       -5.213295205807132      -38.001156185981870       22.743232428139354      -21.104031572408665
       25.953019077054371      -10.950011975921621       54.472131900838299      -24.352393912363777        8.059318771792636
       -3.711632131139799       13.247501883074362      -21.877621894317134       31.380839426318087       96.279011291616499
      -50.620604460338598       -5.093174322973450      -33.527975975530659       44.153801802242654       29.024668323610520
       83.256390086531397       -2.162078259568191        3.709156427452924      -29.087117532131238      -29.645055821798913
      -13.249163893902033       -2.613147763308866       57.670169135561238      -11.995878399151760        9.240578581137150
       -4.535400204765411       -3.356914272397797      -13.287050655036563       29.557207298474989      -33.308702045061182
      -44.114154003012644       35.879491568100008       -9.882078163625375      -11.365743187585013        0.374845890698609
        9.355843085832863       -9.623571917214916      -22.054652385416134       39.182528967524213       57.830997610943413
      -91.284589288782314       14.120245155698175       50.902705285375177      -23.060932558571185        6.406182449458825
       -1.564245872831290        0.866557738363246      -24.979883796713079       -3.918652081745353      -93.593432457560084
       41.926969462334320       -0.110926254135354        3.888688971048913       18.235147655588833       76.258420006273624
       56.607908200349385        0.311707650891024       14.002884443132270       10.717129074902886      -20.637640653409317
       13.232051772824489       18.968776576085094      -21.657083944423903      -37.514919826590770      -54.309183874681359
       -0.896232648856700      -18.599366568695995        0.552287262884567       -9.707329754938490      -11.715215432137636
      -79.429354029247691       16.041772726463432       24.332398222987230       27.210937872181724       16.985775337108034
        1.340068724453171       -7.369535437503029       22.809262914016589       -5.178484852910677      -31.751595103633893
       12.193611809630371      -41.485360107521956       -7.654232787736936       18.209513146879591       34.891451959770365
        0.691948177421815       50.480123293301254       48.632454864039545      -27.359244857014485       18.136973809430760
      -92.182452980056283        8.493117334967417      -47.611509816108935        4.712552154869400      -23.583102885778612
      -18.930887006850721       20.971776304599402        3.454562589199210       -4.672436105895486       31.388500672789363
        7.848092735007630      -41.679024551624849       39.803716396967445       12.096854610336074       -4.738664450040805
       16.078778757718311       -6.983534339294561      -56.608499244506312       -1.507921592064137       -7.053716273630635
        6.517514820606076      -10.926305234968728       62.625324465934803      -10.869638311019875        0.079076081027846
       -2.661119938914407       16.615463300547002       -8.759990967774806       25.067232717515743       53.453908026006914
       -7.417167894138338      -16.298908209344489      -17.739198582797528       37.742778064978559       69.361291993030449
      -38.119681126247215        0.461903816131429       11.331296739630400      -11.538155271974514      -33.144449349655588
       33.558461276795924        8.386193565113796       22.002626426392066      -10.890675461103781       20.951414622203469
      -63.616836264145832       21.778835365953245       -5.046509899761736       14.276872709821459       28.279311461435373
        9.561345503493406      -12.503105766009405       14.914778803644015       20.750693124084933        7.550503799343409
      -70.016893583459208       43.720040105295034       36.683608481211486      -28.580672864584582       11.357924908168467
        6.172730462595359       23.120253702883129       17.746107209850376      -31.837685117217990      -42.353595221178473
      -76.835134608587197       13.773594946482811      -35.173538835477302       -3.586113256915337      -15.854317201874942
       -6.653862613609401       -6.588064941102427       -8.084138680808257       12.045872680499839       59.596669421762059
       35.903464952655959      -13.533725258166617       36.993929337273350      -41.358770625425052      -54.691171557033954
      -49.562406084397381      -20.408699361574183       68.194479049561323      -10.674446572758868       45.929618785820232
       29.497419808826962      -15.580491015738989       27.069272236296811       22.694680338551859       -1.138795291738870
      -65.542836871382974        7.975975345449081      -39.526232981987924      -25.038676327339203       50.279859211001337
       19.849294909050570       15.975781148128755       -3.115373757279468      -36.598982151931928      -46.758257942455110
       39.492140019409732      -16.251267995291805      -21.004242500766665       11.336888627249671        3.669444190088355
       19.952465311208179        6.242046036066220       46.649318229403512       -9.019040544722710       33.054626197322790
       -8.529062571600184       -2.991369065551293       -1.113869300678673       -6.302729898089550       15.297995151495785
       -9.641313637105561       25.443734789752146      -11.686628997214431       29.969317648322779       -5.585534803442687
       39.260483527996911       -0.681816532362802        8.391884757424487        7.266287221049716      -24.238031516054182
       31.918784715589382        0.184275644309465      -66.945337670937562       27.656776837872915        0.508710896062402
       43.001542088471830        1.420581499131758      -39.916999587748478        2.781437135783435      -50.843308579050827
      110.042567495094303      -12.406380189088926       14.613669811116491       18.196542894093934       40.430323896561184
       -9.431541054797217        9.043181999391633       38.401712428849173       -7.459880270039354        3.271505732183985
      -73.408920798091756       32.540130046455424        6.382210154145318      -31.447629839479298       58.188879702347194
      -32.450810256922260       -5.254694036575288      -23.119075004586868       15.993294771602249      -45.032926726072255
      -43.324213246243971       31.498938538046769      -63.498201213775829      -13.881732349299545       27.798374449044655
       12.028875535018823       14.248555940968004       17.162677390604948       17.700022002597013       12.162561171671761
       -2.200471511159841        8.158915453443814       24.547727869704556       -4.426644488973319      -17.696315280416339
      -19.222348806098928       -4.260429006781142      -12.358248631933893      -18.698741393703234        6.995803692213549
        7.048112302858561       -3.013811833947713       -3.182112367831820       -6.912025412156546       22.373873375069486
      -10.681571880719975       16.054173904511895        2.646373998926277      -13.361783712675223       33.189167460451500
       22.416276702308089      -11.074819017905655       28.020624367953261       -2.888909359028045       34.817243151233136
       19.571189092867222      -40.753809369680035       27.380807606834647      -15.173988000006473      -10.170731902127615
      -72.036357079278488       -3.510612174462585      -52.311415226662490       -1.323815602558284      -39.093896705228701
       -6.077184070572429      -18.685119915850294      -31.641697846157403       35.481081480148738       54.654904342609072
      -31.949017879915321       -3.400423222967054       12.186840635778349        2.286008213227522       -3.861847603173822
        0.496085564398106       11.249357877123597       39.702331136222007      -13.365064956008734       36.144947171674737
      -15.641770255437635      -17.730802623952499      -10.723897520181394        5.317971685761847        2.758825384450437
       10.695909243427828      -18.062640701856214       -7.257580837063026        1.335550431503302       34.924646213743699
      -37.209036524887154      -38.683332198572515      -41.742708487482510        3.081917316688163      -46.623770616861513
       18.438711485438329        1.467579278513877       15.309419787157413       -4.548347115235718      -22.770681636025177
        8.363406360210174      -17.738529587628800       -1.269466275138182       30.422195459592359       -6.679946162612788
      -36.141256026575739       21.457390114870648       -4.118647678876290       14.296672719786269       18.411518091444975
       10.863995464234492      -21.914627214478866      -23.062517366723927       10.906164644674080      -36.392972408849381
       68.923231348888649      -28.154012566144196       22.371664431606387      -12.150501538130746       38.693634564987917
      -20.876090387841661       21.455856263080655      -34.986045109328231        1.174949928870212       -1.487725723932648
       33.019487119789879       -5.455889870391156       69.188756994678002      -14.693380951908754        1.046385823994307
      -15.725674323047977       39.752349795733110       24.556607319990370      -11.284152684120395       18.637596442420335
      -49.040589265548796        1.811572488190219      -64.248670247528523      -20.719020293224844        6.302671814565097
       23.363899929514254       13.802778175882390      -45.545382342923425        4.567377777917585       40.189103061359461
      -10.190527804492502        5.756395299658521       27.704983509555994       -0.419426567263217       37.011555060482095
      -20.110994547738606      -20.727184817727327      -40.728752072910744       -4.374830094754967       43.163300607684249
      -42.620906616844664       31.508175102372444      -12.209069463024626      -22.627584818639971        9.751891455069478
       16.869682108244600        7.328671042575027       64.538438764561960      -14.137845303214615      -21.241389345208006
       28.400186475071408      -18.556198217251513      -14.278854874138887       -3.795541546806426      -10.714043179505813
       -7.734431402206549        4.946993976473172      -11.640853783181909       -3.702814904802852       62.356983198325018
       -0.404737173287942      -31.527264144560206     -124.811330908817681       -3.910461873531634      -28.279756445020645
       58.789364194906398       16.177610463507659       29.715271107174885        5.477026377056794      -16.243234421338471
      -11.284777366006871      -17.739975725663665       47.444655641462028        3.646474688563544      -36.583326721614590
      -24.109585412394939      -19.384260117299238      -27.668934683836987      -13.847835617033615       13.762003035584000
      -17.464392954879191       13.243870568946216      -56.864976634774209       29.736108051044948      -54.378308254813220
      -66.934934585962239        8.294995850932830      -45.868966612893153       29.512174830462104      -58.889696162250175
      -29.306731431301397       18.187933808633556      -22.367531835299658        9.853497413586039       38.540310122275841
      -35.650908661500708      -18.736730596601550       16.093207548943209       -3.944061285770049        1.369781121872670
       38.916604857600788       40.775074390278512      -32.477292022973806       16.932121127978899      -31.310890543467334
       10.888585624809588      -53.772791710733109       -5.445397744007216       13.166136256861064      -17.164692449499082
        3.785231036568307      -22.842565523898003        1.299749144299901       29.602778039531341      -13.278582116615089
      -15.884678032586894        1.803471375323421      -21.637619021031497       -9.054907186962740       53.262907328313901
       18.215105593220372        0.722171599324079       49.900437508990322      -26.069937297329766       36.650077418431891
       46.967259561275846        8.485174463907942       39.817714295332507      -17.572810413967549       18.635413465659674
       39.014424968987136      -15.918266129453869       60.339797583775692       -0.150053398925060       39.399688060552563
       69.374419410107080      -17.154650611793798       28.960092988414491       26.754745895469259      -46.167481331632985
      -13.918709387263188      -15.215036719672170       20.074765239199596       -4.603402698673071      -43.198338534423421
       -1.844560453463658       -2.411940029220405        7.088738489764173      -13.587918288050481       38.733685458435424
       42.348436434843912      -27.651909108955564       55.032215774674427      -47.613796743906306      -10.720780915899770
       33.951772215163473        0.009473470721665       12.302511809897084        3.549047972519256       16.180204576192278
        5.780809734868708       21.566885299992265      -29.739207329512769       -7.549773967148242      -48.413924486355626
       35.309802237274397        0.471735313131619       40.154629404310789      -13.499677365601800       47.721029697445097
      -59.326054095364235       -5.834626600081153      -65.086047527020455       12.438963883819387        0.195483861053947
       87.386355780989149       19.802710887282000       32.540481089296669        9.799311929801712       39.727749149141708
      -36.193007044445544       12.745342367104644      -15.967133793607035        8.175141656595478        3.454415250149139
      -16.669258687798827        1.028365813245513       17.497361994184431      -15.085452111993240        3.236237149541170
      -82.772161878176817       -4.537211988471309      -88.647060742624589       16.882700361575143      -46.937212658149257
        4.149358843233748        0.227946747817897        0.692119197487511        7.598583573536311      -39.969852136899902
       19.266931466636063       -6.965510722231943       22.078732167180515       43.008281442714292       13.002967244708936
      -29.321081037197008      -17.866027884021200      -60.512596496909268      -28.307065059718838       55.383396670914344
       19.354170158444241       -3.277465739866617       -0.113931019816818       19.665303129645682       -0.164473772065523
       40.210092640551686      -26.503194927665763       -3.004359060123451      -11.012147998334548      -39.596610077513191
       54.037129420288956        9.554604086369247       34.342380358000192       -6.417543119087453       18.369606529920084
      -32.949961404193118      -26.700242788534318       74.359929684478686      -16.322722392017205       25.627699930442446
       84.906607153084678        0.319602119738132       -8.474096213538971      -32.531032587473248      -28.373704435067662
      -26.973654296910251       18.796242437094147      -18.090268529244131      -15.071635408818864      -17.295239603832208
       -1.596336493093470       14.070041019660518       -6.131291929900084       20.231655909322591        7.327693841633064
      -72.740303671709768       39.846413901632381       32.540742452115097        1.473904270787206       -0.136543384526030
        2.695038457357258      -21.608275931180046        7.206932622306593       17.050198712191293      -41.849896195207272
       72.837694683256913        8.637440447229347      -34.094559365612028        7.929746069770244      -32.350456901485934
      -33.040379507951428       38.889899589424068        2.839073411038430      -11.117395491071420      -65.130364562117919
      -28.138895022560440        2.055700333727240       53.035670859409890      -27.017535293708153        7.188374709127246
      -63.946116850109725       18.364396876989804      -49.234957937225282      -11.552099744298097      -11.048880307188764
       12.767538778084093       38.827543511498405      -34.627523883705699      -20.556346741829703      -58.890077746397175
       18.273425466292185      -30.502901744522802       82.206424521718688        0.318928315310077       28.774998984368416
        0.934699225487568       10.818072645636507        6.158391389885145       -2.596566490817902      -12.584063481289151
       29.170974521245007      -38.844542204595172      -33.846422811198273       17.137183768181647       61.816208207223916
      -57.469295682017460        2.331306733554754       19.014962923189497       -9.241362522446208        0.214737095568032
        9.493679546257923       26.731925962822384       52.279662543486928       -4.994959866646152       58.467238167178834
      -23.589810408141187        8.120375958783770       33.595322419839334      -39.489028668360667       17.653025044281886
      -37.160407064376159       -9.681969553013628        4.591211750727014       12.930269906507322      -65.198375681231610
       18.259997855086763      -16.172041060802357      -46.603744366582454       14.823135279924179        3.052784247344751
       44.279526347631744      -19.940885425516736      -31.454092844040716       32.115880877185170      -12.194542152694956
      -28.990405068013494        3.483401219999009       19.856336237595738        1.060979285921985      -58.470400072890726
       19.499466380754065       12.609531783337269       19.707050282470064      -17.855826364898533       32.269290228833064
        5.117344481860075       10.883681552789206      -36.881749361288087       23.453938794791686      -19.573237253000904
      -67.672844334353243        3.983148638686854      -70.655004268694952       34.103053710126716      -30.086685059988255
       60.069259400151488       -0.290027541851333      -25.541068032672950       -0.990620569700596      -42.845774288840843
       40.754031126945321       12.327932463488301        8.570850433424820        9.825180858799577      -55.370728295504932
      -53.168181268172923       13.460157157386128      -69.579238515723489       -2.725858594199893       66.236470919174010
       10.228073528667275      -24.271333353105128       36.258895490090026       -0.133025210804266      -68.518287237627291
       42.568246215668061      -12.591841344310369      -78.819081041735473       11.146070203449707      -15.447908679681852
       15.374232472419067        7.691614020286679      -42.277866074271991       -6.915888715599513      -31.521883762132088
       -3.396186616686895       30.291379689221571       -9.976395108315808        9.757029904556550       48.092277301271103
        6.809971537797447      -25.954429418436916      -12.574205015464315       -5.988371766757908      -11.189965187498721
       10.612475101799747       -6.965329923979523      -40.408337046438611       23.202905728817164       36.694653181461838
      -54.349050689232165       35.060860605494788       24.399950886269245      -18.316429663280957       10.367729125162811
      -22.686691604950035       23.704404037503750      -19.558188055717878       20.600487623485659      -12.803187911051589
       13.086638456981065      -14.964640531900130       17.744040573119786      -24.944566467228341       -0.043296969203338
       14.184692059821504        4.566824971654417       61.337022969784819       -9.336419811763850       10.610916990554033
       19.555897167423804      -15.811970039655716       44.272894654100526      -10.610015390390899      -52.350260009458829
