-4.99 -2.34253e-06 -1.8312e-06
-4.98 -1.67624e-05 -7.92684e-06
-4.97 -1.95661e-05 -2.8267e-05
-4.96 -1.28525e-05 4.67777e-06
-4.95 -0.000144205 -1.29224e-05
-4.94 -5.71164e-05 7.32343e-05
-4.93 -9.42658e-05 -4.21984e-06
-4.92 -0.000203227 0.000257507
-4.91 -0.000140237 0.000104941
-4.9 -0.00057346 0.000204462
-4.89 -0.000230057 0.000553816
-4.88 -0.000822489 0.000233585
-4.87 3.54346e-05 -0.00027089
-4.86 0.000553663 -0.000238802
-4.85 -0.000248937 -0.000920652
-4.84 0.00130729 -0.000663413
-4.83 0.00130855 -0.000929565
-4.82 0.0021221 -0.000651275
-4.81 0.00261052 -0.00150423
-4.8 0.00183857 -0.00228466
-4.79 0.00168725 -0.000573893
-4.78 -0.00113957 -0.00185566
-4.77 -0.000627568 -0.00135576
-4.76 -0.000836702 -0.000866166
-4.75 -0.0041983 -0.00121593
-4.74 -0.00216517 -0.00117865
-4.73 -0.00589718 -0.00134776
-4.72 -0.0038363 -0.00236673
-4.71 -0.00133391 -0.00175458
-4.7 -0.00447514 -0.00532591
-4.69 0.000951386 -0.000583814
-4.68 -0.00518177 -0.00453482
-4.67 -0.00307083 -0.00536914
-4.66 -0.00408838 -0.00555903
-4.65 -0.00513569 -0.00632136
-4.64 -0.00452461 -0.00510199
-4.63 -0.00960213 -0.00660438
-4.62 -0.00557655 -0.00544727
-4.61 -0.00549151 -0.00405702
-4.6 -0.00871219 -0.00939795
-4.59 0.00726035 -0.00381855
-4.58 0.00194582 -0.005958
-4.57 0.010215 -0.0108448
-4.56 0.0157517 -0.00833173
-4.55 0.0129499 -0.00434859
-4.54 0.0158429 -0.00370706
-4.53 0.00437626 -0.00400203
-4.52 0.0109382 -0.00182681
-4.51 -0.00257365 0.000983163
-4.5 -0.016351 -0.00437518
-4.49 -0.00208416 0.00899648
-4.48 -0.0223712 0.0101949
-4.47 -0.00810264 0.000575648
-4.46 -0.00240871 0.00222893
-4.45 -0.00132805 0.00299564
-4.44 0.0138156 0.00548741
-4.43 0.0106903 0.000748417
-4.42 0.0326538 0.00924344
-4.41 0.0266441 0.0037723
-4.4 0.00933307 -0.00107783
-4.39 0.0205956 0.00711634
-4.38 -0.0115842 0.0124791
-4.37 -0.010086 -0.00217441
-4.36 -0.016487 0.00334189
-4.35 -0.0368116 0.00677264
-4.34 -0.016631 0.00788811
-4.33 -0.0437143 0.0100628
-4.32 0.00155715 0.013998
-4.31 -0.00100607 0.0198817
-4.3 0.00338537 0.00922549
-4.29 0.0249128 0.0228326
-4.28 0.011759 0.0181497
-4.27 0.0085516 0.019065
-4.26 -0.00101831 0.00461192
-4.25 -0.0235625 0.0244296
-4.24 -0.017212 0.00864943
-4.23 -0.0708692 0.00899465
-4.22 -0.0349065 -0.00341272
-4.21 -0.0531823 0.0153697
-4.2 -0.0579773 0.00127055
-4.19 0.0048408 0.015797
-4.18 0.00104635 0.0255283
-4.17 0.0401029 0.016927
-4.16 0.0462588 -0.00527233
-4.15 0.0695522 0.00977724
-4.14 0.0801843 0.00799334
-4.13 0.045218 -0.00825749
-4.12 0.0638255 -0.00674261
-4.11 0.00316052 -0.00737412
-4.1 -0.0565557 -0.0249926
-4.09 -0.0363781 -0.0334284
-4.08 -0.0838981 -0.00216987
-4.07 -0.0574461 -0.0139696
-4.06 -0.0562878 -0.0272203
-4.05 -0.0386584 -0.00557111
-4.04 0.0221407 -0.00251512
-4.03 0.0034224 -0.011225
-4.02 0.105785 -0.000251698
-4.01 0.0820355 -0.000822709
-4 0.0709609 -0.0139872
-3.99 0.0871501 -0.0230447
-3.98 0.0181264 0.015204
-3.97 0.00344227 0.0064508
-3.96 -0.0517849 0.00331807
-3.95 -0.0660472 0.00846953
-3.94 -0.0655122 0.0141499
-3.93 -0.119533 -0.00463093
-3.92 -0.039706 0.0135308
-3.91 -0.03209 0.0141347
-3.9 0.000229874 0.035744
-3.89 0.0808826 -0.0194667
-3.88 0.0517801 0.00803722
-3.87 0.101285 -0.0225682
-3.86 0.0378192 -0.0397314
-3.85 0.0605735 -0.0531852
-3.84 0.0366813 -0.0280169
-3.83 -0.0711482 -0.0570504
-3.82 -0.0435242 -0.0754794
-3.81 -0.123479 -0.0653864
-3.8 -0.104638 -0.0607467
-3.79 -0.0487833 -0.0900498
-3.78 -0.00459317 -0.0482795
-3.77 0.071946 -0.0145917
-3.76 0.0562309 -0.0499906
-3.75 0.120935 -0.030092
-3.74 0.142029 -0.0242611
-3.73 0.0622752 -0.016779
-3.72 0.127693 -0.0465877
-3.71 -0.0077439 -0.00668097
-3.7 -0.0738517 0.00560884
-3.69 -0.118557 -0.0436063
-3.68 -0.200989 7.21497e-05
-3.67 -0.150297 0.00207851
-3.66 -0.209462 -0.0345988
-3.65 -0.0787804 -0.0360572
-3.64 -0.0622733 -0.0156306
-3.63 -0.0199092 -0.0120277
-3.62 0.10278 -0.0636507
-3.61 0.0997884 -0.057204
-3.6 0.171392 -0.0847019
-3.59 0.14984 -0.154656
-3.58 0.0933079 -0.117437
-3.57 0.0693373 -0.114695
-3.56 -0.101189 -0.122983
-3.55 -0.0798359 -0.135438
-3.54 -0.143344 -0.133744
-3.53 -0.19817 -0.0903466
-3.52 -0.0952624 -0.125672
-3.51 -0.14442 -0.0773766
-3.5 -0.00777259 -0.0612979
-3.49 0.0680466 -0.0862905
-3.48 0.139984 -0.0579369
-3.47 0.282653 -0.0402426
-3.46 0.154165 -0.0153343
-3.45 0.209158 -0.0609809
-3.44 0.108968 -0.0321879
-3.43 0.0411656 -0.00956058
-3.42 0.034758 -0.045739
-3.41 -0.0723174 -0.0302069
-3.4 -0.0970615 -0.0146461
-3.39 -0.127761 -0.0861334
-3.38 -0.131655 -0.0877664
-3.37 0.0662146 -0.0689874
-3.36 0.0246946 -0.0191249
-3.35 0.130086 -0.0344121
-3.34 0.120946 0.0229301
-3.33 0.0277053 0.0553591
-3.32 0.0897186 -0.0218787
-3.31 -0.0518053 0.0381652
-3.3 -0.00988946 0.023076
-3.29 -0.158797 0.0311768
-3.28 -0.199475 0.00743093
-3.27 -0.174402 0.0287283
-3.26 -0.196471 -0.00620825
-3.25 -0.181385 -0.0712326
-3.24 -0.0735035 -0.0322727
-3.23 -0.102444 -0.0228466
-3.22 0.0288116 -0.0539524
-3.21 -0.0295941 0.00120813
-3.2 0.0863948 -0.0544546
-3.19 0.0656532 -0.0441378
-3.18 -0.0094598 -0.0918487
-3.17 0.0609369 -0.0285585
-3.16 -0.0368279 -0.0386844
-3.15 -0.0934699 -0.0511437
-3.14 -0.0791207 -0.0276637
-3.13 -0.0646078 -0.00820429
-3.12 -0.085215 -0.0268283
-3.11 -0.0595181 0.0410227
-3.1 -0.0393867 0.0227717
-3.09 0.0586844 0.0973191
-3.08 0.00147173 0.0110706
-3.07 0.207598 0.0986066
-3.06 0.192974 0.0546839
-3.05 0.161105 0.0247698
-3.04 0.201808 0.0787204
-3.03 0.161009 -0.00888695
-3.02 0.0708415 -0.0215429
-3.01 0.0472043 -0.0742794
-3 -0.056733 -0.0613819
-2.99 -0.0178647 -0.0672169
-2.98 -0.211892 -0.107814
-2.97 -0.056018 -0.0835131
-2.96 -0.0984928 -0.189321
-2.95 -0.211898 -0.264955
-2.94 -0.0935526 -0.162552
-2.93 -0.0792157 -0.284106
-2.92 -0.0789561 -0.185106
-2.91 -0.0336699 -0.220939
-2.9 -0.199141 -0.22787
-2.89 -0.12172 -0.247074
-2.88 -0.349589 -0.196974
-2.87 -0.248366 -0.103195
-2.86 -0.187071 -0.111485
-2.85 -0.390337 -0.150408
-2.84 -0.257044 -0.0660945
-2.83 -0.296015 -0.187422
-2.82 -0.247718 -0.0559998
-2.81 -0.0628399 -0.0648549
-2.8 -0.140124 -0.0740316
-2.79 0.119351 -0.134058
-2.78 0.0452856 -0.158441
-2.77 0.164827 -0.0346547
-2.76 0.294035 -0.0598734
-2.75 0.163787 -0.0352305
-2.74 0.215479 -0.0544954
-2.73 0.179403 -0.125465
-2.72 0.147122 -0.11001
-2.71 0.217325 -0.0495023
-2.7 -0.0935057 -0.030815
-2.69 0.108767 -0.016401
-2.68 -0.186996 -0.180483
-2.67 -0.156481 -0.0749295
-2.66 0.010747 -0.116349
-2.65 -0.152649 -0.103598
-2.64 -0.0689298 0.000305134
-2.63 -0.0774195 0.0346472
-2.62 0.000136342 -0.0664755
-2.61 0.125028 -0.0214817
-2.6 -0.0458063 0.0582594
-2.59 0.195442 0.0168867
-2.58 -0.00377502 0.00284124
-2.57 -0.0937616 0.136344
-2.56 0.0580358 0.0522224
-2.55 -0.35633 -0.0425108
-2.54 -0.283872 0.111426
-2.53 -0.491865 0.0265598
-2.52 -0.340359 0.0261231
-2.51 -0.259005 0.0504751
-2.5 -0.313834 0.0881228
-2.49 0.0131576 -0.0341078
-2.48 -0.0217167 0.0479614
-2.47 -0.0144388 0.123473
-2.46 0.260737 0.0422165
-2.45 -0.0976383 -0.0776586
-2.44 0.0587976 -0.0351735
-2.43 -0.347566 -0.103704
-2.42 -0.354162 -0.0848953
-2.41 -0.502083 0.0168291
-2.4 -0.777462 -0.118522
-2.39 -0.619649 -0.239947
-2.38 -0.582938 -0.180666
-2.37 -0.466906 -0.120645
-2.36 0.000422847 -0.00121934
-2.35 -0.0837402 -0.00565557
-2.34 0.423194 -0.0511458
-2.33 0.0872937 -0.0295954
-2.32 0.254342 -0.0198909
-2.31 0.243919 0.0400161
-2.3 -0.284371 0.010577
-2.29 -0.223023 -0.0448108
-2.28 -0.423292 -0.0708276
-2.27 -0.524879 -0.0926126
-2.26 -0.388771 0.110286
-2.25 -0.4135 0.0139673
-2.24 0.155619 -0.0816696
-2.23 0.0675927 0.128952
-2.22 0.532921 -0.0264562
-2.21 0.933919 0.1459
-2.2 0.383219 0.112158
-2.19 0.636304 0.0925518
-2.18 0.481391 -0.132783
-2.17 0.121859 -0.155845
-2.16 0.132699 -0.0987815
-2.15 -0.210601 -0.256904
-2.14 -0.0430183 -0.326861
-2.13 -0.437129 -0.0202413
-2.12 -0.0692693 -0.32385
-2.11 0.334332 -0.0381226
-2.1 0.0359752 -0.0697308
-2.09 0.527075 -0.0998487
-2.08 0.665127 -0.00961776
-2.07 0.520527 0.0131647
-2.06 0.716144 0.166127
-2.05 0.430178 -0.111284
-2.04 0.413895 -0.0840815
-2.03 -0.0363349 -0.12171
-2.02 -0.210476 -0.294688
-2.01 -0.0426826 -0.0261335
-2 -0.615588 -0.0890125
-1.99 -0.355022 -0.264075
-1.98 -0.447956 0.0353784
-1.97 -0.375856 -0.124119
-1.96 -0.191871 0.177862
-1.95 -0.131142 0.107873
-1.94 0.314334 0.113097
-1.93 0.211879 0.08581
-1.92 0.0665395 -0.0244744
-1.91 0.254542 0.41049
-1.9 -0.2319 0.0054948
-1.89 -0.355748 0.0340694
-1.88 -0.36669 0.0235747
-1.87 -0.274495 -0.347222
-1.86 -0.331755 0.0495496
-1.85 -0.398029 -0.0277937
-1.84 0.0724197 -0.112088
-1.83 0.124949 -0.179091
-1.82 0.108025 -0.364342
-1.81 0.957055 -0.127895
-1.8 0.559618 -0.269345
-1.79 0.533929 -0.081677
-1.78 0.349714 0.0829453
-1.77 0.288263 -0.395157
-1.76 -0.191588 0.148678
-1.75 -0.257826 -0.162065
-1.74 -0.148397 -0.146843
-1.73 -0.264312 0.000347496
-1.72 -0.438953 -0.409347
-1.71 0.31209 -0.101868
-1.7 0.0519872 -0.52917
-1.69 0.0752816 -0.37184
-1.68 0.395901 -0.545997
-1.67 0.250837 -0.730331
-1.66 0.307015 -0.547783
-1.65 -0.0389607 -0.686646
-1.64 -0.0961248 -0.678529
-1.63 -0.602358 -0.454415
-1.62 -0.934014 -0.834654
-1.61 -0.547726 -0.292822
-1.6 -0.670983 -0.559648
-1.59 -0.472085 -0.557211
-1.58 -0.264398 -0.15332
-1.57 -0.078528 -0.43887
-1.56 0.0707583 0.00766085
-1.55 0.179082 -0.328065
-1.54 0.118233 -0.0243917
-1.53 0.345697 -0.309437
-1.52 -0.386297 -0.272052
-1.51 -0.162808 0.168519
-1.5 -0.563417 -0.0777364
-1.49 -0.746224 -0.197293
-1.48 -0.793028 0.196377
-1.47 -0.597388 -0.268741
-1.46 -0.234071 0.0559681
-1.45 -0.398411 0.00443639
-1.44 0.252492 0.114574
-1.43 0.274322 -0.092406
-1.42 0.159612 -0.283558
-1.41 0.315032 0.0325962
-1.4 0.505715 -0.416487
-1.39 0.118449 -0.372625
-1.38 0.0410546 -0.0735914
-1.37 0.0251077 -0.528694
-1.36 -0.213322 -0.0657102
-1.35 -0.648465 -0.198964
-1.34 -0.310251 0.0706694
-1.33 -0.359528 -0.01462
-1.32 -0.44082 -0.0716244
-1.31 0.164741 0.0621762
-1.3 0.0761034 -0.257928
-1.29 0.179516 -0.316871
-1.28 -0.0922956 -0.280952
-1.27 0.131722 -0.663701
-1.26 0.0209312 -0.446741
-1.25 -0.215212 -0.695087
-1.24 -0.0159354 -0.584651
-1.23 -0.54246 -0.340048
-1.22 -0.56101 -0.634092
-1.21 -0.74804 -0.0491772
-1.2 -0.569502 -0.252455
-1.19 -0.265178 -0.32829
-1.18 -0.199425 -0.208542
-1.17 -0.124248 -0.293215
-1.16 0.360579 -0.232592
-1.15 -0.185234 -0.406368
-1.14 0.193597 -0.275325
-1.13 -0.235537 -0.271558
-1.12 -0.0842778 -0.581549
-1.11 -0.695122 0.0089271
-1.1 -0.607393 -0.091447
-1.09 -0.64348 -0.280523
-1.08 -1.33525 0.0797901
-1.07 -0.980651 -0.156789
-1.06 -0.878678 -0.0468587
-1.05 -0.757536 -0.217551
-1.04 -0.509915 -0.0176234
-1.03 -0.145697 -0.185261
-1.02 -0.210568 -0.499981
-1.01 -0.0293105 -0.0390681
-1 -0.0542224 -0.202449
-0.99 0.444451 -0.353336
-0.98 -0.305589 0.0796351
-0.97 0.42026 -0.159437
-0.96 0.0269651 0.0978481
-0.95 0.229666 -0.0889632
-0.94 0.264022 0.0938487
-0.93 0.0155992 0.00447667
-0.92 0.463453 -0.38558
-0.91 0.266556 -0.0290809
-0.9 0.686733 -0.269768
-0.89 0.703315 -0.338829
-0.88 0.518521 -0.218368
-0.87 0.245614 -0.264265
-0.86 -0.0828661 -0.141941
-0.85 -0.226241 -0.318951
-0.84 -0.347033 -0.28844
-0.83 -1.21145 0.00461292
-0.82 -0.461794 -0.762781
-0.81 -1.28035 -0.15437
-0.8 -1.03376 -0.45405
-0.79 -0.677543 -0.431305
-0.78 -0.471594 -0.492301
-0.77 -0.103117 -0.208947
-0.76 0.0399876 0.0160687
-0.75 0.855035 -0.286386
-0.74 0.471958 0.114155
-0.73 0.0706608 0.388718
-0.72 0.908803 -0.386295
-0.71 -0.230711 0.334039
-0.7 -0.110169 -0.104054
-0.69 -0.151296 -0.208749
-0.68 -0.832971 -0.627294
-0.67 -0.778035 -0.471426
-0.66 -0.70201 -0.546471
-0.65 -0.0294161 -0.892011
-0.64 0.131015 -0.557343
-0.63 -0.0800381 -0.200406
-0.62 1.08374 -0.821561
-0.61 0.448005 -0.0589924
-0.6 1.12325 -0.112576
-0.59 0.910934 0.0989954
-0.58 0.101108 0.116712
-0.57 0.122217 0.0314121
-0.56 -1.28976 0.44449
-0.55 -0.262337 -0.521878
-0.54 -0.997514 0.21488
-0.53 -0.907725 0.0140985
-0.52 -0.274993 -0.0592405
-0.51 0.129553 -0.198093
-0.5 0.472895 0.021515
-0.49 1.43492 -0.0992035
-0.48 1.1127 0.199631
-0.47 1.87608 0.188122
-0.46 0.351345 0.962676
-0.45 1.30391 -0.17501
-0.44 0.362402 0.191792
-0.43 -1.07357 0.314299
-0.42 -0.447957 -0.184857
-0.41 -1.54754 0.0311025
-0.4 -1.40279 -0.39599
-0.39 -1.43482 -0.313667
-0.38 -0.817536 -0.843816
-0.37 -0.66299 -0.431401
-0.36 -0.832216 0.284922
-0.35 0.278877 -0.302608
-0.34 0.460332 0.0991301
-0.33 -0.689896 0.440423
-0.32 0.560133 -0.0819692
-0.31 -0.603001 0.173874
-0.3 -0.706442 0.0342242
-0.29 -0.92612 0.0641796
-0.28 -1.11469 -0.526341
-0.27 -0.774658 -0.55848
-0.26 -1.26747 0.0748985
-0.25 0.280557 -0.60435
-0.24 0.804611 -0.130562
-0.23 0.465461 0.271346
-0.22 1.71886 -0.185921
-0.21 1.29319 0.223448
-0.2 1.24403 0.167055
-0.19 0.953373 0.656539
-0.18 0.284733 0.109498
-0.17 0.168451 -0.0837264
-0.16 -1.4241 0.243756
-0.15 -0.929453 -0.584577
-0.14 -0.941899 -0.202163
-0.13 -1.47506 0.134989
-0.12 -0.452795 0.330509
-0.11 0.429873 -0.110787
-0.1 0.931567 0.225369
-0.09 1.81055 0.275659
-0.08 1.50539 0.651733
-0.07 2.86787 0.305906
-0.06 0.746858 1.60129
-0.05 1.59874 0.295146
-0.04 1.33177 0.363809
-0.03 -0.0381869 0.349725
-0.02 0.139011 0.477152
-0.01 0.264295 -0.108601
0 0.175526 -0.081096
0.01 -0.0342377 -0.139988
0.02 0.0887569 -0.652388
0.03 0.302478 -0.587142
0.04 -1.02117 -0.492508
0.05 -1.1276 -0.530546
0.06 -0.351473 -1.64473
0.07 -2.40757 -0.402553
0.08 -1.03241 -0.799402
0.09 -1.35696 -0.381833
0.1 -0.260895 -0.528088
0.11 0.168368 -0.171505
0.12 1.22253 -0.691968
0.13 2.26726 -0.506294
0.14 1.72771 -0.218826
0.15 1.88081 -0.0390454
0.16 2.04906 -0.749682
0.17 0.546205 -0.433431
0.18 0.312672 -0.592318
0.19 -0.443223 -1.05443
0.2 -0.798502 -0.679164
0.21 -0.988452 -0.690557
0.22 -1.36625 -0.32055
0.23 -0.239079 -0.66951
0.24 -0.490795 -0.31241
0.25 0.112962 -0.0528912
0.26 1.29897 -0.618017
0.27 0.797516 2.48626e-05
0.28 1.08182 0.0648141
0.29 0.57444 -0.387516
0.3 0.365515 -0.321839
0.31 -0.0318997 -0.460909
0.32 -1.39286 -0.167335
0.33 -0.340834 -0.535348
0.34 -1.39512 -0.175085
0.35 -0.880435 0.0198176
0.36 -0.095805 -0.417672
0.37 -0.078984 0.00350174
0.38 0.0181023 0.601135
0.39 0.660053 -0.0619468
0.4 0.930862 0.237631
0.41 1.26717 -0.256944
0.42 0.186247 0.0798935
0.43 0.799045 -0.404015
0.44 -0.583688 -0.231661
0.45 -1.2393 -0.0560952
0.46 -0.567025 -1.09107
0.47 -1.86967 -0.519325
0.48 -1.11461 -0.515449
0.49 -1.48162 -0.37858
0.5 -0.362148 -0.490551
0.51 -0.205012 -0.268001
0.52 0.233082 -0.521247
0.53 0.854867 -0.329967
0.54 0.818927 -0.682612
0.55 0.40763 0.0123005
0.56 1.07294 -0.960701
0.57 -0.0432374 -0.642308
0.58 -0.136881 -0.640035
0.59 -1.02109 -0.750643
0.6 -1.36174 -0.492364
0.61 -0.816989 -0.616808
0.62 -1.30858 -0.0187639
0.63 -0.105052 -0.326215
0.64 -0.196866 -0.0406307
0.65 0.266394 0.17394
0.66 0.622508 -0.0882091
0.67 1.05813 -0.323707
0.68 1.14714 -0.0362147
0.69 0.631532 -0.465774
0.7 0.447892 -0.421012
0.71 0.360857 -0.738565
0.72 -0.723219 -0.310434
0.73 -0.311084 -0.648893
0.74 -0.647783 -0.526954
0.75 -0.943877 -0.133556
0.76 -0.641603 -0.308792
0.77 -0.355036 -0.344423
0.78 -0.0710622 -0.126241
0.79 0.0235797 -0.337495
0.8 0.226737 -0.453134
0.81 0.410801 -0.655156
0.82 -0.238897 -0.328755
0.83 0.239802 -0.781461
0.84 -0.148965 -0.570503
0.85 -0.220653 -0.46205
0.86 -0.576759 -0.379491
0.87 -0.593278 -0.396452
0.88 -0.846886 -0.0844656
0.89 -0.826629 -0.0897875
0.9 -0.81704 -0.103094
0.91 -0.202502 -0.214943
0.92 -0.380712 -0.090276
0.93 0.0883286 -0.328098
0.94 -0.0566315 -0.523286
0.95 0.241174 -0.446263
0.96 0.134901 -0.535833
0.97 0.169338 -0.484838
0.98 0.421533 -0.586536
0.99 -0.0607292 -0.17065
1 -0.246369 -0.441137
1.01 -0.155149 -0.217585
1.02 -0.243079 0.0431791
1.03 -0.404244 -0.0189406
1.04 -0.0465845 -0.298661
1.05 0.0466948 -0.167613
1.06 0.231565 -0.332429
1.07 0.163106 -0.423579
1.08 0.921877 -0.587911
1.09 0.419158 -0.474958
1.1 0.505298 -0.770913
1.11 0.626958 -0.759495
1.12 0.254741 -0.0673358
1.13 0.169811 -0.318095
1.14 -0.0354749 -0.0301511
1.15 0.299254 -0.124564
1.16 -0.100405 0.0348941
1.17 0.109681 -0.170969
1.18 0.509425 -0.0613971
1.19 0.652861 -0.1253
1.2 0.676921 -0.431972
1.21 1.20623 -0.684753
1.22 0.758119 -0.298013
1.23 0.800336 -0.635018
1.24 0.122957 -0.295188
1.25 0.118406 -0.175989
1.26 -0.201199 -0.182855
1.27 -0.887662 0.112591
1.28 -0.396114 -0.187131
1.29 -0.967853 0.0857299
1.3 -0.737908 -0.275186
1.31 -0.788117 -0.366532
1.32 -0.243608 -0.374143
1.33 -0.313933 -0.597229
1.34 -0.187674 -0.630259
1.35 0.0256407 -0.607635
1.36 0.157751 -0.57918
1.37 -0.51836 -0.173016
1.38 -0.113414 -0.460814
1.39 -0.48511 -0.0208204
1.4 -0.830661 -0.0058997
1.41 -0.684555 -0.187181
1.42 -0.673329 0.30052
1.43 -0.560294 -0.0443618
1.44 -0.762751 -0.00492183
1.45 -0.116223 -0.182674
1.46 -0.207936 0.0116226
1.47 -0.26906 0.139123
1.48 0.161221 -0.162911
1.49 -0.0323991 0.195017
1.5 -0.172842 -0.087131
1.51 -0.525766 -0.163821
1.52 -0.437079 0.278713
1.53 -0.791705 0.173363
1.54 -0.600905 -0.0569598
1.55 -0.536085 0.0049244
1.56 -0.142567 -0.19312
1.57 -0.341474 0.0624609
1.58 0.349964 -0.333263
1.59 0.21745 0.147401
1.6 0.595392 -0.206767
1.61 0.283527 -0.318096
1.62 0.369123 0.11059
1.63 0.224447 -0.204743
1.64 -0.464024 0.023367
1.65 -0.462866 -0.016444
1.66 -0.691827 -0.114749
1.67 -0.777217 -0.0564348
1.68 -0.862388 -0.233737
1.69 -0.512105 -0.141031
1.7 -0.488094 -0.194866
1.71 -0.463346 -0.292359
1.72 -0.0680608 -0.15712
1.73 0.320347 -0.348044
1.74 -0.132237 -0.186207
1.75 0.0585246 -0.142197
1.76 0.0262962 -0.302367
1.77 -0.438893 0.209647
1.78 -0.416836 -0.202884
1.79 -0.526249 0.0784773
1.8 -0.540698 0.203393
1.81 -0.983329 0.122938
1.82 -0.356268 0.330353
1.83 -0.142663 0.250428
1.84 -0.249385 0.2764
1.85 0.202633 0.0547239
1.86 0.196191 0.148469
1.87 0.103161 0.261188
1.88 0.11117 0.0308958
1.89 0.119045 -0.0310024
1.9 -0.098708 0.152012
1.91 -0.564154 -0.23806
1.92 -0.565874 0.18841
1.93 -0.398803 0.107193
1.94 -0.664022 0.12595
1.95 -0.0622206 0.0878377
1.96 -0.0919857 0.103135
1.97 0.237583 0.210746
1.98 0.316387 -0.00644606
1.99 0.305701 0.101799
2 0.565114 0.0325579
2.01 0.0941798 -0.130387
2.02 0.103757 0.0980126
2.03 0.0836882 0.033066
2.04 -0.471448 -0.0939188
2.05 -0.368958 0.0334073
2.06 -0.763261 -0.17051
2.07 -0.448708 -0.0569626
2.08 -0.512074 0.00343078
2.09 -0.564937 -0.0364042
2.1 0.186719 0.0148265
2.11 -0.18541 -0.082372
2.12 0.142723 0.00451445
2.13 0.450324 -0.148425
2.14 0.0949147 -0.0823262
2.15 0.274566 0.0121079
2.16 -0.0343431 -0.170163
2.17 0.086803 0.013558
2.18 -0.233794 -0.0262082
2.19 -0.677192 -0.243071
2.2 -0.167526 -0.104617
2.21 -0.833456 -0.0128937
2.22 -0.395488 0.039952
2.23 0.0408003 0.117784
2.24 -0.100366 0.112783
2.25 0.389202 0.109298
2.26 0.263698 -0.0631494
2.27 0.455043 0.172239
2.28 0.378011 0.138016
2.29 0.0192363 -0.0878344
2.3 0.34698 0.0589729
2.31 -0.361336 -0.0665729
2.32 -0.358101 -0.110683
2.33 -0.290217 -0.0282229
2.34 -0.616304 -0.0898122
2.35 -0.134377 -0.109826
2.36 -0.265835 -0.116103
2.37 0.146827 0.0334259
2.38 0.385742 0.0833283
2.39 0.181789 -0.0690239
2.4 0.663114 -0.00736866
2.41 0.222411 -0.141641
2.42 0.235671 -0.117798
2.43 0.0754522 0.0460968
2.44 -0.261724 -0.0882489
2.45 -0.0764716 0.00478785
2.46 -0.628062 -0.138235
2.47 -0.338227 -0.126846
2.48 -0.381582 0.0391316
2.49 -0.645372 0.0111344
2.5 -0.177179 0.107629
2.51 -0.201811 0.0956904
2.52 -0.0966367 0.108145
2.53 0.0893143 0.0563222
2.54 -0.0724077 -0.0881683
2.55 0.154993 0.0394045
2.56 -0.313204 -0.175078
2.57 -0.0258573 -0.188243
2.58 -0.0561177 -0.0610171
2.59 -0.527504 -0.233149
2.6 -0.0885001 -0.192086
2.61 -0.410877 -0.0802923
2.62 -0.240534 -0.106576
2.63 -0.285603 0.00297246
2.64 -0.181408 -0.0633478
2.65 -0.0715702 0.148179
2.66 -0.178626 -0.0535768
2.67 0.0173485 -0.00134548
2.68 0.0409331 0.0903085
2.69 -0.369159 -0.169916
2.7 -0.147358 -0.0340113
2.71 -0.394282 -0.0316914
2.72 -0.361688 -0.0158394
2.73 -0.309171 0.0575576
2.74 -0.464418 0.00605834
2.75 -0.110817 0.00821318
2.76 -0.328415 0.0306139
2.77 0.0763349 -0.010838
2.78 0.215998 0.23735
2.79 0.206074 -0.0309593
2.8 0.395506 0.135256
2.81 0.414323 -0.033997
2.82 0.496852 -0.0817887
2.83 0.450106 0.0431493
2.84 0.329752 -0.106133
2.85 0.40142 -0.0387873
2.86 0.137635 -0.0450206
2.87 0.0848365 -0.0935357
2.88 0.26904 0.0637026
2.89 -0.0886344 -0.069658
2.9 0.054301 0.0476627
2.91 -0.0955994 -0.0638831
2.92 -0.0382893 -0.0619319
2.93 -0.0788056 0.0398818
2.94 -0.054775 -0.141587
2.95 0.119556 -0.0589597
2.96 -0.0883476 -0.142482
2.97 0.0111424 -0.233258
2.98 0.0708971 -0.0774618
2.99 -0.0290571 -0.174445
3 -0.0517433 -0.0508874
3.01 -0.034162 -0.10147
3.02 -0.180018 -0.0979653
3.03 -0.152206 0.0108133
3.04 -0.296275 -0.152096
3.05 -0.182611 0.0416373
3.06 -0.295957 -0.109649
3.07 -0.302537 -0.0600311
3.08 -0.0965484 0.00562279
3.09 -0.143051 -0.031751
3.1 0.0502688 -0.0230654
3.11 0.0808086 -0.0345747
3.12 0.218022 -0.108936
3.13 0.171124 -0.0133972
3.14 0.232202 -0.130505
3.15 0.239439 0.0161042
3.16 0.248755 -0.134969
3.17 0.120849 -0.133984
3.18 0.168016 -0.0671207
3.19 0.0727076 -0.116107
3.2 0.0205067 0.0148547
3.21 0.121282 -0.0239635
3.22 0.103312 0.0263608
3.23 0.212987 0.0160275
3.24 0.0958951 0.0073661
3.25 0.214707 0.073876
3.26 0.123083 0.0500895
3.27 0.115046 0.0125644
3.28 0.0897046 0.0852549
3.29 0.0265083 -0.0453115
3.3 -0.0927185 0.030159
3.31 -0.0214319 -0.0398944
3.32 -0.0482382 -0.00421737
3.33 0.00295495 0.0214748
3.34 0.0170406 -0.0235665
3.35 0.00247047 0.0717433
3.36 0.139578 0.0418878
3.37 0.101198 0.0853348
3.38 0.268814 0.121125
3.39 0.179395 0.0909515
3.4 0.114772 0.0764966
3.41 0.0814779 0.0361971
3.42 -0.0501063 0.0317304
3.43 -0.0110536 0.0530558
3.44 -0.0755821 -0.0114486
3.45 -0.135178 0.0259789
3.46 -0.120086 -0.0304197
3.47 -0.130387 -0.0424132
3.48 -0.0313316 0.0163316
3.49 0.0469362 0.0353139
3.5 0.0519798 0.069079
3.51 0.147378 0.0441863
3.52 0.00936167 0.0464834
3.53 0.141072 0.0704355
3.54 0.0652859 0.00531313
3.55 0.00324927 0.063185
3.56 0.00214205 0.0206869
3.57 -0.121475 -0.0204243
3.58 -0.0622085 -0.036592
3.59 -0.0999815 -0.0122044
3.6 -0.0451258 -0.0420067
3.61 -0.0257494 -0.0179201
3.62 -0.0687938 -0.00259958
3.63 0.00640412 0.0501647
3.64 0.0494765 0.00774939
3.65 0.0413497 0.0793022
3.66 0.142391 0.0600568
3.67 0.0736187 0.0173947
3.68 0.126403 0.02486
3.69 0.0459595 -0.00172515
3.7 0.0485426 -0.00612108
3.71 0.0763362 -0.0420984
3.72 -0.0313089 -0.0164646
3.73 0.0358562 -0.0372993
3.74 -0.0201481 -0.0461096
3.75 -0.0325454 -0.0381383
3.76 0.01589 0.00566217
3.77 0.0185743 -0.0294328
3.78 0.0678525 0.0360148
3.79 0.0389045 0.0296199
3.8 0.074621 0.0434869
3.81 0.0992817 0.0130726
3.82 0.0409296 0.0254868
3.83 0.0589535 0.0237083
3.84 0.0325927 -0.0111288
3.85 -0.0476887 0.0062718
3.86 -0.0320984 -0.0124279
3.87 -0.0555279 -0.0284297
3.88 -0.0162329 -0.0342163
3.89 -0.0396941 -0.0135778
3.9 0.0200539 -0.0184556
3.91 0.0267309 -0.0103141
3.92 0.00100086 0.00733415
3.93 0.0587798 0.0242155
3.94 0.0446631 0.00374338
3.95 0.0295549 -0.00119932
3.96 0.00237925 0.00722466
3.97 -0.0277938 -0.0259209
3.98 -0.0541845 -0.0068037
3.99 -0.0661908 -0.00780921
4 -0.0416245 -0.00458008
4.01 -0.0367788 -0.0338915
4.02 -0.0573634 -0.0229152
4.03 -0.0098322 -0.014264
4.04 -0.00905924 -0.0217525
4.05 0.0192703 1.93934e-05
4.06 0.0213192 0.00380063
4.07 0.0151461 -0.0129624
4.08 0.0261409 -0.0276998
4.09 -0.00379419 -0.0111199
4.1 0.0165683 -0.0292088
4.11 0.009975 -0.022555
4.12 -0.0133794 -0.0340231
4.13 -0.0117231 -0.0179785
4.14 -0.0158842 -0.0380663
4.15 -0.011228 -0.0284748
4.16 -0.014743 -0.00622773
4.17 -0.00603299 -0.0209962
4.18 0.0234385 -0.00585588
4.19 0.0077802 -0.00126236
4.2 0.0374596 0.00949358
4.21 0.0420506 -0.000885871
4.22 0.0302079 0.00973333
4.23 0.0403962 0.000365246
4.24 0.0408395 -0.00632271
4.25 0.0361046 -0.0220877
4.26 0.0112862 -0.00586228
4.27 0.0132017 -0.0212687
4.28 0.0116135 -0.0149067
4.29 -0.000513929 -0.0130425
4.3 0.0065539 -0.0158103
4.31 0.0201995 -0.0133963
4.32 -0.00821515 -0.0133407
4.33 0.0179305 0.00554123
4.34 0.00905263 0.000203666
4.35 0.0143631 0.00199819
4.36 -0.00741366 0.00494934
4.37 0.00193334 -0.000809068
4.38 -0.0110742 -0.00439425
4.39 -0.0198167 -0.000997264
4.4 -0.0140049 -0.00422789
4.41 -0.0178508 -0.00501423
4.42 -0.0245098 -0.0116716
4.43 -0.019016 -0.00143144
4.44 -0.00904363 -0.00733078
4.45 -0.0109219 -0.00728044
4.46 0.00201111 0.000202643
4.47 -0.00294803 -0.00428328
4.48 0.00732586 -0.00155763
4.49 -0.0094378 0.0010413
4.5 0.00149954 0.0012382
4.51 -0.0129803 -0.000725123
4.52 -0.0107777 -0.00316338
4.53 -0.0175489 0.00242974
4.54 -0.0166501 -0.000891115
4.55 -0.0181632 0.00105407
4.56 -0.0175631 0.00386473
4.57 -0.0146111 -0.00131693
4.58 -0.00688063 0.000493019
4.59 -0.00645453 0.00131413
4.6 -0.00543498 0.00172272
4.61 0.000307469 0.00192904
4.62 -0.000918247 2.45892e-05
4.63 0.000662523 0.000847689
4.64 0.00234879 -0.00121582
4.65 0.00325167 -0.00194359
4.66 -0.00328627 -0.000184942
4.67 -0.000211439 -0.00336567
4.68 0.00219466 -0.00159395
4.69 0.00136612 -0.00325576
4.7 0.00176178 -0.00239737
4.71 0.00255768 -0.00282035
4.72 0.000120773 -0.00240951
4.73 -7.2161e-05 -0.00150342
4.74 0.00127435 -0.00189083
4.75 0.0024862 -0.00177334
4.76 -0.00163969 -0.000866967
4.77 4.32225e-05 -0.00185679
4.78 -0.00103729 -0.000759464
4.79 -0.00149261 -0.00100443
4.8 -0.00204457 -0.0010687
4.81 -0.00134748 -0.000561513
4.82 -0.00234906 -0.00105843
4.83 -0.00240195 1.89106e-05
4.84 -0.00189101 -0.000292038
4.85 -0.00133876 0.000185594
4.86 -0.00173153 0.000241358
4.87 -0.000952938 2.79028e-06
4.88 -0.000517081 4.27324e-05
4.89 -0.000633925 7.47573e-05
4.9 -0.000177161 0.000151132
4.91 -0.000323611 7.26619e-05
4.92 7.872e-05 -7.82747e-05
4.93 -0.000220714 5.98086e-06
4.94 9.44828e-06 -4.86544e-05
4.95 -3.93221e-05 -3.53126e-05
4.96 -1.65831e-05 2.60988e-05
4.97 -1.45093e-05 -1.57876e-05
4.98 1.05019e-05 1.13746e-06
4.99 5.8533e-07 -1.77204e-06
0.24 -0.732983 -1.69775
0.48 -0.552791 -1.41654
0.72 -0.289466 -1.05024
0.96 0.00796345 -0.695827
1.2 0.283222 -0.413339
1.44 0.484719 -0.209957
1.68 0.579761 -0.0560271
1.92 0.566732 0.0832172
2.16 0.477809 0.22261
2.4 0.36676 0.351492
2.64 0.284601 0.445286
2.88 0.255341 0.482497
3.12 0.266492 0.456159
3.36 0.280643 0.375674
3.6 0.26073 0.261629
3.84 0.192947 0.138633
4.08 0.0941253 0.029842
4.32 0.00179444 -0.0461497
4.56 -0.0444543 -0.0775704
4.8 -0.0194084 -0.0624489
5.04 0.0794091 -0.0116611
5.28 0.231404 0.0512592
5.52 0.398513 0.0969914
5.76 0.535605 0.103385
6 0.604406 0.0679153
6.24 0.586869 0.0104993
6.48 0.491622 -0.0376543
6.72 0.349333 -0.0535347
6.96 0.199288 -0.0371885
7.2 0.0750128 -0.0111261
7.44 -0.00358878 -0.00434968
7.68 -0.030051 -0.0322914
7.92 -0.00755684 -0.0864601
8.16 0.0533353 -0.139817
8.4 0.134744 -0.162767
8.64 0.212954 -0.138958
8.88 0.264577 -0.0727618
9.12 0.275828 0.0130345
9.36 0.249262 0.0862155
9.6 0.203068 0.117137
9.84 0.163108 0.0906215
10.08 0.152401 0.0138024
10.32 0.183145 -0.0848734
10.56 0.253075 -0.167496
10.8 0.345186 -0.204652
11.04 0.430214 -0.18901
11.28 0.47325 -0.135439
11.52 0.445644 -0.0676954
11.76 0.339202 -0.00174473
12 0.174905 0.0618993
12.24 -0.00168466 0.132042
12.48 -0.139156 0.213271
12.72 -0.204154 0.296692
12.96 -0.196487 0.36207
13.2 -0.146094 0.388802
13.44 -0.0941795 0.366779
13.68 -0.0709181 0.299883
13.92 -0.0833478 0.201787
14.16 -0.118781 0.0892949
14.4 -0.158133 -0.0215471
14.64 -0.188261 -0.115647
14.88 -0.205881 -0.178296
15.12 -0.213802 -0.196918
15.36 -0.215797 -0.165315
15.6 -0.215266 -0.0876678
15.84 -0.217219 0.0207744
16.08 -0.228827 0.137335
16.32 -0.255202 0.238299
16.56 -0.292618 0.305218
16.8 -0.325736 0.32886
17.04 -0.333843 0.310026
17.28 -0.30418 0.257806
17.52 -0.24362 0.186297
17.76 -0.179136 0.110675
18 -0.144304 0.0432884
18.24 -0.158964 -0.00919213
18.48 -0.214944 -0.0462356
18.72 -0.277891 -0.0706763
18.96 -0.305221 -0.0838279
19.2 -0.269825 -0.0818931
19.44 -0.175395 -0.0574398
19.68 -0.0544796 -0.00663806
19.92 0.0489546 0.0621607
20.16 0.101795 0.125983
20.4 0.0963535 0.15577
20.64 0.0503205 0.132939
20.88 -0.00605327 0.0635167
21.12 -0.047184 -0.0212734
21.36 -0.0644284 -0.0809651
21.6 -0.0679158 -0.089579
21.84 -0.0783329 -0.051753
22.08 -0.113808 -8.63949e-05
22.32 -0.178845 0.0250071
22.56 -0.260783 -0.000162686
22.8 -0.335357 -0.0692778
23.04 -0.378273 -0.151348
23.28 -0.376605 -0.209414
23.52 -0.333979 -0.21964
23.76 -0.267125 -0.17978
24 -0.196407 -0.104931
24.24 -0.136122 -0.0168921
24.48 -0.0898112 0.0645835
24.72 -0.0520555 0.124884
24.96 -0.0141497 0.15417
25.2 0.0305928 0.147857
25.44 0.0846409 0.109398
25.68 0.146978 0.0523852
25.92 0.214694 -0.00225008
26.16 0.283653 -0.0347587
26.4 0.34809 -0.036431
26.64 0.400344 -0.0140848
26.88 0.431844 0.014529
27.12 0.435361 0.0318511
27.36 0.407457 0.030868
27.6 0.349929 0.0178714
27.84 0.269674 0.00616462
28.08 0.17712 0.0055378
28.32 0.0837106 0.0150026
28.56 -0.00104671 0.0236509
28.8 -0.0722843 0.0186994
29.04 -0.131039 -0.0050483
29.28 -0.182746 -0.0407965
29.52 -0.232584 -0.073316
29.76 -0.2794 -0.0881295
30 -0.31201 -0.0804857
30.24 -0.31166 -0.0585611
30.48 -0.261438 -0.0389407
30.72 -0.158608 -0.0370324
30.96 -0.0224194 -0.057925
31.2 0.109002 -0.0928295
31.44 0.193344 -0.123074
31.68 0.203721 -0.129548
31.92 0.142505 -0.102679
32.16 0.0410487 -0.0477905
32.4 -0.0553338 0.0169747
32.64 -0.109271 0.0692093
32.88 -0.108367 0.0929774
33.12 -0.0685138 0.0861219
33.36 -0.0225171 0.0602128
33.6 -0.00112861 0.0332233
33.84 -0.0171202 0.0192603
34.08 -0.0604744 0.0214856
34.32 -0.105974 0.0323066
34.56 -0.127717 0.0401225
34.8 -0.112122 0.0376068
35.04 -0.063106 0.0258056
35.28 0.00170839 0.0117457
35.52 0.0600817 0.00214136
35.76 0.0942098 -0.00162483
36 0.0960749 -0.00364796
36.24 0.0683688 -0.00937239
36.48 0.022174 -0.0210366
36.72 -0.0272377 -0.0363131
36.96 -0.065587 -0.0506371
37.2 -0.0846156 -0.0606253
37.44 -0.0849867 -0.0655447
37.68 -0.0750759 -0.0660521
37.92 -0.0655915 -0.0620856
38.16 -0.0628951 -0.052411
38.4 -0.0653616 -0.0365079
38.64 -0.0653559 -0.0170327
38.88 -0.0553558 -0.000293119
39.12 -0.0336354 0.00630345
39.36 -0.00542293 -0.00163888
39.6 0.0207946 -0.0226495
39.84 0.0383926 -0.0497625
40.08 0.0451811 -0.0738286
40.32 0.0423157 -0.087607
40.56 0.0317832 -0.0882619
40.8 0.0153271 -0.0771965
41.04 -0.00470069 -0.0578336
41.28 -0.0246687 -0.0329293
41.52 -0.0410945 -0.00298932
41.76 -0.053212 0.0332833
42 -0.0634203 0.0765236
42.24 -0.0737635 0.123371
42.48 -0.0809889 0.164477
42.72 -0.0756851 0.186213
42.96 -0.0485427 0.17676
43.2 1.55298e-05 0.13405
43.44 0.0555634 0.0703368
43.68 0.0968301 0.00875595
43.92 0.110789 -0.0280689
44.16 0.103656 -0.031195
44.4 0.0969879 -0.0114101
44.64 0.10982 0.00694429
44.88 0.140848 0.00109394
45.12 0.166855 -0.0361856
45.36 0.161168 -0.0933392
45.6 0.118236 -0.149271
45.84 0.0629989 -0.187477
46.08 0.0346013 -0.204285
46.32 0.0553806 -0.205857
46.56 0.110051 -0.19808
46.8 0.153598 -0.178999
47.04 0.143732 -0.140636
47.28 0.0733031 -0.0784676
47.52 -0.0228765 -7.39409e-05
47.76 -0.0924488 0.0749792
48 -0.102383 0.124827
48.24 -0.0603685 0.137694
48.48 -0.00583842 0.118117
48.72 0.0204322 0.0828847
48.96 0.00407109 0.0500325
49.2 -0.0373358 0.0286232
49.44 -0.0716553 0.0156608
49.68 -0.0765051 0.00107163
49.92 -0.051978 -0.0235707
50.16 -0.0150398 -0.0586129
50.4 0.0165271 -0.0959044
50.64 0.0367029 -0.123883
50.88 0.0517909 -0.134355
51.12 0.0709626 -0.126643
51.36 0.0957368 -0.106946
51.6 0.116518 -0.08399
51.84 0.118081 -0.0641745
52.08 0.0896766 -0.0492337
52.32 0.033126 -0.0372442
52.56 -0.0358327 -0.0254356
52.8 -0.0936596 -0.0123868
53.04 -0.119592 0.00171137
53.28 -0.105629 0.0161463
53.52 -0.061012 0.0305354
53.76 -0.00858973 0.0444615
54 0.025802 0.0563785
54.24 0.0260999 0.0631327
54.48 -0.00556507 0.0609495
54.72 -0.0495802 0.0474533
54.96 -0.0788852 0.023425
55.2 -0.0733128 -0.00676879
55.44 -0.0304759 -0.0362246
55.68 0.0329364 -0.0574495
55.92 0.0902163 -0.064523
56.16 0.118769 -0.0549793
56.4 0.111098 -0.0309168
56.64 0.0765727 0.00131285
56.88 0.0338095 0.0332371
57.12 -0.000748959 0.05766
57.36 -0.0207063 0.0716469
57.6 -0.0298858 0.0772125
57.84 -0.0362523 0.0790915
58.08 -0.0449059 0.0810082
58.32 -0.0550898 0.0830635
58.56 -0.0623567 0.0821314
58.8 -0.0631061 0.0748974
59.04 -0.0575597 0.061133
59.28 -0.0492598 0.044612
59.52 -0.0422386 0.0309203
59.76 -0.0385403 0.023814
60 -0.0378779 0.0228534
60.24 -0.0390682 0.0239978
60.48 -0.0414936 0.0225958
60.72 -0.0452217 0.0165181
60.96 -0.049938 0.00726423
61.2 -0.0540326 -0.00150957
61.44 -0.0549914 -0.00676463
61.68 -0.0509659 -0.00815519
61.92 -0.04221 -0.00810822
62.16 -0.0310605 -0.0100579
62.4 -0.0203383 -0.0161158
62.64 -0.0114325 -0.0256376
62.88 -0.0037002 -0.0354546
63.12 0.00425484 -0.0415224
63.36 0.0125093 -0.0410024
63.6 0.0188703 -0.0336473
63.84 0.0201442 -0.021824
64.08 0.014828 -0.00927912
64.32 0.00503909 0.000581776
64.56 -0.00411668 0.00594338
64.8 -0.00756669 0.00680585
65.04 -0.00354587 0.00433598
65.28 0.00531475 1.72676e-06
65.52 0.0138664 -0.00489786
65.76 0.0178134 -0.00920051
66 0.0160943 -0.0117396
66.24 0.0107754 -0.0115372
66.48 0.00498841 -0.00835252
66.72 0.000788734 -0.00312543
66.96 -0.00153513 0.00220981
67.2 -0.00266562 0.00561756
67.44 -0.00315989 0.00604799
67.68 -0.00317354 0.00398466
67.92 -0.00303831 0.00106583
68.16 -0.00377052 -0.000964094
68.4 -0.00667222 -0.00127399
68.64 -0.0121741 -0.000306311
68.88 -0.0189691 0.000670526
69.12 -0.0244129 0.000451634
69.36 -0.026133 -0.00134896
69.6 -0.0236998 -0.00408552
69.84 -0.019019 -0.00645453
70.08 -0.0150406 -0.00718571
70.32 -0.0136929 -0.00566473
70.56 -0.0145822 -0.00219025
70.8 -0.0154201 0.0022223
71.04 -0.0138046 0.00635049
71.28 -0.00895655 0.00930158
71.52 -0.00211117 0.0107953
71.76 0.00461313 0.0110763
72 0.00983816 0.0105742
72.24 0.013698 0.0095831
72.48 0.0172195 0.00818638
72.72 0.0209711 0.0064429
72.96 0.0242153 0.00462523
73.2 0.0253018 0.0032534
73.44 0.0229542 0.00283668
73.68 0.0173749 0.00349366
73.92 0.0103028 0.00475344
74.16 0.00403656 0.00573271
74.4 0.000196859 0.00561218
74.64 -0.000936748 0.00410851
74.88 -0.000236289 0.00163024
75.12 0.000986624 -0.000979152
75.36 0.00168898 -0.00293063
75.6 0.00148594 -0.00389008
75.84 0.000691799 -0.00405256
76.08 9.20509e-05 -0.00388868
76.32 0.000516255 -0.00377609
76.56 0.00233488 -0.00377776
76.8 0.00513505 -0.003692
77.04 0.00784053 -0.00328709
77.28 0.00928392 -0.00250787
77.52 0.00886725 -0.00149317
77.76 0.00681751 -0.000423274
78 0.00384692 0.000631593
78.24 0.000534363 0.00170293
78.48 -0.00301036 0.00276848
78.72 -0.00690817 0.00363338
78.96 -0.0109578 0.00402633
79.2 -0.0143452 0.00388379
79.44 -0.0159703 0.00356738
79.68 -0.0151896 0.00374082
79.92 -0.0123829 0.00488895
80.16 -0.00887971 0.00680086
80.4 -0.00627789 0.00845758
80.64 -0.00562567 0.00851889
80.88 -0.00697894 0.00615441
81.12 -0.00952949 0.00166584
81.36 -0.0121323 -0.00354935
81.6 -0.0138908 -0.00769987
81.84 -0.0145116 -0.00952184
82.08 -0.0142927 -0.00884154
82.32 -0.0137754 -0.00647132
82.56 -0.0132553 -0.0035871
82.8 -0.012471 -0.00104612
83.04 -0.0107489 0.00093065
83.28 -0.00759399 0.0026025
83.52 -0.00333474 0.00430821
83.76 0.000724238 0.00616143
84 0.00288292 0.00801735
84.24 0.00202325 0.00961897
84.48 -0.00172119 0.0107078
84.72 -0.00709034 0.011001
84.96 -0.0124499 0.0101457
85.2 -0.0164938 0.00781643
85.44 -0.0183456 0.00394384
85.68 -0.0171627 -0.00114709
85.92 -0.0119035 -0.00686713
86.16 -0.00180479 -0.0126186
86.4 0.0126066 -0.0177889
86.64 0.0288064 -0.0213166
86.88 0.0426652 -0.0212846
87.12 0.0499682 -0.015379
87.36 0.0482373 -0.00255829
87.6 0.0378027 0.0149668
87.84 0.021603 0.031264
88.08 0.00400372 0.0389974
88.32 -0.0106392 0.0337712
88.56 -0.0190767 0.0176849
88.8 -0.0197418 -0.000858641
89.04 -0.0128779 -0.011708
89.28 -0.00029709 -0.0092029
89.52 0.0152135 0.00418045
89.76 0.0307125 0.0194663
90 0.0438382 0.0270416
90.24 0.0531265 0.0226595
90.48 0.0578614 0.00954583
90.72 0.0577629 -0.00444162
90.96 0.0529067 -0.0121343
91.2 0.0439604 -0.0110292
91.44 0.032409 -0.00363101
91.68 0.0203168 0.00525051
91.92 0.00952126 0.0117641
92.16 0.000689474 0.0146283
92.4 -0.00706441 0.0146075
92.64 -0.0155752 0.0129448
92.88 -0.0262631 0.010192
93.12 -0.0388122 0.00612119
93.36 -0.0507744 0.00045127
93.6 -0.0584868 -0.00633817
93.84 -0.0588962 -0.0127039
94.08 -0.0512794 -0.0164516
94.32 -0.0378287 -0.0156834
94.56 -0.0227017 -0.00982834
94.8 -0.0100605 -0.000195332
95.04 -0.00224392 0.0103355
95.28 0.000903288 0.0184132
95.52 0.00131698 0.0215486
95.76 0.00128317 0.0189747
96 0.00228902 0.011676
96.24 0.0047249 0.00178183
96.48 0.00825154 -0.00818248
96.72 0.0122362 -0.0158622
96.96 0.0158907 -0.0194891
97.2 0.0182692 -0.018302
97.44 0.018503 -0.0128847
97.68 0.0163238 -0.0050747
97.92 0.0124393 0.00277941
98.16 0.00825615 0.00891784
98.4 0.00496347 0.0129135
98.64 0.00262694 0.0155017
98.88 5.62284e-05 0.0176261
99.12 -0.00435002 0.0194654
99.36 -0.011329 0.0202035
99.6 -0.0198977 0.0186607
99.84 -0.0274325 0.0142143
100.08 -0.0306139 0.00728782
100.32 -0.0267984 -0.000842791
100.56 -0.0153319 -0.00861708
100.8 0.00165099 -0.0146778
101.04 0.0194194 -0.0181239
101.28 0.0321539 -0.0186779
101.52 0.0354692 -0.0168603
101.76 0.0287688 -0.0139645
102 0.015867 -0.0115525
102.24 0.00309005 -0.0105721
102.48 -0.00425938 -0.0107127
102.72 -0.00482684 -0.0106477
102.96 -0.00146078 -0.00915563
103.2 0.00143844 -0.00627403
103.44 0.00153229 -0.0034383
103.68 0.000368086 -0.00231775
103.92 0.00194956 -0.00320063
104.16 0.00907885 -0.00429518
104.4 0.020309 -0.00268081
104.64 0.0300665 0.00365647
104.88 0.0322329 0.0141628
105.12 0.0248027 0.0256485
105.36 0.0121218 0.033896
105.6 0.00264121 0.0359125
105.84 0.00329532 0.0314941
106.08 0.0143385 0.0233217
106.32 0.0286017 0.0156611
106.56 0.0361914 0.012345
106.8 0.0315433 0.0149064
107.04 0.0176033 0.0216665
107.28 0.0037354 0.0283245
107.52 -0.00127993 0.0300433
107.76 0.00423887 0.0242099
108 0.0140875 0.0123771
108.24 0.0198066 4.71347e-06
108.48 0.0180616 -0.00625302
108.72 0.0135154 -0.00238075
108.96 0.014657 0.0103246
109.2 0.0260638 0.0255305
109.44 0.0436918 0.0351462
109.68 0.0572818 0.0337796
109.92 0.0579487 0.0217756
110.16 0.0447132 0.00506419
110.4 0.0247719 -0.00808942
110.64 0.00764055 -0.0115713
110.88 -0.00176749 -0.00463323
111.12 -0.00563495 0.00790206
111.36 -0.00987955 0.0184633
111.6 -0.0183161 0.0209006
111.84 -0.0292746 0.0136106
112.08 -0.0370713 -8.84404e-05
112.32 -0.0366801 -0.0143253
112.56 -0.027762 -0.0241267
112.8 -0.0152027 -0.0277596
113.04 -0.00613408 -0.02672
113.28 -0.00570207 -0.0238322
113.52 -0.0142304 -0.0211132
113.76 -0.027212 -0.0188965
114 -0.037866 -0.0164569
114.24 -0.040765 -0.0131654
114.48 -0.0346229 -0.00902608
114.72 -0.0228004 -0.00431535
114.96 -0.0112724 0.00097685
115.2 -0.00523713 0.00706925
115.44 -0.0063817 0.0136319
115.68 -0.0124035 0.0191777
115.92 -0.0188835 0.0214606
116.16 -0.0220813 0.0188417
116.4 -0.0207988 0.0116035
116.64 -0.0163761 0.00209193
116.88 -0.0112869 -0.00651303
117.12 -0.00756443 -0.0118821
117.36 -0.00598892 -0.0134441
117.6 -0.00613943 -0.0120257
117.84 -0.00687154 -0.00880351
118.08 -0.00684352 -0.00457268
118.32 -0.00501188 0.000176983
118.56 -0.00108978 0.00474932
118.8 0.00422871 0.00800317
119.04 0.00955357 0.00866792
119.28 0.0135727 0.00585282
119.52 0.0158309 -0.000740013
119.76 0.0168912 -0.0109088
120 0.0176744 -0.0238995
